#
# A fatal error has been detected by the Java Runtime Environment:
#
#  SIGILL (0x4) at pc=0x00007fff2fd8eabc, pid=1576, tid=37639
#
# JRE version: OpenJDK Runtime Environment Zulu13.42+17-CA (13.0.8+5) (build 13.0.8+5-MTS)
# Java VM: OpenJDK 64-Bit Server VM Zulu13.42+17-CA (13.0.8+5-MTS, mixed mode, sharing, tiered, compressed oops, g1 gc, bsd-amd64)
# Problematic frame:
# C  [AppKit+0x3e5abc]  -[NSOpenGLContext setView:]+0xe5
#
# No core dump will be written. Core dumps have been disabled. To enable core dumping, try "ulimit -c unlimited" before starting Java again
#
# If you would like to submit a bug report, please visit:
#   http://www.azul.com/support/
# The crash happened outside the Java Virtual Machine in native code.
# See problematic frame for where to report the bug.
#

---------------  S U M M A R Y ------------

Command Line: -Dfile.encoding=UTF-8 -Duser.country=UA -Duser.language=ru -Duser.variant sk.tuke.kpi.gamelib.framework.Main

Host: MacBookPro10,2 x86_64 3000 MHz, 4 cores, 8G, Darwin 19.6.0
Time: Mon Oct  4 23:54:43 2021 CEST elapsed time: 1.054163 seconds (0d 0h 0m 1s)

---------------  T H R E A D  ---------------

Current thread (0x00007fc1ada74000):  JavaThread "LWJGL Application" [_thread_in_native, id=37639, stack(0x00007000102b5000,0x00007000103b5000)]

Stack: [0x00007000102b5000,0x00007000103b5000],  sp=0x00007000103b4480,  free space=1021k
Native frames: (J=compiled Java code, A=aot compiled Java code, j=interpreted, Vv=VM code, C=native code)
C  [AppKit+0x3e5abc]  -[NSOpenGLContext setView:]+0xe5
C  [liblwjgl.dylib+0x16c77]  Java_org_lwjgl_opengl_MacOSXContextImplementation_setView+0xb7
j  org.lwjgl.opengl.MacOSXContextImplementation.setView(Ljava/nio/ByteBuffer;Ljava/nio/ByteBuffer;)V+0
j  org.lwjgl.opengl.MacOSXContextImplementation.makeCurrent(Lorg/lwjgl/opengl/PeerInfo;Ljava/nio/ByteBuffer;)V+7
j  org.lwjgl.opengl.ContextGL.makeCurrent()V+46
j  org.lwjgl.opengl.DrawableGL.makeCurrent()V+14
j  org.lwjgl.opengl.Display.makeCurrent()V+3
j  org.lwjgl.opengl.Display.makeCurrentAndSetSwapInterval()V+0
j  org.lwjgl.opengl.Display.create(Lorg/lwjgl/opengl/PixelFormat;Lorg/lwjgl/opengl/Drawable;Lorg/lwjgl/opengl/ContextAttribs;)V+108
j  org.lwjgl.opengl.Display.create(Lorg/lwjgl/opengl/PixelFormat;)V+12
j  com.badlogic.gdx.backends.lwjgl.LwjglGraphics.createDisplayPixelFormat(ZII)V+243
j  com.badlogic.gdx.backends.lwjgl.LwjglGraphics.setupDisplay()V+583
j  com.badlogic.gdx.backends.lwjgl.LwjglApplication.mainLoop()V+9
j  com.badlogic.gdx.backends.lwjgl.LwjglApplication$1.run()V+27
v  ~StubRoutines::call_stub
V  [libjvm.dylib+0x3a0819]  _ZN9JavaCalls11call_helperEP9JavaValueRK12methodHandleP17JavaCallArgumentsP6Thread+0x285
V  [libjvm.dylib+0x39fc26]  _ZN9JavaCalls12call_virtualEP9JavaValueP5KlassP6SymbolS5_P17JavaCallArgumentsP6Thread+0xe2
V  [libjvm.dylib+0x39fce0]  _ZN9JavaCalls12call_virtualEP9JavaValue6HandleP5KlassP6SymbolS6_P6Thread+0x62
V  [libjvm.dylib+0x425a66]  _ZL12thread_entryP10JavaThreadP6Thread+0x78
V  [libjvm.dylib+0x7a19e4]  _ZN10JavaThread17thread_main_innerEv+0x86
V  [libjvm.dylib+0x7a1826]  _ZN10JavaThread3runEv+0x124
V  [libjvm.dylib+0x79f667]  _ZN6Thread8call_runEv+0x71
V  [libjvm.dylib+0x6376c4]  _ZL19thread_native_entryP6Thread+0x12f
C  [libsystem_pthread.dylib+0x6109]  _pthread_start+0x94
C  [libsystem_pthread.dylib+0x1b8b]  thread_start+0xf

Java frames: (J=compiled Java code, j=interpreted, Vv=VM code)
j  org.lwjgl.opengl.MacOSXContextImplementation.setView(Ljava/nio/ByteBuffer;Ljava/nio/ByteBuffer;)V+0
j  org.lwjgl.opengl.MacOSXContextImplementation.makeCurrent(Lorg/lwjgl/opengl/PeerInfo;Ljava/nio/ByteBuffer;)V+7
j  org.lwjgl.opengl.ContextGL.makeCurrent()V+46
j  org.lwjgl.opengl.DrawableGL.makeCurrent()V+14
j  org.lwjgl.opengl.Display.makeCurrent()V+3
j  org.lwjgl.opengl.Display.makeCurrentAndSetSwapInterval()V+0
j  org.lwjgl.opengl.Display.create(Lorg/lwjgl/opengl/PixelFormat;Lorg/lwjgl/opengl/Drawable;Lorg/lwjgl/opengl/ContextAttribs;)V+108
j  org.lwjgl.opengl.Display.create(Lorg/lwjgl/opengl/PixelFormat;)V+12
j  com.badlogic.gdx.backends.lwjgl.LwjglGraphics.createDisplayPixelFormat(ZII)V+243
j  com.badlogic.gdx.backends.lwjgl.LwjglGraphics.setupDisplay()V+583
j  com.badlogic.gdx.backends.lwjgl.LwjglApplication.mainLoop()V+9
j  com.badlogic.gdx.backends.lwjgl.LwjglApplication$1.run()V+27
v  ~StubRoutines::call_stub

siginfo: si_signo: 4 (SIGILL), si_code: 1 (ILL_ILLOPC), si_addr: 0x00007fff2fd8eabc

Register to memory mapping:

RAX=0x0 is NULL
RBX=0x00007fc1af4522e0 points into unknown readable memory: e0 86 82 b0 c1 7f 00 00
RCX=0x0 is NULL
RDX=0x0 is NULL
RSP=0x00007000103b4480 is pointing into the stack for thread: 0x00007fc1ada74000
RBP=0x00007000103b44d0 is pointing into the stack for thread: 0x00007fc1ada74000
RSI=0x000000001f08000c is an unknown value
RDI=0x0 is NULL
R8 =0x0 is NULL
R9 =0x0 is NULL
R10=0x0 is NULL
R11=0x0 is NULL
R12=0x00007fc1acd170c0 points into unknown readable memory: 99 f9 62 8a ff ff 1d 00
R13=0x0000000129cdcf88 is pointing into metadata
R14=0x00007fc1b0827a60 points into unknown readable memory: 65 5c ff 2d 01 80 3d 00
R15=0x00007fc1b082a930 points into unknown readable memory: 55 7d a3 89 ff ff 3d 00


Registers:
RAX=0x0000000000000000, RBX=0x00007fc1af4522e0, RCX=0x0000000000000000, RDX=0x0000000000000000
RSP=0x00007000103b4480, RBP=0x00007000103b44d0, RSI=0x000000001f08000c, RDI=0x0000000000000000
R8 =0x0000000000000000, R9 =0x0000000000000000, R10=0x0000000000000000, R11=0x0000000000000000
R12=0x00007fc1acd170c0, R13=0x0000000129cdcf88, R14=0x00007fc1b0827a60, R15=0x00007fc1b082a930
RIP=0x00007fff2fd8eabc, EFLAGS=0x0000000000010202, ERR=0x0000000000000000
  TRAPNO=0x0000000000000006

Top of Stack: (sp=0x00007000103b4480)
0x00007000103b4480:   7865746e6f435853 656d656c706d4974
0x00007000103b4490:   656d656c706d4974 5f6e6f697461746e
0x00007000103b44a0:   0000000000000000 0000000000000000
0x00007000103b44b0:   0000000000000000 00007fc1af4522e0
0x00007000103b44c0:   00007fc1acc0a460 00007fc1ada74318
0x00007000103b44d0:   00007000103b4500 000000012dfcdc77
0x00007000103b44e0:   0000000129cdcf90 0000000000000000
0x00007000103b44f0:   00007000103b4598 00007fc1ada74000
0x00007000103b4500:   00007000103b4570 0000000113adb630
0x00007000103b4510:   00007000103b4570 0000000113adb37e
0x00007000103b4520:   0000000113adb336 00007000103b4528
0x00007000103b4530:   0000000129cdcf88 00007000103b4598
0x00007000103b4540:   0000000129cdd538 0000000000000000
0x00007000103b4550:   0000000787eb12f8 0000000129cdcf90
0x00007000103b4560:   0000000000000000 00007000103b4590
0x00007000103b4570:   00007000103b45e8 0000000113ad5ef3
0x00007000103b4580:   0000000787eb12f8 0000000113ad8758
0x00007000103b4590:   0000000787ec0b88 0000000787e36a68
0x00007000103b45a0:   00007000103b45a0 0000000129cdce87
0x00007000103b45b0:   00007000103b4618 0000000129cdd538
0x00007000103b45c0:   0000000000000000 0000000787eb12f8
0x00007000103b45d0:   0000000129cdcef8 00007000103b4590
0x00007000103b45e0:   00007000103b4608 00007000103b4678
0x00007000103b45f0:   0000000113ad5f38 0000000000000000
0x00007000103b4600:   0000000787e36a68 0000000787ec0b88
0x00007000103b4610:   0000000787e369a8 0000000787eb1420
0x00007000103b4620:   00007000103b4660 0000000787eb1430
0x00007000103b4630:   00007000103b4620 0000000129cda6e6
0x00007000103b4640:   00007000103b4688 0000000129cdb638
0x00007000103b4650:   0000000000000000 0000000787ea5f18
0x00007000103b4660:   0000000129cda718 00007000103b4608
0x00007000103b4670:   00007000103b4688 00007000103b46e8 

Instructions: (pc=0x00007fff2fd8eabc)
0x00007fff2fd8e9bc:   c3 90 90 90 90 90 90 90 90 55 48 89 e5 48 8b 35
0x00007fff2fd8e9cc:   c0 b6 c6 59 5d ff 25 41 74 95 59 55 48 89 e5 41
0x00007fff2fd8e9dc:   57 41 56 53 48 83 ec 38 49 89 d6 49 89 ff 8a 05
0x00007fff2fd8e9ec:   78 d0 cd 59 84 c0 0f 84 90 00 00 00 04 fe 84 c0
0x00007fff2fd8e9fc:   75 0d e8 59 03 78 00 85 c0 0f 84 a5 00 00 00 48
0x00007fff2fd8ea0c:   8b 35 3e a5 c5 59 4c 89 ff ff 15 fd 73 95 59 49
0x00007fff2fd8ea1c:   8d 7f 08 e8 7c 01 78 00 4c 39 f0 74 3e 48 8b 0d
0x00007fff2fd8ea2c:   d8 5a 95 59 48 8d 7d b0 48 89 0f b9 00 00 00 c2
0x00007fff2fd8ea3c:   48 89 4f 08 48 8d 0d 63 31 32 00 48 89 4f 10 48
0x00007fff2fd8ea4c:   8d 0d 1e f5 95 59 48 89 4f 18 48 89 47 20 4c 89
0x00007fff2fd8ea5c:   7f 28 4c 89 77 30 e8 83 38 cb ff 31 db 48 8b 35
0x00007fff2fd8ea6c:   e8 a4 c5 59 4c 89 ff ff 15 9f 73 95 59 84 db 75
0x00007fff2fd8ea7c:   2c 48 83 c4 38 5b 41 5e 41 5f 5d c3 48 8d 3d c9
0x00007fff2fd8ea8c:   61 9b 59 48 8d 15 d2 cf cd 59 48 8d 0d d8 39 32
0x00007fff2fd8ea9c:   00 31 f6 e8 80 e9 c1 ff e9 51 ff ff ff e8 c2 00
0x00007fff2fd8eaac:   78 00 0f 0b 48 8d 3d 13 70 7f 00 e8 14 fb 77 00
0x00007fff2fd8eabc:   0f 0b 49 89 c6 eb 13 48 89 c7 e8 75 00 78 00 b3
0x00007fff2fd8eacc:   01 eb 9a 49 89 c6 84 db 74 05 e8 89 00 78 00 4c
0x00007fff2fd8eadc:   89 f7 e8 0f fa 77 00 0f 0b e8 58 01 78 00 55 48
0x00007fff2fd8eaec:   89 e5 41 57 41 56 41 54 53 41 89 f6 48 89 fb 48
0x00007fff2fd8eafc:   83 c7 08 e8 9c 00 78 00 49 89 c7 48 89 df e8 45
0x00007fff2fd8eb0c:   00 00 00 49 89 c4 4c 89 ff 31 f6 e8 88 00 00 00
0x00007fff2fd8eb1c:   49 89 c7 45 0f be f6 4d 85 e4 74 0b 48 89 df 44
0x00007fff2fd8eb2c:   89 f6 e8 42 97 04 00 4d 85 ff 74 13 48 89 df 44
0x00007fff2fd8eb3c:   89 f6 5b 41 5c 41 5e 41 5f 5d e9 e5 48 04 00 5b
0x00007fff2fd8eb4c:   41 5c 41 5e 41 5f 5d c3 55 48 89 e5 41 56 53 48
0x00007fff2fd8eb5c:   89 fb 4c 8d 35 63 1c cd 59 4c 89 f7 e8 01 02 78
0x00007fff2fd8eb6c:   00 48 8b 3d ec ce cd 59 48 8b 35 5d 7d c5 59 48
0x00007fff2fd8eb7c:   89 da ff 15 94 72 95 59 48 89 c7 ff 15 9b 72 95
0x00007fff2fd8eb8c:   59 48 89 c3 4c 89 f7 e8 dc 01 78 00 48 89 df 5b
0x00007fff2fd8eb9c:   41 5e 5d e9 84 ff 77 00 55 48 89 e5 41 57 41 56
0x00007fff2fd8ebac:   53 50 41 89 f7 49 89 fe 48 8d 3d cd 1b cd 59 e8 


Stack slot to memory mapping:
stack at sp + 0 slots: 0x7865746e6f435853 is an unknown value
stack at sp + 1 slots: 0x656d656c706d4974 is an unknown value
stack at sp + 2 slots: 0x656d656c706d4974 is an unknown value
stack at sp + 3 slots: 0x5f6e6f697461746e is an unknown value
stack at sp + 4 slots: 0x0 is NULL
stack at sp + 5 slots: 0x0 is NULL
stack at sp + 6 slots: 0x0 is NULL
stack at sp + 7 slots: 0x00007fc1af4522e0 points into unknown readable memory: e0 86 82 b0 c1 7f 00 00


---------------  P R O C E S S  ---------------

Threads class SMR info:
_java_thread_list=0x00007fc1acc0aeb0, length=12, elements={
0x00007fc1ad824000, 0x00007fc1ad827000, 0x00007fc1ad838800, 0x00007fc1ad0b8800,
0x00007fc1ad0b6800, 0x00007fc1af80a800, 0x00007fc1af80b800, 0x00007fc1ae00a000,
0x00007fc1ada74000, 0x00007fc1ad017800, 0x00007fc1ad295800, 0x00007fc1afa1d800
}

Java Threads: ( => current thread )
  0x00007fc1ad824000 JavaThread "Reference Handler" daemon [_thread_blocked, id=14339, stack(0x000070000f894000,0x000070000f994000)]
  0x00007fc1ad827000 JavaThread "Finalizer" daemon [_thread_blocked, id=17923, stack(0x000070000f997000,0x000070000fa97000)]
  0x00007fc1ad838800 JavaThread "Signal Dispatcher" daemon [_thread_blocked, id=43267, stack(0x000070000fba0000,0x000070000fca0000)]
  0x00007fc1ad0b8800 JavaThread "Service Thread" daemon [_thread_blocked, id=42499, stack(0x000070000fca3000,0x000070000fda3000)]
  0x00007fc1ad0b6800 JavaThread "C2 CompilerThread0" daemon [_thread_blocked, id=41987, stack(0x000070000fda6000,0x000070000fea6000)]
  0x00007fc1af80a800 JavaThread "C1 CompilerThread0" daemon [_thread_blocked, id=41475, stack(0x000070000fea9000,0x000070000ffa9000)]
  0x00007fc1af80b800 JavaThread "Sweeper thread" daemon [_thread_blocked, id=40707, stack(0x000070000ffac000,0x00007000100ac000)]
  0x00007fc1ae00a000 JavaThread "Common-Cleaner" daemon [_thread_blocked, id=22531, stack(0x00007000101b2000,0x00007000102b2000)]
=>0x00007fc1ada74000 JavaThread "LWJGL Application" [_thread_in_native, id=37639, stack(0x00007000102b5000,0x00007000103b5000)]
  0x00007fc1ad017800 JavaThread "DestroyJavaVM" [_thread_blocked, id=9475, stack(0x000070000f17f000,0x000070000f27f000)]
  0x00007fc1ad295800 JavaThread "AppKit Thread" daemon [_thread_in_native, id=775, stack(0x00007ffee5f2a000,0x00007ffee672a000)]
  0x00007fc1afa1d800 JavaThread "AWT-Shutdown" [_thread_blocked, id=30979, stack(0x00007000106c1000,0x00007000107c1000)]

Other Threads:
  0x00007fc1ad823000 VMThread "VM Thread" [stack: 0x000070000f791000,0x000070000f891000] [id=13315]
  0x00007fc1af808800 WatcherThread [stack: 0x00007000100af000,0x00007000101af000] [id=40195]
  0x00007fc1ad040800 GCTaskThread "GC Thread#0" [stack: 0x000070000f282000,0x000070000f382000] [id=20483]
  0x00007fc1ad147800 GCTaskThread "GC Thread#1" [stack: 0x00007000103b8000,0x00007000104b8000] [id=37383]
  0x00007fc1ad8f3000 GCTaskThread "GC Thread#2" [stack: 0x00007000104bb000,0x00007000105bb000] [id=23559]
  0x00007fc1ad8f3800 GCTaskThread "GC Thread#3" [stack: 0x00007000105be000,0x00007000106be000] [id=24071]
  0x00007fc1ad051800 ConcurrentGCThread "G1 Main Marker" [stack: 0x000070000f385000,0x000070000f485000] [id=11523]
  0x00007fc1ad052000 ConcurrentGCThread "G1 Conc#0" [stack: 0x000070000f488000,0x000070000f588000] [id=19459]
  0x00007fc1ad0a3000 ConcurrentGCThread "G1 Refine#0" [stack: 0x000070000f58b000,0x000070000f68b000] [id=12291]
  0x00007fc1ad0a3800 ConcurrentGCThread "G1 Young RemSet Sampling" [stack: 0x000070000f68e000,0x000070000f78e000] [id=18947]

Threads with active compile tasks:

VM state:not at safepoint (normal execution)

VM Mutex/Monitor currently owned by a thread: None

Heap address: 0x0000000780000000, size: 2048 MB, Compressed Oops mode: Zero based, Oop shift amount: 3
Narrow klass base: 0x0000000800000000, Narrow klass shift: 3
Compressed class space size: 1073741824 Address: 0x0000000800af6000

Heap:
 garbage-first heap   total 133120K, used 5201K [0x0000000780000000, 0x0000000800000000)
  region size 1024K, 4 young (4096K), 2 survivors (2048K)
 Metaspace       used 5132K, capacity 6971K, committed 7168K, reserved 1056768K
  class space    used 494K, capacity 709K, committed 768K, reserved 1048576K
Heap Regions: E=young(eden), S=young(survivor), O=old, HS=humongous(starts), HC=humongous(continues), CS=collection set, F=free, A=archive, TAMS=top-at-mark-start (previous, next)
|   0|0x0000000780000000, 0x0000000780100000, 0x0000000780100000|100%| O|  |TAMS 0x0000000780000000, 0x0000000780000000| Untracked 
|   1|0x0000000780100000, 0x0000000780154600, 0x0000000780200000| 32%| O|  |TAMS 0x0000000780100000, 0x0000000780100000| Untracked 
|   2|0x0000000780200000, 0x0000000780200000, 0x0000000780300000|  0%| F|  |TAMS 0x0000000780200000, 0x0000000780200000| Untracked 
|   3|0x0000000780300000, 0x0000000780300000, 0x0000000780400000|  0%| F|  |TAMS 0x0000000780300000, 0x0000000780300000| Untracked 
|   4|0x0000000780400000, 0x0000000780400000, 0x0000000780500000|  0%| F|  |TAMS 0x0000000780400000, 0x0000000780400000| Untracked 
|   5|0x0000000780500000, 0x0000000780500000, 0x0000000780600000|  0%| F|  |TAMS 0x0000000780500000, 0x0000000780500000| Untracked 
|   6|0x0000000780600000, 0x0000000780600000, 0x0000000780700000|  0%| F|  |TAMS 0x0000000780600000, 0x0000000780600000| Untracked 
|   7|0x0000000780700000, 0x0000000780700000, 0x0000000780800000|  0%| F|  |TAMS 0x0000000780700000, 0x0000000780700000| Untracked 
|   8|0x0000000780800000, 0x0000000780800000, 0x0000000780900000|  0%| F|  |TAMS 0x0000000780800000, 0x0000000780800000| Untracked 
|   9|0x0000000780900000, 0x0000000780900000, 0x0000000780a00000|  0%| F|  |TAMS 0x0000000780900000, 0x0000000780900000| Untracked 
|  10|0x0000000780a00000, 0x0000000780a00000, 0x0000000780b00000|  0%| F|  |TAMS 0x0000000780a00000, 0x0000000780a00000| Untracked 
|  11|0x0000000780b00000, 0x0000000780b00000, 0x0000000780c00000|  0%| F|  |TAMS 0x0000000780b00000, 0x0000000780b00000| Untracked 
|  12|0x0000000780c00000, 0x0000000780c00000, 0x0000000780d00000|  0%| F|  |TAMS 0x0000000780c00000, 0x0000000780c00000| Untracked 
|  13|0x0000000780d00000, 0x0000000780d00000, 0x0000000780e00000|  0%| F|  |TAMS 0x0000000780d00000, 0x0000000780d00000| Untracked 
|  14|0x0000000780e00000, 0x0000000780e00000, 0x0000000780f00000|  0%| F|  |TAMS 0x0000000780e00000, 0x0000000780e00000| Untracked 
|  15|0x0000000780f00000, 0x0000000780f00000, 0x0000000781000000|  0%| F|  |TAMS 0x0000000780f00000, 0x0000000780f00000| Untracked 
|  16|0x0000000781000000, 0x0000000781000000, 0x0000000781100000|  0%| F|  |TAMS 0x0000000781000000, 0x0000000781000000| Untracked 
|  17|0x0000000781100000, 0x0000000781100000, 0x0000000781200000|  0%| F|  |TAMS 0x0000000781100000, 0x0000000781100000| Untracked 
|  18|0x0000000781200000, 0x0000000781200000, 0x0000000781300000|  0%| F|  |TAMS 0x0000000781200000, 0x0000000781200000| Untracked 
|  19|0x0000000781300000, 0x0000000781300000, 0x0000000781400000|  0%| F|  |TAMS 0x0000000781300000, 0x0000000781300000| Untracked 
|  20|0x0000000781400000, 0x0000000781400000, 0x0000000781500000|  0%| F|  |TAMS 0x0000000781400000, 0x0000000781400000| Untracked 
|  21|0x0000000781500000, 0x0000000781500000, 0x0000000781600000|  0%| F|  |TAMS 0x0000000781500000, 0x0000000781500000| Untracked 
|  22|0x0000000781600000, 0x0000000781600000, 0x0000000781700000|  0%| F|  |TAMS 0x0000000781600000, 0x0000000781600000| Untracked 
|  23|0x0000000781700000, 0x0000000781700000, 0x0000000781800000|  0%| F|  |TAMS 0x0000000781700000, 0x0000000781700000| Untracked 
|  24|0x0000000781800000, 0x0000000781800000, 0x0000000781900000|  0%| F|  |TAMS 0x0000000781800000, 0x0000000781800000| Untracked 
|  25|0x0000000781900000, 0x0000000781900000, 0x0000000781a00000|  0%| F|  |TAMS 0x0000000781900000, 0x0000000781900000| Untracked 
|  26|0x0000000781a00000, 0x0000000781a00000, 0x0000000781b00000|  0%| F|  |TAMS 0x0000000781a00000, 0x0000000781a00000| Untracked 
|  27|0x0000000781b00000, 0x0000000781b00000, 0x0000000781c00000|  0%| F|  |TAMS 0x0000000781b00000, 0x0000000781b00000| Untracked 
|  28|0x0000000781c00000, 0x0000000781c00000, 0x0000000781d00000|  0%| F|  |TAMS 0x0000000781c00000, 0x0000000781c00000| Untracked 
|  29|0x0000000781d00000, 0x0000000781d00000, 0x0000000781e00000|  0%| F|  |TAMS 0x0000000781d00000, 0x0000000781d00000| Untracked 
|  30|0x0000000781e00000, 0x0000000781e00000, 0x0000000781f00000|  0%| F|  |TAMS 0x0000000781e00000, 0x0000000781e00000| Untracked 
|  31|0x0000000781f00000, 0x0000000781f00000, 0x0000000782000000|  0%| F|  |TAMS 0x0000000781f00000, 0x0000000781f00000| Untracked 
|  32|0x0000000782000000, 0x0000000782000000, 0x0000000782100000|  0%| F|  |TAMS 0x0000000782000000, 0x0000000782000000| Untracked 
|  33|0x0000000782100000, 0x0000000782100000, 0x0000000782200000|  0%| F|  |TAMS 0x0000000782100000, 0x0000000782100000| Untracked 
|  34|0x0000000782200000, 0x0000000782200000, 0x0000000782300000|  0%| F|  |TAMS 0x0000000782200000, 0x0000000782200000| Untracked 
|  35|0x0000000782300000, 0x0000000782300000, 0x0000000782400000|  0%| F|  |TAMS 0x0000000782300000, 0x0000000782300000| Untracked 
|  36|0x0000000782400000, 0x0000000782400000, 0x0000000782500000|  0%| F|  |TAMS 0x0000000782400000, 0x0000000782400000| Untracked 
|  37|0x0000000782500000, 0x0000000782500000, 0x0000000782600000|  0%| F|  |TAMS 0x0000000782500000, 0x0000000782500000| Untracked 
|  38|0x0000000782600000, 0x0000000782600000, 0x0000000782700000|  0%| F|  |TAMS 0x0000000782600000, 0x0000000782600000| Untracked 
|  39|0x0000000782700000, 0x0000000782700000, 0x0000000782800000|  0%| F|  |TAMS 0x0000000782700000, 0x0000000782700000| Untracked 
|  40|0x0000000782800000, 0x0000000782800000, 0x0000000782900000|  0%| F|  |TAMS 0x0000000782800000, 0x0000000782800000| Untracked 
|  41|0x0000000782900000, 0x0000000782900000, 0x0000000782a00000|  0%| F|  |TAMS 0x0000000782900000, 0x0000000782900000| Untracked 
|  42|0x0000000782a00000, 0x0000000782a00000, 0x0000000782b00000|  0%| F|  |TAMS 0x0000000782a00000, 0x0000000782a00000| Untracked 
|  43|0x0000000782b00000, 0x0000000782b00000, 0x0000000782c00000|  0%| F|  |TAMS 0x0000000782b00000, 0x0000000782b00000| Untracked 
|  44|0x0000000782c00000, 0x0000000782c00000, 0x0000000782d00000|  0%| F|  |TAMS 0x0000000782c00000, 0x0000000782c00000| Untracked 
|  45|0x0000000782d00000, 0x0000000782d00000, 0x0000000782e00000|  0%| F|  |TAMS 0x0000000782d00000, 0x0000000782d00000| Untracked 
|  46|0x0000000782e00000, 0x0000000782e00000, 0x0000000782f00000|  0%| F|  |TAMS 0x0000000782e00000, 0x0000000782e00000| Untracked 
|  47|0x0000000782f00000, 0x0000000782f00000, 0x0000000783000000|  0%| F|  |TAMS 0x0000000782f00000, 0x0000000782f00000| Untracked 
|  48|0x0000000783000000, 0x0000000783000000, 0x0000000783100000|  0%| F|  |TAMS 0x0000000783000000, 0x0000000783000000| Untracked 
|  49|0x0000000783100000, 0x0000000783100000, 0x0000000783200000|  0%| F|  |TAMS 0x0000000783100000, 0x0000000783100000| Untracked 
|  50|0x0000000783200000, 0x0000000783200000, 0x0000000783300000|  0%| F|  |TAMS 0x0000000783200000, 0x0000000783200000| Untracked 
|  51|0x0000000783300000, 0x0000000783300000, 0x0000000783400000|  0%| F|  |TAMS 0x0000000783300000, 0x0000000783300000| Untracked 
|  52|0x0000000783400000, 0x0000000783400000, 0x0000000783500000|  0%| F|  |TAMS 0x0000000783400000, 0x0000000783400000| Untracked 
|  53|0x0000000783500000, 0x0000000783500000, 0x0000000783600000|  0%| F|  |TAMS 0x0000000783500000, 0x0000000783500000| Untracked 
|  54|0x0000000783600000, 0x0000000783600000, 0x0000000783700000|  0%| F|  |TAMS 0x0000000783600000, 0x0000000783600000| Untracked 
|  55|0x0000000783700000, 0x0000000783700000, 0x0000000783800000|  0%| F|  |TAMS 0x0000000783700000, 0x0000000783700000| Untracked 
|  56|0x0000000783800000, 0x0000000783800000, 0x0000000783900000|  0%| F|  |TAMS 0x0000000783800000, 0x0000000783800000| Untracked 
|  57|0x0000000783900000, 0x0000000783900000, 0x0000000783a00000|  0%| F|  |TAMS 0x0000000783900000, 0x0000000783900000| Untracked 
|  58|0x0000000783a00000, 0x0000000783a00000, 0x0000000783b00000|  0%| F|  |TAMS 0x0000000783a00000, 0x0000000783a00000| Untracked 
|  59|0x0000000783b00000, 0x0000000783b00000, 0x0000000783c00000|  0%| F|  |TAMS 0x0000000783b00000, 0x0000000783b00000| Untracked 
|  60|0x0000000783c00000, 0x0000000783c00000, 0x0000000783d00000|  0%| F|  |TAMS 0x0000000783c00000, 0x0000000783c00000| Untracked 
|  61|0x0000000783d00000, 0x0000000783d00000, 0x0000000783e00000|  0%| F|  |TAMS 0x0000000783d00000, 0x0000000783d00000| Untracked 
|  62|0x0000000783e00000, 0x0000000783e00000, 0x0000000783f00000|  0%| F|  |TAMS 0x0000000783e00000, 0x0000000783e00000| Untracked 
|  63|0x0000000783f00000, 0x0000000783f00000, 0x0000000784000000|  0%| F|  |TAMS 0x0000000783f00000, 0x0000000783f00000| Untracked 
|  64|0x0000000784000000, 0x0000000784000000, 0x0000000784100000|  0%| F|  |TAMS 0x0000000784000000, 0x0000000784000000| Untracked 
|  65|0x0000000784100000, 0x0000000784100000, 0x0000000784200000|  0%| F|  |TAMS 0x0000000784100000, 0x0000000784100000| Untracked 
|  66|0x0000000784200000, 0x0000000784200000, 0x0000000784300000|  0%| F|  |TAMS 0x0000000784200000, 0x0000000784200000| Untracked 
|  67|0x0000000784300000, 0x0000000784300000, 0x0000000784400000|  0%| F|  |TAMS 0x0000000784300000, 0x0000000784300000| Untracked 
|  68|0x0000000784400000, 0x0000000784400000, 0x0000000784500000|  0%| F|  |TAMS 0x0000000784400000, 0x0000000784400000| Untracked 
|  69|0x0000000784500000, 0x0000000784500000, 0x0000000784600000|  0%| F|  |TAMS 0x0000000784500000, 0x0000000784500000| Untracked 
|  70|0x0000000784600000, 0x0000000784600000, 0x0000000784700000|  0%| F|  |TAMS 0x0000000784600000, 0x0000000784600000| Untracked 
|  71|0x0000000784700000, 0x0000000784700000, 0x0000000784800000|  0%| F|  |TAMS 0x0000000784700000, 0x0000000784700000| Untracked 
|  72|0x0000000784800000, 0x0000000784800000, 0x0000000784900000|  0%| F|  |TAMS 0x0000000784800000, 0x0000000784800000| Untracked 
|  73|0x0000000784900000, 0x0000000784900000, 0x0000000784a00000|  0%| F|  |TAMS 0x0000000784900000, 0x0000000784900000| Untracked 
|  74|0x0000000784a00000, 0x0000000784a00000, 0x0000000784b00000|  0%| F|  |TAMS 0x0000000784a00000, 0x0000000784a00000| Untracked 
|  75|0x0000000784b00000, 0x0000000784b00000, 0x0000000784c00000|  0%| F|  |TAMS 0x0000000784b00000, 0x0000000784b00000| Untracked 
|  76|0x0000000784c00000, 0x0000000784c00000, 0x0000000784d00000|  0%| F|  |TAMS 0x0000000784c00000, 0x0000000784c00000| Untracked 
|  77|0x0000000784d00000, 0x0000000784d00000, 0x0000000784e00000|  0%| F|  |TAMS 0x0000000784d00000, 0x0000000784d00000| Untracked 
|  78|0x0000000784e00000, 0x0000000784e00000, 0x0000000784f00000|  0%| F|  |TAMS 0x0000000784e00000, 0x0000000784e00000| Untracked 
|  79|0x0000000784f00000, 0x0000000784f00000, 0x0000000785000000|  0%| F|  |TAMS 0x0000000784f00000, 0x0000000784f00000| Untracked 
|  80|0x0000000785000000, 0x0000000785000000, 0x0000000785100000|  0%| F|  |TAMS 0x0000000785000000, 0x0000000785000000| Untracked 
|  81|0x0000000785100000, 0x0000000785100000, 0x0000000785200000|  0%| F|  |TAMS 0x0000000785100000, 0x0000000785100000| Untracked 
|  82|0x0000000785200000, 0x0000000785200000, 0x0000000785300000|  0%| F|  |TAMS 0x0000000785200000, 0x0000000785200000| Untracked 
|  83|0x0000000785300000, 0x0000000785300000, 0x0000000785400000|  0%| F|  |TAMS 0x0000000785300000, 0x0000000785300000| Untracked 
|  84|0x0000000785400000, 0x0000000785400000, 0x0000000785500000|  0%| F|  |TAMS 0x0000000785400000, 0x0000000785400000| Untracked 
|  85|0x0000000785500000, 0x0000000785500000, 0x0000000785600000|  0%| F|  |TAMS 0x0000000785500000, 0x0000000785500000| Untracked 
|  86|0x0000000785600000, 0x0000000785600000, 0x0000000785700000|  0%| F|  |TAMS 0x0000000785600000, 0x0000000785600000| Untracked 
|  87|0x0000000785700000, 0x0000000785700000, 0x0000000785800000|  0%| F|  |TAMS 0x0000000785700000, 0x0000000785700000| Untracked 
|  88|0x0000000785800000, 0x0000000785800000, 0x0000000785900000|  0%| F|  |TAMS 0x0000000785800000, 0x0000000785800000| Untracked 
|  89|0x0000000785900000, 0x0000000785900000, 0x0000000785a00000|  0%| F|  |TAMS 0x0000000785900000, 0x0000000785900000| Untracked 
|  90|0x0000000785a00000, 0x0000000785a00000, 0x0000000785b00000|  0%| F|  |TAMS 0x0000000785a00000, 0x0000000785a00000| Untracked 
|  91|0x0000000785b00000, 0x0000000785b00000, 0x0000000785c00000|  0%| F|  |TAMS 0x0000000785b00000, 0x0000000785b00000| Untracked 
|  92|0x0000000785c00000, 0x0000000785c00000, 0x0000000785d00000|  0%| F|  |TAMS 0x0000000785c00000, 0x0000000785c00000| Untracked 
|  93|0x0000000785d00000, 0x0000000785d00000, 0x0000000785e00000|  0%| F|  |TAMS 0x0000000785d00000, 0x0000000785d00000| Untracked 
|  94|0x0000000785e00000, 0x0000000785e00000, 0x0000000785f00000|  0%| F|  |TAMS 0x0000000785e00000, 0x0000000785e00000| Untracked 
|  95|0x0000000785f00000, 0x0000000785f00000, 0x0000000786000000|  0%| F|  |TAMS 0x0000000785f00000, 0x0000000785f00000| Untracked 
|  96|0x0000000786000000, 0x0000000786000000, 0x0000000786100000|  0%| F|  |TAMS 0x0000000786000000, 0x0000000786000000| Untracked 
|  97|0x0000000786100000, 0x0000000786100000, 0x0000000786200000|  0%| F|  |TAMS 0x0000000786100000, 0x0000000786100000| Untracked 
|  98|0x0000000786200000, 0x0000000786200000, 0x0000000786300000|  0%| F|  |TAMS 0x0000000786200000, 0x0000000786200000| Untracked 
|  99|0x0000000786300000, 0x0000000786300000, 0x0000000786400000|  0%| F|  |TAMS 0x0000000786300000, 0x0000000786300000| Untracked 
| 100|0x0000000786400000, 0x0000000786400000, 0x0000000786500000|  0%| F|  |TAMS 0x0000000786400000, 0x0000000786400000| Untracked 
| 101|0x0000000786500000, 0x0000000786500000, 0x0000000786600000|  0%| F|  |TAMS 0x0000000786500000, 0x0000000786500000| Untracked 
| 102|0x0000000786600000, 0x0000000786600000, 0x0000000786700000|  0%| F|  |TAMS 0x0000000786600000, 0x0000000786600000| Untracked 
| 103|0x0000000786700000, 0x0000000786700000, 0x0000000786800000|  0%| F|  |TAMS 0x0000000786700000, 0x0000000786700000| Untracked 
| 104|0x0000000786800000, 0x0000000786800000, 0x0000000786900000|  0%| F|  |TAMS 0x0000000786800000, 0x0000000786800000| Untracked 
| 105|0x0000000786900000, 0x0000000786900000, 0x0000000786a00000|  0%| F|  |TAMS 0x0000000786900000, 0x0000000786900000| Untracked 
| 106|0x0000000786a00000, 0x0000000786a00000, 0x0000000786b00000|  0%| F|  |TAMS 0x0000000786a00000, 0x0000000786a00000| Untracked 
| 107|0x0000000786b00000, 0x0000000786b00000, 0x0000000786c00000|  0%| F|  |TAMS 0x0000000786b00000, 0x0000000786b00000| Untracked 
| 108|0x0000000786c00000, 0x0000000786c00000, 0x0000000786d00000|  0%| F|  |TAMS 0x0000000786c00000, 0x0000000786c00000| Untracked 
| 109|0x0000000786d00000, 0x0000000786d00000, 0x0000000786e00000|  0%| F|  |TAMS 0x0000000786d00000, 0x0000000786d00000| Untracked 
| 110|0x0000000786e00000, 0x0000000786e00000, 0x0000000786f00000|  0%| F|  |TAMS 0x0000000786e00000, 0x0000000786e00000| Untracked 
| 111|0x0000000786f00000, 0x0000000786f00000, 0x0000000787000000|  0%| F|  |TAMS 0x0000000786f00000, 0x0000000786f00000| Untracked 
| 112|0x0000000787000000, 0x0000000787100000, 0x0000000787100000|100%| S|CS|TAMS 0x0000000787000000, 0x0000000787000000| Complete 
| 113|0x0000000787100000, 0x0000000787200000, 0x0000000787200000|100%| S|CS|TAMS 0x0000000787100000, 0x0000000787100000| Complete 
| 114|0x0000000787200000, 0x0000000787200000, 0x0000000787300000|  0%| F|  |TAMS 0x0000000787200000, 0x0000000787200000| Untracked 
| 115|0x0000000787300000, 0x0000000787300000, 0x0000000787400000|  0%| F|  |TAMS 0x0000000787300000, 0x0000000787300000| Untracked 
| 116|0x0000000787400000, 0x0000000787400000, 0x0000000787500000|  0%| F|  |TAMS 0x0000000787400000, 0x0000000787400000| Untracked 
| 117|0x0000000787500000, 0x0000000787500000, 0x0000000787600000|  0%| F|  |TAMS 0x0000000787500000, 0x0000000787500000| Untracked 
| 118|0x0000000787600000, 0x0000000787600000, 0x0000000787700000|  0%| F|  |TAMS 0x0000000787600000, 0x0000000787600000| Untracked 
| 119|0x0000000787700000, 0x0000000787700000, 0x0000000787800000|  0%| F|  |TAMS 0x0000000787700000, 0x0000000787700000| Untracked 
| 120|0x0000000787800000, 0x0000000787800000, 0x0000000787900000|  0%| F|  |TAMS 0x0000000787800000, 0x0000000787800000| Untracked 
| 121|0x0000000787900000, 0x0000000787900000, 0x0000000787a00000|  0%| F|  |TAMS 0x0000000787900000, 0x0000000787900000| Untracked 
| 122|0x0000000787a00000, 0x0000000787a00000, 0x0000000787b00000|  0%| F|  |TAMS 0x0000000787a00000, 0x0000000787a00000| Untracked 
| 123|0x0000000787b00000, 0x0000000787b00000, 0x0000000787c00000|  0%| F|  |TAMS 0x0000000787b00000, 0x0000000787b00000| Untracked 
| 124|0x0000000787c00000, 0x0000000787c00000, 0x0000000787d00000|  0%| F|  |TAMS 0x0000000787c00000, 0x0000000787c00000| Untracked 
| 125|0x0000000787d00000, 0x0000000787d00000, 0x0000000787e00000|  0%| F|  |TAMS 0x0000000787d00000, 0x0000000787d00000| Untracked 
| 126|0x0000000787e00000, 0x0000000787f00000, 0x0000000787f00000|100%| E|  |TAMS 0x0000000787e00000, 0x0000000787e00000| Complete 
| 127|0x0000000787f00000, 0x0000000788000000, 0x0000000788000000|100%| E|CS|TAMS 0x0000000787f00000, 0x0000000787f00000| Complete 
|1022|0x00000007bfe00000, 0x00000007bfe48000, 0x00000007bff00000| 28%|OA|  |TAMS 0x00000007bfe00000, 0x00000007bfe00000| Untracked 
|1023|0x00000007bff00000, 0x00000007bff78000, 0x00000007c0000000| 46%|CA|  |TAMS 0x00000007bff00000, 0x00000007bff00000| Untracked 

Card table byte_map: [0x0000000122ecc000,0x00000001232cc000] _byte_map_base: 0x000000011f2cc000

Marking Bits (Prev, Next): (CMBitMap*) 0x00007fc1ad01b218, (CMBitMap*) 0x00007fc1ad01b258
 Prev Bits: [0x00000001236cc000, 0x00000001256cc000)
 Next Bits: [0x00000001256cc000, 0x00000001276cc000)

Polling page: 0x0000000109548000

Metaspace:

Usage:
  Non-class:      6.12 MB capacity,     4.53 MB ( 74%) used,     1.57 MB ( 26%) free+waste,    12.44 KB ( <1%) overhead. 
      Class:    709.00 KB capacity,   494.27 KB ( 70%) used,   208.17 KB ( 29%) free+waste,     6.56 KB ( <1%) overhead. 
       Both:      6.81 MB capacity,     5.01 MB ( 74%) used,     1.78 MB ( 26%) free+waste,    19.00 KB ( <1%) overhead. 

Virtual space:
  Non-class space:        8.00 MB reserved,       6.25 MB ( 78%) committed 
      Class space:        1.00 GB reserved,     768.00 KB ( <1%) committed 
             Both:        1.01 GB reserved,       7.00 MB ( <1%) committed 

Chunk freelists:
   Non-Class:  26.00 KB
       Class:  3.00 KB
        Both:  29.00 KB

MaxMetaspaceSize: unlimited
CompressedClassSpaceSize: 1.00 GB

CodeHeap 'non-profiled nmethods': size=120032Kb used=252Kb max_used=252Kb free=119779Kb
 bounds [0x000000011b594000, 0x000000011b804000, 0x0000000122acc000]
CodeHeap 'profiled nmethods': size=120028Kb used=1309Kb max_used=1309Kb free=118718Kb
 bounds [0x000000011405d000, 0x00000001142cd000, 0x000000011b594000]
CodeHeap 'non-nmethods': size=5700Kb used=1156Kb max_used=1157Kb free=4544Kb
 bounds [0x0000000113acc000, 0x0000000113d3c000, 0x000000011405d000]
 total_blobs=1199 nmethods=787 adapters=326
 compilation: enabled
              stopped_count=0, restarted_count=0
 full_count=0

Compilation events (20 events):
Event: 1.012 Thread 0x00007fc1af80a800  813       3       jdk.internal.org.objectweb.asm.Type::getArgumentsAndReturnSizes (132 bytes)
Event: 1.016 Thread 0x00007fc1af80a800 nmethod 813 0x000000011419b510 code [0x000000011419b900, 0x000000011419d5d0]
Event: 1.016 Thread 0x00007fc1af80a800  814       3       jdk.internal.org.objectweb.asm.SymbolTable::hash (20 bytes)
Event: 1.017 Thread 0x00007fc1af80a800 nmethod 814 0x000000011419e110 code [0x000000011419e2c0, 0x000000011419e480]
Event: 1.018 Thread 0x00007fc1af80a800  815       3       java.util.jar.JavaUtilJarAccessImpl::getTrustedAttributes (6 bytes)
Event: 1.018 Thread 0x00007fc1af80a800 nmethod 815 0x000000011419e610 code [0x000000011419e7a0, 0x000000011419e900]
Event: 1.018 Thread 0x00007fc1af80a800  818       3       java.util.WeakHashMap::put (162 bytes)
Event: 1.019 Thread 0x00007fc1af80a800 nmethod 818 0x000000011419ea10 code [0x000000011419ec80, 0x000000011419fc30]
Event: 1.019 Thread 0x00007fc1af80a800  816       3       java.util.jar.Manifest::getTrustedAttributes (57 bytes)
Event: 1.021 Thread 0x00007fc1af80a800 nmethod 816 0x00000001141a0110 code [0x00000001141a03a0, 0x00000001141a0fb0]
Event: 1.021 Thread 0x00007fc1af80a800  817       3       java.util.jar.Manifest::getAttributes (14 bytes)
Event: 1.021 Thread 0x00007fc1af80a800 nmethod 817 0x00000001141a1390 code [0x00000001141a1540, 0x00000001141a1860]
Event: 1.030 Thread 0x00007fc1af80a800  819       3       java.util.zip.InflaterInputStream::<init> (79 bytes)
Event: 1.031 Thread 0x00007fc1af80a800 nmethod 819 0x00000001141a1990 code [0x00000001141a1b80, 0x00000001141a2410]
Event: 1.032 Thread 0x00007fc1af80a800  820       3       java.nio.Buffer::remaining (20 bytes)
Event: 1.033 Thread 0x00007fc1af80a800 nmethod 820 0x00000001141a2610 code [0x00000001141a27a0, 0x00000001141a2910]
Event: 1.033 Thread 0x00007fc1af80a800  821   !   3       java.util.zip.ZipFile$CleanableResource::getInflater (47 bytes)
Event: 1.034 Thread 0x00007fc1af80a800 nmethod 821 0x00000001141a2990 code [0x00000001141a2be0, 0x00000001141a38a0]
Event: 1.034 Thread 0x00007fc1af80a800  822   !   3       java.util.zip.ZipFile$CleanableResource::releaseInflater (53 bytes)
Event: 1.035 Thread 0x00007fc1af80a800 nmethod 822 0x00000001141a3c90 code [0x00000001141a3e60, 0x00000001141a4380]

GC Heap History (2 events):
Event: 0.529 GC heap before
{Heap before GC invocations=0 (full 0):
 garbage-first heap   total 133120K, used 14080K [0x0000000780000000, 0x0000000800000000)
  region size 1024K, 14 young (14336K), 0 survivors (0K)
 Metaspace       used 3848K, capacity 6649K, committed 6912K, reserved 1056768K
  class space    used 363K, capacity 640K, committed 768K, reserved 1048576K
}
Event: 0.538 GC heap after
{Heap after GC invocations=1 (full 0):
 garbage-first heap   total 133120K, used 4177K [0x0000000780000000, 0x0000000800000000)
  region size 1024K, 2 young (2048K), 2 survivors (2048K)
 Metaspace       used 3848K, capacity 6649K, committed 6912K, reserved 1056768K
  class space    used 363K, capacity 640K, committed 768K, reserved 1048576K
}

Deoptimization events (20 events):
Event: 0.127 Thread 0x00007fc1ad017800 DEOPT PACKING pc=0x0000000114084210 sp=0x000070000f27a6b0
Event: 0.127 Thread 0x00007fc1ad017800 DEOPT UNPACKING pc=0x0000000113b1533a sp=0x000070000f279b40 mode 0
Event: 0.278 Thread 0x00007fc1ad017800 DEOPT PACKING pc=0x000000011407d82f sp=0x000070000f27da10
Event: 0.278 Thread 0x00007fc1ad017800 DEOPT UNPACKING pc=0x0000000113b1533a sp=0x000070000f27ced0 mode 0
Event: 0.287 Thread 0x00007fc1ad017800 DEOPT PACKING pc=0x0000000114092c22 sp=0x000070000f27a940
Event: 0.287 Thread 0x00007fc1ad017800 DEOPT UNPACKING pc=0x0000000113b1533a sp=0x000070000f279dc8 mode 0
Event: 0.315 Thread 0x00007fc1ad9cf800 DEOPT PACKING pc=0x000000011407ece8 sp=0x00007000103b0870
Event: 0.315 Thread 0x00007fc1ad9cf800 DEOPT UNPACKING pc=0x0000000113b1533a sp=0x00007000103afce0 mode 0
Event: 0.386 Thread 0x00007fc1ae09c800 Uncommon trap: trap_request=0xffffff45 fr.pc=0x000000011b5ab8e0 relative=0x0000000000000240
Event: 0.386 Thread 0x00007fc1ae09c800 Uncommon trap: reason=unstable_if action=reinterpret pc=0x000000011b5ab8e0 method=java.lang.String.startsWith(Ljava/lang/String;I)Z @ 14 c2
Event: 0.386 Thread 0x00007fc1ae09c800 DEOPT PACKING pc=0x000000011b5ab8e0 sp=0x00007000107bfff0
Event: 0.386 Thread 0x00007fc1ae09c800 DEOPT UNPACKING pc=0x0000000113b14e25 sp=0x00007000107bff70 mode 2
Event: 0.498 Thread 0x00007fc1ad017800 Uncommon trap: trap_request=0xffffff45 fr.pc=0x000000011b5b861c relative=0x000000000000011c
Event: 0.498 Thread 0x00007fc1ad017800 Uncommon trap: reason=unstable_if action=reinterpret pc=0x000000011b5b861c method=java.lang.String.startsWith(Ljava/lang/String;I)Z @ 1 c2
Event: 0.498 Thread 0x00007fc1ad017800 DEOPT PACKING pc=0x000000011b5b861c sp=0x000070000f27d430
Event: 0.498 Thread 0x00007fc1ad017800 DEOPT UNPACKING pc=0x0000000113b14e25 sp=0x000070000f27d360 mode 2
Event: 0.499 Thread 0x00007fc1ad017800 Uncommon trap: trap_request=0xffffff45 fr.pc=0x000000011b5b8124 relative=0x0000000000000124
Event: 0.499 Thread 0x00007fc1ad017800 Uncommon trap: reason=unstable_if action=reinterpret pc=0x000000011b5b8124 method=java.lang.String.startsWith(Ljava/lang/String;I)Z @ 1 c2
Event: 0.499 Thread 0x00007fc1ad017800 DEOPT PACKING pc=0x000000011b5b8124 sp=0x000070000f27d3c0
Event: 0.499 Thread 0x00007fc1ad017800 DEOPT UNPACKING pc=0x0000000113b14e25 sp=0x000070000f27d360 mode 2

Classes unloaded (0 events):
No events

Classes redefined (0 events):
No events

Internal exceptions (10 events):
Event: 0.323 Thread 0x00007fc1ad9cf800 Exception <a 'java/lang/NoSuchMethodError'{0x000000078795c008}: 'int java.lang.invoke.DirectMethodHandle$Holder.invokeStaticInit(java.lang.Object, java.lang.Object, java.lang.Object, java.lang.Object)'> (0x000000078795c008) 
thrown [./src/hotspot/share/interpreter/linkResolver.cpp, line 767]
Event: 0.325 Thread 0x00007fc1ad9cf800 Exception <a 'java/lang/IncompatibleClassChangeError'{0x0000000787964a68}: Found class java.lang.Object, but interface was expected> (0x0000000787964a68) 
thrown [./src/hotspot/share/interpreter/linkResolver.cpp, line 833]
Event: 0.326 Thread 0x00007fc1ad9cf800 Exception <a 'java/lang/NoSuchMethodError'{0x0000000787967950}: 'void java.lang.invoke.DirectMethodHandle$Holder.invokeStaticInit(java.lang.Object, java.lang.Object)'> (0x0000000787967950) 
thrown [./src/hotspot/share/interpreter/linkResolver.cpp, line 767]
Event: 0.327 Thread 0x00007fc1ad9cf800 Exception <a 'java/lang/NoSuchMethodError'{0x000000078796cc68}: 'int java.lang.invoke.DirectMethodHandle$Holder.invokeStaticInit(java.lang.Object, java.lang.Object)'> (0x000000078796cc68) 
thrown [./src/hotspot/share/interpreter/linkResolver.cpp, line 767]
Event: 0.466 Thread 0x00007fc1ad017800 Exception <a 'java/lang/NoSuchMethodError'{0x0000000787359080}: 'void java.lang.invoke.DirectMethodHandle$Holder.invokeStatic(java.lang.Object, int, int)'> (0x0000000787359080) 
thrown [./src/hotspot/share/interpreter/linkResolver.cpp, line 767]
Event: 0.467 Thread 0x00007fc1ad017800 Exception <a 'java/lang/NoSuchMethodError'{0x000000078735bb08}: 'void java.lang.invoke.DirectMethodHandle$Holder.invokeStaticInit(java.lang.Object, int, int)'> (0x000000078735bb08) 
thrown [./src/hotspot/share/interpreter/linkResolver.cpp, line 767]
Event: 0.544 Thread 0x00007fc1ada74000 Exception <a 'java/lang/ClassNotFoundException'{0x0000000787f21ce8}: sun/awt/resources/spi/awtProvider> (0x0000000787f21ce8) 
thrown [./src/hotspot/share/classfile/systemDictionary.cpp, line 232]
Event: 0.569 Thread 0x00007fc1ada74000 Exception <a 'java/io/FileNotFoundException'{0x0000000787f65988}> (0x0000000787f65988) 
thrown [./src/hotspot/share/prims/jni.cpp, line 598]
Event: 0.578 Thread 0x00007fc1ada74000 Exception <a 'java/io/FileNotFoundException'{0x0000000787f8be68}> (0x0000000787f8be68) 
thrown [./src/hotspot/share/prims/jni.cpp, line 598]
Event: 0.584 Thread 0x00007fc1ada74000 Exception <a 'java/lang/ClassNotFoundException'{0x0000000787f8fcb0}: sun/awt/resources/spi/awtosxProvider> (0x0000000787f8fcb0) 
thrown [./src/hotspot/share/classfile/systemDictionary.cpp, line 232]

Events (20 events):
Event: 1.028 loading class java/awt/Transparency done
Event: 1.028 loading class java/awt/image/BufferedImage done
Event: 1.028 loading class java/awt/IllegalComponentStateException
Event: 1.028 loading class java/awt/IllegalComponentStateException done
Event: 1.028 loading class java/awt/Point
Event: 1.028 loading class java/awt/geom/Point2D
Event: 1.028 loading class java/awt/geom/Point2D done
Event: 1.028 loading class java/awt/Point done
Event: 1.030 loading class org/lwjgl/opengl/MacOSXNativeKeyboard
Event: 1.030 loading class org/lwjgl/opengl/MacOSXNativeKeyboard done
Event: 1.033 loading class org/lwjgl/opengl/ContextGL
Event: 1.033 loading class org/lwjgl/opengl/ContextGL done
Event: 1.035 loading class org/lwjgl/opengl/ContextImplementation
Event: 1.035 loading class org/lwjgl/opengl/ContextImplementation done
Event: 1.036 loading class org/lwjgl/opengl/MacOSXContextImplementation
Event: 1.036 loading class org/lwjgl/opengl/MacOSXContextImplementation done
Event: 1.037 loading class org/lwjgl/opengl/GLContext
Event: 1.037 loading class org/lwjgl/opengl/GLContext done
Event: 1.038 loading class org/lwjgl/opengl/GLContext$CapabilitiesCacheEntry
Event: 1.038 loading class org/lwjgl/opengl/GLContext$CapabilitiesCacheEntry done


Dynamic libraries:
0x00007fff6be2a000 	/usr/lib/libz.1.dylib
0x00000001094de000 	/Users/macbookpro/Library/Java/JavaVirtualMachines/azul-13.0.8/Contents/Home/lib/libjli.dylib
0x00007fff31854000 	/System/Library/Frameworks/Cocoa.framework/Versions/A/Cocoa
0x00007fff3f095000 	/System/Library/Frameworks/Security.framework/Versions/A/Security
0x00007fff307b9000 	/System/Library/Frameworks/ApplicationServices.framework/Versions/A/ApplicationServices
0x00007fff69860000 	/usr/lib/libSystem.B.dylib
0x00007fff6c6eb000 	/usr/lib/system/libcache.dylib
0x00007fff6c6f1000 	/usr/lib/system/libcommonCrypto.dylib
0x00007fff6c6fd000 	/usr/lib/system/libcompiler_rt.dylib
0x00007fff6c705000 	/usr/lib/system/libcopyfile.dylib
0x00007fff6c70f000 	/usr/lib/system/libcorecrypto.dylib
0x00007fff6c8ae000 	/usr/lib/system/libdispatch.dylib
0x00007fff6c8ef000 	/usr/lib/system/libdyld.dylib
0x00007fff6c926000 	/usr/lib/system/libkeymgr.dylib
0x00007fff6c934000 	/usr/lib/system/liblaunch.dylib
0x00007fff6c935000 	/usr/lib/system/libmacho.dylib
0x00007fff6c93b000 	/usr/lib/system/libquarantine.dylib
0x00007fff6c93e000 	/usr/lib/system/libremovefile.dylib
0x00007fff6c940000 	/usr/lib/system/libsystem_asl.dylib
0x00007fff6c958000 	/usr/lib/system/libsystem_blocks.dylib
0x00007fff6c959000 	/usr/lib/system/libsystem_c.dylib
0x00007fff6c9e1000 	/usr/lib/system/libsystem_configuration.dylib
0x00007fff6c9e5000 	/usr/lib/system/libsystem_coreservices.dylib
0x00007fff6c9e9000 	/usr/lib/system/libsystem_darwin.dylib
0x00007fff6c9f2000 	/usr/lib/system/libsystem_dnssd.dylib
0x00007fff6c9fa000 	/usr/lib/system/libsystem_featureflags.dylib
0x00007fff6c9fc000 	/usr/lib/system/libsystem_info.dylib
0x00007fff6ca77000 	/usr/lib/system/libsystem_m.dylib
0x00007fff6cac3000 	/usr/lib/system/libsystem_malloc.dylib
0x00007fff6caeb000 	/usr/lib/system/libsystem_networkextension.dylib
0x00007fff6caf9000 	/usr/lib/system/libsystem_notify.dylib
0x00007fff6cb17000 	/usr/lib/system/libsystem_sandbox.dylib
0x00007fff6cb1c000 	/usr/lib/system/libsystem_secinit.dylib
0x00007fff6ca4a000 	/usr/lib/system/libsystem_kernel.dylib
0x00007fff6cb03000 	/usr/lib/system/libsystem_platform.dylib
0x00007fff6cb0c000 	/usr/lib/system/libsystem_pthread.dylib
0x00007fff6cb1f000 	/usr/lib/system/libsystem_symptoms.dylib
0x00007fff6cb27000 	/usr/lib/system/libsystem_trace.dylib
0x00007fff6cb3f000 	/usr/lib/system/libunwind.dylib
0x00007fff6cb45000 	/usr/lib/system/libxpc.dylib
0x00007fff6b757000 	/usr/lib/libobjc.A.dylib
0x00007fff69c2f000 	/usr/lib/libc++abi.dylib
0x00007fff69bdc000 	/usr/lib/libc++.1.dylib
0x00007fff32707000 	/System/Library/Frameworks/CoreFoundation.framework/Versions/A/CoreFoundation
0x00007fff34de7000 	/System/Library/Frameworks/Foundation.framework/Versions/C/Foundation
0x00007fff2f9a9000 	/System/Library/Frameworks/AppKit.framework/Versions/C/AppKit
0x00007fff321d8000 	/System/Library/Frameworks/CoreData.framework/Versions/A/CoreData
0x00007fff6385b000 	/System/Library/PrivateFrameworks/UIFoundation.framework/Versions/A/UIFoundation
0x00007fff5e8ef000 	/System/Library/PrivateFrameworks/RemoteViewServices.framework/Versions/A/RemoteViewServices
0x00007fff663d0000 	/System/Library/PrivateFrameworks/XCTTargetBootstrap.framework/Versions/A/XCTTargetBootstrap
0x00007fff325d4000 	/System/Library/Frameworks/CoreDisplay.framework/Versions/A/CoreDisplay
0x00007fff37ca5000 	/System/Library/Frameworks/Metal.framework/Versions/A/Metal
0x00007fff4c8af000 	/System/Library/PrivateFrameworks/DesktopServicesPriv.framework/Versions/A/DesktopServicesPriv
0x00007fff6aa32000 	/usr/lib/liblangid.dylib
0x00007fff4bb44000 	/System/Library/PrivateFrameworks/CoreSVG.framework/Versions/A/CoreSVG
0x00007fff61a4b000 	/System/Library/PrivateFrameworks/SkyLight.framework/Versions/A/SkyLight
0x00007fff32b89000 	/System/Library/Frameworks/CoreGraphics.framework/Versions/A/CoreGraphics
0x00007fff2e318000 	/System/Library/Frameworks/Accelerate.framework/Versions/A/Accelerate
0x00007fff6bd1b000 	/usr/lib/libxml2.2.dylib
0x00007fff57851000 	/System/Library/PrivateFrameworks/IconServices.framework/Versions/A/IconServices
0x00007fff355c6000 	/System/Library/Frameworks/IOSurface.framework/Versions/A/IOSurface
0x00007fff6938a000 	/usr/lib/libDiagnosticMessagesClient.dylib
0x00007fff4c709000 	/System/Library/PrivateFrameworks/DFRFoundation.framework/Versions/A/DFRFoundation
0x00007fff6a7c1000 	/usr/lib/libicucore.A.dylib
0x00007fff30aeb000 	/System/Library/Frameworks/AudioToolbox.framework/Versions/A/AudioToolbox
0x00007fff30bce000 	/System/Library/Frameworks/AudioUnit.framework/Versions/A/AudioUnit
0x00007fff69af8000 	/usr/lib/libauto.dylib
0x00007fff4c7ab000 	/System/Library/PrivateFrameworks/DataDetectorsCore.framework/Versions/A/DataDetectorsCore
0x00007fff31375000 	/System/Library/Frameworks/Carbon.framework/Versions/A/Frameworks/HIToolbox.framework/Versions/A/HIToolbox
0x00007fff3e28f000 	/System/Library/Frameworks/QuartzCore.framework/Versions/A/QuartzCore
0x00007fff316b4000 	/System/Library/Frameworks/Carbon.framework/Versions/A/Frameworks/SpeechRecognition.framework/Versions/A/SpeechRecognition
0x00007fff4c21d000 	/System/Library/PrivateFrameworks/CoreUI.framework/Versions/A/CoreUI
0x00007fff31c43000 	/System/Library/Frameworks/CoreAudio.framework/Versions/A/CoreAudio
0x00007fff34aa6000 	/System/Library/Frameworks/DiskArbitration.framework/Versions/A/DiskArbitration
0x00007fff598c9000 	/System/Library/PrivateFrameworks/MultitouchSupport.framework/Versions/A/MultitouchSupport
0x00007fff6a688000 	/usr/lib/libenergytrace.dylib
0x00007fff35520000 	/System/Library/Frameworks/IOKit.framework/Versions/A/IOKit
0x00007fff33b12000 	/System/Library/Frameworks/CoreServices.framework/Versions/A/CoreServices
0x00007fff5ba82000 	/System/Library/PrivateFrameworks/PerformanceAnalysis.framework/Versions/A/PerformanceAnalysis
0x00007fff3d2c2000 	/System/Library/Frameworks/OpenGL.framework/Versions/A/OpenGL
0x00007fff31862000 	/System/Library/Frameworks/ColorSync.framework/Versions/A/ColorSync
0x00007fff3322e000 	/System/Library/Frameworks/CoreImage.framework/Versions/A/CoreImage
0x00007fff34585000 	/System/Library/Frameworks/CoreText.framework/Versions/A/CoreText
0x00007fff35656000 	/System/Library/Frameworks/ImageIO.framework/Versions/A/ImageIO
0x00007fff69c58000 	/usr/lib/libcompression.dylib
0x00007fff696ce000 	/usr/lib/libMobileGestalt.dylib
0x00007fff635c5000 	/System/Library/PrivateFrameworks/TextureIO.framework/Versions/A/TextureIO
0x00007fff699c5000 	/usr/lib/libate.dylib
0x00007fff57a5a000 	/System/Library/PrivateFrameworks/InternationalSupport.framework/Versions/A/InternationalSupport
0x00007fff6aa34000 	/usr/lib/liblzma.5.dylib
0x00007fff6a6af000 	/usr/lib/libfakelink.dylib
0x00007fff69952000 	/usr/lib/libarchive.2.dylib
0x00007fff40146000 	/System/Library/Frameworks/SystemConfiguration.framework/Versions/A/SystemConfiguration
0x00007fff692bd000 	/usr/lib/libCRFSuite.dylib
0x00007fff30f65000 	/System/Library/Frameworks/CFNetwork.framework/Versions/A/CFNetwork
0x00007fff69bbe000 	/usr/lib/libbsm.0.dylib
0x00007fff6c927000 	/usr/lib/system/libkxld.dylib
0x00007fff46085000 	/System/Library/PrivateFrameworks/AppleFSCompression.framework/Versions/A/AppleFSCompression
0x00007fff69f4a000 	/usr/lib/libcoretls.dylib
0x00007fff69f61000 	/usr/lib/libcoretls_cfhelpers.dylib
0x00007fff6b79c000 	/usr/lib/libpam.2.dylib
0x00007fff6b8d1000 	/usr/lib/libsqlite3.dylib
0x00007fff6bd08000 	/usr/lib/libxar.1.dylib
0x00007fff69bcf000 	/usr/lib/libbz2.1.0.dylib
0x00007fff6a6d0000 	/usr/lib/libiconv.2.dylib
0x00007fff69c45000 	/usr/lib/libcharset.1.dylib
0x00007fff6b23a000 	/usr/lib/libnetwork.dylib
0x00007fff6b7a3000 	/usr/lib/libpcap.A.dylib
0x00007fff69907000 	/usr/lib/libapple_nghttp2.dylib
0x00007fff33ec9000 	/System/Library/Frameworks/CoreServices.framework/Versions/A/Frameworks/FSEvents.framework/Versions/A/FSEvents
0x00007fff33b99000 	/System/Library/Frameworks/CoreServices.framework/Versions/A/Frameworks/CarbonCore.framework/Versions/A/CarbonCore
0x00007fff3410d000 	/System/Library/Frameworks/CoreServices.framework/Versions/A/Frameworks/Metadata.framework/Versions/A/Metadata
0x00007fff341a6000 	/System/Library/Frameworks/CoreServices.framework/Versions/A/Frameworks/OSServices.framework/Versions/A/OSServices
0x00007fff341d4000 	/System/Library/Frameworks/CoreServices.framework/Versions/A/Frameworks/SearchKit.framework/Versions/A/SearchKit
0x00007fff33b13000 	/System/Library/Frameworks/CoreServices.framework/Versions/A/Frameworks/AE.framework/Versions/A/AE
0x00007fff33ed2000 	/System/Library/Frameworks/CoreServices.framework/Versions/A/Frameworks/LaunchServices.framework/Versions/A/LaunchServices
0x00007fff33e7b000 	/System/Library/Frameworks/CoreServices.framework/Versions/A/Frameworks/DictionaryServices.framework/Versions/A/DictionaryServices
0x00007fff3423c000 	/System/Library/Frameworks/CoreServices.framework/Versions/A/Frameworks/SharedFileList.framework/Versions/A/SharedFileList
0x00007fff390e1000 	/System/Library/Frameworks/NetFS.framework/Versions/A/NetFS
0x00007fff59df9000 	/System/Library/PrivateFrameworks/NetAuth.framework/Versions/A/NetAuth
0x00007fff6679d000 	/System/Library/PrivateFrameworks/login.framework/Versions/A/Frameworks/loginsupport.framework/Versions/A/loginsupport
0x00007fff63090000 	/System/Library/PrivateFrameworks/TCC.framework/Versions/A/TCC
0x00007fff4acb7000 	/System/Library/PrivateFrameworks/CoreNLP.framework/Versions/A/CoreNLP
0x00007fff592ce000 	/System/Library/PrivateFrameworks/MetadataUtilities.framework/Versions/A/MetadataUtilities
0x00007fff6ab0c000 	/usr/lib/libmecabra.dylib
0x00007fff6aa64000 	/usr/lib/libmecab.dylib
0x00007fff6a6c0000 	/usr/lib/libgermantok.dylib
0x00007fff698ee000 	/usr/lib/libThaiTokenizer.dylib
0x00007fff692f4000 	/usr/lib/libChineseTokenizer.dylib
0x00007fff2e331000 	/System/Library/Frameworks/Accelerate.framework/Versions/A/Frameworks/vImage.framework/Versions/A/vImage
0x00007fff2f7ff000 	/System/Library/Frameworks/Accelerate.framework/Versions/A/Frameworks/vecLib.framework/Versions/A/vecLib
0x00007fff2f680000 	/System/Library/Frameworks/Accelerate.framework/Versions/A/Frameworks/vecLib.framework/Versions/A/libvMisc.dylib
0x00007fff2f4ed000 	/System/Library/Frameworks/Accelerate.framework/Versions/A/Frameworks/vecLib.framework/Versions/A/libvDSP.dylib
0x00007fff2ebcd000 	/System/Library/Frameworks/Accelerate.framework/Versions/A/Frameworks/vecLib.framework/Versions/A/libBLAS.dylib
0x00007fff2f0a5000 	/System/Library/Frameworks/Accelerate.framework/Versions/A/Frameworks/vecLib.framework/Versions/A/libLAPACK.dylib
0x00007fff2f44d000 	/System/Library/Frameworks/Accelerate.framework/Versions/A/Frameworks/vecLib.framework/Versions/A/libLinearAlgebra.dylib
0x00007fff2f4da000 	/System/Library/Frameworks/Accelerate.framework/Versions/A/Frameworks/vecLib.framework/Versions/A/libSparseBLAS.dylib
0x00007fff2f463000 	/System/Library/Frameworks/Accelerate.framework/Versions/A/Frameworks/vecLib.framework/Versions/A/libQuadrature.dylib
0x00007fff2ed63000 	/System/Library/Frameworks/Accelerate.framework/Versions/A/Frameworks/vecLib.framework/Versions/A/libBNNS.dylib
0x00007fff2f469000 	/System/Library/Frameworks/Accelerate.framework/Versions/A/Frameworks/vecLib.framework/Versions/A/libSparse.dylib
0x00007fff57e42000 	/System/Library/PrivateFrameworks/LanguageModeling.framework/Versions/A/LanguageModeling
0x00007fff4a667000 	/System/Library/PrivateFrameworks/CoreEmoji.framework/Versions/A/CoreEmoji
0x00007fff57f60000 	/System/Library/PrivateFrameworks/LinguisticData.framework/Versions/A/LinguisticData
0x00007fff57f11000 	/System/Library/PrivateFrameworks/Lexicon.framework/Versions/A/Lexicon
0x00007fff69c46000 	/usr/lib/libcmph.dylib
0x00007fff3bcd0000 	/System/Library/Frameworks/OpenDirectory.framework/Versions/A/Frameworks/CFOpenDirectory.framework/Versions/A/CFOpenDirectory
0x00007fff3bced000 	/System/Library/Frameworks/OpenDirectory.framework/Versions/A/OpenDirectory
0x00007fff44130000 	/System/Library/PrivateFrameworks/APFS.framework/Versions/A/APFS
0x00007fff3f3df000 	/System/Library/Frameworks/SecurityFoundation.framework/Versions/A/SecurityFoundation
0x00007fff6bd04000 	/usr/lib/libutil.dylib
0x00007fff4bb9c000 	/System/Library/PrivateFrameworks/CoreServicesStore.framework/Versions/A/CoreServicesStore
0x00007fff3f496000 	/System/Library/Frameworks/ServiceManagement.framework/Versions/A/ServiceManagement
0x00007fff47855000 	/System/Library/PrivateFrameworks/BackgroundTaskManagement.framework/Versions/A/BackgroundTaskManagement
0x00007fff6be01000 	/usr/lib/libxslt.1.dylib
0x00007fff466f8000 	/System/Library/PrivateFrameworks/AppleSystemInfo.framework/Versions/A/AppleSystemInfo
0x00007fff35874000 	/System/Library/Frameworks/ImageIO.framework/Versions/A/Resources/libJPEG.dylib
0x00007fff35b33000 	/System/Library/Frameworks/ImageIO.framework/Versions/A/Resources/libTIFF.dylib
0x00007fff35b16000 	/System/Library/Frameworks/ImageIO.framework/Versions/A/Resources/libPng.dylib
0x00007fff357b6000 	/System/Library/Frameworks/ImageIO.framework/Versions/A/Resources/libGIF.dylib
0x00007fff357ba000 	/System/Library/Frameworks/ImageIO.framework/Versions/A/Resources/libJP2.dylib
0x00007fff35b31000 	/System/Library/Frameworks/ImageIO.framework/Versions/A/Resources/libRadiance.dylib
0x00007fff6a689000 	/usr/lib/libexpat.1.dylib
0x00007fff461e0000 	/System/Library/PrivateFrameworks/AppleJPEG.framework/Versions/A/AppleJPEG
0x00007fff4eeb2000 	/System/Library/PrivateFrameworks/FontServices.framework/libFontParser.dylib
0x00007fff6579f000 	/System/Library/PrivateFrameworks/WatchdogClient.framework/Versions/A/WatchdogClient
0x00007fff5749d000 	/System/Library/PrivateFrameworks/IOAccelerator.framework/Versions/A/IOAccelerator
0x00007fff38040000 	/System/Library/Frameworks/MetalPerformanceShaders.framework/Versions/A/MetalPerformanceShaders
0x00007fff53c2d000 	/System/Library/PrivateFrameworks/GPUWrangler.framework/Versions/A/GPUWrangler
0x00007fff574b2000 	/System/Library/PrivateFrameworks/IOPresentment.framework/Versions/A/IOPresentment
0x00007fff4c71c000 	/System/Library/PrivateFrameworks/DSExternalDisplay.framework/Versions/A/DSExternalDisplay
0x00007fff3c661000 	/System/Library/Frameworks/OpenGL.framework/Versions/A/Libraries/libCoreFSCache.dylib
0x00007fff37d8c000 	/System/Library/Frameworks/MetalPerformanceShaders.framework/Frameworks/MPSCore.framework/Versions/A/MPSCore
0x00007fff37dca000 	/System/Library/Frameworks/MetalPerformanceShaders.framework/Frameworks/MPSImage.framework/Versions/A/MPSImage
0x00007fff37e91000 	/System/Library/Frameworks/MetalPerformanceShaders.framework/Frameworks/MPSNeuralNetwork.framework/Versions/A/MPSNeuralNetwork
0x00007fff37e55000 	/System/Library/Frameworks/MetalPerformanceShaders.framework/Frameworks/MPSMatrix.framework/Versions/A/MPSMatrix
0x00007fff37ff0000 	/System/Library/Frameworks/MetalPerformanceShaders.framework/Frameworks/MPSRayIntersector.framework/Versions/A/MPSRayIntersector
0x00007fff37e7b000 	/System/Library/Frameworks/MetalPerformanceShaders.framework/Frameworks/MPSNDArray.framework/Versions/A/MPSNDArray
0x00007fff5931b000 	/System/Library/PrivateFrameworks/MetalTools.framework/Versions/A/MetalTools
0x00007fff4530a000 	/System/Library/PrivateFrameworks/AggregateDictionary.framework/Versions/A/AggregateDictionary
0x00007fff4a0af000 	/System/Library/PrivateFrameworks/CoreAnalytics.framework/Versions/A/CoreAnalytics
0x00007fff46617000 	/System/Library/PrivateFrameworks/AppleSauce.framework/Versions/A/AppleSauce
0x00007fff695b0000 	/usr/lib/libIOReport.dylib
0x00007fff3473d000 	/System/Library/Frameworks/CoreVideo.framework/Versions/A/CoreVideo
0x00007fff550a6000 	/System/Library/PrivateFrameworks/GraphVisualizer.framework/Versions/A/GraphVisualizer
0x00007fff4e3f8000 	/System/Library/PrivateFrameworks/FaceCore.framework/Versions/A/FaceCore
0x00007fff3bc77000 	/System/Library/Frameworks/OpenCL.framework/Versions/A/OpenCL
0x00007fff693d2000 	/usr/lib/libFosl_dynamic.dylib
0x00007fff5a81a000 	/System/Library/PrivateFrameworks/OTSVG.framework/Versions/A/OTSVG
0x00007fff308be000 	/System/Library/Frameworks/ApplicationServices.framework/Versions/A/Frameworks/ATS.framework/Versions/A/Resources/libFontRegistry.dylib
0x00007fff4f081000 	/System/Library/PrivateFrameworks/FontServices.framework/libhvf.dylib
0x00007fff3c66c000 	/System/Library/Frameworks/OpenGL.framework/Versions/A/Libraries/libGFXShared.dylib
0x00007fff3c84a000 	/System/Library/Frameworks/OpenGL.framework/Versions/A/Libraries/libGLU.dylib
0x00007fff3c675000 	/System/Library/Frameworks/OpenGL.framework/Versions/A/Libraries/libGL.dylib
0x00007fff3c680000 	/System/Library/Frameworks/OpenGL.framework/Versions/A/Libraries/libGLImage.dylib
0x00007fff3c65e000 	/System/Library/Frameworks/OpenGL.framework/Versions/A/Libraries/libCVMSPluginSupport.dylib
0x00007fff3c667000 	/System/Library/Frameworks/OpenGL.framework/Versions/A/Libraries/libCoreVMClient.dylib
0x00007fff6b0db000 	/usr/lib/libncurses.5.4.dylib
0x00007fff307ba000 	/System/Library/Frameworks/ApplicationServices.framework/Versions/A/Frameworks/ATS.framework/Versions/A/ATS
0x00007fff30987000 	/System/Library/Frameworks/ApplicationServices.framework/Versions/A/Frameworks/ColorSyncLegacy.framework/Versions/A/ColorSyncLegacy
0x00007fff30a25000 	/System/Library/Frameworks/ApplicationServices.framework/Versions/A/Frameworks/HIServices.framework/Versions/A/HIServices
0x00007fff30a7d000 	/System/Library/Frameworks/ApplicationServices.framework/Versions/A/Frameworks/LangAnalysis.framework/Versions/A/LangAnalysis
0x00007fff30a8c000 	/System/Library/Frameworks/ApplicationServices.framework/Versions/A/Frameworks/PrintCore.framework/Versions/A/PrintCore
0x00007fff30ad2000 	/System/Library/Frameworks/ApplicationServices.framework/Versions/A/Frameworks/QD.framework/Versions/A/QD
0x00007fff30add000 	/System/Library/Frameworks/ApplicationServices.framework/Versions/A/Frameworks/SpeechSynthesis.framework/Versions/A/SpeechSynthesis
0x00007fff30957000 	/System/Library/Frameworks/ApplicationServices.framework/Versions/A/Frameworks/ATSUI.framework/Versions/A/ATSUI
0x00007fff6a51f000 	/usr/lib/libcups.2.dylib
0x00007fff370db000 	/System/Library/Frameworks/Kerberos.framework/Versions/A/Kerberos
0x00007fff35219000 	/System/Library/Frameworks/GSS.framework/Versions/A/GSS
0x00007fff6b85d000 	/usr/lib/libresolv.9.dylib
0x00007fff55253000 	/System/Library/PrivateFrameworks/Heimdal.framework/Versions/A/Heimdal
0x00007fff370ee000 	/System/Library/Frameworks/Kerberos.framework/Versions/A/Libraries/libHeimdalProxy.dylib
0x00007fff6a6c6000 	/usr/lib/libheimdal-asn1.dylib
0x00007fff49547000 	/System/Library/PrivateFrameworks/CommonAuth.framework/Versions/A/CommonAuth
0x00007fff46795000 	/System/Library/PrivateFrameworks/AssertionServices.framework/Versions/A/AssertionServices
0x00007fff47338000 	/System/Library/PrivateFrameworks/AudioToolboxCore.framework/Versions/A/AudioToolboxCore
0x00007fff6644d000 	/System/Library/PrivateFrameworks/caulk.framework/Versions/A/caulk
0x00007fff47901000 	/System/Library/PrivateFrameworks/BaseBoard.framework/Versions/A/BaseBoard
0x00007fff5ea7d000 	/System/Library/PrivateFrameworks/RunningBoardServices.framework/Versions/A/RunningBoardServices
0x00007fff5ba8e000 	/System/Library/PrivateFrameworks/PersistentConnection.framework/Versions/A/PersistentConnection
0x00007fff5e476000 	/System/Library/PrivateFrameworks/ProtocolBuffer.framework/Versions/A/ProtocolBuffer
0x00007fff4956b000 	/System/Library/PrivateFrameworks/CommonUtilities.framework/Versions/A/CommonUtilities
0x00007fff47a8f000 	/System/Library/PrivateFrameworks/Bom.framework/Versions/A/Bom
0x00007fff69283000 	/usr/lib/libAudioToolboxUtility.dylib
0x00007fff4785f000 	/System/Library/PrivateFrameworks/Backup.framework/Versions/A/Backup
0x00007fff4c63d000 	/System/Library/PrivateFrameworks/CrashReporterSupport.framework/Versions/A/CrashReporterSupport
0x00007fff6050f000 	/System/Library/PrivateFrameworks/Sharing.framework/Versions/A/Sharing
0x00007fff45da3000 	/System/Library/PrivateFrameworks/Apple80211.framework/Versions/A/Apple80211
0x00007fff4757c000 	/System/Library/PrivateFrameworks/AuthKit.framework/Versions/A/AuthKit
0x00007fff4c34a000 	/System/Library/PrivateFrameworks/CoreUtils.framework/Versions/A/CoreUtils
0x00007fff34782000 	/System/Library/Frameworks/CoreWLAN.framework/Versions/A/CoreWLAN
0x00007fff353a6000 	/System/Library/Frameworks/IOBluetooth.framework/Versions/A/IOBluetooth
0x00007fff59648000 	/System/Library/PrivateFrameworks/MobileKeyBag.framework/Versions/A/MobileKeyBag
0x00007fff4b14f000 	/System/Library/PrivateFrameworks/CorePhoneNumbers.framework/Versions/A/CorePhoneNumbers
0x00007fff46193000 	/System/Library/PrivateFrameworks/AppleIDAuthSupport.framework/Versions/A/AppleIDAuthSupport
0x00007fff390ee000 	/System/Library/Frameworks/Network.framework/Versions/A/Network
0x00007fff57cee000 	/System/Library/PrivateFrameworks/KeychainCircle.framework/Versions/A/KeychainCircle
0x00007fff3219f000 	/System/Library/Frameworks/CoreBluetooth.framework/Versions/A/CoreBluetooth
0x00007fff6258e000 	/System/Library/PrivateFrameworks/SpeechRecognitionCore.framework/Versions/A/SpeechRecognitionCore
0x00007fff25711000 	/System/Library/CoreServices/Encodings/libCyrillicConverter.dylib
0x000000010a47d000 	/Users/macbookpro/Library/Java/JavaVirtualMachines/azul-13.0.8/Contents/Home/lib/server/libjvm.dylib
0x0000000109502000 	/Users/macbookpro/Library/Java/JavaVirtualMachines/azul-13.0.8/Contents/Home/lib/libverify.dylib
0x0000000109513000 	/Users/macbookpro/Library/Java/JavaVirtualMachines/azul-13.0.8/Contents/Home/lib/libjava.dylib
0x000000010953d000 	/Users/macbookpro/Library/Java/JavaVirtualMachines/azul-13.0.8/Contents/Home/lib/libjimage.dylib
0x0000000109592000 	/Users/macbookpro/Library/Java/JavaVirtualMachines/azul-13.0.8/Contents/Home/lib/libzip.dylib
0x0000000109fd6000 	/Users/macbookpro/Library/Java/JavaVirtualMachines/azul-13.0.8/Contents/Home/lib/libnio.dylib
0x0000000109fe9000 	/Users/macbookpro/Library/Java/JavaVirtualMachines/azul-13.0.8/Contents/Home/lib/libnet.dylib
0x000000010a001000 	/private/var/folders/c0/d63ctn4x70q87f_r701qtxp40000gn/T/libgdxmacbookpro/cdf099a0/libgdx64.dylib
0x000000010a033000 	/Users/macbookpro/Library/Java/JavaVirtualMachines/azul-13.0.8/Contents/Home/lib/libawt.dylib
0x000000010a0cd000 	/Users/macbookpro/Library/Java/JavaVirtualMachines/azul-13.0.8/Contents/Home/lib/libmlib_image.dylib
0x00007fff370ce000 	/System/Library/Frameworks/JavaVM.framework/Versions/A/Frameworks/JavaRuntimeSupport.framework/Versions/A/JavaRuntimeSupport
0x00007fff370c5000 	/System/Library/Frameworks/JavaVM.framework/Versions/A/Frameworks/JavaNativeFoundation.framework/Versions/A/JavaNativeFoundation
0x00007fff370d6000 	/System/Library/Frameworks/JavaVM.framework/Versions/A/JavaVM
0x00007fff31370000 	/System/Library/Frameworks/Carbon.framework/Versions/A/Carbon
0x00007fff4c0ef000 	/System/Library/PrivateFrameworks/CoreSymbolication.framework/Versions/A/CoreSymbolication
0x00007fff57b05000 	/System/Library/PrivateFrameworks/JavaLaunching.framework/Versions/A/JavaLaunching
0x00007fff31371000 	/System/Library/Frameworks/Carbon.framework/Versions/A/Frameworks/CommonPanels.framework/Versions/A/CommonPanels
0x00007fff3166a000 	/System/Library/Frameworks/Carbon.framework/Versions/A/Frameworks/Help.framework/Versions/A/Help
0x00007fff3166e000 	/System/Library/Frameworks/Carbon.framework/Versions/A/Frameworks/ImageCapture.framework/Versions/A/ImageCapture
0x00007fff31675000 	/System/Library/Frameworks/Carbon.framework/Versions/A/Frameworks/OpenScripting.framework/Versions/A/OpenScripting
0x00007fff31674000 	/System/Library/Frameworks/Carbon.framework/Versions/A/Frameworks/Ink.framework/Versions/A/Ink
0x00007fff316b0000 	/System/Library/Frameworks/Carbon.framework/Versions/A/Frameworks/Print.framework/Versions/A/Print
0x00007fff316b1000 	/System/Library/Frameworks/Carbon.framework/Versions/A/Frameworks/SecurityHI.framework/Versions/A/SecurityHI
0x00007fff4c871000 	/System/Library/PrivateFrameworks/DebugSymbols.framework/Versions/A/DebugSymbols
0x000000010a136000 	/Users/macbookpro/Library/Java/JavaVirtualMachines/azul-13.0.8/Contents/Home/lib/libawt_lwawt.dylib
0x000000010a205000 	/Users/macbookpro/Library/Java/JavaVirtualMachines/azul-13.0.8/Contents/Home/lib/libosxapp.dylib
0x00007fff34c82000 	/System/Library/Frameworks/ExceptionHandling.framework/Versions/A/ExceptionHandling
0x000000010a22c000 	/Users/macbookpro/Library/Java/JavaVirtualMachines/azul-13.0.8/Contents/Home/lib/libfontmanager.dylib
0x000000012ba18000 	/Users/macbookpro/Library/Java/JavaVirtualMachines/azul-13.0.8/Contents/Home/lib/libfreetype.dylib
0x00007fff4bb68000 	/System/Library/PrivateFrameworks/CoreServicesInternal.framework/Versions/A/CoreServicesInternal
0x00007fff34ca1000 	/System/Library/Frameworks/FileProvider.framework/Versions/A/FileProvider
0x00007fff2f800000 	/System/Library/Frameworks/Accounts.framework/Versions/A/Accounts
0x00007fff53f52000 	/System/Library/PrivateFrameworks/GenerationalStorage.framework/Versions/A/GenerationalStorage
0x00007fff62dd0000 	/System/Library/PrivateFrameworks/SymptomDiagnosticReporter.framework/Versions/A/SymptomDiagnosticReporter
0x00007fff458a7000 	/System/Library/PrivateFrameworks/AppContainer.framework/Versions/A/AppContainer
0x00007fff6b877000 	/usr/lib/libsandbox.1.dylib
0x00007fff64742000 	/System/Library/PrivateFrameworks/UserManagement.framework/Versions/A/UserManagement
0x00007fff4864b000 	/System/Library/PrivateFrameworks/ChunkingLibrary.framework/Versions/A/ChunkingLibrary
0x00007fff45919000 	/System/Library/PrivateFrameworks/AppSandbox.framework/Versions/A/AppSandbox
0x00007fff60399000 	/System/Library/PrivateFrameworks/SecCodeWrapper.framework/Versions/A/SecCodeWrapper
0x00007fff69698000 	/usr/lib/libMatch.1.dylib
0x00007fff25783000 	/System/Library/CoreServices/RawCamera.bundle/Contents/MacOS/RawCamera
0x00007fff5944a000 	/System/Library/PrivateFrameworks/MobileAsset.framework/Versions/A/MobileAsset
0x00007fff62c78000 	/System/Library/PrivateFrameworks/StreamingZip.framework/Versions/A/StreamingZip
0x00007fff37556000 	/System/Library/Frameworks/MediaToolbox.framework/Versions/A/MediaToolbox
0x00007fff4a05f000 	/System/Library/PrivateFrameworks/CoreAVCHD.framework/Versions/A/CoreAVCHD
0x00007fff37480000 	/System/Library/Frameworks/MediaAccessibility.framework/Versions/A/MediaAccessibility
0x00007fff587fe000 	/System/Library/PrivateFrameworks/Mangrove.framework/Versions/A/Mangrove
0x00007fff3394a000 	/System/Library/Frameworks/CoreMedia.framework/Versions/A/CoreMedia
0x00007fff58a6a000 	/System/Library/PrivateFrameworks/MediaExperience.framework/Versions/A/MediaExperience
0x00007fff40440000 	/System/Library/Frameworks/VideoToolbox.framework/Versions/A/VideoToolbox
0x00007fff49c89000 	/System/Library/PrivateFrameworks/CoreAUC.framework/Versions/A/CoreAUC
0x00007fff6b8cf000 	/usr/lib/libspindump.dylib
0x00007fff46ce7000 	/System/Library/PrivateFrameworks/AudioResourceArbitration.framework/Versions/A/AudioResourceArbitration
0x00007fff466fc000 	/System/Library/PrivateFrameworks/AppleVA.framework/Versions/A/AppleVA
0x00007fff2e319000 	/System/Library/Frameworks/Accelerate.framework/Versions/A/Frameworks/vImage.framework/Versions/A/Libraries/libCGInterfaces.dylib
0x000000012d3f0000 	/usr/lib/libobjc-trampolines.dylib
0x00007fff4efe9000 	/System/Library/PrivateFrameworks/FontServices.framework/libTrueTypeScaler.dylib
0x00007fff285b2000 	/System/Library/Extensions/AppleIntelHD4000GraphicsMTLDriver.bundle/Contents/MacOS/AppleIntelHD4000GraphicsMTLDriver
0x00007fff52572000 	/System/Library/PrivateFrameworks/GPUCompiler.framework/Versions/3902/Libraries/libmetal_timestamp.dylib
0x00007fff6550e000 	/System/Library/PrivateFrameworks/ViewBridge.framework/Versions/A/ViewBridge
0x000000012dfb7000 	/private/var/folders/c0/d63ctn4x70q87f_r701qtxp40000gn/T/libgdxmacbookpro/f7649394/liblwjgl.dylib
0x000000012dbc3000 	/Users/macbookpro/Library/Java/JavaVirtualMachines/azul-13.0.8/Contents/Home/lib/libjawt.dylib
0x00007fff3d2d2000 	/System/Library/Frameworks/OpenGL.framework/Versions/A/Resources/GLEngine.bundle/GLEngine
0x00007fff3c6b5000 	/System/Library/Frameworks/OpenGL.framework/Versions/A/Libraries/libGLProgrammability.dylib
0x00007fff280b4000 	/System/Library/Extensions/AppleIntelHD4000GraphicsGLDriver.bundle/Contents/MacOS/AppleIntelHD4000GraphicsGLDriver
0x00007fff53c21000 	/System/Library/PrivateFrameworks/GPUSupport.framework/Versions/A/Libraries/libGPUSupportMercury.dylib
0x00007fff3d44c000 	/System/Library/Frameworks/OpenGL.framework/Versions/A/Resources/GLRendererFloat.bundle/GLRendererFloat
0x00007fff3bc6e000 	/System/Library/Frameworks/OpenCL.framework/Versions/A/Libraries/libcldcpuengine.dylib
0x00007fff667a0000 	/System/Library/PrivateFrameworks/login.framework/Versions/A/login


VM Arguments:
jvm_args: -Dfile.encoding=UTF-8 -Duser.country=UA -Duser.language=ru -Duser.variant 
java_command: sk.tuke.kpi.gamelib.framework.Main
java_class_path (initial): /Users/macbookpro/IdeaProjects/project-ellen/build/classes/java/main:/Users/macbookpro/IdeaProjects/project-ellen/build/resources/main:/Users/macbookpro/.gradle/caches/modules-2/files-2.1/sk.tuke.kpi.gamelib/gamelib-framework/2.6.0/bf87b88d822c6cd3a187a7cb90016e5af48489a7/gamelib-framework-2.6.0.jar:/Users/macbookpro/.gradle/caches/modules-2/files-2.1/sk.tuke.kpi.gamelib/gamelib-backend-lwjgl2/2.6.0/781718679e19e9cd26659868681f9cbe7a391ecc/gamelib-backend-lwjgl2-2.6.0.jar:/Users/macbookpro/.gradle/caches/modules-2/files-2.1/sk.tuke.kpi.gamelib/gamelib-inspector/2.6.0/6db69ef5b40f74786690f06db2cae2e18503c13c/gamelib-inspector-2.6.0.jar:/Users/macbookpro/.gradle/caches/modules-2/files-2.1/sk.tuke.kpi.gamelib/gamelib-core/2.6.0/191de4307f7dc42ad026845b3687df8d79ce22ea/gamelib-core-2.6.0.jar:/Users/macbookpro/.gradle/caches/modules-2/files-2.1/sk.tuke.kpi.oop/inspector/1.0.3/3b50ad759e2ad5fd379fd7880fc21172c691462c/inspector-1.0.3.jar:/Users/macbookpro/.gradle/caches/modules-2/files-2.1/sk.tuke.kpi.oop/inspector-annotations/1.0.3/8ec7fa0d9b8fdf63eb1da9ea2df7ba605f92bd6b/inspector-annotations-1.0.3.jar:/Users/macbookpro/.gradle/caches/modules-2/files-2.1/com.badlogicgames.gdx/gdx-backend-lwjgl/1.9.11/3c094feb74e2aef14e30e988326612ee75387c8f/gdx-backend-lwjgl-1.9.11.jar:/Users/macbookpro/.gradle/caches/modules-2/files-2.1/com.badlogicgames.gdx/gdx-freetype/1.9.11/e3d124aa5c89a2cfc134ed0c5e9dee4736a90618/gdx-freetype-1.9.11.jar:/Users/macbookpro/.gradle/caches/modules-2/files-2.1/com.badlogicgames.gdx/gdx-backend-headless/1.9.11/45391a2ac187161ea5db0f9ff71e1c6c98ecb29c/gdx-backend-headless-1.9.11.jar:/Users/macbookpro/.gradle/caches/modules-2/files-2.1/com.badlogicgames.gdx/gdx/1.9.11/69fe46897eed6f92e3f01b75cc7ca5f860881a8b/gdx-1.9.11.jar:/Users/macbookpro/.gradle/caches/modules-2/files-2.1/io.github.lukehutch/fast-classpath-scanner/3.1.9/d7b269925c9541d805f8ea1370edc2be2f04c3e/fast-classpath-scanner-3.1.9.jar:/Users/macbookpro/.gradle/caches/
Launcher Type: SUN_STANDARD

[Global flags]
     intx CICompilerCount                          = 3                                         {product} {ergonomic}
     uint ConcGCThreads                            = 1                                         {product} {ergonomic}
     uint G1ConcRefinementThreads                  = 4                                         {product} {ergonomic}
   size_t G1HeapRegionSize                         = 1048576                                   {product} {ergonomic}
    uintx GCDrainStackTargetSize                   = 64                                        {product} {ergonomic}
   size_t InitialHeapSize                          = 134217728                                 {product} {ergonomic}
   size_t MarkStackSize                            = 4194304                                   {product} {ergonomic}
   size_t MaxHeapSize                              = 2147483648                                {product} {ergonomic}
   size_t MaxNewSize                               = 1287651328                                {product} {ergonomic}
   size_t MinHeapDeltaBytes                        = 1048576                                   {product} {ergonomic}
   size_t MinHeapSize                              = 8388608                                   {product} {ergonomic}
    uintx NonNMethodCodeHeapSize                   = 5832780                                {pd product} {ergonomic}
    uintx NonProfiledCodeHeapSize                  = 122912730                              {pd product} {ergonomic}
    uintx ProfiledCodeHeapSize                     = 122912730                              {pd product} {ergonomic}
    uintx ReservedCodeCacheSize                    = 251658240                              {pd product} {ergonomic}
     bool SegmentedCodeCache                       = true                                      {product} {ergonomic}
   size_t SoftMaxHeapSize                          = 2147483648                             {manageable} {ergonomic}
     bool UseCompressedClassPointers               = true                                 {lp64_product} {ergonomic}
     bool UseCompressedOops                        = true                                 {lp64_product} {ergonomic}
     bool UseG1GC                                  = true                                      {product} {ergonomic}

Logging:
Log output configuration:
 #0: stdout all=warning uptime,level,tags
 #1: stderr all=off uptime,level,tags

Environment Variables:
PATH=/opt/local/bin:/opt/local/sbin:/Library/Frameworks/Python.framework/Versions/3.9/bin:/usr/local/bin:/usr/bin:/bin:/usr/sbin:/sbin:/Library/Apple/usr/bin
SHELL=/bin/zsh
LC_CTYPE=UTF-8

Signal Handlers:
SIGSEGV: [libjvm.dylib+0x7e6058], sa_mask[0]=11111111011111110111111111111111, sa_flags=SA_ONSTACK|SA_RESTART|SA_SIGINFO
SIGBUS: [libjvm.dylib+0x7e6058], sa_mask[0]=11111111011111110111111111111111, sa_flags=SA_RESTART|SA_SIGINFO
SIGFPE: [libjvm.dylib+0x7e6058], sa_mask[0]=11111111011111110111111111111111, sa_flags=SA_RESTART|SA_SIGINFO
SIGPIPE: [libjvm.dylib+0x63938d], sa_mask[0]=11111111011111110111111111111111, sa_flags=SA_RESTART|SA_SIGINFO
SIGXFSZ: [libjvm.dylib+0x63938d], sa_mask[0]=11111111011111110111111111111111, sa_flags=SA_RESTART|SA_SIGINFO
SIGILL: [libjvm.dylib+0x7e6058], sa_mask[0]=11111111011111110111111111111111, sa_flags=SA_RESTART|SA_SIGINFO
SIGUSR2: [libjvm.dylib+0x639962], sa_mask[0]=00100000000000000000000000000000, sa_flags=SA_RESTART|SA_SIGINFO
SIGHUP: [libjvm.dylib+0x6388ef], sa_mask[0]=11111111011111110111111111111111, sa_flags=SA_RESTART|SA_SIGINFO
SIGINT: [libjvm.dylib+0x6388ef], sa_mask[0]=11111111011111110111111111111111, sa_flags=SA_RESTART|SA_SIGINFO
SIGTERM: [libjvm.dylib+0x6388ef], sa_mask[0]=11111111011111110111111111111111, sa_flags=SA_RESTART|SA_SIGINFO
SIGQUIT: [libjvm.dylib+0x6388ef], sa_mask[0]=11111111011111110111111111111111, sa_flags=SA_RESTART|SA_SIGINFO


---------------  S Y S T E M  ---------------

OS:uname:Darwin 19.6.0 Darwin Kernel Version 19.6.0: Tue Jan 12 22:13:05 PST 2021; root:xnu-6153.141.16~1/RELEASE_X86_64 x86_64
OS uptime: 0 days 1:43 hours
rlimit (soft/hard): STACK 8192k/65532k , CORE 0k/infinity , NPROC 1392/2088 , NOFILE 10240/infinity , AS infinity/infinity , CPU infinity/infinity , DATA infinity/infinity , FSIZE infinity/infinity , MEMLOCK infinity/infinity , RSS infinity/infinity
load average:1.38 1.49 1.44

CPU:total 4 (initial active 4) (2 cores per cpu, 2 threads per core) family 6 model 58 stepping 9, cmov, cx8, fxsr, mmx, sse, sse2, sse3, ssse3, sse4.1, sse4.2, popcnt, avx, aes, clmul, erms, ht, tsc, tscinvbit, tscinv

Memory: 4k page, physical 8388608k(90268k free), swap 0k(0k free)

vm_info: OpenJDK 64-Bit Server VM (13.0.8+5-MTS) for bsd-amd64 JRE (13.0.8+5-MTS) (Zulu13.42+17-CA), built on Jul 11 2021 11:33:56 by "zulu_re" with clang 4.2.1 Compatible Apple LLVM 11.0.0 (clang-1100.0.33.17)

END.
