#
# A fatal error has been detected by the Java Runtime Environment:
#
#  SIGSEGV (0xb) at pc=0x00007fff41a5fd01, pid=1122, tid=775
#
# JRE version: Java(TM) SE Runtime Environment (15.0.2+7) (build 15.0.2+7-27)
# Java VM: Java HotSpot(TM) 64-Bit Server VM (15.0.2+7-27, mixed mode, sharing, tiered, compressed oops, g1 gc, bsd-amd64)
# Problematic frame:
# C  [QuartzCore+0x3d01]  CA::Transaction::run_commit_handlers(CATransactionPhase)+0x67
#
# No core dump will be written. Core dumps have been disabled. To enable core dumping, try "ulimit -c unlimited" before starting Java again
#
# If you would like to submit a bug report, please visit:
#   https://bugreport.java.com/bugreport/crash.jsp
# The crash happened outside the Java Virtual Machine in native code.
# See problematic frame for where to report the bug.
#

---------------  S U M M A R Y ------------

Command Line: -Dfile.encoding=UTF-8 -Duser.country=UA -Duser.language=ru -Duser.variant sk.tuke.kpi.gamelib.framework.Main

Host: MacBookPro10,2 x86_64 3000 MHz, 4 cores, 8G, Darwin 19.6.0
Time: Sun Nov  7 14:50:10 2021 CET elapsed time: 1.874654 seconds (0d 0h 0m 1s)

---------------  T H R E A D  ---------------

Current thread (0x00007fb0a585e400):  JavaThread "AppKit Thread" daemon [_thread_in_native, id=775, stack(0x00007ffeeab4a000,0x00007ffeeb34a000)]

Stack: [0x00007ffeeab4a000,0x00007ffeeb34a000],  sp=0x00007ffeeb344bb0,  free space=8170k
Native frames: (J=compiled Java code, A=aot compiled Java code, j=interpreted, Vv=VM code, C=native code)
C  [QuartzCore+0x3d01]  CA::Transaction::run_commit_handlers(CATransactionPhase)+0x67
C  [QuartzCore+0x2a16]  CA::Transaction::commit()+0xe6
C  [AppKit+0x1e12f1]  __62+[CATransaction(NSCATransaction) NS_setFlushesWithDisplayLink]_block_invoke+0x10a
C  [AppKit+0x8ffc20]  ___NSRunLoopObserverCreateWithHandler_block_invoke+0x29
C  [CoreFoundation+0x836ec]  __CFRUNLOOP_IS_CALLING_OUT_TO_AN_OBSERVER_CALLBACK_FUNCTION__+0x17
C  [CoreFoundation+0x8361c]  __CFRunLoopDoObservers+0x1c9
C  [CoreFoundation+0x82bb4]  __CFRunLoopRun+0x374
C  [CoreFoundation+0x821e3]  CFRunLoopRunSpecific+0x1d2
C  [HIToolbox+0x2fabd]  RunCurrentEventLoopInMode+0x124
C  [HIToolbox+0x2f7d5]  ReceiveNextEventCommon+0x248
C  [HIToolbox+0x2f579]  _BlockUntilNextEventMatchingListInModeWithFilter+0x40
C  [AppKit+0x41669]  _DPSNextEvent+0x373
C  [AppKit+0x3feb0]  -[NSApplication(NSEvent) _nextEventMatchingEventMask:untilDate:inMode:dequeue:]+0x548
C  [libosxapp.dylib+0x270a]  -[NSApplicationAWT nextEventMatchingMask:untilDate:inMode:dequeue:]+0x7a
C  [AppKit+0x31bbe]  -[NSApplication run]+0x292
C  [libosxapp.dylib+0x24fe]  +[NSApplicationAWT runAWTLoopWithApp:]+0x9e
C  [libawt_lwawt.dylib+0x3f246]  +[AWTStarter starter:headless:]+0x416
C  [JavaNativeFoundation+0x6ff9]  +[JNFRunLoop _performCopiedBlock:]+0xf
C  [Foundation+0x9ab4d]  __NSThreadPerformPerform+0xcc
C  [CoreFoundation+0x84114]  __CFRUNLOOP_IS_CALLING_OUT_TO_A_SOURCE0_PERFORM_FUNCTION__+0x11
C  [CoreFoundation+0x840b3]  __CFRunLoopDoSource0+0x67
C  [CoreFoundation+0x83ecd]  __CFRunLoopDoSources0+0xd1
C  [CoreFoundation+0x82be9]  __CFRunLoopRun+0x3a9
C  [CoreFoundation+0x821e3]  CFRunLoopRunSpecific+0x1d2
C  [libjli.dylib+0x6e32]  CreateExecutionEnvironment+0x192
C  [libjli.dylib+0x2674]  JLI_Launch+0x614
C  [java+0xc16]  main+0x196
C  [libdyld.dylib+0x1acc9]  start+0x1


siginfo: si_signo: 11 (SIGSEGV), si_code: 0 (unknown), si_addr: 0x0000000000000000

Register to memory mapping:

RAX=0x00007fb0a62e8c88 points into unknown readable memory: 0x0000000000000001 | 01 00 00 00 00 00 00 00
RBX=0x00007fb0a7f076d0 points into unknown readable memory: 0x00007fb0a4e89630 | 30 96 e8 a4 b0 7f 00 00
RCX=0x0 is NULL
RDX=0x0000000000000004 is an unknown value
RSP=0x00007ffeeb344bb0 is pointing into the stack for thread: 0x00007fb0a585e400
RBP=0x00007ffeeb344be0 is pointing into the stack for thread: 0x00007fb0a585e400
RSI=0x0000000000000006 is an unknown value
RDI=0x00007fb0a4e89630 points into unknown readable memory: 0x6f4c001f989f0001 | 01 00 9f 98 1f 00 4c 6f
R8 =0x0 is NULL
R9 =0x0 is NULL
R10=0x00007fff8f061210: OBJC_METACLASS_$_CATransaction+0 in /System/Library/Frameworks/QuartzCore.framework/Versions/A/QuartzCore at 0x00007fff41a5c000
R11=0x00007fff41a5e7f4: +[CATransaction flush]+0 in /System/Library/Frameworks/QuartzCore.framework/Versions/A/QuartzCore at 0x00007fff41a5c000
R12=0x0000000000000004 is an unknown value
R13=0x0 is NULL
R14=0x00007fb0a62e8c00 points into unknown readable memory: 0x00007fb0a62e8c88 | 88 8c 2e a6 b0 7f 00 00
R15=0x00007fb0a62e8cb8 points into unknown readable memory: 0x00007fb0a7f076d0 | d0 76 f0 a7 b0 7f 00 00


Registers:
RAX=0x00007fb0a62e8c88, RBX=0x00007fb0a7f076d0, RCX=0x0000000000000000, RDX=0x0000000000000004
RSP=0x00007ffeeb344bb0, RBP=0x00007ffeeb344be0, RSI=0x0000000000000006, RDI=0x00007fb0a4e89630
R8 =0x0000000000000000, R9 =0x0000000000000000, R10=0x00007fff8f061210, R11=0x00007fff41a5e7f4
R12=0x0000000000000004, R13=0x0000000000000000, R14=0x00007fb0a62e8c00, R15=0x00007fb0a62e8cb8
RIP=0x00007fff41a5fd01, EFLAGS=0x0000000000010202, ERR=0x0000000000000000
  TRAPNO=0x000000000000000d

Top of Stack: (sp=0x00007ffeeb344bb0)
0x00007ffeeb344bb0:   0000000000000000 00007ffeeb344c30
0x00007ffeeb344bc0:   00007fb0a62e8c00 0000000000000002
0x00007ffeeb344bd0:   00007fff41a9b586 00007fb0a62e8c88
0x00007ffeeb344be0:   00007ffeeb344c90 00007fff41a5ea16
0x00007ffeeb344bf0:   0000000000000400 0000000000000002
0x00007ffeeb344c00:   00007fb0a4ec6b00 00007fb0a62e8c88
0x00007ffeeb344c10:   409b6c3dc5b05f15 0000000000000000
0x00007ffeeb344c20:   00007fb0a62e8c00 00000001702ac2d6
0x00007ffeeb344c30:   0000000000000000 00007fff8d740cf0
0x00007ffeeb344c40:   00007ffeeb344ca0 00007fff00000003
0x00007ffeeb344c50:   00007fff8d740cf0 00007fb0a4e00000
0x00007ffeeb344c60:   53417facaf1400f6 00000198a1ae2c16
0x00007ffeeb344c70:   00007fb0a522e068 0000000000000002
0x00007ffeeb344c80:   00007fb0a4e81460 00007fb0a4ec6900
0x00007ffeeb344c90:   00007ffeeb344db0 00007fff333492f1
0x00007ffeeb344ca0:   00007fb0a4f957a0 00007fb0a4f957a0
0x00007ffeeb344cb0:   0000000000000010 00000001048d8a00
0x00007ffeeb344cc0:   00007ffeeb344d50 00007fff702ac2d6
0x00007ffeeb344cd0:   53417facaf1400f6 00007fb0a4e00000
0x00007ffeeb344ce0:   000000000000002f 00007fb000000000
0x00007ffeeb344cf0:   00000001048d0002 00007fb0a4f00000
0x00007ffeeb344d00:   00007fb0a4f957a0 00007fb0a4f957b0
0x00007ffeeb344d10:   0000000000000001 00000001048d6080
0x00007ffeeb344d20:   00000001048d8a00 0000000000000000
0x00007ffeeb344d30:   00000001048d8a00 0000000000000003
0x00007ffeeb344d40:   00000001048d6080 00007fb0a4f00000
0x00007ffeeb344d50:   00007ffeeb344dc0 00007fff702abd8b
0x00007ffeeb344d60:   00007ffe00000000 00007fff702aa385
0x00007ffeeb344d70:   00000001048d5000 00007fb0a4f00000
0x00007ffeeb344d80:   53417facaf1400f6 00007fb0a4eada70
0x00007ffeeb344d90:   00007fb0a522e068 0000000000000002
0x00007ffeeb344da0:   0000000000000002 00007fb0a4ec6900 

Instructions: (pc=0x00007fff41a5fd01)
0x00007fff41a5fc01:   fd ff ff 5f fd ff ff d3 fe ff ff d3 fe ff ff 68
0x00007fff41a5fc11:   ff ff ff 71 ff ff ff df fe ff ff e9 fe ff ff df
0x00007fff41a5fc21:   fe ff ff e9 fe ff ff 7d ff ff ff b9 fe ff ff 63
0x00007fff41a5fc31:   fe ff ff d6 fc ff ff d6 fc ff ff 01 fd ff ff 01
0x00007fff41a5fc41:   fd ff ff 36 fd ff ff 36 fd ff ff 7d fd ff ff 7d
0x00007fff41a5fc51:   fd ff ff 7d fd ff ff 7d fd ff ff e9 fe ff ff fc
0x00007fff41a5fc61:   fe ff ff 2f fe ff ff a2 fc ff ff a2 fc ff ff cd
0x00007fff41a5fc71:   fc ff ff cd fc ff ff 02 fd ff ff 02 fd ff ff 49
0x00007fff41a5fc81:   fd ff ff 49 fd ff ff 49 fd ff ff 49 fd ff ff 3c
0x00007fff41a5fc91:   fe ff ff 4b fe ff ff 90 90 55 48 89 e5 41 57 41
0x00007fff41a5fca1:   56 41 55 41 54 53 50 41 89 f4 49 89 fe 48 8b 3f
0x00007fff41a5fcb1:   e8 e0 00 00 00 48 83 38 00 0f 84 a7 00 00 00 49
0x00007fff41a5fcc1:   89 c7 49 8b 06 be ff ff ff ff f6 80 84 00 00 00
0x00007fff41a5fcd1:   04 74 06 8b b0 80 00 00 00 44 89 e2 45 31 ed bf
0x00007fff41a5fce1:   cd 01 ca 31 31 c9 45 31 c0 e8 c3 dd 22 00 49 8b
0x00007fff41a5fcf1:   06 44 89 60 58 49 8b 1f 48 85 db 74 36 48 8b 3b
0x00007fff41a5fd01:   ff 57 10 48 8b 3b e8 b8 da 22 00 41 ff c5 48 8b
0x00007fff41a5fd11:   5b 08 48 85 db 75 e6 49 8b 3f 45 89 ed 48 85 ff
0x00007fff41a5fd21:   74 11 48 8b 5f 08 e8 50 dd 22 00 48 89 df 48 85
0x00007fff41a5fd31:   db 75 ef 49 c7 07 00 00 00 00 49 8b 06 c7 40 58
0x00007fff41a5fd41:   ff ff ff ff bf ce 01 ca 31 4c 89 ee 31 d2 31 c9
0x00007fff41a5fd51:   45 31 c0 48 83 c4 08 5b 41 5c 41 5d 41 5e 41 5f
0x00007fff41a5fd61:   5d e9 4b dd 22 00 48 83 c4 08 5b 41 5c 41 5d 41
0x00007fff41a5fd71:   5e 41 5f 5d c3 48 89 c3 bf ce 01 ca 31 31 f6 31
0x00007fff41a5fd81:   d2 31 c9 45 31 c0 e8 26 dd 22 00 48 89 df e8 54
0x00007fff41a5fd91:   da 22 00 0f 0b 55 48 89 e5 41 56 53 48 83 ec 10
0x00007fff41a5fda1:   48 89 fb 48 8b 05 b5 28 5c 4d 48 8b 00 48 89 45
0x00007fff41a5fdb1:   e8 83 fe 04 77 18 89 f0 48 8d 0d a0 00 00 00 48
0x00007fff41a5fdc1:   63 04 81 48 01 c8 ff e0 48 83 c3 38 eb 6e e8 ed
0x00007fff41a5fdd1:   e9 01 00 84 c0 74 24 48 8d 35 3a 73 25 00 31 ff
0x00007fff41a5fde1:   31 c0 e8 1c 1a 0f 00 eb 4f 48 83 c3 48 eb 4d 48
0x00007fff41a5fdf1:   83 c3 50 eb 47 48 83 c3 30 eb 41 4c 8b 35 c5 1e 


Stack slot to memory mapping:
stack at sp + 0 slots: 0x0 is NULL
stack at sp + 1 slots: 0x00007ffeeb344c30 is pointing into the stack for thread: 0x00007fb0a585e400
stack at sp + 2 slots: 0x00007fb0a62e8c00 points into unknown readable memory: 0x00007fb0a62e8c88 | 88 8c 2e a6 b0 7f 00 00
stack at sp + 3 slots: 0x0000000000000002 is an unknown value
stack at sp + 4 slots: 0x00007fff41a9b586: _ZN2CA22release_root_if_unusedEPNS_5LayerES1_Pv+0 in /System/Library/Frameworks/QuartzCore.framework/Versions/A/QuartzCore at 0x00007fff41a5c000
stack at sp + 5 slots: 0x00007fb0a62e8c88 points into unknown readable memory: 0x0000000000000001 | 01 00 00 00 00 00 00 00
stack at sp + 6 slots: 0x00007ffeeb344c90 is pointing into the stack for thread: 0x00007fb0a585e400
stack at sp + 7 slots: 0x00007fff41a5ea16: _ZN2CA11Transaction6commitEv+0xe6 in /System/Library/Frameworks/QuartzCore.framework/Versions/A/QuartzCore at 0x00007fff41a5c000


---------------  P R O C E S S  ---------------

Threads class SMR info:
_java_thread_list=0x00007fb0a4fa6f70, length=13, elements={
0x00007fb0a6843000, 0x00007fb0a5028a00, 0x00007fb0a6843e00, 0x00007fb0a5026800,
0x00007fb0a600fa00, 0x00007fb0a6011000, 0x00007fb0a6012600, 0x00007fb0a502b800,
0x00007fb0a6843600, 0x00007fb0a502b200, 0x00007fb0a6034200, 0x00007fb0a585e400,
0x00007fb0a60dba00
}

Java Threads: ( => current thread )
  0x00007fb0a6843000 JavaThread "Reference Handler" daemon [_thread_blocked, id=16131, stack(0x0000700007678000,0x0000700007778000)]
  0x00007fb0a5028a00 JavaThread "Finalizer" daemon [_thread_blocked, id=16643, stack(0x000070000777b000,0x000070000787b000)]
  0x00007fb0a6843e00 JavaThread "Signal Dispatcher" daemon [_thread_blocked, id=42755, stack(0x0000700007984000,0x0000700007a84000)]
  0x00007fb0a5026800 JavaThread "Service Thread" daemon [_thread_blocked, id=23555, stack(0x0000700007a87000,0x0000700007b87000)]
  0x00007fb0a600fa00 JavaThread "C2 CompilerThread0" daemon [_thread_blocked, id=42243, stack(0x0000700007b8a000,0x0000700007c8a000)]
  0x00007fb0a6011000 JavaThread "C1 CompilerThread0" daemon [_thread_blocked, id=41987, stack(0x0000700007c8d000,0x0000700007d8d000)]
  0x00007fb0a6012600 JavaThread "Sweeper thread" daemon [_thread_blocked, id=41219, stack(0x0000700007d90000,0x0000700007e90000)]
  0x00007fb0a502b800 JavaThread "Notification Thread" daemon [_thread_blocked, id=26115, stack(0x0000700007e93000,0x0000700007f93000)]
  0x00007fb0a6843600 JavaThread "Common-Cleaner" daemon [_thread_blocked, id=27395, stack(0x0000700008099000,0x0000700008199000)]
  0x00007fb0a502b200 JavaThread "LWJGL Application" [_thread_in_native, id=38919, stack(0x00007000083a2000,0x00007000084a2000)]
  0x00007fb0a6034200 JavaThread "DestroyJavaVM" [_thread_blocked, id=5891, stack(0x0000700006f63000,0x0000700007063000)]
=>0x00007fb0a585e400 JavaThread "AppKit Thread" daemon [_thread_in_native, id=775, stack(0x00007ffeeab4a000,0x00007ffeeb34a000)]
  0x00007fb0a60dba00 JavaThread "AWT-Shutdown" [_thread_blocked, id=44803, stack(0x0000700008528000,0x0000700008628000)]

Other Threads:
  0x00007fb0a4d132b0 VMThread "VM Thread" [stack: 0x0000700007575000,0x0000700007675000] [id=15363]
  0x00007fb0a4c263a0 WatcherThread [stack: 0x0000700007f96000,0x0000700008096000] [id=26627]
  0x00007fb0a4c16d70 GCTaskThread "GC Thread#0" [stack: 0x0000700007066000,0x0000700007166000] [id=12547]
  0x00007fb0a4d624b0 GCTaskThread "GC Thread#1" [stack: 0x000070000819c000,0x000070000829c000] [id=27911]
  0x00007fb0a4d62bb0 GCTaskThread "GC Thread#2" [stack: 0x000070000829f000,0x000070000839f000] [id=39943]
  0x00007fb0a4d06f70 ConcurrentGCThread "G1 Main Marker" [stack: 0x0000700007169000,0x0000700007269000] [id=12803]
  0x00007fb0a4e0a430 ConcurrentGCThread "G1 Conc#0" [stack: 0x000070000726c000,0x000070000736c000] [id=13827]
  0x00007fb0a4e25810 ConcurrentGCThread "G1 Refine#0" [stack: 0x000070000736f000,0x000070000746f000] [id=14595]
  0x00007fb0a4d08110 ConcurrentGCThread "G1 Young RemSet Sampling" [stack: 0x0000700007472000,0x0000700007572000] [id=15107]

Threads with active compile tasks:

VM state: not at safepoint (normal execution)

VM Mutex/Monitor currently owned by a thread: None

Heap address: 0x0000000780000000, size: 2048 MB, Compressed Oops mode: Zero based, Oop shift amount: 3
CDS archive(s) mapped at: [0x0000000800000000-0x0000000800b2d000-0x0000000800b2d000), size 11718656, SharedBaseAddress: 0x0000000800000000, ArchiveRelocationMode: 0.
Compressed class space mapped at: 0x0000000800b30000-0x0000000840b30000, size: 1073741824
Narrow klass base: 0x0000000800000000, Narrow klass shift: 3, Narrow klass range: 0x100000000

GC Precious Log:
 CPUs: 4 total, 4 available
 Memory: 8192M
 Large Page Support: Disabled
 NUMA Support: Disabled
 Compressed Oops: Enabled (Zero based)
 Heap Region Size: 1M
 Heap Min Capacity: 8M
 Heap Initial Capacity: 128M
 Heap Max Capacity: 2G
 Pre-touch: Disabled
 Parallel Workers: 4
 Concurrent Workers: 1
 Concurrent Refinement Workers: 4
 Periodic GC: Disabled

Heap:
 garbage-first heap   total 133120K, used 7165K [0x0000000780000000, 0x0000000800000000)
  region size 1024K, 6 young (6144K), 2 survivors (2048K)
 Metaspace       used 5306K, capacity 7196K, committed 7424K, reserved 1056768K
  class space    used 474K, capacity 662K, committed 768K, reserved 1048576K

Heap Regions: E=young(eden), S=young(survivor), O=old, HS=humongous(starts), HC=humongous(continues), CS=collection set, F=free, OA=open archive, CA=closed archive, TAMS=top-at-mark-start (previous, next)
|   0|0x0000000780000000, 0x0000000780100000, 0x0000000780100000|100%| O|  |TAMS 0x0000000780000000, 0x0000000780000000| Untracked 
|   1|0x0000000780100000, 0x0000000780135600, 0x0000000780200000| 20%| O|  |TAMS 0x0000000780100000, 0x0000000780100000| Untracked 
|   2|0x0000000780200000, 0x0000000780200000, 0x0000000780300000|  0%| F|  |TAMS 0x0000000780200000, 0x0000000780200000| Untracked 
|   3|0x0000000780300000, 0x0000000780300000, 0x0000000780400000|  0%| F|  |TAMS 0x0000000780300000, 0x0000000780300000| Untracked 
|   4|0x0000000780400000, 0x0000000780400000, 0x0000000780500000|  0%| F|  |TAMS 0x0000000780400000, 0x0000000780400000| Untracked 
|   5|0x0000000780500000, 0x0000000780500000, 0x0000000780600000|  0%| F|  |TAMS 0x0000000780500000, 0x0000000780500000| Untracked 
|   6|0x0000000780600000, 0x0000000780600000, 0x0000000780700000|  0%| F|  |TAMS 0x0000000780600000, 0x0000000780600000| Untracked 
|   7|0x0000000780700000, 0x0000000780700000, 0x0000000780800000|  0%| F|  |TAMS 0x0000000780700000, 0x0000000780700000| Untracked 
|   8|0x0000000780800000, 0x0000000780800000, 0x0000000780900000|  0%| F|  |TAMS 0x0000000780800000, 0x0000000780800000| Untracked 
|   9|0x0000000780900000, 0x0000000780900000, 0x0000000780a00000|  0%| F|  |TAMS 0x0000000780900000, 0x0000000780900000| Untracked 
|  10|0x0000000780a00000, 0x0000000780a00000, 0x0000000780b00000|  0%| F|  |TAMS 0x0000000780a00000, 0x0000000780a00000| Untracked 
|  11|0x0000000780b00000, 0x0000000780b00000, 0x0000000780c00000|  0%| F|  |TAMS 0x0000000780b00000, 0x0000000780b00000| Untracked 
|  12|0x0000000780c00000, 0x0000000780c00000, 0x0000000780d00000|  0%| F|  |TAMS 0x0000000780c00000, 0x0000000780c00000| Untracked 
|  13|0x0000000780d00000, 0x0000000780d00000, 0x0000000780e00000|  0%| F|  |TAMS 0x0000000780d00000, 0x0000000780d00000| Untracked 
|  14|0x0000000780e00000, 0x0000000780e00000, 0x0000000780f00000|  0%| F|  |TAMS 0x0000000780e00000, 0x0000000780e00000| Untracked 
|  15|0x0000000780f00000, 0x0000000780f00000, 0x0000000781000000|  0%| F|  |TAMS 0x0000000780f00000, 0x0000000780f00000| Untracked 
|  16|0x0000000781000000, 0x0000000781000000, 0x0000000781100000|  0%| F|  |TAMS 0x0000000781000000, 0x0000000781000000| Untracked 
|  17|0x0000000781100000, 0x0000000781100000, 0x0000000781200000|  0%| F|  |TAMS 0x0000000781100000, 0x0000000781100000| Untracked 
|  18|0x0000000781200000, 0x0000000781200000, 0x0000000781300000|  0%| F|  |TAMS 0x0000000781200000, 0x0000000781200000| Untracked 
|  19|0x0000000781300000, 0x0000000781300000, 0x0000000781400000|  0%| F|  |TAMS 0x0000000781300000, 0x0000000781300000| Untracked 
|  20|0x0000000781400000, 0x0000000781400000, 0x0000000781500000|  0%| F|  |TAMS 0x0000000781400000, 0x0000000781400000| Untracked 
|  21|0x0000000781500000, 0x0000000781500000, 0x0000000781600000|  0%| F|  |TAMS 0x0000000781500000, 0x0000000781500000| Untracked 
|  22|0x0000000781600000, 0x0000000781600000, 0x0000000781700000|  0%| F|  |TAMS 0x0000000781600000, 0x0000000781600000| Untracked 
|  23|0x0000000781700000, 0x0000000781700000, 0x0000000781800000|  0%| F|  |TAMS 0x0000000781700000, 0x0000000781700000| Untracked 
|  24|0x0000000781800000, 0x0000000781800000, 0x0000000781900000|  0%| F|  |TAMS 0x0000000781800000, 0x0000000781800000| Untracked 
|  25|0x0000000781900000, 0x0000000781900000, 0x0000000781a00000|  0%| F|  |TAMS 0x0000000781900000, 0x0000000781900000| Untracked 
|  26|0x0000000781a00000, 0x0000000781a00000, 0x0000000781b00000|  0%| F|  |TAMS 0x0000000781a00000, 0x0000000781a00000| Untracked 
|  27|0x0000000781b00000, 0x0000000781b00000, 0x0000000781c00000|  0%| F|  |TAMS 0x0000000781b00000, 0x0000000781b00000| Untracked 
|  28|0x0000000781c00000, 0x0000000781c00000, 0x0000000781d00000|  0%| F|  |TAMS 0x0000000781c00000, 0x0000000781c00000| Untracked 
|  29|0x0000000781d00000, 0x0000000781d00000, 0x0000000781e00000|  0%| F|  |TAMS 0x0000000781d00000, 0x0000000781d00000| Untracked 
|  30|0x0000000781e00000, 0x0000000781e00000, 0x0000000781f00000|  0%| F|  |TAMS 0x0000000781e00000, 0x0000000781e00000| Untracked 
|  31|0x0000000781f00000, 0x0000000781f00000, 0x0000000782000000|  0%| F|  |TAMS 0x0000000781f00000, 0x0000000781f00000| Untracked 
|  32|0x0000000782000000, 0x0000000782000000, 0x0000000782100000|  0%| F|  |TAMS 0x0000000782000000, 0x0000000782000000| Untracked 
|  33|0x0000000782100000, 0x0000000782100000, 0x0000000782200000|  0%| F|  |TAMS 0x0000000782100000, 0x0000000782100000| Untracked 
|  34|0x0000000782200000, 0x0000000782200000, 0x0000000782300000|  0%| F|  |TAMS 0x0000000782200000, 0x0000000782200000| Untracked 
|  35|0x0000000782300000, 0x0000000782300000, 0x0000000782400000|  0%| F|  |TAMS 0x0000000782300000, 0x0000000782300000| Untracked 
|  36|0x0000000782400000, 0x0000000782400000, 0x0000000782500000|  0%| F|  |TAMS 0x0000000782400000, 0x0000000782400000| Untracked 
|  37|0x0000000782500000, 0x0000000782500000, 0x0000000782600000|  0%| F|  |TAMS 0x0000000782500000, 0x0000000782500000| Untracked 
|  38|0x0000000782600000, 0x0000000782600000, 0x0000000782700000|  0%| F|  |TAMS 0x0000000782600000, 0x0000000782600000| Untracked 
|  39|0x0000000782700000, 0x0000000782700000, 0x0000000782800000|  0%| F|  |TAMS 0x0000000782700000, 0x0000000782700000| Untracked 
|  40|0x0000000782800000, 0x0000000782800000, 0x0000000782900000|  0%| F|  |TAMS 0x0000000782800000, 0x0000000782800000| Untracked 
|  41|0x0000000782900000, 0x0000000782900000, 0x0000000782a00000|  0%| F|  |TAMS 0x0000000782900000, 0x0000000782900000| Untracked 
|  42|0x0000000782a00000, 0x0000000782a00000, 0x0000000782b00000|  0%| F|  |TAMS 0x0000000782a00000, 0x0000000782a00000| Untracked 
|  43|0x0000000782b00000, 0x0000000782b00000, 0x0000000782c00000|  0%| F|  |TAMS 0x0000000782b00000, 0x0000000782b00000| Untracked 
|  44|0x0000000782c00000, 0x0000000782c00000, 0x0000000782d00000|  0%| F|  |TAMS 0x0000000782c00000, 0x0000000782c00000| Untracked 
|  45|0x0000000782d00000, 0x0000000782d00000, 0x0000000782e00000|  0%| F|  |TAMS 0x0000000782d00000, 0x0000000782d00000| Untracked 
|  46|0x0000000782e00000, 0x0000000782e00000, 0x0000000782f00000|  0%| F|  |TAMS 0x0000000782e00000, 0x0000000782e00000| Untracked 
|  47|0x0000000782f00000, 0x0000000782f00000, 0x0000000783000000|  0%| F|  |TAMS 0x0000000782f00000, 0x0000000782f00000| Untracked 
|  48|0x0000000783000000, 0x0000000783000000, 0x0000000783100000|  0%| F|  |TAMS 0x0000000783000000, 0x0000000783000000| Untracked 
|  49|0x0000000783100000, 0x0000000783100000, 0x0000000783200000|  0%| F|  |TAMS 0x0000000783100000, 0x0000000783100000| Untracked 
|  50|0x0000000783200000, 0x0000000783200000, 0x0000000783300000|  0%| F|  |TAMS 0x0000000783200000, 0x0000000783200000| Untracked 
|  51|0x0000000783300000, 0x0000000783300000, 0x0000000783400000|  0%| F|  |TAMS 0x0000000783300000, 0x0000000783300000| Untracked 
|  52|0x0000000783400000, 0x0000000783400000, 0x0000000783500000|  0%| F|  |TAMS 0x0000000783400000, 0x0000000783400000| Untracked 
|  53|0x0000000783500000, 0x0000000783500000, 0x0000000783600000|  0%| F|  |TAMS 0x0000000783500000, 0x0000000783500000| Untracked 
|  54|0x0000000783600000, 0x0000000783600000, 0x0000000783700000|  0%| F|  |TAMS 0x0000000783600000, 0x0000000783600000| Untracked 
|  55|0x0000000783700000, 0x0000000783700000, 0x0000000783800000|  0%| F|  |TAMS 0x0000000783700000, 0x0000000783700000| Untracked 
|  56|0x0000000783800000, 0x0000000783800000, 0x0000000783900000|  0%| F|  |TAMS 0x0000000783800000, 0x0000000783800000| Untracked 
|  57|0x0000000783900000, 0x0000000783900000, 0x0000000783a00000|  0%| F|  |TAMS 0x0000000783900000, 0x0000000783900000| Untracked 
|  58|0x0000000783a00000, 0x0000000783a00000, 0x0000000783b00000|  0%| F|  |TAMS 0x0000000783a00000, 0x0000000783a00000| Untracked 
|  59|0x0000000783b00000, 0x0000000783b00000, 0x0000000783c00000|  0%| F|  |TAMS 0x0000000783b00000, 0x0000000783b00000| Untracked 
|  60|0x0000000783c00000, 0x0000000783c00000, 0x0000000783d00000|  0%| F|  |TAMS 0x0000000783c00000, 0x0000000783c00000| Untracked 
|  61|0x0000000783d00000, 0x0000000783d00000, 0x0000000783e00000|  0%| F|  |TAMS 0x0000000783d00000, 0x0000000783d00000| Untracked 
|  62|0x0000000783e00000, 0x0000000783e00000, 0x0000000783f00000|  0%| F|  |TAMS 0x0000000783e00000, 0x0000000783e00000| Untracked 
|  63|0x0000000783f00000, 0x0000000783f00000, 0x0000000784000000|  0%| F|  |TAMS 0x0000000783f00000, 0x0000000783f00000| Untracked 
|  64|0x0000000784000000, 0x0000000784000000, 0x0000000784100000|  0%| F|  |TAMS 0x0000000784000000, 0x0000000784000000| Untracked 
|  65|0x0000000784100000, 0x0000000784100000, 0x0000000784200000|  0%| F|  |TAMS 0x0000000784100000, 0x0000000784100000| Untracked 
|  66|0x0000000784200000, 0x0000000784200000, 0x0000000784300000|  0%| F|  |TAMS 0x0000000784200000, 0x0000000784200000| Untracked 
|  67|0x0000000784300000, 0x0000000784300000, 0x0000000784400000|  0%| F|  |TAMS 0x0000000784300000, 0x0000000784300000| Untracked 
|  68|0x0000000784400000, 0x0000000784400000, 0x0000000784500000|  0%| F|  |TAMS 0x0000000784400000, 0x0000000784400000| Untracked 
|  69|0x0000000784500000, 0x0000000784500000, 0x0000000784600000|  0%| F|  |TAMS 0x0000000784500000, 0x0000000784500000| Untracked 
|  70|0x0000000784600000, 0x0000000784600000, 0x0000000784700000|  0%| F|  |TAMS 0x0000000784600000, 0x0000000784600000| Untracked 
|  71|0x0000000784700000, 0x0000000784700000, 0x0000000784800000|  0%| F|  |TAMS 0x0000000784700000, 0x0000000784700000| Untracked 
|  72|0x0000000784800000, 0x0000000784800000, 0x0000000784900000|  0%| F|  |TAMS 0x0000000784800000, 0x0000000784800000| Untracked 
|  73|0x0000000784900000, 0x0000000784900000, 0x0000000784a00000|  0%| F|  |TAMS 0x0000000784900000, 0x0000000784900000| Untracked 
|  74|0x0000000784a00000, 0x0000000784a00000, 0x0000000784b00000|  0%| F|  |TAMS 0x0000000784a00000, 0x0000000784a00000| Untracked 
|  75|0x0000000784b00000, 0x0000000784b00000, 0x0000000784c00000|  0%| F|  |TAMS 0x0000000784b00000, 0x0000000784b00000| Untracked 
|  76|0x0000000784c00000, 0x0000000784c00000, 0x0000000784d00000|  0%| F|  |TAMS 0x0000000784c00000, 0x0000000784c00000| Untracked 
|  77|0x0000000784d00000, 0x0000000784d00000, 0x0000000784e00000|  0%| F|  |TAMS 0x0000000784d00000, 0x0000000784d00000| Untracked 
|  78|0x0000000784e00000, 0x0000000784e00000, 0x0000000784f00000|  0%| F|  |TAMS 0x0000000784e00000, 0x0000000784e00000| Untracked 
|  79|0x0000000784f00000, 0x0000000784f00000, 0x0000000785000000|  0%| F|  |TAMS 0x0000000784f00000, 0x0000000784f00000| Untracked 
|  80|0x0000000785000000, 0x0000000785000000, 0x0000000785100000|  0%| F|  |TAMS 0x0000000785000000, 0x0000000785000000| Untracked 
|  81|0x0000000785100000, 0x0000000785100000, 0x0000000785200000|  0%| F|  |TAMS 0x0000000785100000, 0x0000000785100000| Untracked 
|  82|0x0000000785200000, 0x0000000785200000, 0x0000000785300000|  0%| F|  |TAMS 0x0000000785200000, 0x0000000785200000| Untracked 
|  83|0x0000000785300000, 0x0000000785300000, 0x0000000785400000|  0%| F|  |TAMS 0x0000000785300000, 0x0000000785300000| Untracked 
|  84|0x0000000785400000, 0x0000000785400000, 0x0000000785500000|  0%| F|  |TAMS 0x0000000785400000, 0x0000000785400000| Untracked 
|  85|0x0000000785500000, 0x0000000785500000, 0x0000000785600000|  0%| F|  |TAMS 0x0000000785500000, 0x0000000785500000| Untracked 
|  86|0x0000000785600000, 0x0000000785600000, 0x0000000785700000|  0%| F|  |TAMS 0x0000000785600000, 0x0000000785600000| Untracked 
|  87|0x0000000785700000, 0x0000000785700000, 0x0000000785800000|  0%| F|  |TAMS 0x0000000785700000, 0x0000000785700000| Untracked 
|  88|0x0000000785800000, 0x0000000785800000, 0x0000000785900000|  0%| F|  |TAMS 0x0000000785800000, 0x0000000785800000| Untracked 
|  89|0x0000000785900000, 0x0000000785900000, 0x0000000785a00000|  0%| F|  |TAMS 0x0000000785900000, 0x0000000785900000| Untracked 
|  90|0x0000000785a00000, 0x0000000785a00000, 0x0000000785b00000|  0%| F|  |TAMS 0x0000000785a00000, 0x0000000785a00000| Untracked 
|  91|0x0000000785b00000, 0x0000000785b00000, 0x0000000785c00000|  0%| F|  |TAMS 0x0000000785b00000, 0x0000000785b00000| Untracked 
|  92|0x0000000785c00000, 0x0000000785c00000, 0x0000000785d00000|  0%| F|  |TAMS 0x0000000785c00000, 0x0000000785c00000| Untracked 
|  93|0x0000000785d00000, 0x0000000785d00000, 0x0000000785e00000|  0%| F|  |TAMS 0x0000000785d00000, 0x0000000785d00000| Untracked 
|  94|0x0000000785e00000, 0x0000000785e00000, 0x0000000785f00000|  0%| F|  |TAMS 0x0000000785e00000, 0x0000000785e00000| Untracked 
|  95|0x0000000785f00000, 0x0000000785f00000, 0x0000000786000000|  0%| F|  |TAMS 0x0000000785f00000, 0x0000000785f00000| Untracked 
|  96|0x0000000786000000, 0x0000000786000000, 0x0000000786100000|  0%| F|  |TAMS 0x0000000786000000, 0x0000000786000000| Untracked 
|  97|0x0000000786100000, 0x0000000786100000, 0x0000000786200000|  0%| F|  |TAMS 0x0000000786100000, 0x0000000786100000| Untracked 
|  98|0x0000000786200000, 0x0000000786200000, 0x0000000786300000|  0%| F|  |TAMS 0x0000000786200000, 0x0000000786200000| Untracked 
|  99|0x0000000786300000, 0x0000000786300000, 0x0000000786400000|  0%| F|  |TAMS 0x0000000786300000, 0x0000000786300000| Untracked 
| 100|0x0000000786400000, 0x0000000786400000, 0x0000000786500000|  0%| F|  |TAMS 0x0000000786400000, 0x0000000786400000| Untracked 
| 101|0x0000000786500000, 0x0000000786500000, 0x0000000786600000|  0%| F|  |TAMS 0x0000000786500000, 0x0000000786500000| Untracked 
| 102|0x0000000786600000, 0x0000000786600000, 0x0000000786700000|  0%| F|  |TAMS 0x0000000786600000, 0x0000000786600000| Untracked 
| 103|0x0000000786700000, 0x0000000786700000, 0x0000000786800000|  0%| F|  |TAMS 0x0000000786700000, 0x0000000786700000| Untracked 
| 104|0x0000000786800000, 0x0000000786800000, 0x0000000786900000|  0%| F|  |TAMS 0x0000000786800000, 0x0000000786800000| Untracked 
| 105|0x0000000786900000, 0x0000000786900000, 0x0000000786a00000|  0%| F|  |TAMS 0x0000000786900000, 0x0000000786900000| Untracked 
| 106|0x0000000786a00000, 0x0000000786a00000, 0x0000000786b00000|  0%| F|  |TAMS 0x0000000786a00000, 0x0000000786a00000| Untracked 
| 107|0x0000000786b00000, 0x0000000786b00000, 0x0000000786c00000|  0%| F|  |TAMS 0x0000000786b00000, 0x0000000786b00000| Untracked 
| 108|0x0000000786c00000, 0x0000000786c00000, 0x0000000786d00000|  0%| F|  |TAMS 0x0000000786c00000, 0x0000000786c00000| Untracked 
| 109|0x0000000786d00000, 0x0000000786d00000, 0x0000000786e00000|  0%| F|  |TAMS 0x0000000786d00000, 0x0000000786d00000| Untracked 
| 110|0x0000000786e00000, 0x0000000786e00000, 0x0000000786f00000|  0%| F|  |TAMS 0x0000000786e00000, 0x0000000786e00000| Untracked 
| 111|0x0000000786f00000, 0x0000000786f00000, 0x0000000787000000|  0%| F|  |TAMS 0x0000000786f00000, 0x0000000786f00000| Untracked 
| 112|0x0000000787000000, 0x0000000787000000, 0x0000000787100000|  0%| F|  |TAMS 0x0000000787000000, 0x0000000787000000| Untracked 
| 113|0x0000000787100000, 0x0000000787200000, 0x0000000787200000|100%| S|CS|TAMS 0x0000000787100000, 0x0000000787100000| Complete 
| 114|0x0000000787200000, 0x0000000787300000, 0x0000000787300000|100%| S|CS|TAMS 0x0000000787200000, 0x0000000787200000| Complete 
| 115|0x0000000787300000, 0x0000000787300000, 0x0000000787400000|  0%| F|  |TAMS 0x0000000787300000, 0x0000000787300000| Untracked 
| 116|0x0000000787400000, 0x0000000787400000, 0x0000000787500000|  0%| F|  |TAMS 0x0000000787400000, 0x0000000787400000| Untracked 
| 117|0x0000000787500000, 0x0000000787500000, 0x0000000787600000|  0%| F|  |TAMS 0x0000000787500000, 0x0000000787500000| Untracked 
| 118|0x0000000787600000, 0x0000000787600000, 0x0000000787700000|  0%| F|  |TAMS 0x0000000787600000, 0x0000000787600000| Untracked 
| 119|0x0000000787700000, 0x0000000787700000, 0x0000000787800000|  0%| F|  |TAMS 0x0000000787700000, 0x0000000787700000| Untracked 
| 120|0x0000000787800000, 0x0000000787800000, 0x0000000787900000|  0%| F|  |TAMS 0x0000000787800000, 0x0000000787800000| Untracked 
| 121|0x0000000787900000, 0x0000000787900000, 0x0000000787a00000|  0%| F|  |TAMS 0x0000000787900000, 0x0000000787900000| Untracked 
| 122|0x0000000787a00000, 0x0000000787a00000, 0x0000000787b00000|  0%| F|  |TAMS 0x0000000787a00000, 0x0000000787a00000| Untracked 
| 123|0x0000000787b00000, 0x0000000787b00000, 0x0000000787c00000|  0%| F|  |TAMS 0x0000000787b00000, 0x0000000787b00000| Untracked 
| 124|0x0000000787c00000, 0x0000000787ccf720, 0x0000000787d00000| 81%| E|  |TAMS 0x0000000787c00000, 0x0000000787c00000| Complete 
| 125|0x0000000787d00000, 0x0000000787e00000, 0x0000000787e00000|100%| E|CS|TAMS 0x0000000787d00000, 0x0000000787d00000| Complete 
| 126|0x0000000787e00000, 0x0000000787f00000, 0x0000000787f00000|100%| E|CS|TAMS 0x0000000787e00000, 0x0000000787e00000| Complete 
| 127|0x0000000787f00000, 0x0000000788000000, 0x0000000788000000|100%| E|CS|TAMS 0x0000000787f00000, 0x0000000787f00000| Complete 
|1022|0x00000007bfe00000, 0x00000007bfe51000, 0x00000007bff00000| 31%|OA|  |TAMS 0x00000007bfe00000, 0x00000007bfe00000| Untracked 
|1023|0x00000007bff00000, 0x00000007bff79000, 0x00000007c0000000| 47%|CA|  |TAMS 0x00000007bff00000, 0x00000007bff00000| Untracked 

Card table byte_map: [0x0000000106792000,0x0000000106b92000] _byte_map_base: 0x0000000102b92000

Marking Bits (Prev, Next): (CMBitMap*) 0x00007fb0a680ca10, (CMBitMap*) 0x00007fb0a680ca50
 Prev Bits: [0x000000011f621000, 0x0000000121621000)
 Next Bits: [0x0000000121621000, 0x0000000123621000)

Polling page: 0x00000001048f0000

Metaspace:

Usage:
  Non-class:      6.38 MB capacity,     4.72 MB ( 74%) used,     1.65 MB ( 26%) free+waste,     8.69 KB ( <1%) overhead. 
      Class:    662.00 KB capacity,   474.73 KB ( 72%) used,   183.65 KB ( 28%) free+waste,     3.62 KB ( <1%) overhead. 
       Both:      7.03 MB capacity,     5.18 MB ( 74%) used,     1.83 MB ( 26%) free+waste,    12.31 KB ( <1%) overhead. 

Virtual space:
  Non-class space:        8.00 MB reserved,       6.50 MB ( 81%) committed 
      Class space:        1.00 GB reserved,     768.00 KB ( <1%) committed 
             Both:        1.01 GB reserved,       7.25 MB ( <1%) committed 

Chunk freelists:
   Non-Class:  106.00 KB
       Class:  10.00 KB
        Both:  116.00 KB

MaxMetaspaceSize: 17179869184.00 GB
CompressedClassSpaceSize: 1.00 GB

CodeHeap 'non-profiled nmethods': size=120032Kb used=251Kb max_used=251Kb free=119780Kb
 bounds [0x00000001180e9000, 0x0000000118359000, 0x000000011f621000]
CodeHeap 'profiled nmethods': size=120028Kb used=1255Kb max_used=1255Kb free=118773Kb
 bounds [0x0000000110bb2000, 0x0000000110e22000, 0x00000001180e9000]
CodeHeap 'non-nmethods': size=5700Kb used=1159Kb max_used=1173Kb free=4540Kb
 bounds [0x0000000110621000, 0x0000000110891000, 0x0000000110bb2000]
 total_blobs=1243 nmethods=825 adapters=332
 compilation: enabled
              stopped_count=0, restarted_count=0
 full_count=0

Compilation events (20 events):
Event: 1.667 Thread 0x00007fb0a6011000  815       3       java.util.zip.ZipFile$InflaterCleanupAction::<init> (15 bytes)
Event: 1.667 Thread 0x00007fb0a6011000 nmethod 815 0x0000000110ce8f90 code [0x0000000110ce9120, 0x0000000110ce9330]
Event: 1.667 Thread 0x00007fb0a6011000  816   !   3       java.util.zip.Inflater::reset (64 bytes)
Event: 1.667 Thread 0x00007fb0a600fa00  817       4       java.lang.CharacterData::of (124 bytes)
Event: 1.667 Thread 0x00007fb0a6011000 nmethod 816 0x0000000110ce9410 code [0x0000000110ce95c0, 0x0000000110ce9930]
Event: 1.668 Thread 0x00007fb0a600fa00 nmethod 817 0x0000000118127390 code [0x0000000118127500, 0x0000000118127578]
Event: 1.728 Thread 0x00007fb0a6011000  818       3       java.util.Collections$UnmodifiableCollection::contains (11 bytes)
Event: 1.728 Thread 0x00007fb0a6011000 nmethod 818 0x0000000110ce9b10 code [0x0000000110ce9ca0, 0x0000000110ce9e60]
Event: 1.736 Thread 0x00007fb0a6011000  819       3       java.lang.Integer::stringSize (47 bytes)
Event: 1.736 Thread 0x00007fb0a6011000 nmethod 819 0x0000000110ce9f10 code [0x0000000110cea0a0, 0x0000000110cea2d0]
Event: 1.736 Thread 0x00007fb0a6011000  820       3       java.lang.Integer::getChars (131 bytes)
Event: 1.737 Thread 0x00007fb0a6011000 nmethod 820 0x0000000110cea390 code [0x0000000110cea560, 0x0000000110cea990]
Event: 1.815 Thread 0x00007fb0a6011000  821       3       java.lang.AbstractStringBuilder::append (55 bytes)
Event: 1.816 Thread 0x00007fb0a6011000 nmethod 821 0x0000000110ceac10 code [0x0000000110ceade0, 0x0000000110ceb110]
Event: 1.816 Thread 0x00007fb0a6011000  822       3       java.lang.Integer::valueOf (32 bytes)
Event: 1.816 Thread 0x00007fb0a6011000 nmethod 822 0x0000000110ceb290 code [0x0000000110ceb440, 0x0000000110ceb750]
Event: 1.816 Thread 0x00007fb0a6011000  823       3       java.nio.Buffer::remaining (20 bytes)
Event: 1.816 Thread 0x00007fb0a6011000 nmethod 823 0x0000000110ceb890 code [0x0000000110ceba20, 0x0000000110cebb70]
Event: 1.824 Thread 0x00007fb0a600fa00  825       4       java.lang.String::startsWith (138 bytes)
Event: 1.831 Thread 0x00007fb0a600fa00 nmethod 825 0x0000000118127b10 code [0x0000000118127c80, 0x0000000118127df8]

GC Heap History (2 events):
Event: 0.629 GC heap before
{Heap before GC invocations=0 (full 0):
 garbage-first heap   total 133120K, used 13096K [0x0000000780000000, 0x0000000800000000)
  region size 1024K, 13 young (13312K), 0 survivors (0K)
 Metaspace       used 3155K, capacity 6327K, committed 6528K, reserved 1056768K
  class space    used 289K, capacity 572K, committed 640K, reserved 1048576K
}
Event: 0.634 GC heap after
{Heap after GC invocations=1 (full 0):
 garbage-first heap   total 133120K, used 4093K [0x0000000780000000, 0x0000000800000000)
  region size 1024K, 2 young (2048K), 2 survivors (2048K)
 Metaspace       used 3155K, capacity 6327K, committed 6528K, reserved 1056768K
  class space    used 289K, capacity 572K, committed 640K, reserved 1048576K
}

Deoptimization events (20 events):
Event: 0.376 Thread 0x00007fb0a500c200 DEOPT PACKING pc=0x0000000110c064e8 sp=0x0000700007061dc0
Event: 0.376 Thread 0x00007fb0a500c200 DEOPT UNPACKING pc=0x000000011066ef2b sp=0x0000700007061230 mode 0
Event: 0.391 Thread 0x00007fb0a500c200 DEOPT PACKING pc=0x0000000110c064e8 sp=0x00007000070613a0
Event: 0.391 Thread 0x00007fb0a500c200 DEOPT UNPACKING pc=0x000000011066ef2b sp=0x0000700007060810 mode 0
Event: 0.410 Thread 0x00007fb0a500c200 DEOPT PACKING pc=0x0000000110c06546 sp=0x000070000705e530
Event: 0.410 Thread 0x00007fb0a500c200 DEOPT UNPACKING pc=0x000000011066ef2b sp=0x000070000705d9a0 mode 0
Event: 0.418 Thread 0x00007fb0a6013c00 DEOPT PACKING pc=0x0000000110c064e8 sp=0x00007000082977b0
Event: 0.418 Thread 0x00007fb0a6013c00 DEOPT UNPACKING pc=0x000000011066ef2b sp=0x0000700008296c20 mode 0
Event: 0.511 Thread 0x00007fb0a585e400 Uncommon trap: trap_request=0xffffff45 fr.pc=0x00000001180f42d0 relative=0x0000000000000230
Event: 0.511 Thread 0x00007fb0a585e400 Uncommon trap: reason=unstable_if action=reinterpret pc=0x00000001180f42d0 method=java.lang.String.startsWith(Ljava/lang/String;I)Z @ 14 c2
Event: 0.511 Thread 0x00007fb0a585e400 DEOPT PACKING pc=0x00000001180f42d0 sp=0x00007000084a1050
Event: 0.511 Thread 0x00007fb0a585e400 DEOPT UNPACKING pc=0x000000011066f125 sp=0x00007000084a0fd0 mode 2
Event: 0.604 Thread 0x00007fb0a500c200 Uncommon trap: trap_request=0xffffff45 fr.pc=0x0000000118113e5c relative=0x000000000000041c
Event: 0.604 Thread 0x00007fb0a500c200 Uncommon trap: reason=unstable_if action=reinterpret pc=0x0000000118113e5c method=java.lang.StringLatin1.replace([BCC)Ljava/lang/String; @ 19 c2
Event: 0.604 Thread 0x00007fb0a500c200 DEOPT PACKING pc=0x0000000118113e5c sp=0x000070000705e7d0
Event: 0.604 Thread 0x00007fb0a500c200 DEOPT UNPACKING pc=0x000000011066f125 sp=0x000070000705e770 mode 2
Event: 1.052 Thread 0x00007fb0a500c200 Uncommon trap: trap_request=0xffffff45 fr.pc=0x0000000118117714 relative=0x0000000000000114
Event: 1.052 Thread 0x00007fb0a500c200 Uncommon trap: reason=unstable_if action=reinterpret pc=0x0000000118117714 method=java.lang.String.startsWith(Ljava/lang/String;I)Z @ 1 c2
Event: 1.052 Thread 0x00007fb0a500c200 DEOPT PACKING pc=0x0000000118117714 sp=0x0000700007062340
Event: 1.052 Thread 0x00007fb0a500c200 DEOPT UNPACKING pc=0x000000011066f125 sp=0x00007000070622c8 mode 2

Classes unloaded (0 events):
No events

Classes redefined (0 events):
No events

Internal exceptions (16 events):
Event: 0.246 Thread 0x00007fb0a500c200 Exception <a 'java/lang/NoSuchMethodError'{0x0000000787c6b5d0}: 'void java.lang.invoke.DirectMethodHandle$Holder.invokeSpecial(java.lang.Object, java.lang.Object, java.lang.Object)'> (0x0000000787c6b5d0) 
thrown [./open/src/hotspot/share/interpreter/linkResolver.cpp, line 782]
Event: 0.305 Thread 0x00007fb0a500c200 Exception <a 'java/lang/NoSuchMethodError'{0x0000000787b21a18}: 'java.lang.Object java.lang.invoke.DirectMethodHandle$Holder.invokeStatic(java.lang.Object)'> (0x0000000787b21a18) 
thrown [./open/src/hotspot/share/interpreter/linkResolver.cpp, line 782]
Event: 0.432 Thread 0x00007fb0a6013c00 Exception <a 'java/lang/NoSuchMethodError'{0x0000000787945c80}: 'int java.lang.invoke.DirectMethodHandle$Holder.invokeStaticInit(java.lang.Object, java.lang.Object, java.lang.Object, java.lang.Object)'> (0x0000000787945c80) 
thrown [./open/src/hotspot/share/interpreter/linkResolver.cpp, line 782]
Event: 0.434 Thread 0x00007fb0a6013c00 Exception <a 'java/lang/NoSuchMethodError'{0x000000078794fa08}: 'java.lang.Object java.lang.invoke.DirectMethodHandle$Holder.invokeInterface(java.lang.Object, java.lang.Object)'> (0x000000078794fa08) 
thrown [./open/src/hotspot/share/interpreter/linkResolver.cpp, line 782]
Event: 0.435 Thread 0x00007fb0a6013c00 Exception <a 'java/lang/IncompatibleClassChangeError'{0x0000000787953158}: Found class java.lang.Object, but interface was expected> (0x0000000787953158) 
thrown [./open/src/hotspot/share/interpreter/linkResolver.cpp, line 848]
Event: 0.435 Thread 0x00007fb0a6013c00 Exception <a 'java/lang/NoSuchMethodError'{0x0000000787956388}: 'void java.lang.invoke.DirectMethodHandle$Holder.invokeStatic(java.lang.Object, java.lang.Object)'> (0x0000000787956388) 
thrown [./open/src/hotspot/share/interpreter/linkResolver.cpp, line 782]
Event: 0.436 Thread 0x00007fb0a6013c00 Exception <a 'java/lang/NoSuchMethodError'{0x0000000787959ae8}: 'void java.lang.invoke.DirectMethodHandle$Holder.invokeStaticInit(java.lang.Object, java.lang.Object)'> (0x0000000787959ae8) 
thrown [./open/src/hotspot/share/interpreter/linkResolver.cpp, line 782]
Event: 0.437 Thread 0x00007fb0a6013c00 Exception <a 'java/lang/NoSuchMethodError'{0x000000078795fe00}: 'int java.lang.invoke.DirectMethodHandle$Holder.invokeStaticInit(java.lang.Object, java.lang.Object)'> (0x000000078795fe00) 
thrown [./open/src/hotspot/share/interpreter/linkResolver.cpp, line 782]
Event: 0.598 Thread 0x00007fb0a500c200 Exception <a 'java/lang/NoSuchMethodError'{0x0000000787adfdc8}: 'void java.lang.invoke.DirectMethodHandle$Holder.invokeInterface(java.lang.Object, java.lang.Object)'> (0x0000000787adfdc8) 
thrown [./open/src/hotspot/share/interpreter/linkResolver.cpp, line 782]
Event: 0.624 Thread 0x00007fb0a500c200 Exception <a 'java/lang/NoSuchMethodError'{0x00000007873de628}: 'void java.lang.invoke.DirectMethodHandle$Holder.invokeStatic(java.lang.Object, int, int)'> (0x00000007873de628) 
thrown [./open/src/hotspot/share/interpreter/linkResolver.cpp, line 782]
Event: 0.625 Thread 0x00007fb0a500c200 Exception <a 'java/lang/NoSuchMethodError'{0x00000007873e1db0}: 'void java.lang.invoke.DirectMethodHandle$Holder.invokeStaticInit(java.lang.Object, int, int)'> (0x00000007873e1db0) 
thrown [./open/src/hotspot/share/interpreter/linkResolver.cpp, line 782]
Event: 1.080 Thread 0x00007fb0a502b200 Exception <a 'java/lang/ClassNotFoundException'{0x0000000787ee3e90}: sun/awt/resources/spi/awtProvider> (0x0000000787ee3e90) 
thrown [./open/src/hotspot/share/classfile/systemDictionary.cpp, line 295]
Event: 1.160 Thread 0x00007fb0a502b200 Exception <a 'java/io/FileNotFoundException'{0x0000000787d30850}> (0x0000000787d30850) 
thrown [./open/src/hotspot/share/prims/jni.cpp, line 578]
Event: 1.169 Thread 0x00007fb0a502b200 Exception <a 'java/io/FileNotFoundException'{0x0000000787d5f210}> (0x0000000787d5f210) 
thrown [./open/src/hotspot/share/prims/jni.cpp, line 578]
Event: 1.172 Thread 0x00007fb0a502b200 Exception <a 'java/lang/NoSuchMethodError'{0x0000000787d60218}: 'java.lang.Object java.lang.invoke.DirectMethodHandle$Holder.invokeStaticInit(java.lang.Object)'> (0x0000000787d60218) 
thrown [./open/src/hotspot/share/interpreter/linkResolver.cpp, line 782]
Event: 1.179 Thread 0x00007fb0a502b200 Exception <a 'java/lang/ClassNotFoundException'{0x0000000787d663e0}: sun/awt/resources/spi/awtosxProvider> (0x0000000787d663e0) 
thrown [./open/src/hotspot/share/classfile/systemDictionary.cpp, line 295]

Events (20 events):
Event: 1.729 loading class java/nio/StringCharBuffer
Event: 1.730 loading class java/nio/StringCharBuffer done
Event: 1.757 loading class java/awt/Image
Event: 1.757 loading class java/awt/Image done
Event: 1.757 loading class java/awt/image/BufferedImage
Event: 1.760 loading class java/awt/image/WritableRenderedImage
Event: 1.762 loading class java/awt/image/RenderedImage
Event: 1.764 loading class java/awt/image/RenderedImage done
Event: 1.764 loading class java/awt/image/WritableRenderedImage done
Event: 1.764 loading class java/awt/Transparency
Event: 1.764 loading class java/awt/Transparency done
Event: 1.765 loading class java/awt/image/BufferedImage done
Event: 1.765 loading class java/awt/IllegalComponentStateException
Event: 1.765 loading class java/awt/IllegalComponentStateException done
Event: 1.765 loading class java/awt/Point
Event: 1.765 loading class java/awt/geom/Point2D
Event: 1.765 loading class java/awt/geom/Point2D done
Event: 1.765 loading class java/awt/Point done
Event: 1.765 loading class java/awt/GraphicsConfiguration
Event: 1.766 loading class java/awt/GraphicsConfiguration done


Dynamic libraries:
0x00007fff6f60d000 	/usr/lib/libz.1.dylib
0x00000001048be000 	/Library/Java/JavaVirtualMachines/jdk-15.0.2.jdk/Contents/Home/lib/libjli.dylib
0x00007fff35010000 	/System/Library/Frameworks/Cocoa.framework/Versions/A/Cocoa
0x00007fff42863000 	/System/Library/Frameworks/Security.framework/Versions/A/Security
0x00007fff33f76000 	/System/Library/Frameworks/ApplicationServices.framework/Versions/A/ApplicationServices
0x00007fff6d041000 	/usr/lib/libSystem.B.dylib
0x00007fff6fece000 	/usr/lib/system/libcache.dylib
0x00007fff6fed4000 	/usr/lib/system/libcommonCrypto.dylib
0x00007fff6fee0000 	/usr/lib/system/libcompiler_rt.dylib
0x00007fff6fee8000 	/usr/lib/system/libcopyfile.dylib
0x00007fff6fef2000 	/usr/lib/system/libcorecrypto.dylib
0x00007fff70091000 	/usr/lib/system/libdispatch.dylib
0x00007fff700d2000 	/usr/lib/system/libdyld.dylib
0x00007fff70109000 	/usr/lib/system/libkeymgr.dylib
0x00007fff70117000 	/usr/lib/system/liblaunch.dylib
0x00007fff70118000 	/usr/lib/system/libmacho.dylib
0x00007fff7011e000 	/usr/lib/system/libquarantine.dylib
0x00007fff70121000 	/usr/lib/system/libremovefile.dylib
0x00007fff70123000 	/usr/lib/system/libsystem_asl.dylib
0x00007fff7013b000 	/usr/lib/system/libsystem_blocks.dylib
0x00007fff7013c000 	/usr/lib/system/libsystem_c.dylib
0x00007fff701c4000 	/usr/lib/system/libsystem_configuration.dylib
0x00007fff701c8000 	/usr/lib/system/libsystem_coreservices.dylib
0x00007fff701cc000 	/usr/lib/system/libsystem_darwin.dylib
0x00007fff701d5000 	/usr/lib/system/libsystem_dnssd.dylib
0x00007fff701dd000 	/usr/lib/system/libsystem_featureflags.dylib
0x00007fff701df000 	/usr/lib/system/libsystem_info.dylib
0x00007fff7025a000 	/usr/lib/system/libsystem_m.dylib
0x00007fff702a6000 	/usr/lib/system/libsystem_malloc.dylib
0x00007fff702ce000 	/usr/lib/system/libsystem_networkextension.dylib
0x00007fff702dc000 	/usr/lib/system/libsystem_notify.dylib
0x00007fff702fa000 	/usr/lib/system/libsystem_sandbox.dylib
0x00007fff702ff000 	/usr/lib/system/libsystem_secinit.dylib
0x00007fff7022d000 	/usr/lib/system/libsystem_kernel.dylib
0x00007fff702e6000 	/usr/lib/system/libsystem_platform.dylib
0x00007fff702ef000 	/usr/lib/system/libsystem_pthread.dylib
0x00007fff70302000 	/usr/lib/system/libsystem_symptoms.dylib
0x00007fff7030a000 	/usr/lib/system/libsystem_trace.dylib
0x00007fff70322000 	/usr/lib/system/libunwind.dylib
0x00007fff70328000 	/usr/lib/system/libxpc.dylib
0x00007fff6ef3a000 	/usr/lib/libobjc.A.dylib
0x00007fff6d410000 	/usr/lib/libc++abi.dylib
0x00007fff6d3bd000 	/usr/lib/libc++.1.dylib
0x00007fff35ec3000 	/System/Library/Frameworks/CoreFoundation.framework/Versions/A/CoreFoundation
0x00007fff385a6000 	/System/Library/Frameworks/Foundation.framework/Versions/C/Foundation
0x00007fff33168000 	/System/Library/Frameworks/AppKit.framework/Versions/C/AppKit
0x00007fff35994000 	/System/Library/Frameworks/CoreData.framework/Versions/A/CoreData
0x00007fff6702e000 	/System/Library/PrivateFrameworks/UIFoundation.framework/Versions/A/UIFoundation
0x00007fff620c2000 	/System/Library/PrivateFrameworks/RemoteViewServices.framework/Versions/A/RemoteViewServices
0x00007fff69bb1000 	/System/Library/PrivateFrameworks/XCTTargetBootstrap.framework/Versions/A/XCTTargetBootstrap
0x00007fff35d90000 	/System/Library/Frameworks/CoreDisplay.framework/Versions/A/CoreDisplay
0x00007fff3b465000 	/System/Library/Frameworks/Metal.framework/Versions/A/Metal
0x00007fff50081000 	/System/Library/PrivateFrameworks/DesktopServicesPriv.framework/Versions/A/DesktopServicesPriv
0x00007fff6e215000 	/usr/lib/liblangid.dylib
0x00007fff4f316000 	/System/Library/PrivateFrameworks/CoreSVG.framework/Versions/A/CoreSVG
0x00007fff6521e000 	/System/Library/PrivateFrameworks/SkyLight.framework/Versions/A/SkyLight
0x00007fff36346000 	/System/Library/Frameworks/CoreGraphics.framework/Versions/A/CoreGraphics
0x00007fff31ad7000 	/System/Library/Frameworks/Accelerate.framework/Versions/A/Accelerate
0x00007fff6f4fe000 	/usr/lib/libxml2.2.dylib
0x00007fff5b023000 	/System/Library/PrivateFrameworks/IconServices.framework/Versions/A/IconServices
0x00007fff38d85000 	/System/Library/Frameworks/IOSurface.framework/Versions/A/IOSurface
0x00007fff6cb6b000 	/usr/lib/libDiagnosticMessagesClient.dylib
0x00007fff4fedb000 	/System/Library/PrivateFrameworks/DFRFoundation.framework/Versions/A/DFRFoundation
0x00007fff6dfa4000 	/usr/lib/libicucore.A.dylib
0x00007fff342a8000 	/System/Library/Frameworks/AudioToolbox.framework/Versions/A/AudioToolbox
0x00007fff3438b000 	/System/Library/Frameworks/AudioUnit.framework/Versions/A/AudioUnit
0x00007fff6d2d9000 	/usr/lib/libauto.dylib
0x00007fff4ff7d000 	/System/Library/PrivateFrameworks/DataDetectorsCore.framework/Versions/A/DataDetectorsCore
0x00007fff34b31000 	/System/Library/Frameworks/Carbon.framework/Versions/A/Frameworks/HIToolbox.framework/Versions/A/HIToolbox
0x00007fff41a5c000 	/System/Library/Frameworks/QuartzCore.framework/Versions/A/QuartzCore
0x00007fff34e70000 	/System/Library/Frameworks/Carbon.framework/Versions/A/Frameworks/SpeechRecognition.framework/Versions/A/SpeechRecognition
0x00007fff4f9ef000 	/System/Library/PrivateFrameworks/CoreUI.framework/Versions/A/CoreUI
0x00007fff353ff000 	/System/Library/Frameworks/CoreAudio.framework/Versions/A/CoreAudio
0x00007fff38265000 	/System/Library/Frameworks/DiskArbitration.framework/Versions/A/DiskArbitration
0x00007fff5d09b000 	/System/Library/PrivateFrameworks/MultitouchSupport.framework/Versions/A/MultitouchSupport
0x00007fff6de69000 	/usr/lib/libenergytrace.dylib
0x00007fff38cdf000 	/System/Library/Frameworks/IOKit.framework/Versions/A/IOKit
0x00007fff372d0000 	/System/Library/Frameworks/CoreServices.framework/Versions/A/CoreServices
0x00007fff5f255000 	/System/Library/PrivateFrameworks/PerformanceAnalysis.framework/Versions/A/PerformanceAnalysis
0x00007fff40a8f000 	/System/Library/Frameworks/OpenGL.framework/Versions/A/OpenGL
0x00007fff3501e000 	/System/Library/Frameworks/ColorSync.framework/Versions/A/ColorSync
0x00007fff369ec000 	/System/Library/Frameworks/CoreImage.framework/Versions/A/CoreImage
0x00007fff37d44000 	/System/Library/Frameworks/CoreText.framework/Versions/A/CoreText
0x00007fff38e15000 	/System/Library/Frameworks/ImageIO.framework/Versions/A/ImageIO
0x00007fff6d439000 	/usr/lib/libcompression.dylib
0x00007fff6ceaf000 	/usr/lib/libMobileGestalt.dylib
0x00007fff66d98000 	/System/Library/PrivateFrameworks/TextureIO.framework/Versions/A/TextureIO
0x00007fff6d1a6000 	/usr/lib/libate.dylib
0x00007fff5b22c000 	/System/Library/PrivateFrameworks/InternationalSupport.framework/Versions/A/InternationalSupport
0x00007fff6e217000 	/usr/lib/liblzma.5.dylib
0x00007fff6de92000 	/usr/lib/libfakelink.dylib
0x00007fff6d133000 	/usr/lib/libarchive.2.dylib
0x00007fff43916000 	/System/Library/Frameworks/SystemConfiguration.framework/Versions/A/SystemConfiguration
0x00007fff6ca9e000 	/usr/lib/libCRFSuite.dylib
0x00007fff34722000 	/System/Library/Frameworks/CFNetwork.framework/Versions/A/CFNetwork
0x00007fff6d39f000 	/usr/lib/libbsm.0.dylib
0x00007fff7010a000 	/usr/lib/system/libkxld.dylib
0x00007fff49855000 	/System/Library/PrivateFrameworks/AppleFSCompression.framework/Versions/A/AppleFSCompression
0x00007fff6d72b000 	/usr/lib/libcoretls.dylib
0x00007fff6d742000 	/usr/lib/libcoretls_cfhelpers.dylib
0x00007fff6ef7f000 	/usr/lib/libpam.2.dylib
0x00007fff6f0b4000 	/usr/lib/libsqlite3.dylib
0x00007fff6f4eb000 	/usr/lib/libxar.1.dylib
0x00007fff6d3b0000 	/usr/lib/libbz2.1.0.dylib
0x00007fff6deb3000 	/usr/lib/libiconv.2.dylib
0x00007fff6d426000 	/usr/lib/libcharset.1.dylib
0x00007fff6ea1d000 	/usr/lib/libnetwork.dylib
0x00007fff6ef86000 	/usr/lib/libpcap.A.dylib
0x00007fff6d0e8000 	/usr/lib/libapple_nghttp2.dylib
0x00007fff37687000 	/System/Library/Frameworks/CoreServices.framework/Versions/A/Frameworks/FSEvents.framework/Versions/A/FSEvents
0x00007fff37357000 	/System/Library/Frameworks/CoreServices.framework/Versions/A/Frameworks/CarbonCore.framework/Versions/A/CarbonCore
0x00007fff378cc000 	/System/Library/Frameworks/CoreServices.framework/Versions/A/Frameworks/Metadata.framework/Versions/A/Metadata
0x00007fff37965000 	/System/Library/Frameworks/CoreServices.framework/Versions/A/Frameworks/OSServices.framework/Versions/A/OSServices
0x00007fff37993000 	/System/Library/Frameworks/CoreServices.framework/Versions/A/Frameworks/SearchKit.framework/Versions/A/SearchKit
0x00007fff372d1000 	/System/Library/Frameworks/CoreServices.framework/Versions/A/Frameworks/AE.framework/Versions/A/AE
0x00007fff37690000 	/System/Library/Frameworks/CoreServices.framework/Versions/A/Frameworks/LaunchServices.framework/Versions/A/LaunchServices
0x00007fff37639000 	/System/Library/Frameworks/CoreServices.framework/Versions/A/Frameworks/DictionaryServices.framework/Versions/A/DictionaryServices
0x00007fff379fb000 	/System/Library/Frameworks/CoreServices.framework/Versions/A/Frameworks/SharedFileList.framework/Versions/A/SharedFileList
0x00007fff3c8ae000 	/System/Library/Frameworks/NetFS.framework/Versions/A/NetFS
0x00007fff5d5cb000 	/System/Library/PrivateFrameworks/NetAuth.framework/Versions/A/NetAuth
0x00007fff69f7e000 	/System/Library/PrivateFrameworks/login.framework/Versions/A/Frameworks/loginsupport.framework/Versions/A/loginsupport
0x00007fff66863000 	/System/Library/PrivateFrameworks/TCC.framework/Versions/A/TCC
0x00007fff4e489000 	/System/Library/PrivateFrameworks/CoreNLP.framework/Versions/A/CoreNLP
0x00007fff5caa0000 	/System/Library/PrivateFrameworks/MetadataUtilities.framework/Versions/A/MetadataUtilities
0x00007fff6e2ef000 	/usr/lib/libmecabra.dylib
0x00007fff6e247000 	/usr/lib/libmecab.dylib
0x00007fff6dea3000 	/usr/lib/libgermantok.dylib
0x00007fff6d0cf000 	/usr/lib/libThaiTokenizer.dylib
0x00007fff6cad5000 	/usr/lib/libChineseTokenizer.dylib
0x00007fff31af0000 	/System/Library/Frameworks/Accelerate.framework/Versions/A/Frameworks/vImage.framework/Versions/A/vImage
0x00007fff32fbe000 	/System/Library/Frameworks/Accelerate.framework/Versions/A/Frameworks/vecLib.framework/Versions/A/vecLib
0x00007fff32e3f000 	/System/Library/Frameworks/Accelerate.framework/Versions/A/Frameworks/vecLib.framework/Versions/A/libvMisc.dylib
0x00007fff32cac000 	/System/Library/Frameworks/Accelerate.framework/Versions/A/Frameworks/vecLib.framework/Versions/A/libvDSP.dylib
0x00007fff3238c000 	/System/Library/Frameworks/Accelerate.framework/Versions/A/Frameworks/vecLib.framework/Versions/A/libBLAS.dylib
0x00007fff32864000 	/System/Library/Frameworks/Accelerate.framework/Versions/A/Frameworks/vecLib.framework/Versions/A/libLAPACK.dylib
0x00007fff32c0c000 	/System/Library/Frameworks/Accelerate.framework/Versions/A/Frameworks/vecLib.framework/Versions/A/libLinearAlgebra.dylib
0x00007fff32c99000 	/System/Library/Frameworks/Accelerate.framework/Versions/A/Frameworks/vecLib.framework/Versions/A/libSparseBLAS.dylib
0x00007fff32c22000 	/System/Library/Frameworks/Accelerate.framework/Versions/A/Frameworks/vecLib.framework/Versions/A/libQuadrature.dylib
0x00007fff32522000 	/System/Library/Frameworks/Accelerate.framework/Versions/A/Frameworks/vecLib.framework/Versions/A/libBNNS.dylib
0x00007fff32c28000 	/System/Library/Frameworks/Accelerate.framework/Versions/A/Frameworks/vecLib.framework/Versions/A/libSparse.dylib
0x00007fff5b614000 	/System/Library/PrivateFrameworks/LanguageModeling.framework/Versions/A/LanguageModeling
0x00007fff4de38000 	/System/Library/PrivateFrameworks/CoreEmoji.framework/Versions/A/CoreEmoji
0x00007fff5b732000 	/System/Library/PrivateFrameworks/LinguisticData.framework/Versions/A/LinguisticData
0x00007fff5b6e3000 	/System/Library/PrivateFrameworks/Lexicon.framework/Versions/A/Lexicon
0x00007fff6d427000 	/usr/lib/libcmph.dylib
0x00007fff3f49d000 	/System/Library/Frameworks/OpenDirectory.framework/Versions/A/Frameworks/CFOpenDirectory.framework/Versions/A/CFOpenDirectory
0x00007fff3f4ba000 	/System/Library/Frameworks/OpenDirectory.framework/Versions/A/OpenDirectory
0x00007fff47900000 	/System/Library/PrivateFrameworks/APFS.framework/Versions/A/APFS
0x00007fff42baf000 	/System/Library/Frameworks/SecurityFoundation.framework/Versions/A/SecurityFoundation
0x00007fff6f4e7000 	/usr/lib/libutil.dylib
0x00007fff4f36e000 	/System/Library/PrivateFrameworks/CoreServicesStore.framework/Versions/A/CoreServicesStore
0x00007fff42c66000 	/System/Library/Frameworks/ServiceManagement.framework/Versions/A/ServiceManagement
0x00007fff4b026000 	/System/Library/PrivateFrameworks/BackgroundTaskManagement.framework/Versions/A/BackgroundTaskManagement
0x00007fff6f5e4000 	/usr/lib/libxslt.1.dylib
0x00007fff49ec8000 	/System/Library/PrivateFrameworks/AppleSystemInfo.framework/Versions/A/AppleSystemInfo
0x00007fff39034000 	/System/Library/Frameworks/ImageIO.framework/Versions/A/Resources/libJPEG.dylib
0x00007fff392f3000 	/System/Library/Frameworks/ImageIO.framework/Versions/A/Resources/libTIFF.dylib
0x00007fff392d6000 	/System/Library/Frameworks/ImageIO.framework/Versions/A/Resources/libPng.dylib
0x00007fff38f76000 	/System/Library/Frameworks/ImageIO.framework/Versions/A/Resources/libGIF.dylib
0x00007fff38f7a000 	/System/Library/Frameworks/ImageIO.framework/Versions/A/Resources/libJP2.dylib
0x00007fff392f1000 	/System/Library/Frameworks/ImageIO.framework/Versions/A/Resources/libRadiance.dylib
0x00007fff6de6a000 	/usr/lib/libexpat.1.dylib
0x00007fff499b0000 	/System/Library/PrivateFrameworks/AppleJPEG.framework/Versions/A/AppleJPEG
0x00007fff52684000 	/System/Library/PrivateFrameworks/FontServices.framework/libFontParser.dylib
0x00007fff68f80000 	/System/Library/PrivateFrameworks/WatchdogClient.framework/Versions/A/WatchdogClient
0x00007fff5ac6f000 	/System/Library/PrivateFrameworks/IOAccelerator.framework/Versions/A/IOAccelerator
0x00007fff3b800000 	/System/Library/Frameworks/MetalPerformanceShaders.framework/Versions/A/MetalPerformanceShaders
0x00007fff573ff000 	/System/Library/PrivateFrameworks/GPUWrangler.framework/Versions/A/GPUWrangler
0x00007fff5ac84000 	/System/Library/PrivateFrameworks/IOPresentment.framework/Versions/A/IOPresentment
0x00007fff4feee000 	/System/Library/PrivateFrameworks/DSExternalDisplay.framework/Versions/A/DSExternalDisplay
0x00007fff3fe2e000 	/System/Library/Frameworks/OpenGL.framework/Versions/A/Libraries/libCoreFSCache.dylib
0x00007fff3b54c000 	/System/Library/Frameworks/MetalPerformanceShaders.framework/Frameworks/MPSCore.framework/Versions/A/MPSCore
0x00007fff3b58a000 	/System/Library/Frameworks/MetalPerformanceShaders.framework/Frameworks/MPSImage.framework/Versions/A/MPSImage
0x00007fff3b651000 	/System/Library/Frameworks/MetalPerformanceShaders.framework/Frameworks/MPSNeuralNetwork.framework/Versions/A/MPSNeuralNetwork
0x00007fff3b615000 	/System/Library/Frameworks/MetalPerformanceShaders.framework/Frameworks/MPSMatrix.framework/Versions/A/MPSMatrix
0x00007fff3b7b0000 	/System/Library/Frameworks/MetalPerformanceShaders.framework/Frameworks/MPSRayIntersector.framework/Versions/A/MPSRayIntersector
0x00007fff3b63b000 	/System/Library/Frameworks/MetalPerformanceShaders.framework/Frameworks/MPSNDArray.framework/Versions/A/MPSNDArray
0x00007fff5caed000 	/System/Library/PrivateFrameworks/MetalTools.framework/Versions/A/MetalTools
0x00007fff48ada000 	/System/Library/PrivateFrameworks/AggregateDictionary.framework/Versions/A/AggregateDictionary
0x00007fff4d880000 	/System/Library/PrivateFrameworks/CoreAnalytics.framework/Versions/A/CoreAnalytics
0x00007fff49de7000 	/System/Library/PrivateFrameworks/AppleSauce.framework/Versions/A/AppleSauce
0x00007fff6cd91000 	/usr/lib/libIOReport.dylib
0x00007fff37efc000 	/System/Library/Frameworks/CoreVideo.framework/Versions/A/CoreVideo
0x00007fff58878000 	/System/Library/PrivateFrameworks/GraphVisualizer.framework/Versions/A/GraphVisualizer
0x00007fff51bca000 	/System/Library/PrivateFrameworks/FaceCore.framework/Versions/A/FaceCore
0x00007fff3f444000 	/System/Library/Frameworks/OpenCL.framework/Versions/A/OpenCL
0x00007fff6cbb3000 	/usr/lib/libFosl_dynamic.dylib
0x00007fff5dfec000 	/System/Library/PrivateFrameworks/OTSVG.framework/Versions/A/OTSVG
0x00007fff3407b000 	/System/Library/Frameworks/ApplicationServices.framework/Versions/A/Frameworks/ATS.framework/Versions/A/Resources/libFontRegistry.dylib
0x00007fff52853000 	/System/Library/PrivateFrameworks/FontServices.framework/libhvf.dylib
0x00007fff3fe39000 	/System/Library/Frameworks/OpenGL.framework/Versions/A/Libraries/libGFXShared.dylib
0x00007fff40017000 	/System/Library/Frameworks/OpenGL.framework/Versions/A/Libraries/libGLU.dylib
0x00007fff3fe42000 	/System/Library/Frameworks/OpenGL.framework/Versions/A/Libraries/libGL.dylib
0x00007fff3fe4d000 	/System/Library/Frameworks/OpenGL.framework/Versions/A/Libraries/libGLImage.dylib
0x00007fff3fe2b000 	/System/Library/Frameworks/OpenGL.framework/Versions/A/Libraries/libCVMSPluginSupport.dylib
0x00007fff3fe34000 	/System/Library/Frameworks/OpenGL.framework/Versions/A/Libraries/libCoreVMClient.dylib
0x00007fff6e8be000 	/usr/lib/libncurses.5.4.dylib
0x00007fff33f77000 	/System/Library/Frameworks/ApplicationServices.framework/Versions/A/Frameworks/ATS.framework/Versions/A/ATS
0x00007fff34144000 	/System/Library/Frameworks/ApplicationServices.framework/Versions/A/Frameworks/ColorSyncLegacy.framework/Versions/A/ColorSyncLegacy
0x00007fff341e2000 	/System/Library/Frameworks/ApplicationServices.framework/Versions/A/Frameworks/HIServices.framework/Versions/A/HIServices
0x00007fff3423a000 	/System/Library/Frameworks/ApplicationServices.framework/Versions/A/Frameworks/LangAnalysis.framework/Versions/A/LangAnalysis
0x00007fff34249000 	/System/Library/Frameworks/ApplicationServices.framework/Versions/A/Frameworks/PrintCore.framework/Versions/A/PrintCore
0x00007fff3428f000 	/System/Library/Frameworks/ApplicationServices.framework/Versions/A/Frameworks/QD.framework/Versions/A/QD
0x00007fff3429a000 	/System/Library/Frameworks/ApplicationServices.framework/Versions/A/Frameworks/SpeechSynthesis.framework/Versions/A/SpeechSynthesis
0x00007fff34114000 	/System/Library/Frameworks/ApplicationServices.framework/Versions/A/Frameworks/ATSUI.framework/Versions/A/ATSUI
0x00007fff6dd00000 	/usr/lib/libcups.2.dylib
0x00007fff3a89b000 	/System/Library/Frameworks/Kerberos.framework/Versions/A/Kerberos
0x00007fff389d8000 	/System/Library/Frameworks/GSS.framework/Versions/A/GSS
0x00007fff6f040000 	/usr/lib/libresolv.9.dylib
0x00007fff58a25000 	/System/Library/PrivateFrameworks/Heimdal.framework/Versions/A/Heimdal
0x00007fff3a8ae000 	/System/Library/Frameworks/Kerberos.framework/Versions/A/Libraries/libHeimdalProxy.dylib
0x00007fff6dea9000 	/usr/lib/libheimdal-asn1.dylib
0x00007fff4cd18000 	/System/Library/PrivateFrameworks/CommonAuth.framework/Versions/A/CommonAuth
0x00007fff49f65000 	/System/Library/PrivateFrameworks/AssertionServices.framework/Versions/A/AssertionServices
0x00007fff4ab08000 	/System/Library/PrivateFrameworks/AudioToolboxCore.framework/Versions/A/AudioToolboxCore
0x00007fff69c2e000 	/System/Library/PrivateFrameworks/caulk.framework/Versions/A/caulk
0x00007fff4b0d2000 	/System/Library/PrivateFrameworks/BaseBoard.framework/Versions/A/BaseBoard
0x00007fff62250000 	/System/Library/PrivateFrameworks/RunningBoardServices.framework/Versions/A/RunningBoardServices
0x00007fff5f261000 	/System/Library/PrivateFrameworks/PersistentConnection.framework/Versions/A/PersistentConnection
0x00007fff61c49000 	/System/Library/PrivateFrameworks/ProtocolBuffer.framework/Versions/A/ProtocolBuffer
0x00007fff4cd3c000 	/System/Library/PrivateFrameworks/CommonUtilities.framework/Versions/A/CommonUtilities
0x00007fff4b260000 	/System/Library/PrivateFrameworks/Bom.framework/Versions/A/Bom
0x00007fff6ca64000 	/usr/lib/libAudioToolboxUtility.dylib
0x00007fff4b030000 	/System/Library/PrivateFrameworks/Backup.framework/Versions/A/Backup
0x00007fff4fe0f000 	/System/Library/PrivateFrameworks/CrashReporterSupport.framework/Versions/A/CrashReporterSupport
0x00007fff63ce2000 	/System/Library/PrivateFrameworks/Sharing.framework/Versions/A/Sharing
0x00007fff49573000 	/System/Library/PrivateFrameworks/Apple80211.framework/Versions/A/Apple80211
0x00007fff4ad4d000 	/System/Library/PrivateFrameworks/AuthKit.framework/Versions/A/AuthKit
0x00007fff4fb1c000 	/System/Library/PrivateFrameworks/CoreUtils.framework/Versions/A/CoreUtils
0x00007fff37f41000 	/System/Library/Frameworks/CoreWLAN.framework/Versions/A/CoreWLAN
0x00007fff38b65000 	/System/Library/Frameworks/IOBluetooth.framework/Versions/A/IOBluetooth
0x00007fff5ce1a000 	/System/Library/PrivateFrameworks/MobileKeyBag.framework/Versions/A/MobileKeyBag
0x00007fff4e921000 	/System/Library/PrivateFrameworks/CorePhoneNumbers.framework/Versions/A/CorePhoneNumbers
0x00007fff49963000 	/System/Library/PrivateFrameworks/AppleIDAuthSupport.framework/Versions/A/AppleIDAuthSupport
0x00007fff3c8bb000 	/System/Library/Frameworks/Network.framework/Versions/A/Network
0x00007fff5b4c0000 	/System/Library/PrivateFrameworks/KeychainCircle.framework/Versions/A/KeychainCircle
0x00007fff3595b000 	/System/Library/Frameworks/CoreBluetooth.framework/Versions/A/CoreBluetooth
0x00007fff65d61000 	/System/Library/PrivateFrameworks/SpeechRecognitionCore.framework/Versions/A/SpeechRecognitionCore
0x00007fff28ed0000 	/System/Library/CoreServices/Encodings/libCyrillicConverter.dylib
0x0000000105200000 	/Library/Java/JavaVirtualMachines/jdk-15.0.2.jdk/Contents/Home/lib/server/libjvm.dylib
0x00000001048e4000 	/Library/Java/JavaVirtualMachines/jdk-15.0.2.jdk/Contents/Home/lib/libjimage.dylib
0x000000010493a000 	/Library/Java/JavaVirtualMachines/jdk-15.0.2.jdk/Contents/Home/lib/libjava.dylib
0x00000001049c6000 	/Library/Java/JavaVirtualMachines/jdk-15.0.2.jdk/Contents/Home/lib/libnio.dylib
0x00000001049da000 	/Library/Java/JavaVirtualMachines/jdk-15.0.2.jdk/Contents/Home/lib/libnet.dylib
0x0000000107794000 	/Library/Java/JavaVirtualMachines/jdk-15.0.2.jdk/Contents/Home/lib/libzip.dylib
0x00000001077a2000 	/Library/Java/JavaVirtualMachines/jdk-15.0.2.jdk/Contents/Home/lib/libverify.dylib
0x00000001077b3000 	/private/var/folders/c0/d63ctn4x70q87f_r701qtxp40000gn/T/libgdxmacbookpro/cdf099a0/libgdx64.dylib
0x00000001077e5000 	/Library/Java/JavaVirtualMachines/jdk-15.0.2.jdk/Contents/Home/lib/libawt.dylib
0x000000010789c000 	/Library/Java/JavaVirtualMachines/jdk-15.0.2.jdk/Contents/Home/lib/libmlib_image.dylib
0x00007fff3a885000 	/System/Library/Frameworks/JavaVM.framework/Versions/A/Frameworks/JavaNativeFoundation.framework/Versions/A/JavaNativeFoundation
0x00007fff3a88e000 	/System/Library/Frameworks/JavaVM.framework/Versions/A/Frameworks/JavaRuntimeSupport.framework/Versions/A/JavaRuntimeSupport
0x00007fff3a896000 	/System/Library/Frameworks/JavaVM.framework/Versions/A/JavaVM
0x00007fff5b2d7000 	/System/Library/PrivateFrameworks/JavaLaunching.framework/Versions/A/JavaLaunching
0x00007fff34b2c000 	/System/Library/Frameworks/Carbon.framework/Versions/A/Carbon
0x00007fff4f8c1000 	/System/Library/PrivateFrameworks/CoreSymbolication.framework/Versions/A/CoreSymbolication
0x00007fff34b2d000 	/System/Library/Frameworks/Carbon.framework/Versions/A/Frameworks/CommonPanels.framework/Versions/A/CommonPanels
0x00007fff34e26000 	/System/Library/Frameworks/Carbon.framework/Versions/A/Frameworks/Help.framework/Versions/A/Help
0x00007fff34e2a000 	/System/Library/Frameworks/Carbon.framework/Versions/A/Frameworks/ImageCapture.framework/Versions/A/ImageCapture
0x00007fff34e31000 	/System/Library/Frameworks/Carbon.framework/Versions/A/Frameworks/OpenScripting.framework/Versions/A/OpenScripting
0x00007fff34e30000 	/System/Library/Frameworks/Carbon.framework/Versions/A/Frameworks/Ink.framework/Versions/A/Ink
0x00007fff34e6c000 	/System/Library/Frameworks/Carbon.framework/Versions/A/Frameworks/Print.framework/Versions/A/Print
0x00007fff34e6d000 	/System/Library/Frameworks/Carbon.framework/Versions/A/Frameworks/SecurityHI.framework/Versions/A/SecurityHI
0x00007fff50043000 	/System/Library/PrivateFrameworks/DebugSymbols.framework/Versions/A/DebugSymbols
0x0000000107938000 	/Library/Java/JavaVirtualMachines/jdk-15.0.2.jdk/Contents/Home/lib/libawt_lwawt.dylib
0x00000001079f2000 	/Library/Java/JavaVirtualMachines/jdk-15.0.2.jdk/Contents/Home/lib/libosxapp.dylib
0x00007fff38441000 	/System/Library/Frameworks/ExceptionHandling.framework/Versions/A/ExceptionHandling
0x0000000107a12000 	/Library/Java/JavaVirtualMachines/jdk-15.0.2.jdk/Contents/Home/lib/libfontmanager.dylib
0x0000000107b3e000 	/Library/Java/JavaVirtualMachines/jdk-15.0.2.jdk/Contents/Home/lib/libfreetype.dylib
0x00007fff4f33a000 	/System/Library/PrivateFrameworks/CoreServicesInternal.framework/Versions/A/CoreServicesInternal
0x00007fff38460000 	/System/Library/Frameworks/FileProvider.framework/Versions/A/FileProvider
0x00007fff32fbf000 	/System/Library/Frameworks/Accounts.framework/Versions/A/Accounts
0x00007fff57724000 	/System/Library/PrivateFrameworks/GenerationalStorage.framework/Versions/A/GenerationalStorage
0x00007fff665a3000 	/System/Library/PrivateFrameworks/SymptomDiagnosticReporter.framework/Versions/A/SymptomDiagnosticReporter
0x00007fff49077000 	/System/Library/PrivateFrameworks/AppContainer.framework/Versions/A/AppContainer
0x00007fff6f05a000 	/usr/lib/libsandbox.1.dylib
0x00007fff67f23000 	/System/Library/PrivateFrameworks/UserManagement.framework/Versions/A/UserManagement
0x00007fff4be1c000 	/System/Library/PrivateFrameworks/ChunkingLibrary.framework/Versions/A/ChunkingLibrary
0x00007fff490e9000 	/System/Library/PrivateFrameworks/AppSandbox.framework/Versions/A/AppSandbox
0x00007fff63b6c000 	/System/Library/PrivateFrameworks/SecCodeWrapper.framework/Versions/A/SecCodeWrapper
0x00007fff6ce79000 	/usr/lib/libMatch.1.dylib
0x00007fff28f42000 	/System/Library/CoreServices/RawCamera.bundle/Contents/MacOS/RawCamera
0x00007fff5cc1c000 	/System/Library/PrivateFrameworks/MobileAsset.framework/Versions/A/MobileAsset
0x00007fff6644b000 	/System/Library/PrivateFrameworks/StreamingZip.framework/Versions/A/StreamingZip
0x00007fff3ad16000 	/System/Library/Frameworks/MediaToolbox.framework/Versions/A/MediaToolbox
0x00007fff4d830000 	/System/Library/PrivateFrameworks/CoreAVCHD.framework/Versions/A/CoreAVCHD
0x00007fff3ac40000 	/System/Library/Frameworks/MediaAccessibility.framework/Versions/A/MediaAccessibility
0x00007fff5bfd0000 	/System/Library/PrivateFrameworks/Mangrove.framework/Versions/A/Mangrove
0x00007fff37108000 	/System/Library/Frameworks/CoreMedia.framework/Versions/A/CoreMedia
0x00007fff5c23c000 	/System/Library/PrivateFrameworks/MediaExperience.framework/Versions/A/MediaExperience
0x00007fff43c10000 	/System/Library/Frameworks/VideoToolbox.framework/Versions/A/VideoToolbox
0x00007fff4d45a000 	/System/Library/PrivateFrameworks/CoreAUC.framework/Versions/A/CoreAUC
0x00007fff6f0b2000 	/usr/lib/libspindump.dylib
0x00007fff4a4b7000 	/System/Library/PrivateFrameworks/AudioResourceArbitration.framework/Versions/A/AudioResourceArbitration
0x00007fff49ecc000 	/System/Library/PrivateFrameworks/AppleVA.framework/Versions/A/AppleVA
0x00007fff31ad8000 	/System/Library/Frameworks/Accelerate.framework/Versions/A/Frameworks/vImage.framework/Versions/A/Libraries/libCGInterfaces.dylib
0x000000010840b000 	/usr/lib/libobjc-trampolines.dylib
0x00007fff527bb000 	/System/Library/PrivateFrameworks/FontServices.framework/libTrueTypeScaler.dylib
0x00007fff2bd71000 	/System/Library/Extensions/AppleIntelHD4000GraphicsMTLDriver.bundle/Contents/MacOS/AppleIntelHD4000GraphicsMTLDriver
0x00007fff55d44000 	/System/Library/PrivateFrameworks/GPUCompiler.framework/Versions/3902/Libraries/libmetal_timestamp.dylib
0x00007fff68cef000 	/System/Library/PrivateFrameworks/ViewBridge.framework/Versions/A/ViewBridge
0x0000000128ed6000 	/private/var/folders/c0/d63ctn4x70q87f_r701qtxp40000gn/T/libgdxmacbookpro/f7649394/liblwjgl.dylib
0x0000000128032000 	/Library/Java/JavaVirtualMachines/jdk-15.0.2.jdk/Contents/Home/lib/libjawt.dylib
0x00007fff40a9f000 	/System/Library/Frameworks/OpenGL.framework/Versions/A/Resources/GLEngine.bundle/GLEngine
0x00007fff3fe82000 	/System/Library/Frameworks/OpenGL.framework/Versions/A/Libraries/libGLProgrammability.dylib
0x00007fff2b873000 	/System/Library/Extensions/AppleIntelHD4000GraphicsGLDriver.bundle/Contents/MacOS/AppleIntelHD4000GraphicsGLDriver
0x00007fff573f3000 	/System/Library/PrivateFrameworks/GPUSupport.framework/Versions/A/Libraries/libGPUSupportMercury.dylib
0x00007fff40c19000 	/System/Library/Frameworks/OpenGL.framework/Versions/A/Resources/GLRendererFloat.bundle/GLRendererFloat
0x00007fff3f43b000 	/System/Library/Frameworks/OpenCL.framework/Versions/A/Libraries/libcldcpuengine.dylib
0x00007fff69f81000 	/System/Library/PrivateFrameworks/login.framework/Versions/A/login


VM Arguments:
jvm_args: -Dfile.encoding=UTF-8 -Duser.country=UA -Duser.language=ru -Duser.variant 
java_command: sk.tuke.kpi.gamelib.framework.Main
java_class_path (initial): /Users/macbookpro/IdeaProjects/project-ellen/build/classes/java/main:/Users/macbookpro/IdeaProjects/project-ellen/build/resources/main:/Users/macbookpro/.gradle/caches/modules-2/files-2.1/sk.tuke.kpi.gamelib/gamelib-framework/2.6.0/bf87b88d822c6cd3a187a7cb90016e5af48489a7/gamelib-framework-2.6.0.jar:/Users/macbookpro/.gradle/caches/modules-2/files-2.1/sk.tuke.kpi.gamelib/gamelib-backend-lwjgl2/2.6.0/781718679e19e9cd26659868681f9cbe7a391ecc/gamelib-backend-lwjgl2-2.6.0.jar:/Users/macbookpro/.gradle/caches/modules-2/files-2.1/sk.tuke.kpi.gamelib/gamelib-inspector/2.6.0/6db69ef5b40f74786690f06db2cae2e18503c13c/gamelib-inspector-2.6.0.jar:/Users/macbookpro/.gradle/caches/modules-2/files-2.1/sk.tuke.kpi.gamelib/gamelib-core/2.6.0/191de4307f7dc42ad026845b3687df8d79ce22ea/gamelib-core-2.6.0.jar:/Users/macbookpro/.gradle/caches/modules-2/files-2.1/sk.tuke.kpi.oop/inspector/1.0.3/3b50ad759e2ad5fd379fd7880fc21172c691462c/inspector-1.0.3.jar:/Users/macbookpro/.gradle/caches/modules-2/files-2.1/sk.tuke.kpi.oop/inspector-annotations/1.0.3/8ec7fa0d9b8fdf63eb1da9ea2df7ba605f92bd6b/inspector-annotations-1.0.3.jar:/Users/macbookpro/.gradle/caches/modules-2/files-2.1/com.badlogicgames.gdx/gdx-backend-lwjgl/1.9.11/3c094feb74e2aef14e30e988326612ee75387c8f/gdx-backend-lwjgl-1.9.11.jar:/Users/macbookpro/.gradle/caches/modules-2/files-2.1/com.badlogicgames.gdx/gdx-freetype/1.9.11/e3d124aa5c89a2cfc134ed0c5e9dee4736a90618/gdx-freetype-1.9.11.jar:/Users/macbookpro/.gradle/caches/modules-2/files-2.1/com.badlogicgames.gdx/gdx-backend-headless/1.9.11/45391a2ac187161ea5db0f9ff71e1c6c98ecb29c/gdx-backend-headless-1.9.11.jar:/Users/macbookpro/.gradle/caches/modules-2/files-2.1/com.badlogicgames.gdx/gdx/1.9.11/69fe46897eed6f92e3f01b75cc7ca5f860881a8b/gdx-1.9.11.jar:/Users/macbookpro/.gradle/caches/modules-2/files-2.1/io.github.lukehutch/fast-classpath-scanner/3.1.9/d7b269925c9541d805f8ea1370edc2be2f04c3e/fast-classpath-scanner-3.1.9.jar:/Users/macbookpro/.gradle/caches/
Launcher Type: SUN_STANDARD

[Global flags]
     intx CICompilerCount                          = 3                                         {product} {ergonomic}
     uint ConcGCThreads                            = 1                                         {product} {ergonomic}
     uint G1ConcRefinementThreads                  = 4                                         {product} {ergonomic}
   size_t G1HeapRegionSize                         = 1048576                                   {product} {ergonomic}
    uintx GCDrainStackTargetSize                   = 64                                        {product} {ergonomic}
   size_t InitialHeapSize                          = 134217728                                 {product} {ergonomic}
   size_t MarkStackSize                            = 4194304                                   {product} {ergonomic}
   size_t MaxHeapSize                              = 2147483648                                {product} {ergonomic}
   size_t MaxNewSize                               = 1287651328                                {product} {ergonomic}
   size_t MinHeapDeltaBytes                        = 1048576                                   {product} {ergonomic}
   size_t MinHeapSize                              = 8388608                                   {product} {ergonomic}
    uintx NonNMethodCodeHeapSize                   = 5832780                                {pd product} {ergonomic}
    uintx NonProfiledCodeHeapSize                  = 122912730                              {pd product} {ergonomic}
    uintx ProfiledCodeHeapSize                     = 122912730                              {pd product} {ergonomic}
    uintx ReservedCodeCacheSize                    = 251658240                              {pd product} {ergonomic}
     bool SegmentedCodeCache                       = true                                      {product} {ergonomic}
   size_t SoftMaxHeapSize                          = 2147483648                             {manageable} {ergonomic}
     bool UseCompressedClassPointers               = true                                 {lp64_product} {ergonomic}
     bool UseCompressedOops                        = true                                 {lp64_product} {ergonomic}
     bool UseG1GC                                  = true                                      {product} {ergonomic}
     bool UseNUMA                                  = false                                     {product} {ergonomic}
     bool UseNUMAInterleaving                      = false                                     {product} {ergonomic}

Logging:
Log output configuration:
 #0: stdout all=warning uptime,level,tags
 #1: stderr all=off uptime,level,tags

Environment Variables:
PATH=/opt/local/bin:/opt/local/sbin:/Library/Frameworks/Python.framework/Versions/3.9/bin:/usr/local/bin:/usr/bin:/bin:/usr/sbin:/sbin:/Library/Apple/usr/bin
SHELL=/bin/zsh
LC_CTYPE=UTF-8

Signal Handlers:
SIGSEGV: [libjvm.dylib+0x9ff2f0], sa_mask[0]=11111111011111110111111111111111, sa_flags=SA_ONSTACK|SA_RESTART|SA_SIGINFO
SIGBUS: [libjvm.dylib+0x9ff2f0], sa_mask[0]=11111111011111110111111111111111, sa_flags=SA_RESTART|SA_SIGINFO
SIGFPE: [libjvm.dylib+0x9ff2f0], sa_mask[0]=11111111011111110111111111111111, sa_flags=SA_RESTART|SA_SIGINFO
SIGPIPE: [libjvm.dylib+0x82ae30], sa_mask[0]=11111111011111110111111111111111, sa_flags=SA_RESTART|SA_SIGINFO
SIGXFSZ: [libjvm.dylib+0x82ae30], sa_mask[0]=11111111011111110111111111111111, sa_flags=SA_RESTART|SA_SIGINFO
SIGILL: [libjvm.dylib+0x9ff2f0], sa_mask[0]=11111111011111110111111111111111, sa_flags=SA_RESTART|SA_SIGINFO
SIGUSR2: [libjvm.dylib+0x82b940], sa_mask[0]=00100000000000000000000000000000, sa_flags=SA_RESTART|SA_SIGINFO
SIGHUP: [libjvm.dylib+0x82a040], sa_mask[0]=11111111011111110111111111111111, sa_flags=SA_RESTART|SA_SIGINFO
SIGINT: [libjvm.dylib+0x82a040], sa_mask[0]=11111111011111110111111111111111, sa_flags=SA_RESTART|SA_SIGINFO
SIGTERM: [libjvm.dylib+0x82a040], sa_mask[0]=11111111011111110111111111111111, sa_flags=SA_RESTART|SA_SIGINFO
SIGQUIT: [libjvm.dylib+0x82a040], sa_mask[0]=11111111011111110111111111111111, sa_flags=SA_RESTART|SA_SIGINFO


---------------  S Y S T E M  ---------------

OS:uname: Darwin 19.6.0 Darwin Kernel Version 19.6.0: Thu Sep 16 20:58:47 PDT 2021; root:xnu-6153.141.40.1~1/RELEASE_X86_64 x86_64
OS uptime: 0 days 0:36 hours
rlimit (soft/hard): STACK 8192k/65532k , CORE 0k/infinity , NPROC 1392/2088 , NOFILE 10240/infinity , AS infinity/infinity , CPU infinity/infinity , DATA infinity/infinity , FSIZE infinity/infinity , MEMLOCK infinity/infinity , RSS infinity/infinity
load average: 1.90 2.40 3.87

CPU: total 4 (initial active 4) (2 cores per cpu, 2 threads per core) family 6 model 58 stepping 9 microcode 0x21, cmov, cx8, fxsr, mmx, sse, sse2, sse3, ssse3, sse4.1, sse4.2, popcnt, vzeroupper, avx, aes, clmul, erms, ht, tsc, tscinvbit, tscinv, clflush

Memory: 4k page, physical 8388608k(45952k free), swap 0k(0k free)

vm_info: Java HotSpot(TM) 64-Bit Server VM (15.0.2+7-27) for bsd-amd64 JRE (15.0.2+7-27), built on Dec  7 2020 20:08:32 by "mach5one" with clang 4.2.1 Compatible Apple LLVM 10.0.0 (clang-1000.11.45.5)

END.
