#
# A fatal error has been detected by the Java Runtime Environment:
#
#  SIGSEGV (0xb) at pc=0x00007fff6db30cb8, pid=14104, tid=38663
#
# JRE version: Java(TM) SE Runtime Environment (15.0.2+7) (build 15.0.2+7-27)
# Java VM: Java HotSpot(TM) 64-Bit Server VM (15.0.2+7-27, mixed mode, sharing, tiered, compressed oops, g1 gc, bsd-amd64)
# Problematic frame:
# C  [libobjc.A.dylib+0x7cb8]  objc_release+0x18
#
# No core dump will be written. Core dumps have been disabled. To enable core dumping, try "ulimit -c unlimited" before starting Java again
#
# If you would like to submit a bug report, please visit:
#   https://bugreport.java.com/bugreport/crash.jsp
# The crash happened outside the Java Virtual Machine in native code.
# See problematic frame for where to report the bug.
#

---------------  S U M M A R Y ------------

Command Line: -Dfile.encoding=UTF-8 -Duser.country=UA -Duser.language=ru -Duser.variant sk.tuke.kpi.gamelib.framework.Main

Host: MacBookPro10,2 x86_64 3000 MHz, 4 cores, 8G, Darwin 19.6.0
Time: Wed Nov  3 02:25:52 2021 CET elapsed time: 1.005927 seconds (0d 0h 0m 1s)

---------------  T H R E A D  ---------------

Current thread (0x00007fdac316e400):  JavaThread "LWJGL Application" [_thread_in_native, id=38663, stack(0x000070000ffd5000,0x00007000100d5000)]

Stack: [0x000070000ffd5000,0x00007000100d5000],  sp=0x00007000100d4488,  free space=1021k
Native frames: (J=compiled Java code, A=aot compiled Java code, j=interpreted, Vv=VM code, C=native code)
C  [libobjc.A.dylib+0x7cb8]  objc_release+0x18
C  [libobjc.A.dylib+0x83fc]  objc_autoreleasePoolPop+0xaf
C  [CoreFoundation+0x41bb9]  _CFAutoreleasePoolPop+0x16
C  [Foundation+0x1e3c1]  -[NSAutoreleasePool release]+0x81
C  [liblwjgl.dylib+0x16cce]  Java_org_lwjgl_opengl_MacOSXContextImplementation_setView+0x10e
j  org.lwjgl.opengl.MacOSXContextImplementation.setView(Ljava/nio/ByteBuffer;Ljava/nio/ByteBuffer;)V+0
j  org.lwjgl.opengl.MacOSXContextImplementation.makeCurrent(Lorg/lwjgl/opengl/PeerInfo;Ljava/nio/ByteBuffer;)V+7
j  org.lwjgl.opengl.ContextGL.makeCurrent()V+46
j  org.lwjgl.opengl.DrawableGL.makeCurrent()V+14
j  org.lwjgl.opengl.Display.makeCurrent()V+3
j  org.lwjgl.opengl.Display.makeCurrentAndSetSwapInterval()V+0
j  org.lwjgl.opengl.Display.create(Lorg/lwjgl/opengl/PixelFormat;Lorg/lwjgl/opengl/Drawable;Lorg/lwjgl/opengl/ContextAttribs;)V+108
j  org.lwjgl.opengl.Display.create(Lorg/lwjgl/opengl/PixelFormat;)V+12
j  com.badlogic.gdx.backends.lwjgl.LwjglGraphics.createDisplayPixelFormat(ZII)V+243
j  com.badlogic.gdx.backends.lwjgl.LwjglGraphics.setupDisplay()V+583
j  com.badlogic.gdx.backends.lwjgl.LwjglApplication.mainLoop()V+9
j  com.badlogic.gdx.backends.lwjgl.LwjglApplication$1.run()V+27
v  ~StubRoutines::call_stub
V  [libjvm.dylib+0x4adf62]  JavaCalls::call_helper(JavaValue*, methodHandle const&, JavaCallArguments*, Thread*)+0x2e2
V  [libjvm.dylib+0x4ace49]  JavaCalls::call_virtual(JavaValue*, Klass*, Symbol*, Symbol*, JavaCallArguments*, Thread*)+0x1e9
V  [libjvm.dylib+0x4acf13]  JavaCalls::call_virtual(JavaValue*, Handle, Klass*, Symbol*, Symbol*, Thread*)+0x63
V  [libjvm.dylib+0x557c40]  thread_entry(JavaThread*, Thread*)+0xb0
V  [libjvm.dylib+0x99921f]  JavaThread::thread_main_inner()+0xaf
V  [libjvm.dylib+0x996411]  Thread::call_run()+0x71
V  [libjvm.dylib+0x828967]  thread_native_entry(Thread*)+0x197
C  [libsystem_pthread.dylib+0x6109]  _pthread_start+0x94
C  [libsystem_pthread.dylib+0x1b8b]  thread_start+0xf

Java frames: (J=compiled Java code, j=interpreted, Vv=VM code)
j  org.lwjgl.opengl.MacOSXContextImplementation.setView(Ljava/nio/ByteBuffer;Ljava/nio/ByteBuffer;)V+0
j  org.lwjgl.opengl.MacOSXContextImplementation.makeCurrent(Lorg/lwjgl/opengl/PeerInfo;Ljava/nio/ByteBuffer;)V+7
j  org.lwjgl.opengl.ContextGL.makeCurrent()V+46
j  org.lwjgl.opengl.DrawableGL.makeCurrent()V+14
j  org.lwjgl.opengl.Display.makeCurrent()V+3
j  org.lwjgl.opengl.Display.makeCurrentAndSetSwapInterval()V+0
j  org.lwjgl.opengl.Display.create(Lorg/lwjgl/opengl/PixelFormat;Lorg/lwjgl/opengl/Drawable;Lorg/lwjgl/opengl/ContextAttribs;)V+108
j  org.lwjgl.opengl.Display.create(Lorg/lwjgl/opengl/PixelFormat;)V+12
j  com.badlogic.gdx.backends.lwjgl.LwjglGraphics.createDisplayPixelFormat(ZII)V+243
j  com.badlogic.gdx.backends.lwjgl.LwjglGraphics.setupDisplay()V+583
j  com.badlogic.gdx.backends.lwjgl.LwjglApplication.mainLoop()V+9
j  com.badlogic.gdx.backends.lwjgl.LwjglApplication$1.run()V+27
v  ~StubRoutines::call_stub

siginfo: si_signo: 11 (SIGSEGV), si_code: 1 (SEGV_MAPERR), si_addr: 0x0000000000000020

Register to memory mapping:

RAX=0x0 is NULL
RBX=0x00007fdac32e1000 points into unknown readable memory: 0x4f545541a1a1a1a1 | a1 a1 a1 a1 41 55 54 4f
RCX=0x00007fdac32e1188 points into unknown readable memory: 0xa3a3a3a3a3a3a3a3 | a3 a3 a3 a3 a3 a3 a3 a3
RDX=0x0000000000000005 is an unknown value
RSP=0x00007000100d4488 is pointing into the stack for thread: 0x00007fdac316e400
RBP=0x00007000100d44b0 is pointing into the stack for thread: 0x00007fdac316e400
RSI=0x00007fdac1407bf0 points into unknown readable memory: 0x003d80012bfd3c67 | 67 3c fd 2b 01 80 3d 00
RDI=0x00007fdac446fa90 points into unknown readable memory: 0xe000000000000000 | 00 00 00 00 00 00 00 e0
R8 =0x00000000000130a8 is an unknown value
R9 =0x0 is NULL
R10=0x000000012bfd3c60: OBJC_CLASS_$_MacOSXOpenGLView+0 in /private/var/folders/c0/d63ctn4x70q87f_r701qtxp40000gn/T/libgdxmacbookpro/f7649394/liblwjgl.dylib at 0x000000012bf95000
R11=0x00007fff31d6251d: -[NSResponder release]+0 in /System/Library/Frameworks/AppKit.framework/Versions/C/AppKit at 0x00007fff31d57000
R12=0x00007fdac17d46e0 points into unknown readable memory: 0x001dffff8c9ddbd9 | d9 db 9d 8c ff ff 1d 00
R13=0x0000000127b2faf8 is pointing into metadata
R14=0x00007fdac32e1120 points into unknown readable memory: 0x0000000000000000 | 00 00 00 00 00 00 00 00
R15=0xa3a3a3a3a3a3a3a3 is an unknown value


Registers:
RAX=0x0000000000000000, RBX=0x00007fdac32e1000, RCX=0x00007fdac32e1188, RDX=0x0000000000000005
RSP=0x00007000100d4488, RBP=0x00007000100d44b0, RSI=0x00007fdac1407bf0, RDI=0x00007fdac446fa90
R8 =0x00000000000130a8, R9 =0x0000000000000000, R10=0x000000012bfd3c60, R11=0x00007fff31d6251d
R12=0x00007fdac17d46e0, R13=0x0000000127b2faf8, R14=0x00007fdac32e1120, R15=0xa3a3a3a3a3a3a3a3
RIP=0x00007fff6db30cb8, EFLAGS=0x0000000000010246, ERR=0x0000000000000004
  TRAPNO=0x000000000000000e

Top of Stack: (sp=0x00007000100d4488)
0x00007000100d4488:   00007fff6db4c356 0000000000000000
0x00007000100d4498:   00007fdac32e1000 00007fff79062dd3
0x00007000100d44a8:   00007fdac316e728 00007000100d44d0
0x00007000100d44b8:   00007fff6db313fc 0000000000000000
0x00007000100d44c8:   00007fdac32e1120 00007000100d44f0
0x00007000100d44d8:   00007fff34af3bb9 0000000000000000
0x00007000100d44e8:   00007fdac17d46e0 00007000100d4530
0x00007000100d44f8:   00007fff371b33c1 0000000000000000
0x00007000100d4508:   00007fdac475da70 00007fdac1407bf0
0x00007000100d4518:   e7e25276e2290014 00007fdac17c45a0
0x00007000100d4528:   00007fdac155bad0 00007000100d4560
0x00007000100d4538:   000000012bfabcce 0000000127b2fb00
0x00007000100d4548:   0000000000000000 00007000100d45f8
0x00007000100d4558:   00007fdac316e400 00007000100d45d0
0x00007000100d4568:   0000000111911370 00007000100d45d0
0x00007000100d4578:   00000001119110be 0000000111911076
0x00007000100d4588:   00007000100d4588 0000000127b2faf8
0x00007000100d4598:   00007000100d45f8 0000000127b30110
0x00007000100d45a8:   0000000000000000 0000000787c74850
0x00007000100d45b8:   0000000127b2fb00 0000000000000000
0x00007000100d45c8:   00007000100d45f0 00007000100d4648
0x00007000100d45d8:   000000011190beea 0000000787c74850
0x00007000100d45e8:   000000011190e5d8 0000000787c804f8
0x00007000100d45f8:   0000000787c13070 00007000100d4600
0x00007000100d4608:   0000000127b2f9f7 00007000100d4678
0x00007000100d4618:   0000000127b30110 0000000000000000
0x00007000100d4628:   0000000787c74850 0000000127b2fa68
0x00007000100d4638:   00007000100d45f0 00007000100d4668
0x00007000100d4648:   00007000100d46d8 000000011190bf2f
0x00007000100d4658:   0000000000000000 0000000787c13070
0x00007000100d4668:   0000000787c804f8 0000000787c12fb0
0x00007000100d4678:   0000000787c74978 0000000000000001 

Instructions: (pc=0x00007fff6db30cb8)
0x00007fff6db30bb8:   90 90 66 83 7f 0e 00 74 03 31 c0 c3 48 8b 07 8b
0x00007fff6db30bc8:   57 08 48 8d 0d 1f d8 01 00 85 d2 74 38 8b 57 08
0x00007fff6db30bd8:   ff c2 81 fa 02 04 00 00 72 2b 31 f6 89 d7 48 89
0x00007fff6db30be8:   f1 d1 ef 48 ff c6 83 fa 03 89 fa 77 f1 3b 35 9d
0x00007fff6db30bf8:   51 60 27 73 0e 48 8b 15 9c 51 60 27 48 8b 4c ca
0x00007fff6db30c08:   08 eb 02 31 c9 48 39 c1 0f 94 c0 c3 90 90 90 90
0x00007fff6db30c18:   90 90 90 90 90 90 90 90 90 90 90 55 48 89 e5 41
0x00007fff6db30c28:   56 53 89 fb 41 89 fe 49 c1 e6 04 be 01 00 00 00
0x00007fff6db30c38:   4c 89 f7 e8 d2 d0 01 00 49 89 44 06 f8 49 c7 44
0x00007fff6db30c48:   06 f0 01 00 00 00 80 3d 55 53 60 27 00 74 2e 31
0x00007fff6db30c58:   c9 83 fb 02 72 14 31 c9 89 da d1 ea ff c1 83 fb
0x00007fff6db30c68:   03 89 d3 77 f5 83 f9 0f 77 0c 89 c9 48 8d 15 d5
0x00007fff6db30c78:   50 60 27 ff 04 8a 48 ff 05 0b 51 60 27 5b 41 5e
0x00007fff6db30c88:   5d c3 90 90 90 90 90 90 90 90 90 90 90 90 90 90
0x00007fff6db30c98:   e9 65 3e 00 00 90 90 90 48 85 ff 74 64 40 f6 c7
0x00007fff6db30ca8:   01 75 5e 48 b8 f8 ff ff ff ff 7f 00 00 48 23 07
0x00007fff6db30cb8:   f6 40 20 04 74 69 48 b9 00 00 00 00 00 00 00 01
0x00007fff6db30cc8:   48 ba 00 00 00 00 00 00 40 00 48 8b 07 a8 01 74
0x00007fff6db30cd8:   3e 48 89 c6 48 29 ce 73 21 48 0f ba e0 37 72 4c
0x00007fff6db30ce8:   48 0f ba e0 36 0f 82 75 ad 01 00 48 89 c6 48 09
0x00007fff6db30cf8:   d6 f0 48 0f b1 37 75 d2 eb 08 f0 48 0f b1 37 75
0x00007fff6db30d08:   c9 c3 48 8b 35 df 41 60 27 ff 25 61 23 60 27 f6
0x00007fff6db30d18:   40 1c 01 75 ec be 01 00 00 00 e9 d7 56 00 00 48
0x00007fff6db30d28:   8b 35 f2 40 60 27 ff 25 44 23 60 27 be 01 00 00
0x00007fff6db30d38:   00 e9 c6 59 00 00 90 e9 04 00 00 00 90 90 90 90
0x00007fff6db30d48:   55 48 89 e5 53 50 48 89 fb f6 c3 01 75 21 48 b8
0x00007fff6db30d58:   07 00 00 00 00 00 a0 00 48 23 03 48 83 f8 01 75
0x00007fff6db30d68:   15 48 89 df 48 83 c4 08 5b 5d e9 ef cf 01 00 48
0x00007fff6db30d78:   83 c4 08 5b 5d c3 48 89 df e8 38 00 00 00 eb e1
0x00007fff6db30d88:   90 90 90 90 48 85 ff 74 1c 55 48 89 e5 53 50 48
0x00007fff6db30d98:   89 fb e8 1f 00 00 00 48 89 df e8 bf cf 01 00 48
0x00007fff6db30da8:   83 c4 08 5b 5d 31 c0 c3 90 90 90 90 90 90 90 90 


Stack slot to memory mapping:
stack at sp + 0 slots: 0x00007fff6db4c356: _ZN19AutoreleasePoolPage12releaseUntilEPP11objc_object+0x86 in /usr/lib/libobjc.A.dylib at 0x00007fff6db29000
stack at sp + 1 slots: 0x0 is NULL
stack at sp + 2 slots: 0x00007fdac32e1000 points into unknown readable memory: 0x4f545541a1a1a1a1 | a1 a1 a1 a1 41 55 54 4f
stack at sp + 3 slots: 0x00007fff79062dd3: GCC_except_table741+0xb50af17 in /usr/lib/libobjc.A.dylib at 0x00007fff6db29000
stack at sp + 4 slots: 0x00007fdac316e728 points into unknown readable memory: 0x00000001093faf70 | 70 af 3f 09 01 00 00 00
stack at sp + 5 slots: 0x00007000100d44d0 is pointing into the stack for thread: 0x00007fdac316e400
stack at sp + 6 slots: 0x00007fff6db313fc: objc_autoreleasePoolPop+0xaf in /usr/lib/libobjc.A.dylib at 0x00007fff6db29000
stack at sp + 7 slots: 0x0 is NULL


---------------  P R O C E S S  ---------------

Threads class SMR info:
_java_thread_list=0x00007fdac17c9080, length=13, elements={
0x00007fdac309bc00, 0x00007fdac1837400, 0x00007fdac1838600, 0x00007fdac1848400,
0x00007fdac1848a00, 0x00007fdac1839400, 0x00007fdac1839a00, 0x00007fdac309c200,
0x00007fdac309e000, 0x00007fdac316e400, 0x00007fdac1900000, 0x00007fdac1835200,
0x00007fdac3303a00
}

Java Threads: ( => current thread )
  0x00007fdac309bc00 JavaThread "Reference Handler" daemon [_thread_blocked, id=15107, stack(0x000070000f2ab000,0x000070000f3ab000)]
  0x00007fdac1837400 JavaThread "Finalizer" daemon [_thread_blocked, id=15619, stack(0x000070000f3ae000,0x000070000f4ae000)]
  0x00007fdac1838600 JavaThread "Signal Dispatcher" daemon [_thread_blocked, id=22531, stack(0x000070000f5b7000,0x000070000f6b7000)]
  0x00007fdac1848400 JavaThread "Service Thread" daemon [_thread_blocked, id=23043, stack(0x000070000f6ba000,0x000070000f7ba000)]
  0x00007fdac1848a00 JavaThread "C2 CompilerThread0" daemon [_thread_blocked, id=23299, stack(0x000070000f7bd000,0x000070000f8bd000)]
  0x00007fdac1839400 JavaThread "C1 CompilerThread0" daemon [_thread_blocked, id=23811, stack(0x000070000f8c0000,0x000070000f9c0000)]
  0x00007fdac1839a00 JavaThread "Sweeper thread" daemon [_thread_blocked, id=24579, stack(0x000070000f9c3000,0x000070000fac3000)]
  0x00007fdac309c200 JavaThread "Notification Thread" daemon [_thread_blocked, id=25347, stack(0x000070000fac6000,0x000070000fbc6000)]
  0x00007fdac309e000 JavaThread "Common-Cleaner" daemon [_thread_blocked, id=39427, stack(0x000070000fccc000,0x000070000fdcc000)]
=>0x00007fdac316e400 JavaThread "LWJGL Application" [_thread_in_native, id=38663, stack(0x000070000ffd5000,0x00007000100d5000)]
  0x00007fdac1900000 JavaThread "DestroyJavaVM" [_thread_blocked, id=5891, stack(0x000070000eb96000,0x000070000ec96000)]
  0x00007fdac1835200 JavaThread "AppKit Thread" daemon [_thread_in_native, id=775, stack(0x00007ffee7a16000,0x00007ffee8216000)]
  0x00007fdac3303a00 JavaThread "AWT-Shutdown" [_thread_blocked, id=85763, stack(0x00007000100d8000,0x00007000101d8000)]

Other Threads:
  0x00007fdac141aab0 VMThread "VM Thread" [stack: 0x000070000f1a8000,0x000070000f2a8000] [id=18435]
  0x00007fdac1746f00 WatcherThread [stack: 0x000070000fbc9000,0x000070000fcc9000] [id=25603]
  0x00007fdac171b750 GCTaskThread "GC Thread#0" [stack: 0x000070000ec99000,0x000070000ed99000] [id=19715]
  0x00007fdac179c3a0 GCTaskThread "GC Thread#1" [stack: 0x000070000fdcf000,0x000070000fecf000] [id=27911]
  0x00007fdac179f580 GCTaskThread "GC Thread#2" [stack: 0x000070000fed2000,0x000070000ffd2000] [id=28167]
  0x00007fdac171c8d0 ConcurrentGCThread "G1 Main Marker" [stack: 0x000070000ed9c000,0x000070000ee9c000] [id=12803]
  0x00007fdac171d9a0 ConcurrentGCThread "G1 Conc#0" [stack: 0x000070000ee9f000,0x000070000ef9f000] [id=19459]
  0x00007fdac17393d0 ConcurrentGCThread "G1 Refine#0" [stack: 0x000070000efa2000,0x000070000f0a2000] [id=14339]
  0x00007fdac173a450 ConcurrentGCThread "G1 Young RemSet Sampling" [stack: 0x000070000f0a5000,0x000070000f1a5000] [id=18947]

Threads with active compile tasks:

VM state: not at safepoint (normal execution)

VM Mutex/Monitor currently owned by a thread: None

Heap address: 0x0000000780000000, size: 2048 MB, Compressed Oops mode: Zero based, Oop shift amount: 3
CDS archive(s) mapped at: [0x0000000800000000-0x0000000800b2d000-0x0000000800b2d000), size 11718656, SharedBaseAddress: 0x0000000800000000, ArchiveRelocationMode: 0.
Compressed class space mapped at: 0x0000000800b30000-0x0000000840b30000, size: 1073741824
Narrow klass base: 0x0000000800000000, Narrow klass shift: 3, Narrow klass range: 0x100000000

GC Precious Log:
 CPUs: 4 total, 4 available
 Memory: 8192M
 Large Page Support: Disabled
 NUMA Support: Disabled
 Compressed Oops: Enabled (Zero based)
 Heap Region Size: 1M
 Heap Min Capacity: 8M
 Heap Initial Capacity: 128M
 Heap Max Capacity: 2G
 Pre-touch: Disabled
 Parallel Workers: 4
 Concurrent Workers: 1
 Concurrent Refinement Workers: 4
 Periodic GC: Disabled

Heap:
 garbage-first heap   total 133120K, used 7194K [0x0000000780000000, 0x0000000800000000)
  region size 1024K, 6 young (6144K), 2 survivors (2048K)
 Metaspace       used 5418K, capacity 6987K, committed 7168K, reserved 1056768K
  class space    used 514K, capacity 662K, committed 768K, reserved 1048576K

Heap Regions: E=young(eden), S=young(survivor), O=old, HS=humongous(starts), HC=humongous(continues), CS=collection set, F=free, OA=open archive, CA=closed archive, TAMS=top-at-mark-start (previous, next)
|   0|0x0000000780000000, 0x0000000780100000, 0x0000000780100000|100%| O|  |TAMS 0x0000000780000000, 0x0000000780000000| Untracked 
|   1|0x0000000780100000, 0x000000078013ca00, 0x0000000780200000| 23%| O|  |TAMS 0x0000000780100000, 0x0000000780100000| Untracked 
|   2|0x0000000780200000, 0x0000000780200000, 0x0000000780300000|  0%| F|  |TAMS 0x0000000780200000, 0x0000000780200000| Untracked 
|   3|0x0000000780300000, 0x0000000780300000, 0x0000000780400000|  0%| F|  |TAMS 0x0000000780300000, 0x0000000780300000| Untracked 
|   4|0x0000000780400000, 0x0000000780400000, 0x0000000780500000|  0%| F|  |TAMS 0x0000000780400000, 0x0000000780400000| Untracked 
|   5|0x0000000780500000, 0x0000000780500000, 0x0000000780600000|  0%| F|  |TAMS 0x0000000780500000, 0x0000000780500000| Untracked 
|   6|0x0000000780600000, 0x0000000780600000, 0x0000000780700000|  0%| F|  |TAMS 0x0000000780600000, 0x0000000780600000| Untracked 
|   7|0x0000000780700000, 0x0000000780700000, 0x0000000780800000|  0%| F|  |TAMS 0x0000000780700000, 0x0000000780700000| Untracked 
|   8|0x0000000780800000, 0x0000000780800000, 0x0000000780900000|  0%| F|  |TAMS 0x0000000780800000, 0x0000000780800000| Untracked 
|   9|0x0000000780900000, 0x0000000780900000, 0x0000000780a00000|  0%| F|  |TAMS 0x0000000780900000, 0x0000000780900000| Untracked 
|  10|0x0000000780a00000, 0x0000000780a00000, 0x0000000780b00000|  0%| F|  |TAMS 0x0000000780a00000, 0x0000000780a00000| Untracked 
|  11|0x0000000780b00000, 0x0000000780b00000, 0x0000000780c00000|  0%| F|  |TAMS 0x0000000780b00000, 0x0000000780b00000| Untracked 
|  12|0x0000000780c00000, 0x0000000780c00000, 0x0000000780d00000|  0%| F|  |TAMS 0x0000000780c00000, 0x0000000780c00000| Untracked 
|  13|0x0000000780d00000, 0x0000000780d00000, 0x0000000780e00000|  0%| F|  |TAMS 0x0000000780d00000, 0x0000000780d00000| Untracked 
|  14|0x0000000780e00000, 0x0000000780e00000, 0x0000000780f00000|  0%| F|  |TAMS 0x0000000780e00000, 0x0000000780e00000| Untracked 
|  15|0x0000000780f00000, 0x0000000780f00000, 0x0000000781000000|  0%| F|  |TAMS 0x0000000780f00000, 0x0000000780f00000| Untracked 
|  16|0x0000000781000000, 0x0000000781000000, 0x0000000781100000|  0%| F|  |TAMS 0x0000000781000000, 0x0000000781000000| Untracked 
|  17|0x0000000781100000, 0x0000000781100000, 0x0000000781200000|  0%| F|  |TAMS 0x0000000781100000, 0x0000000781100000| Untracked 
|  18|0x0000000781200000, 0x0000000781200000, 0x0000000781300000|  0%| F|  |TAMS 0x0000000781200000, 0x0000000781200000| Untracked 
|  19|0x0000000781300000, 0x0000000781300000, 0x0000000781400000|  0%| F|  |TAMS 0x0000000781300000, 0x0000000781300000| Untracked 
|  20|0x0000000781400000, 0x0000000781400000, 0x0000000781500000|  0%| F|  |TAMS 0x0000000781400000, 0x0000000781400000| Untracked 
|  21|0x0000000781500000, 0x0000000781500000, 0x0000000781600000|  0%| F|  |TAMS 0x0000000781500000, 0x0000000781500000| Untracked 
|  22|0x0000000781600000, 0x0000000781600000, 0x0000000781700000|  0%| F|  |TAMS 0x0000000781600000, 0x0000000781600000| Untracked 
|  23|0x0000000781700000, 0x0000000781700000, 0x0000000781800000|  0%| F|  |TAMS 0x0000000781700000, 0x0000000781700000| Untracked 
|  24|0x0000000781800000, 0x0000000781800000, 0x0000000781900000|  0%| F|  |TAMS 0x0000000781800000, 0x0000000781800000| Untracked 
|  25|0x0000000781900000, 0x0000000781900000, 0x0000000781a00000|  0%| F|  |TAMS 0x0000000781900000, 0x0000000781900000| Untracked 
|  26|0x0000000781a00000, 0x0000000781a00000, 0x0000000781b00000|  0%| F|  |TAMS 0x0000000781a00000, 0x0000000781a00000| Untracked 
|  27|0x0000000781b00000, 0x0000000781b00000, 0x0000000781c00000|  0%| F|  |TAMS 0x0000000781b00000, 0x0000000781b00000| Untracked 
|  28|0x0000000781c00000, 0x0000000781c00000, 0x0000000781d00000|  0%| F|  |TAMS 0x0000000781c00000, 0x0000000781c00000| Untracked 
|  29|0x0000000781d00000, 0x0000000781d00000, 0x0000000781e00000|  0%| F|  |TAMS 0x0000000781d00000, 0x0000000781d00000| Untracked 
|  30|0x0000000781e00000, 0x0000000781e00000, 0x0000000781f00000|  0%| F|  |TAMS 0x0000000781e00000, 0x0000000781e00000| Untracked 
|  31|0x0000000781f00000, 0x0000000781f00000, 0x0000000782000000|  0%| F|  |TAMS 0x0000000781f00000, 0x0000000781f00000| Untracked 
|  32|0x0000000782000000, 0x0000000782000000, 0x0000000782100000|  0%| F|  |TAMS 0x0000000782000000, 0x0000000782000000| Untracked 
|  33|0x0000000782100000, 0x0000000782100000, 0x0000000782200000|  0%| F|  |TAMS 0x0000000782100000, 0x0000000782100000| Untracked 
|  34|0x0000000782200000, 0x0000000782200000, 0x0000000782300000|  0%| F|  |TAMS 0x0000000782200000, 0x0000000782200000| Untracked 
|  35|0x0000000782300000, 0x0000000782300000, 0x0000000782400000|  0%| F|  |TAMS 0x0000000782300000, 0x0000000782300000| Untracked 
|  36|0x0000000782400000, 0x0000000782400000, 0x0000000782500000|  0%| F|  |TAMS 0x0000000782400000, 0x0000000782400000| Untracked 
|  37|0x0000000782500000, 0x0000000782500000, 0x0000000782600000|  0%| F|  |TAMS 0x0000000782500000, 0x0000000782500000| Untracked 
|  38|0x0000000782600000, 0x0000000782600000, 0x0000000782700000|  0%| F|  |TAMS 0x0000000782600000, 0x0000000782600000| Untracked 
|  39|0x0000000782700000, 0x0000000782700000, 0x0000000782800000|  0%| F|  |TAMS 0x0000000782700000, 0x0000000782700000| Untracked 
|  40|0x0000000782800000, 0x0000000782800000, 0x0000000782900000|  0%| F|  |TAMS 0x0000000782800000, 0x0000000782800000| Untracked 
|  41|0x0000000782900000, 0x0000000782900000, 0x0000000782a00000|  0%| F|  |TAMS 0x0000000782900000, 0x0000000782900000| Untracked 
|  42|0x0000000782a00000, 0x0000000782a00000, 0x0000000782b00000|  0%| F|  |TAMS 0x0000000782a00000, 0x0000000782a00000| Untracked 
|  43|0x0000000782b00000, 0x0000000782b00000, 0x0000000782c00000|  0%| F|  |TAMS 0x0000000782b00000, 0x0000000782b00000| Untracked 
|  44|0x0000000782c00000, 0x0000000782c00000, 0x0000000782d00000|  0%| F|  |TAMS 0x0000000782c00000, 0x0000000782c00000| Untracked 
|  45|0x0000000782d00000, 0x0000000782d00000, 0x0000000782e00000|  0%| F|  |TAMS 0x0000000782d00000, 0x0000000782d00000| Untracked 
|  46|0x0000000782e00000, 0x0000000782e00000, 0x0000000782f00000|  0%| F|  |TAMS 0x0000000782e00000, 0x0000000782e00000| Untracked 
|  47|0x0000000782f00000, 0x0000000782f00000, 0x0000000783000000|  0%| F|  |TAMS 0x0000000782f00000, 0x0000000782f00000| Untracked 
|  48|0x0000000783000000, 0x0000000783000000, 0x0000000783100000|  0%| F|  |TAMS 0x0000000783000000, 0x0000000783000000| Untracked 
|  49|0x0000000783100000, 0x0000000783100000, 0x0000000783200000|  0%| F|  |TAMS 0x0000000783100000, 0x0000000783100000| Untracked 
|  50|0x0000000783200000, 0x0000000783200000, 0x0000000783300000|  0%| F|  |TAMS 0x0000000783200000, 0x0000000783200000| Untracked 
|  51|0x0000000783300000, 0x0000000783300000, 0x0000000783400000|  0%| F|  |TAMS 0x0000000783300000, 0x0000000783300000| Untracked 
|  52|0x0000000783400000, 0x0000000783400000, 0x0000000783500000|  0%| F|  |TAMS 0x0000000783400000, 0x0000000783400000| Untracked 
|  53|0x0000000783500000, 0x0000000783500000, 0x0000000783600000|  0%| F|  |TAMS 0x0000000783500000, 0x0000000783500000| Untracked 
|  54|0x0000000783600000, 0x0000000783600000, 0x0000000783700000|  0%| F|  |TAMS 0x0000000783600000, 0x0000000783600000| Untracked 
|  55|0x0000000783700000, 0x0000000783700000, 0x0000000783800000|  0%| F|  |TAMS 0x0000000783700000, 0x0000000783700000| Untracked 
|  56|0x0000000783800000, 0x0000000783800000, 0x0000000783900000|  0%| F|  |TAMS 0x0000000783800000, 0x0000000783800000| Untracked 
|  57|0x0000000783900000, 0x0000000783900000, 0x0000000783a00000|  0%| F|  |TAMS 0x0000000783900000, 0x0000000783900000| Untracked 
|  58|0x0000000783a00000, 0x0000000783a00000, 0x0000000783b00000|  0%| F|  |TAMS 0x0000000783a00000, 0x0000000783a00000| Untracked 
|  59|0x0000000783b00000, 0x0000000783b00000, 0x0000000783c00000|  0%| F|  |TAMS 0x0000000783b00000, 0x0000000783b00000| Untracked 
|  60|0x0000000783c00000, 0x0000000783c00000, 0x0000000783d00000|  0%| F|  |TAMS 0x0000000783c00000, 0x0000000783c00000| Untracked 
|  61|0x0000000783d00000, 0x0000000783d00000, 0x0000000783e00000|  0%| F|  |TAMS 0x0000000783d00000, 0x0000000783d00000| Untracked 
|  62|0x0000000783e00000, 0x0000000783e00000, 0x0000000783f00000|  0%| F|  |TAMS 0x0000000783e00000, 0x0000000783e00000| Untracked 
|  63|0x0000000783f00000, 0x0000000783f00000, 0x0000000784000000|  0%| F|  |TAMS 0x0000000783f00000, 0x0000000783f00000| Untracked 
|  64|0x0000000784000000, 0x0000000784000000, 0x0000000784100000|  0%| F|  |TAMS 0x0000000784000000, 0x0000000784000000| Untracked 
|  65|0x0000000784100000, 0x0000000784100000, 0x0000000784200000|  0%| F|  |TAMS 0x0000000784100000, 0x0000000784100000| Untracked 
|  66|0x0000000784200000, 0x0000000784200000, 0x0000000784300000|  0%| F|  |TAMS 0x0000000784200000, 0x0000000784200000| Untracked 
|  67|0x0000000784300000, 0x0000000784300000, 0x0000000784400000|  0%| F|  |TAMS 0x0000000784300000, 0x0000000784300000| Untracked 
|  68|0x0000000784400000, 0x0000000784400000, 0x0000000784500000|  0%| F|  |TAMS 0x0000000784400000, 0x0000000784400000| Untracked 
|  69|0x0000000784500000, 0x0000000784500000, 0x0000000784600000|  0%| F|  |TAMS 0x0000000784500000, 0x0000000784500000| Untracked 
|  70|0x0000000784600000, 0x0000000784600000, 0x0000000784700000|  0%| F|  |TAMS 0x0000000784600000, 0x0000000784600000| Untracked 
|  71|0x0000000784700000, 0x0000000784700000, 0x0000000784800000|  0%| F|  |TAMS 0x0000000784700000, 0x0000000784700000| Untracked 
|  72|0x0000000784800000, 0x0000000784800000, 0x0000000784900000|  0%| F|  |TAMS 0x0000000784800000, 0x0000000784800000| Untracked 
|  73|0x0000000784900000, 0x0000000784900000, 0x0000000784a00000|  0%| F|  |TAMS 0x0000000784900000, 0x0000000784900000| Untracked 
|  74|0x0000000784a00000, 0x0000000784a00000, 0x0000000784b00000|  0%| F|  |TAMS 0x0000000784a00000, 0x0000000784a00000| Untracked 
|  75|0x0000000784b00000, 0x0000000784b00000, 0x0000000784c00000|  0%| F|  |TAMS 0x0000000784b00000, 0x0000000784b00000| Untracked 
|  76|0x0000000784c00000, 0x0000000784c00000, 0x0000000784d00000|  0%| F|  |TAMS 0x0000000784c00000, 0x0000000784c00000| Untracked 
|  77|0x0000000784d00000, 0x0000000784d00000, 0x0000000784e00000|  0%| F|  |TAMS 0x0000000784d00000, 0x0000000784d00000| Untracked 
|  78|0x0000000784e00000, 0x0000000784e00000, 0x0000000784f00000|  0%| F|  |TAMS 0x0000000784e00000, 0x0000000784e00000| Untracked 
|  79|0x0000000784f00000, 0x0000000784f00000, 0x0000000785000000|  0%| F|  |TAMS 0x0000000784f00000, 0x0000000784f00000| Untracked 
|  80|0x0000000785000000, 0x0000000785000000, 0x0000000785100000|  0%| F|  |TAMS 0x0000000785000000, 0x0000000785000000| Untracked 
|  81|0x0000000785100000, 0x0000000785100000, 0x0000000785200000|  0%| F|  |TAMS 0x0000000785100000, 0x0000000785100000| Untracked 
|  82|0x0000000785200000, 0x0000000785200000, 0x0000000785300000|  0%| F|  |TAMS 0x0000000785200000, 0x0000000785200000| Untracked 
|  83|0x0000000785300000, 0x0000000785300000, 0x0000000785400000|  0%| F|  |TAMS 0x0000000785300000, 0x0000000785300000| Untracked 
|  84|0x0000000785400000, 0x0000000785400000, 0x0000000785500000|  0%| F|  |TAMS 0x0000000785400000, 0x0000000785400000| Untracked 
|  85|0x0000000785500000, 0x0000000785500000, 0x0000000785600000|  0%| F|  |TAMS 0x0000000785500000, 0x0000000785500000| Untracked 
|  86|0x0000000785600000, 0x0000000785600000, 0x0000000785700000|  0%| F|  |TAMS 0x0000000785600000, 0x0000000785600000| Untracked 
|  87|0x0000000785700000, 0x0000000785700000, 0x0000000785800000|  0%| F|  |TAMS 0x0000000785700000, 0x0000000785700000| Untracked 
|  88|0x0000000785800000, 0x0000000785800000, 0x0000000785900000|  0%| F|  |TAMS 0x0000000785800000, 0x0000000785800000| Untracked 
|  89|0x0000000785900000, 0x0000000785900000, 0x0000000785a00000|  0%| F|  |TAMS 0x0000000785900000, 0x0000000785900000| Untracked 
|  90|0x0000000785a00000, 0x0000000785a00000, 0x0000000785b00000|  0%| F|  |TAMS 0x0000000785a00000, 0x0000000785a00000| Untracked 
|  91|0x0000000785b00000, 0x0000000785b00000, 0x0000000785c00000|  0%| F|  |TAMS 0x0000000785b00000, 0x0000000785b00000| Untracked 
|  92|0x0000000785c00000, 0x0000000785c00000, 0x0000000785d00000|  0%| F|  |TAMS 0x0000000785c00000, 0x0000000785c00000| Untracked 
|  93|0x0000000785d00000, 0x0000000785d00000, 0x0000000785e00000|  0%| F|  |TAMS 0x0000000785d00000, 0x0000000785d00000| Untracked 
|  94|0x0000000785e00000, 0x0000000785e00000, 0x0000000785f00000|  0%| F|  |TAMS 0x0000000785e00000, 0x0000000785e00000| Untracked 
|  95|0x0000000785f00000, 0x0000000785f00000, 0x0000000786000000|  0%| F|  |TAMS 0x0000000785f00000, 0x0000000785f00000| Untracked 
|  96|0x0000000786000000, 0x0000000786000000, 0x0000000786100000|  0%| F|  |TAMS 0x0000000786000000, 0x0000000786000000| Untracked 
|  97|0x0000000786100000, 0x0000000786100000, 0x0000000786200000|  0%| F|  |TAMS 0x0000000786100000, 0x0000000786100000| Untracked 
|  98|0x0000000786200000, 0x0000000786200000, 0x0000000786300000|  0%| F|  |TAMS 0x0000000786200000, 0x0000000786200000| Untracked 
|  99|0x0000000786300000, 0x0000000786300000, 0x0000000786400000|  0%| F|  |TAMS 0x0000000786300000, 0x0000000786300000| Untracked 
| 100|0x0000000786400000, 0x0000000786400000, 0x0000000786500000|  0%| F|  |TAMS 0x0000000786400000, 0x0000000786400000| Untracked 
| 101|0x0000000786500000, 0x0000000786500000, 0x0000000786600000|  0%| F|  |TAMS 0x0000000786500000, 0x0000000786500000| Untracked 
| 102|0x0000000786600000, 0x0000000786600000, 0x0000000786700000|  0%| F|  |TAMS 0x0000000786600000, 0x0000000786600000| Untracked 
| 103|0x0000000786700000, 0x0000000786700000, 0x0000000786800000|  0%| F|  |TAMS 0x0000000786700000, 0x0000000786700000| Untracked 
| 104|0x0000000786800000, 0x0000000786800000, 0x0000000786900000|  0%| F|  |TAMS 0x0000000786800000, 0x0000000786800000| Untracked 
| 105|0x0000000786900000, 0x0000000786900000, 0x0000000786a00000|  0%| F|  |TAMS 0x0000000786900000, 0x0000000786900000| Untracked 
| 106|0x0000000786a00000, 0x0000000786a00000, 0x0000000786b00000|  0%| F|  |TAMS 0x0000000786a00000, 0x0000000786a00000| Untracked 
| 107|0x0000000786b00000, 0x0000000786b00000, 0x0000000786c00000|  0%| F|  |TAMS 0x0000000786b00000, 0x0000000786b00000| Untracked 
| 108|0x0000000786c00000, 0x0000000786c00000, 0x0000000786d00000|  0%| F|  |TAMS 0x0000000786c00000, 0x0000000786c00000| Untracked 
| 109|0x0000000786d00000, 0x0000000786d00000, 0x0000000786e00000|  0%| F|  |TAMS 0x0000000786d00000, 0x0000000786d00000| Untracked 
| 110|0x0000000786e00000, 0x0000000786e00000, 0x0000000786f00000|  0%| F|  |TAMS 0x0000000786e00000, 0x0000000786e00000| Untracked 
| 111|0x0000000786f00000, 0x0000000786f00000, 0x0000000787000000|  0%| F|  |TAMS 0x0000000786f00000, 0x0000000786f00000| Untracked 
| 112|0x0000000787000000, 0x0000000787000000, 0x0000000787100000|  0%| F|  |TAMS 0x0000000787000000, 0x0000000787000000| Untracked 
| 113|0x0000000787100000, 0x0000000787200000, 0x0000000787200000|100%| S|CS|TAMS 0x0000000787100000, 0x0000000787100000| Complete 
| 114|0x0000000787200000, 0x0000000787300000, 0x0000000787300000|100%| S|CS|TAMS 0x0000000787200000, 0x0000000787200000| Complete 
| 115|0x0000000787300000, 0x0000000787300000, 0x0000000787400000|  0%| F|  |TAMS 0x0000000787300000, 0x0000000787300000| Untracked 
| 116|0x0000000787400000, 0x0000000787400000, 0x0000000787500000|  0%| F|  |TAMS 0x0000000787400000, 0x0000000787400000| Untracked 
| 117|0x0000000787500000, 0x0000000787500000, 0x0000000787600000|  0%| F|  |TAMS 0x0000000787500000, 0x0000000787500000| Untracked 
| 118|0x0000000787600000, 0x0000000787600000, 0x0000000787700000|  0%| F|  |TAMS 0x0000000787600000, 0x0000000787600000| Untracked 
| 119|0x0000000787700000, 0x0000000787700000, 0x0000000787800000|  0%| F|  |TAMS 0x0000000787700000, 0x0000000787700000| Untracked 
| 120|0x0000000787800000, 0x0000000787800000, 0x0000000787900000|  0%| F|  |TAMS 0x0000000787800000, 0x0000000787800000| Untracked 
| 121|0x0000000787900000, 0x0000000787900000, 0x0000000787a00000|  0%| F|  |TAMS 0x0000000787900000, 0x0000000787900000| Untracked 
| 122|0x0000000787a00000, 0x0000000787a00000, 0x0000000787b00000|  0%| F|  |TAMS 0x0000000787a00000, 0x0000000787a00000| Untracked 
| 123|0x0000000787b00000, 0x0000000787b00000, 0x0000000787c00000|  0%| F|  |TAMS 0x0000000787b00000, 0x0000000787b00000| Untracked 
| 124|0x0000000787c00000, 0x0000000787c922b8, 0x0000000787d00000| 57%| E|  |TAMS 0x0000000787c00000, 0x0000000787c00000| Complete 
| 125|0x0000000787d00000, 0x0000000787e00000, 0x0000000787e00000|100%| E|CS|TAMS 0x0000000787d00000, 0x0000000787d00000| Complete 
| 126|0x0000000787e00000, 0x0000000787f00000, 0x0000000787f00000|100%| E|CS|TAMS 0x0000000787e00000, 0x0000000787e00000| Complete 
| 127|0x0000000787f00000, 0x0000000788000000, 0x0000000788000000|100%| E|CS|TAMS 0x0000000787f00000, 0x0000000787f00000| Complete 
|1022|0x00000007bfe00000, 0x00000007bfe51000, 0x00000007bff00000| 31%|OA|  |TAMS 0x00000007bfe00000, 0x00000007bfe00000| Untracked 
|1023|0x00000007bff00000, 0x00000007bff79000, 0x00000007c0000000| 47%|CA|  |TAMS 0x00000007bff00000, 0x00000007bff00000| Untracked 

Card table byte_map: [0x0000000120d02000,0x0000000121102000] _byte_map_base: 0x000000011d102000

Marking Bits (Prev, Next): (CMBitMap*) 0x00007fdac303b410, (CMBitMap*) 0x00007fdac303b450
 Prev Bits: [0x0000000121502000, 0x0000000123502000)
 Next Bits: [0x0000000123502000, 0x0000000125502000)

Polling page: 0x0000000107a24000

Metaspace:

Usage:
  Non-class:      6.18 MB capacity,     4.79 MB ( 78%) used,     1.38 MB ( 22%) free+waste,     8.50 KB ( <1%) overhead. 
      Class:    662.00 KB capacity,   514.04 KB ( 78%) used,   144.34 KB ( 22%) free+waste,     3.62 KB ( <1%) overhead. 
       Both:      6.82 MB capacity,     5.29 MB ( 78%) used,     1.52 MB ( 22%) free+waste,    12.12 KB ( <1%) overhead. 

Virtual space:
  Non-class space:        8.00 MB reserved,       6.25 MB ( 78%) committed 
      Class space:        1.00 GB reserved,     768.00 KB ( <1%) committed 
             Both:        1.01 GB reserved,       7.00 MB ( <1%) committed 

Chunk freelists:
   Non-Class:  59.00 KB
       Class:  10.00 KB
        Both:  69.00 KB

MaxMetaspaceSize: 17179869184.00 GB
CompressedClassSpaceSize: 1.00 GB

CodeHeap 'non-profiled nmethods': size=120032Kb used=258Kb max_used=258Kb free=119773Kb
 bounds [0x00000001193ca000, 0x000000011963a000, 0x0000000120902000]
CodeHeap 'profiled nmethods': size=120028Kb used=1358Kb max_used=1358Kb free=118669Kb
 bounds [0x0000000111e93000, 0x0000000112103000, 0x00000001193ca000]
CodeHeap 'non-nmethods': size=5700Kb used=1162Kb max_used=1176Kb free=4537Kb
 bounds [0x0000000111902000, 0x0000000111b72000, 0x0000000111e93000]
 total_blobs=1284 nmethods=863 adapters=335
 compilation: enabled
              stopped_count=0, restarted_count=0
 full_count=0

Compilation events (20 events):
Event: 0.929 Thread 0x00007fdac1839400 nmethod 853 0x0000000111fe3c10 code [0x0000000111fe3de0, 0x0000000111fe41e0]
Event: 0.929 Thread 0x00007fdac1848a00 nmethod 854 0x0000000119409a90 code [0x0000000119409c00, 0x0000000119409c78]
Event: 0.958 Thread 0x00007fdac1848a00  855       4       java.lang.StringCoding::newStringUTF8NoRepl (56 bytes)
Event: 0.962 Thread 0x00007fdac1839400  856       3       java.lang.Integer::stringSize (47 bytes)
Event: 0.962 Thread 0x00007fdac1839400 nmethod 856 0x0000000111fe4390 code [0x0000000111fe4520, 0x0000000111fe4750]
Event: 0.962 Thread 0x00007fdac1839400  857       3       java.lang.Integer::getChars (131 bytes)
Event: 0.963 Thread 0x00007fdac1839400 nmethod 857 0x0000000111fe4810 code [0x0000000111fe49e0, 0x0000000111fe4e10]
Event: 0.963 Thread 0x00007fdac1839400  858       3       java.lang.StringBuilder::append (8 bytes)
Event: 0.963 Thread 0x00007fdac1839400 nmethod 858 0x0000000111fe5090 code [0x0000000111fe5220, 0x0000000111fe5360]
Event: 0.963 Thread 0x00007fdac1839400  859       3       java.lang.AbstractStringBuilder::append (55 bytes)
Event: 0.963 Thread 0x00007fdac1839400 nmethod 859 0x0000000111fe5410 code [0x0000000111fe55e0, 0x0000000111fe5910]
Event: 0.963 Thread 0x00007fdac1848a00 nmethod 855 0x0000000119409d90 code [0x0000000119409f20, 0x000000011940a3d8]
Event: 0.966 Thread 0x00007fdac1839400  860       3       java.lang.reflect.Method::invoke (65 bytes)
Event: 0.967 Thread 0x00007fdac1839400 nmethod 860 0x0000000111fe5a90 code [0x0000000111fe5c80, 0x0000000111fe60d0]
Event: 0.967 Thread 0x00007fdac1839400  861       3       jdk.internal.reflect.DelegatingMethodAccessorImpl::invoke (10 bytes)
Event: 0.967 Thread 0x00007fdac1839400 nmethod 861 0x0000000111fe6290 code [0x0000000111fe6420, 0x0000000111fe65e0]
Event: 0.968 Thread 0x00007fdac1839400  862       3       java.nio.Buffer::remaining (20 bytes)
Event: 0.968 Thread 0x00007fdac1839400 nmethod 862 0x0000000111fe6690 code [0x0000000111fe6820, 0x0000000111fe6970]
Event: 0.971 Thread 0x00007fdac1848a00  863       4       java.lang.AbstractStringBuilder::<init> (39 bytes)
Event: 0.974 Thread 0x00007fdac1848a00 nmethod 863 0x000000011940a590 code [0x000000011940a700, 0x000000011940a8f8]

GC Heap History (2 events):
Event: 0.516 GC heap before
{Heap before GC invocations=0 (full 0):
 garbage-first heap   total 133120K, used 13096K [0x0000000780000000, 0x0000000800000000)
  region size 1024K, 13 young (13312K), 0 survivors (0K)
 Metaspace       used 3156K, capacity 6327K, committed 6528K, reserved 1056768K
  class space    used 288K, capacity 572K, committed 640K, reserved 1048576K
}
Event: 0.520 GC heap after
{Heap after GC invocations=1 (full 0):
 garbage-first heap   total 133120K, used 4122K [0x0000000780000000, 0x0000000800000000)
  region size 1024K, 2 young (2048K), 2 survivors (2048K)
 Metaspace       used 3156K, capacity 6327K, committed 6528K, reserved 1056768K
  class space    used 288K, capacity 572K, committed 640K, reserved 1048576K
}

Deoptimization events (20 events):
Event: 0.414 Thread 0x00007fdac32abe00 DEOPT PACKING pc=0x00000001193d4e50 sp=0x00007000100d4050
Event: 0.414 Thread 0x00007fdac32abe00 DEOPT UNPACKING pc=0x0000000111950125 sp=0x00007000100d3fd0 mode 2
Event: 0.414 Thread 0x00007fdac1900000 Uncommon trap: trap_request=0xffffff45 fr.pc=0x00000001193d4e50 relative=0x0000000000000230
Event: 0.416 Thread 0x00007fdac1900000 Uncommon trap: reason=unstable_if action=reinterpret pc=0x00000001193d4e50 method=java.lang.String.startsWith(Ljava/lang/String;I)Z @ 14 c2
Event: 0.416 Thread 0x00007fdac1900000 DEOPT PACKING pc=0x00000001193d4e50 sp=0x000070000fecdeb0
Event: 0.416 Thread 0x00007fdac1900000 DEOPT UNPACKING pc=0x0000000111950125 sp=0x000070000fecde30 mode 2
Event: 0.495 Thread 0x00007fdac301c000 Uncommon trap: trap_request=0xffffff45 fr.pc=0x00000001193f505c relative=0x000000000000041c
Event: 0.495 Thread 0x00007fdac301c000 Uncommon trap: reason=unstable_if action=reinterpret pc=0x00000001193f505c method=java.lang.StringLatin1.replace([BCC)Ljava/lang/String; @ 19 c2
Event: 0.495 Thread 0x00007fdac301c000 DEOPT PACKING pc=0x00000001193f505c sp=0x000070000ec917d0
Event: 0.495 Thread 0x00007fdac301c000 DEOPT UNPACKING pc=0x0000000111950125 sp=0x000070000ec91770 mode 2
Event: 0.557 Thread 0x00007fdac301c000 Uncommon trap: trap_request=0xffffff45 fr.pc=0x00000001193f108c relative=0x000000000000010c
Event: 0.557 Thread 0x00007fdac301c000 Uncommon trap: reason=unstable_if action=reinterpret pc=0x00000001193f108c method=java.lang.String.startsWith(Ljava/lang/String;I)Z @ 1 c2
Event: 0.557 Thread 0x00007fdac301c000 DEOPT PACKING pc=0x00000001193f108c sp=0x000070000ec944f0
Event: 0.557 Thread 0x00007fdac301c000 DEOPT UNPACKING pc=0x0000000111950125 sp=0x000070000ec94420 mode 2
Event: 0.557 Thread 0x00007fdac301c000 Uncommon trap: trap_request=0xffffff45 fr.pc=0x00000001193f0694 relative=0x0000000000000114
Event: 0.557 Thread 0x00007fdac301c000 Uncommon trap: reason=unstable_if action=reinterpret pc=0x00000001193f0694 method=java.lang.String.startsWith(Ljava/lang/String;I)Z @ 1 c2
Event: 0.558 Thread 0x00007fdac301c000 DEOPT PACKING pc=0x00000001193f0694 sp=0x000070000ec94480
Event: 0.558 Thread 0x00007fdac301c000 DEOPT UNPACKING pc=0x0000000111950125 sp=0x000070000ec94420 mode 2
Event: 0.958 Thread 0x00007fdac316e400 DEOPT PACKING pc=0x0000000111f563a7 sp=0x00007000100d3940
Event: 0.958 Thread 0x00007fdac316e400 DEOPT UNPACKING pc=0x000000011194ff2b sp=0x00007000100d2db0 mode 0

Classes unloaded (0 events):
No events

Classes redefined (0 events):
No events

Internal exceptions (16 events):
Event: 0.206 Thread 0x00007fdac301c000 Exception <a 'java/lang/NoSuchMethodError'{0x0000000787c6b5d0}: 'void java.lang.invoke.DirectMethodHandle$Holder.invokeSpecial(java.lang.Object, java.lang.Object, java.lang.Object)'> (0x0000000787c6b5d0) 
thrown [./open/src/hotspot/share/interpreter/linkResolver.cpp, line 782]
Event: 0.269 Thread 0x00007fdac301c000 Exception <a 'java/lang/NoSuchMethodError'{0x0000000787b21a18}: 'java.lang.Object java.lang.invoke.DirectMethodHandle$Holder.invokeStatic(java.lang.Object)'> (0x0000000787b21a18) 
thrown [./open/src/hotspot/share/interpreter/linkResolver.cpp, line 782]
Event: 0.355 Thread 0x00007fdac1900000 Exception <a 'java/lang/NoSuchMethodError'{0x0000000787945c80}: 'int java.lang.invoke.DirectMethodHandle$Holder.invokeStaticInit(java.lang.Object, java.lang.Object, java.lang.Object, java.lang.Object)'> (0x0000000787945c80) 
thrown [./open/src/hotspot/share/interpreter/linkResolver.cpp, line 782]
Event: 0.356 Thread 0x00007fdac1900000 Exception <a 'java/lang/NoSuchMethodError'{0x000000078794fa08}: 'java.lang.Object java.lang.invoke.DirectMethodHandle$Holder.invokeInterface(java.lang.Object, java.lang.Object)'> (0x000000078794fa08) 
thrown [./open/src/hotspot/share/interpreter/linkResolver.cpp, line 782]
Event: 0.356 Thread 0x00007fdac1900000 Exception <a 'java/lang/IncompatibleClassChangeError'{0x0000000787953158}: Found class java.lang.Object, but interface was expected> (0x0000000787953158) 
thrown [./open/src/hotspot/share/interpreter/linkResolver.cpp, line 848]
Event: 0.357 Thread 0x00007fdac1900000 Exception <a 'java/lang/NoSuchMethodError'{0x0000000787956388}: 'void java.lang.invoke.DirectMethodHandle$Holder.invokeStatic(java.lang.Object, java.lang.Object)'> (0x0000000787956388) 
thrown [./open/src/hotspot/share/interpreter/linkResolver.cpp, line 782]
Event: 0.358 Thread 0x00007fdac1900000 Exception <a 'java/lang/NoSuchMethodError'{0x0000000787959ae8}: 'void java.lang.invoke.DirectMethodHandle$Holder.invokeStaticInit(java.lang.Object, java.lang.Object)'> (0x0000000787959ae8) 
thrown [./open/src/hotspot/share/interpreter/linkResolver.cpp, line 782]
Event: 0.359 Thread 0x00007fdac1900000 Exception <a 'java/lang/NoSuchMethodError'{0x000000078795fe40}: 'int java.lang.invoke.DirectMethodHandle$Holder.invokeStaticInit(java.lang.Object, java.lang.Object)'> (0x000000078795fe40) 
thrown [./open/src/hotspot/share/interpreter/linkResolver.cpp, line 782]
Event: 0.490 Thread 0x00007fdac301c000 Exception <a 'java/lang/NoSuchMethodError'{0x0000000787adf7f0}: 'void java.lang.invoke.DirectMethodHandle$Holder.invokeInterface(java.lang.Object, java.lang.Object)'> (0x0000000787adf7f0) 
thrown [./open/src/hotspot/share/interpreter/linkResolver.cpp, line 782]
Event: 0.512 Thread 0x00007fdac301c000 Exception <a 'java/lang/NoSuchMethodError'{0x00000007873e2970}: 'void java.lang.invoke.DirectMethodHandle$Holder.invokeStatic(java.lang.Object, int, int)'> (0x00000007873e2970) 
thrown [./open/src/hotspot/share/interpreter/linkResolver.cpp, line 782]
Event: 0.512 Thread 0x00007fdac301c000 Exception <a 'java/lang/NoSuchMethodError'{0x00000007873e60f8}: 'void java.lang.invoke.DirectMethodHandle$Holder.invokeStaticInit(java.lang.Object, int, int)'> (0x00000007873e60f8) 
thrown [./open/src/hotspot/share/interpreter/linkResolver.cpp, line 782]
Event: 0.609 Thread 0x00007fdac316e400 Exception <a 'java/lang/ClassNotFoundException'{0x0000000787d12278}: sun/awt/resources/spi/awtProvider> (0x0000000787d12278) 
thrown [./open/src/hotspot/share/classfile/systemDictionary.cpp, line 295]
Event: 0.638 Thread 0x00007fdac316e400 Exception <a 'java/io/FileNotFoundException'{0x0000000787d5ce08}> (0x0000000787d5ce08) 
thrown [./open/src/hotspot/share/prims/jni.cpp, line 578]
Event: 0.644 Thread 0x00007fdac316e400 Exception <a 'java/io/FileNotFoundException'{0x0000000787d8b7a0}> (0x0000000787d8b7a0) 
thrown [./open/src/hotspot/share/prims/jni.cpp, line 578]
Event: 0.645 Thread 0x00007fdac316e400 Exception <a 'java/lang/NoSuchMethodError'{0x0000000787d8c7a8}: 'java.lang.Object java.lang.invoke.DirectMethodHandle$Holder.invokeStaticInit(java.lang.Object)'> (0x0000000787d8c7a8) 
thrown [./open/src/hotspot/share/interpreter/linkResolver.cpp, line 782]
Event: 0.648 Thread 0x00007fdac316e400 Exception <a 'java/lang/ClassNotFoundException'{0x0000000787d92bf8}: sun/awt/resources/spi/awtosxProvider> (0x0000000787d92bf8) 
thrown [./open/src/hotspot/share/classfile/systemDictionary.cpp, line 295]

Events (20 events):
Event: 0.959 loading class java/nio/StringCharBuffer
Event: 0.959 loading class java/nio/StringCharBuffer done
Event: 0.964 loading class java/awt/GraphicsConfiguration
Event: 0.965 loading class java/awt/GraphicsConfiguration done
Event: 0.965 loading class java/awt/IllegalComponentStateException
Event: 0.965 loading class java/awt/IllegalComponentStateException done
Event: 0.965 loading class java/awt/Point
Event: 0.965 loading class java/awt/geom/Point2D
Event: 0.965 loading class java/awt/geom/Point2D done
Event: 0.965 loading class java/awt/Point done
Event: 0.965 loading class java/awt/Image
Event: 0.965 loading class java/awt/Image done
Event: 0.965 loading class java/awt/image/BufferedImage
Event: 0.965 loading class java/awt/image/WritableRenderedImage
Event: 0.965 loading class java/awt/image/RenderedImage
Event: 0.965 loading class java/awt/image/RenderedImage done
Event: 0.965 loading class java/awt/image/WritableRenderedImage done
Event: 0.965 loading class java/awt/Transparency
Event: 0.965 loading class java/awt/Transparency done
Event: 0.966 loading class java/awt/image/BufferedImage done


Dynamic libraries:
0x00007fff6e1fc000 	/usr/lib/libz.1.dylib
0x00000001079f3000 	/Library/Java/JavaVirtualMachines/jdk-15.0.2.jdk/Contents/Home/lib/libjli.dylib
0x00007fff33bff000 	/System/Library/Frameworks/Cocoa.framework/Versions/A/Cocoa
0x00007fff41452000 	/System/Library/Frameworks/Security.framework/Versions/A/Security
0x00007fff32b65000 	/System/Library/Frameworks/ApplicationServices.framework/Versions/A/ApplicationServices
0x00007fff6bc30000 	/usr/lib/libSystem.B.dylib
0x00007fff6eabd000 	/usr/lib/system/libcache.dylib
0x00007fff6eac3000 	/usr/lib/system/libcommonCrypto.dylib
0x00007fff6eacf000 	/usr/lib/system/libcompiler_rt.dylib
0x00007fff6ead7000 	/usr/lib/system/libcopyfile.dylib
0x00007fff6eae1000 	/usr/lib/system/libcorecrypto.dylib
0x00007fff6ec80000 	/usr/lib/system/libdispatch.dylib
0x00007fff6ecc1000 	/usr/lib/system/libdyld.dylib
0x00007fff6ecf8000 	/usr/lib/system/libkeymgr.dylib
0x00007fff6ed06000 	/usr/lib/system/liblaunch.dylib
0x00007fff6ed07000 	/usr/lib/system/libmacho.dylib
0x00007fff6ed0d000 	/usr/lib/system/libquarantine.dylib
0x00007fff6ed10000 	/usr/lib/system/libremovefile.dylib
0x00007fff6ed12000 	/usr/lib/system/libsystem_asl.dylib
0x00007fff6ed2a000 	/usr/lib/system/libsystem_blocks.dylib
0x00007fff6ed2b000 	/usr/lib/system/libsystem_c.dylib
0x00007fff6edb3000 	/usr/lib/system/libsystem_configuration.dylib
0x00007fff6edb7000 	/usr/lib/system/libsystem_coreservices.dylib
0x00007fff6edbb000 	/usr/lib/system/libsystem_darwin.dylib
0x00007fff6edc4000 	/usr/lib/system/libsystem_dnssd.dylib
0x00007fff6edcc000 	/usr/lib/system/libsystem_featureflags.dylib
0x00007fff6edce000 	/usr/lib/system/libsystem_info.dylib
0x00007fff6ee49000 	/usr/lib/system/libsystem_m.dylib
0x00007fff6ee95000 	/usr/lib/system/libsystem_malloc.dylib
0x00007fff6eebd000 	/usr/lib/system/libsystem_networkextension.dylib
0x00007fff6eecb000 	/usr/lib/system/libsystem_notify.dylib
0x00007fff6eee9000 	/usr/lib/system/libsystem_sandbox.dylib
0x00007fff6eeee000 	/usr/lib/system/libsystem_secinit.dylib
0x00007fff6ee1c000 	/usr/lib/system/libsystem_kernel.dylib
0x00007fff6eed5000 	/usr/lib/system/libsystem_platform.dylib
0x00007fff6eede000 	/usr/lib/system/libsystem_pthread.dylib
0x00007fff6eef1000 	/usr/lib/system/libsystem_symptoms.dylib
0x00007fff6eef9000 	/usr/lib/system/libsystem_trace.dylib
0x00007fff6ef11000 	/usr/lib/system/libunwind.dylib
0x00007fff6ef17000 	/usr/lib/system/libxpc.dylib
0x00007fff6db29000 	/usr/lib/libobjc.A.dylib
0x00007fff6bfff000 	/usr/lib/libc++abi.dylib
0x00007fff6bfac000 	/usr/lib/libc++.1.dylib
0x00007fff34ab2000 	/System/Library/Frameworks/CoreFoundation.framework/Versions/A/CoreFoundation
0x00007fff37195000 	/System/Library/Frameworks/Foundation.framework/Versions/C/Foundation
0x00007fff31d57000 	/System/Library/Frameworks/AppKit.framework/Versions/C/AppKit
0x00007fff34583000 	/System/Library/Frameworks/CoreData.framework/Versions/A/CoreData
0x00007fff65c1d000 	/System/Library/PrivateFrameworks/UIFoundation.framework/Versions/A/UIFoundation
0x00007fff60cb1000 	/System/Library/PrivateFrameworks/RemoteViewServices.framework/Versions/A/RemoteViewServices
0x00007fff687a0000 	/System/Library/PrivateFrameworks/XCTTargetBootstrap.framework/Versions/A/XCTTargetBootstrap
0x00007fff3497f000 	/System/Library/Frameworks/CoreDisplay.framework/Versions/A/CoreDisplay
0x00007fff3a054000 	/System/Library/Frameworks/Metal.framework/Versions/A/Metal
0x00007fff4ec70000 	/System/Library/PrivateFrameworks/DesktopServicesPriv.framework/Versions/A/DesktopServicesPriv
0x00007fff6ce04000 	/usr/lib/liblangid.dylib
0x00007fff4df05000 	/System/Library/PrivateFrameworks/CoreSVG.framework/Versions/A/CoreSVG
0x00007fff63e0d000 	/System/Library/PrivateFrameworks/SkyLight.framework/Versions/A/SkyLight
0x00007fff34f35000 	/System/Library/Frameworks/CoreGraphics.framework/Versions/A/CoreGraphics
0x00007fff306c6000 	/System/Library/Frameworks/Accelerate.framework/Versions/A/Accelerate
0x00007fff6e0ed000 	/usr/lib/libxml2.2.dylib
0x00007fff59c12000 	/System/Library/PrivateFrameworks/IconServices.framework/Versions/A/IconServices
0x00007fff37974000 	/System/Library/Frameworks/IOSurface.framework/Versions/A/IOSurface
0x00007fff6b75a000 	/usr/lib/libDiagnosticMessagesClient.dylib
0x00007fff4eaca000 	/System/Library/PrivateFrameworks/DFRFoundation.framework/Versions/A/DFRFoundation
0x00007fff6cb93000 	/usr/lib/libicucore.A.dylib
0x00007fff32e97000 	/System/Library/Frameworks/AudioToolbox.framework/Versions/A/AudioToolbox
0x00007fff32f7a000 	/System/Library/Frameworks/AudioUnit.framework/Versions/A/AudioUnit
0x00007fff6bec8000 	/usr/lib/libauto.dylib
0x00007fff4eb6c000 	/System/Library/PrivateFrameworks/DataDetectorsCore.framework/Versions/A/DataDetectorsCore
0x00007fff33720000 	/System/Library/Frameworks/Carbon.framework/Versions/A/Frameworks/HIToolbox.framework/Versions/A/HIToolbox
0x00007fff4064b000 	/System/Library/Frameworks/QuartzCore.framework/Versions/A/QuartzCore
0x00007fff33a5f000 	/System/Library/Frameworks/Carbon.framework/Versions/A/Frameworks/SpeechRecognition.framework/Versions/A/SpeechRecognition
0x00007fff4e5de000 	/System/Library/PrivateFrameworks/CoreUI.framework/Versions/A/CoreUI
0x00007fff33fee000 	/System/Library/Frameworks/CoreAudio.framework/Versions/A/CoreAudio
0x00007fff36e54000 	/System/Library/Frameworks/DiskArbitration.framework/Versions/A/DiskArbitration
0x00007fff5bc8a000 	/System/Library/PrivateFrameworks/MultitouchSupport.framework/Versions/A/MultitouchSupport
0x00007fff6ca58000 	/usr/lib/libenergytrace.dylib
0x00007fff378ce000 	/System/Library/Frameworks/IOKit.framework/Versions/A/IOKit
0x00007fff35ebf000 	/System/Library/Frameworks/CoreServices.framework/Versions/A/CoreServices
0x00007fff5de44000 	/System/Library/PrivateFrameworks/PerformanceAnalysis.framework/Versions/A/PerformanceAnalysis
0x00007fff3f67e000 	/System/Library/Frameworks/OpenGL.framework/Versions/A/OpenGL
0x00007fff33c0d000 	/System/Library/Frameworks/ColorSync.framework/Versions/A/ColorSync
0x00007fff355db000 	/System/Library/Frameworks/CoreImage.framework/Versions/A/CoreImage
0x00007fff36933000 	/System/Library/Frameworks/CoreText.framework/Versions/A/CoreText
0x00007fff37a04000 	/System/Library/Frameworks/ImageIO.framework/Versions/A/ImageIO
0x00007fff6c028000 	/usr/lib/libcompression.dylib
0x00007fff6ba9e000 	/usr/lib/libMobileGestalt.dylib
0x00007fff65987000 	/System/Library/PrivateFrameworks/TextureIO.framework/Versions/A/TextureIO
0x00007fff6bd95000 	/usr/lib/libate.dylib
0x00007fff59e1b000 	/System/Library/PrivateFrameworks/InternationalSupport.framework/Versions/A/InternationalSupport
0x00007fff6ce06000 	/usr/lib/liblzma.5.dylib
0x00007fff6ca81000 	/usr/lib/libfakelink.dylib
0x00007fff6bd22000 	/usr/lib/libarchive.2.dylib
0x00007fff42505000 	/System/Library/Frameworks/SystemConfiguration.framework/Versions/A/SystemConfiguration
0x00007fff6b68d000 	/usr/lib/libCRFSuite.dylib
0x00007fff33311000 	/System/Library/Frameworks/CFNetwork.framework/Versions/A/CFNetwork
0x00007fff6bf8e000 	/usr/lib/libbsm.0.dylib
0x00007fff6ecf9000 	/usr/lib/system/libkxld.dylib
0x00007fff48444000 	/System/Library/PrivateFrameworks/AppleFSCompression.framework/Versions/A/AppleFSCompression
0x00007fff6c31a000 	/usr/lib/libcoretls.dylib
0x00007fff6c331000 	/usr/lib/libcoretls_cfhelpers.dylib
0x00007fff6db6e000 	/usr/lib/libpam.2.dylib
0x00007fff6dca3000 	/usr/lib/libsqlite3.dylib
0x00007fff6e0da000 	/usr/lib/libxar.1.dylib
0x00007fff6bf9f000 	/usr/lib/libbz2.1.0.dylib
0x00007fff6caa2000 	/usr/lib/libiconv.2.dylib
0x00007fff6c015000 	/usr/lib/libcharset.1.dylib
0x00007fff6d60c000 	/usr/lib/libnetwork.dylib
0x00007fff6db75000 	/usr/lib/libpcap.A.dylib
0x00007fff6bcd7000 	/usr/lib/libapple_nghttp2.dylib
0x00007fff36276000 	/System/Library/Frameworks/CoreServices.framework/Versions/A/Frameworks/FSEvents.framework/Versions/A/FSEvents
0x00007fff35f46000 	/System/Library/Frameworks/CoreServices.framework/Versions/A/Frameworks/CarbonCore.framework/Versions/A/CarbonCore
0x00007fff364bb000 	/System/Library/Frameworks/CoreServices.framework/Versions/A/Frameworks/Metadata.framework/Versions/A/Metadata
0x00007fff36554000 	/System/Library/Frameworks/CoreServices.framework/Versions/A/Frameworks/OSServices.framework/Versions/A/OSServices
0x00007fff36582000 	/System/Library/Frameworks/CoreServices.framework/Versions/A/Frameworks/SearchKit.framework/Versions/A/SearchKit
0x00007fff35ec0000 	/System/Library/Frameworks/CoreServices.framework/Versions/A/Frameworks/AE.framework/Versions/A/AE
0x00007fff3627f000 	/System/Library/Frameworks/CoreServices.framework/Versions/A/Frameworks/LaunchServices.framework/Versions/A/LaunchServices
0x00007fff36228000 	/System/Library/Frameworks/CoreServices.framework/Versions/A/Frameworks/DictionaryServices.framework/Versions/A/DictionaryServices
0x00007fff365ea000 	/System/Library/Frameworks/CoreServices.framework/Versions/A/Frameworks/SharedFileList.framework/Versions/A/SharedFileList
0x00007fff3b49d000 	/System/Library/Frameworks/NetFS.framework/Versions/A/NetFS
0x00007fff5c1ba000 	/System/Library/PrivateFrameworks/NetAuth.framework/Versions/A/NetAuth
0x00007fff68b6d000 	/System/Library/PrivateFrameworks/login.framework/Versions/A/Frameworks/loginsupport.framework/Versions/A/loginsupport
0x00007fff65452000 	/System/Library/PrivateFrameworks/TCC.framework/Versions/A/TCC
0x00007fff4d078000 	/System/Library/PrivateFrameworks/CoreNLP.framework/Versions/A/CoreNLP
0x00007fff5b68f000 	/System/Library/PrivateFrameworks/MetadataUtilities.framework/Versions/A/MetadataUtilities
0x00007fff6cede000 	/usr/lib/libmecabra.dylib
0x00007fff6ce36000 	/usr/lib/libmecab.dylib
0x00007fff6ca92000 	/usr/lib/libgermantok.dylib
0x00007fff6bcbe000 	/usr/lib/libThaiTokenizer.dylib
0x00007fff6b6c4000 	/usr/lib/libChineseTokenizer.dylib
0x00007fff306df000 	/System/Library/Frameworks/Accelerate.framework/Versions/A/Frameworks/vImage.framework/Versions/A/vImage
0x00007fff31bad000 	/System/Library/Frameworks/Accelerate.framework/Versions/A/Frameworks/vecLib.framework/Versions/A/vecLib
0x00007fff31a2e000 	/System/Library/Frameworks/Accelerate.framework/Versions/A/Frameworks/vecLib.framework/Versions/A/libvMisc.dylib
0x00007fff3189b000 	/System/Library/Frameworks/Accelerate.framework/Versions/A/Frameworks/vecLib.framework/Versions/A/libvDSP.dylib
0x00007fff30f7b000 	/System/Library/Frameworks/Accelerate.framework/Versions/A/Frameworks/vecLib.framework/Versions/A/libBLAS.dylib
0x00007fff31453000 	/System/Library/Frameworks/Accelerate.framework/Versions/A/Frameworks/vecLib.framework/Versions/A/libLAPACK.dylib
0x00007fff317fb000 	/System/Library/Frameworks/Accelerate.framework/Versions/A/Frameworks/vecLib.framework/Versions/A/libLinearAlgebra.dylib
0x00007fff31888000 	/System/Library/Frameworks/Accelerate.framework/Versions/A/Frameworks/vecLib.framework/Versions/A/libSparseBLAS.dylib
0x00007fff31811000 	/System/Library/Frameworks/Accelerate.framework/Versions/A/Frameworks/vecLib.framework/Versions/A/libQuadrature.dylib
0x00007fff31111000 	/System/Library/Frameworks/Accelerate.framework/Versions/A/Frameworks/vecLib.framework/Versions/A/libBNNS.dylib
0x00007fff31817000 	/System/Library/Frameworks/Accelerate.framework/Versions/A/Frameworks/vecLib.framework/Versions/A/libSparse.dylib
0x00007fff5a203000 	/System/Library/PrivateFrameworks/LanguageModeling.framework/Versions/A/LanguageModeling
0x00007fff4ca27000 	/System/Library/PrivateFrameworks/CoreEmoji.framework/Versions/A/CoreEmoji
0x00007fff5a321000 	/System/Library/PrivateFrameworks/LinguisticData.framework/Versions/A/LinguisticData
0x00007fff5a2d2000 	/System/Library/PrivateFrameworks/Lexicon.framework/Versions/A/Lexicon
0x00007fff6c016000 	/usr/lib/libcmph.dylib
0x00007fff3e08c000 	/System/Library/Frameworks/OpenDirectory.framework/Versions/A/Frameworks/CFOpenDirectory.framework/Versions/A/CFOpenDirectory
0x00007fff3e0a9000 	/System/Library/Frameworks/OpenDirectory.framework/Versions/A/OpenDirectory
0x00007fff464ef000 	/System/Library/PrivateFrameworks/APFS.framework/Versions/A/APFS
0x00007fff4179e000 	/System/Library/Frameworks/SecurityFoundation.framework/Versions/A/SecurityFoundation
0x00007fff6e0d6000 	/usr/lib/libutil.dylib
0x00007fff4df5d000 	/System/Library/PrivateFrameworks/CoreServicesStore.framework/Versions/A/CoreServicesStore
0x00007fff41855000 	/System/Library/Frameworks/ServiceManagement.framework/Versions/A/ServiceManagement
0x00007fff49c15000 	/System/Library/PrivateFrameworks/BackgroundTaskManagement.framework/Versions/A/BackgroundTaskManagement
0x00007fff6e1d3000 	/usr/lib/libxslt.1.dylib
0x00007fff48ab7000 	/System/Library/PrivateFrameworks/AppleSystemInfo.framework/Versions/A/AppleSystemInfo
0x00007fff37c23000 	/System/Library/Frameworks/ImageIO.framework/Versions/A/Resources/libJPEG.dylib
0x00007fff37ee2000 	/System/Library/Frameworks/ImageIO.framework/Versions/A/Resources/libTIFF.dylib
0x00007fff37ec5000 	/System/Library/Frameworks/ImageIO.framework/Versions/A/Resources/libPng.dylib
0x00007fff37b65000 	/System/Library/Frameworks/ImageIO.framework/Versions/A/Resources/libGIF.dylib
0x00007fff37b69000 	/System/Library/Frameworks/ImageIO.framework/Versions/A/Resources/libJP2.dylib
0x00007fff37ee0000 	/System/Library/Frameworks/ImageIO.framework/Versions/A/Resources/libRadiance.dylib
0x00007fff6ca59000 	/usr/lib/libexpat.1.dylib
0x00007fff4859f000 	/System/Library/PrivateFrameworks/AppleJPEG.framework/Versions/A/AppleJPEG
0x00007fff51273000 	/System/Library/PrivateFrameworks/FontServices.framework/libFontParser.dylib
0x00007fff67b6f000 	/System/Library/PrivateFrameworks/WatchdogClient.framework/Versions/A/WatchdogClient
0x00007fff5985e000 	/System/Library/PrivateFrameworks/IOAccelerator.framework/Versions/A/IOAccelerator
0x00007fff3a3ef000 	/System/Library/Frameworks/MetalPerformanceShaders.framework/Versions/A/MetalPerformanceShaders
0x00007fff55fee000 	/System/Library/PrivateFrameworks/GPUWrangler.framework/Versions/A/GPUWrangler
0x00007fff59873000 	/System/Library/PrivateFrameworks/IOPresentment.framework/Versions/A/IOPresentment
0x00007fff4eadd000 	/System/Library/PrivateFrameworks/DSExternalDisplay.framework/Versions/A/DSExternalDisplay
0x00007fff3ea1d000 	/System/Library/Frameworks/OpenGL.framework/Versions/A/Libraries/libCoreFSCache.dylib
0x00007fff3a13b000 	/System/Library/Frameworks/MetalPerformanceShaders.framework/Frameworks/MPSCore.framework/Versions/A/MPSCore
0x00007fff3a179000 	/System/Library/Frameworks/MetalPerformanceShaders.framework/Frameworks/MPSImage.framework/Versions/A/MPSImage
0x00007fff3a240000 	/System/Library/Frameworks/MetalPerformanceShaders.framework/Frameworks/MPSNeuralNetwork.framework/Versions/A/MPSNeuralNetwork
0x00007fff3a204000 	/System/Library/Frameworks/MetalPerformanceShaders.framework/Frameworks/MPSMatrix.framework/Versions/A/MPSMatrix
0x00007fff3a39f000 	/System/Library/Frameworks/MetalPerformanceShaders.framework/Frameworks/MPSRayIntersector.framework/Versions/A/MPSRayIntersector
0x00007fff3a22a000 	/System/Library/Frameworks/MetalPerformanceShaders.framework/Frameworks/MPSNDArray.framework/Versions/A/MPSNDArray
0x00007fff5b6dc000 	/System/Library/PrivateFrameworks/MetalTools.framework/Versions/A/MetalTools
0x00007fff476c9000 	/System/Library/PrivateFrameworks/AggregateDictionary.framework/Versions/A/AggregateDictionary
0x00007fff4c46f000 	/System/Library/PrivateFrameworks/CoreAnalytics.framework/Versions/A/CoreAnalytics
0x00007fff489d6000 	/System/Library/PrivateFrameworks/AppleSauce.framework/Versions/A/AppleSauce
0x00007fff6b980000 	/usr/lib/libIOReport.dylib
0x00007fff36aeb000 	/System/Library/Frameworks/CoreVideo.framework/Versions/A/CoreVideo
0x00007fff57467000 	/System/Library/PrivateFrameworks/GraphVisualizer.framework/Versions/A/GraphVisualizer
0x00007fff507b9000 	/System/Library/PrivateFrameworks/FaceCore.framework/Versions/A/FaceCore
0x00007fff3e033000 	/System/Library/Frameworks/OpenCL.framework/Versions/A/OpenCL
0x00007fff6b7a2000 	/usr/lib/libFosl_dynamic.dylib
0x00007fff5cbdb000 	/System/Library/PrivateFrameworks/OTSVG.framework/Versions/A/OTSVG
0x00007fff32c6a000 	/System/Library/Frameworks/ApplicationServices.framework/Versions/A/Frameworks/ATS.framework/Versions/A/Resources/libFontRegistry.dylib
0x00007fff51442000 	/System/Library/PrivateFrameworks/FontServices.framework/libhvf.dylib
0x00007fff3ea28000 	/System/Library/Frameworks/OpenGL.framework/Versions/A/Libraries/libGFXShared.dylib
0x00007fff3ec06000 	/System/Library/Frameworks/OpenGL.framework/Versions/A/Libraries/libGLU.dylib
0x00007fff3ea31000 	/System/Library/Frameworks/OpenGL.framework/Versions/A/Libraries/libGL.dylib
0x00007fff3ea3c000 	/System/Library/Frameworks/OpenGL.framework/Versions/A/Libraries/libGLImage.dylib
0x00007fff3ea1a000 	/System/Library/Frameworks/OpenGL.framework/Versions/A/Libraries/libCVMSPluginSupport.dylib
0x00007fff3ea23000 	/System/Library/Frameworks/OpenGL.framework/Versions/A/Libraries/libCoreVMClient.dylib
0x00007fff6d4ad000 	/usr/lib/libncurses.5.4.dylib
0x00007fff32b66000 	/System/Library/Frameworks/ApplicationServices.framework/Versions/A/Frameworks/ATS.framework/Versions/A/ATS
0x00007fff32d33000 	/System/Library/Frameworks/ApplicationServices.framework/Versions/A/Frameworks/ColorSyncLegacy.framework/Versions/A/ColorSyncLegacy
0x00007fff32dd1000 	/System/Library/Frameworks/ApplicationServices.framework/Versions/A/Frameworks/HIServices.framework/Versions/A/HIServices
0x00007fff32e29000 	/System/Library/Frameworks/ApplicationServices.framework/Versions/A/Frameworks/LangAnalysis.framework/Versions/A/LangAnalysis
0x00007fff32e38000 	/System/Library/Frameworks/ApplicationServices.framework/Versions/A/Frameworks/PrintCore.framework/Versions/A/PrintCore
0x00007fff32e7e000 	/System/Library/Frameworks/ApplicationServices.framework/Versions/A/Frameworks/QD.framework/Versions/A/QD
0x00007fff32e89000 	/System/Library/Frameworks/ApplicationServices.framework/Versions/A/Frameworks/SpeechSynthesis.framework/Versions/A/SpeechSynthesis
0x00007fff32d03000 	/System/Library/Frameworks/ApplicationServices.framework/Versions/A/Frameworks/ATSUI.framework/Versions/A/ATSUI
0x00007fff6c8ef000 	/usr/lib/libcups.2.dylib
0x00007fff3948a000 	/System/Library/Frameworks/Kerberos.framework/Versions/A/Kerberos
0x00007fff375c7000 	/System/Library/Frameworks/GSS.framework/Versions/A/GSS
0x00007fff6dc2f000 	/usr/lib/libresolv.9.dylib
0x00007fff57614000 	/System/Library/PrivateFrameworks/Heimdal.framework/Versions/A/Heimdal
0x00007fff3949d000 	/System/Library/Frameworks/Kerberos.framework/Versions/A/Libraries/libHeimdalProxy.dylib
0x00007fff6ca98000 	/usr/lib/libheimdal-asn1.dylib
0x00007fff4b907000 	/System/Library/PrivateFrameworks/CommonAuth.framework/Versions/A/CommonAuth
0x00007fff48b54000 	/System/Library/PrivateFrameworks/AssertionServices.framework/Versions/A/AssertionServices
0x00007fff496f7000 	/System/Library/PrivateFrameworks/AudioToolboxCore.framework/Versions/A/AudioToolboxCore
0x00007fff6881d000 	/System/Library/PrivateFrameworks/caulk.framework/Versions/A/caulk
0x00007fff49cc1000 	/System/Library/PrivateFrameworks/BaseBoard.framework/Versions/A/BaseBoard
0x00007fff60e3f000 	/System/Library/PrivateFrameworks/RunningBoardServices.framework/Versions/A/RunningBoardServices
0x00007fff5de50000 	/System/Library/PrivateFrameworks/PersistentConnection.framework/Versions/A/PersistentConnection
0x00007fff60838000 	/System/Library/PrivateFrameworks/ProtocolBuffer.framework/Versions/A/ProtocolBuffer
0x00007fff4b92b000 	/System/Library/PrivateFrameworks/CommonUtilities.framework/Versions/A/CommonUtilities
0x00007fff49e4f000 	/System/Library/PrivateFrameworks/Bom.framework/Versions/A/Bom
0x00007fff6b653000 	/usr/lib/libAudioToolboxUtility.dylib
0x00007fff49c1f000 	/System/Library/PrivateFrameworks/Backup.framework/Versions/A/Backup
0x00007fff4e9fe000 	/System/Library/PrivateFrameworks/CrashReporterSupport.framework/Versions/A/CrashReporterSupport
0x00007fff628d1000 	/System/Library/PrivateFrameworks/Sharing.framework/Versions/A/Sharing
0x00007fff48162000 	/System/Library/PrivateFrameworks/Apple80211.framework/Versions/A/Apple80211
0x00007fff4993c000 	/System/Library/PrivateFrameworks/AuthKit.framework/Versions/A/AuthKit
0x00007fff4e70b000 	/System/Library/PrivateFrameworks/CoreUtils.framework/Versions/A/CoreUtils
0x00007fff36b30000 	/System/Library/Frameworks/CoreWLAN.framework/Versions/A/CoreWLAN
0x00007fff37754000 	/System/Library/Frameworks/IOBluetooth.framework/Versions/A/IOBluetooth
0x00007fff5ba09000 	/System/Library/PrivateFrameworks/MobileKeyBag.framework/Versions/A/MobileKeyBag
0x00007fff4d510000 	/System/Library/PrivateFrameworks/CorePhoneNumbers.framework/Versions/A/CorePhoneNumbers
0x00007fff48552000 	/System/Library/PrivateFrameworks/AppleIDAuthSupport.framework/Versions/A/AppleIDAuthSupport
0x00007fff3b4aa000 	/System/Library/Frameworks/Network.framework/Versions/A/Network
0x00007fff5a0af000 	/System/Library/PrivateFrameworks/KeychainCircle.framework/Versions/A/KeychainCircle
0x00007fff3454a000 	/System/Library/Frameworks/CoreBluetooth.framework/Versions/A/CoreBluetooth
0x00007fff64950000 	/System/Library/PrivateFrameworks/SpeechRecognitionCore.framework/Versions/A/SpeechRecognitionCore
0x00007fff27abf000 	/System/Library/CoreServices/Encodings/libCyrillicConverter.dylib
0x0000000108842000 	/Library/Java/JavaVirtualMachines/jdk-15.0.2.jdk/Contents/Home/lib/server/libjvm.dylib
0x0000000107a18000 	/Library/Java/JavaVirtualMachines/jdk-15.0.2.jdk/Contents/Home/lib/libjimage.dylib
0x0000000107a6e000 	/Library/Java/JavaVirtualMachines/jdk-15.0.2.jdk/Contents/Home/lib/libjava.dylib
0x0000000107be5000 	/Library/Java/JavaVirtualMachines/jdk-15.0.2.jdk/Contents/Home/lib/libnio.dylib
0x00000001084eb000 	/Library/Java/JavaVirtualMachines/jdk-15.0.2.jdk/Contents/Home/lib/libnet.dylib
0x0000000108504000 	/Library/Java/JavaVirtualMachines/jdk-15.0.2.jdk/Contents/Home/lib/libzip.dylib
0x0000000108512000 	/Library/Java/JavaVirtualMachines/jdk-15.0.2.jdk/Contents/Home/lib/libverify.dylib
0x0000000108523000 	/private/var/folders/c0/d63ctn4x70q87f_r701qtxp40000gn/T/libgdxmacbookpro/cdf099a0/libgdx64.dylib
0x0000000108555000 	/Library/Java/JavaVirtualMachines/jdk-15.0.2.jdk/Contents/Home/lib/libawt.dylib
0x000000010860c000 	/Library/Java/JavaVirtualMachines/jdk-15.0.2.jdk/Contents/Home/lib/libmlib_image.dylib
0x00007fff39474000 	/System/Library/Frameworks/JavaVM.framework/Versions/A/Frameworks/JavaNativeFoundation.framework/Versions/A/JavaNativeFoundation
0x00007fff3947d000 	/System/Library/Frameworks/JavaVM.framework/Versions/A/Frameworks/JavaRuntimeSupport.framework/Versions/A/JavaRuntimeSupport
0x00007fff39485000 	/System/Library/Frameworks/JavaVM.framework/Versions/A/JavaVM
0x00007fff59ec6000 	/System/Library/PrivateFrameworks/JavaLaunching.framework/Versions/A/JavaLaunching
0x00007fff3371b000 	/System/Library/Frameworks/Carbon.framework/Versions/A/Carbon
0x00007fff4e4b0000 	/System/Library/PrivateFrameworks/CoreSymbolication.framework/Versions/A/CoreSymbolication
0x00007fff3371c000 	/System/Library/Frameworks/Carbon.framework/Versions/A/Frameworks/CommonPanels.framework/Versions/A/CommonPanels
0x00007fff33a15000 	/System/Library/Frameworks/Carbon.framework/Versions/A/Frameworks/Help.framework/Versions/A/Help
0x00007fff33a19000 	/System/Library/Frameworks/Carbon.framework/Versions/A/Frameworks/ImageCapture.framework/Versions/A/ImageCapture
0x00007fff33a20000 	/System/Library/Frameworks/Carbon.framework/Versions/A/Frameworks/OpenScripting.framework/Versions/A/OpenScripting
0x00007fff33a1f000 	/System/Library/Frameworks/Carbon.framework/Versions/A/Frameworks/Ink.framework/Versions/A/Ink
0x00007fff33a5b000 	/System/Library/Frameworks/Carbon.framework/Versions/A/Frameworks/Print.framework/Versions/A/Print
0x00007fff33a5c000 	/System/Library/Frameworks/Carbon.framework/Versions/A/Frameworks/SecurityHI.framework/Versions/A/SecurityHI
0x00007fff4ec32000 	/System/Library/PrivateFrameworks/DebugSymbols.framework/Versions/A/DebugSymbols
0x0000000129850000 	/Library/Java/JavaVirtualMachines/jdk-15.0.2.jdk/Contents/Home/lib/libawt_lwawt.dylib
0x00000001086a8000 	/Library/Java/JavaVirtualMachines/jdk-15.0.2.jdk/Contents/Home/lib/libosxapp.dylib
0x00007fff37030000 	/System/Library/Frameworks/ExceptionHandling.framework/Versions/A/ExceptionHandling
0x000000012990a000 	/Library/Java/JavaVirtualMachines/jdk-15.0.2.jdk/Contents/Home/lib/libfontmanager.dylib
0x0000000129a36000 	/Library/Java/JavaVirtualMachines/jdk-15.0.2.jdk/Contents/Home/lib/libfreetype.dylib
0x00007fff4df29000 	/System/Library/PrivateFrameworks/CoreServicesInternal.framework/Versions/A/CoreServicesInternal
0x00007fff3704f000 	/System/Library/Frameworks/FileProvider.framework/Versions/A/FileProvider
0x00007fff31bae000 	/System/Library/Frameworks/Accounts.framework/Versions/A/Accounts
0x00007fff56313000 	/System/Library/PrivateFrameworks/GenerationalStorage.framework/Versions/A/GenerationalStorage
0x00007fff65192000 	/System/Library/PrivateFrameworks/SymptomDiagnosticReporter.framework/Versions/A/SymptomDiagnosticReporter
0x00007fff47c66000 	/System/Library/PrivateFrameworks/AppContainer.framework/Versions/A/AppContainer
0x00007fff6dc49000 	/usr/lib/libsandbox.1.dylib
0x00007fff66b12000 	/System/Library/PrivateFrameworks/UserManagement.framework/Versions/A/UserManagement
0x00007fff4aa0b000 	/System/Library/PrivateFrameworks/ChunkingLibrary.framework/Versions/A/ChunkingLibrary
0x00007fff47cd8000 	/System/Library/PrivateFrameworks/AppSandbox.framework/Versions/A/AppSandbox
0x00007fff6275b000 	/System/Library/PrivateFrameworks/SecCodeWrapper.framework/Versions/A/SecCodeWrapper
0x00007fff6ba68000 	/usr/lib/libMatch.1.dylib
0x00007fff27b31000 	/System/Library/CoreServices/RawCamera.bundle/Contents/MacOS/RawCamera
0x00007fff5b80b000 	/System/Library/PrivateFrameworks/MobileAsset.framework/Versions/A/MobileAsset
0x00007fff6503a000 	/System/Library/PrivateFrameworks/StreamingZip.framework/Versions/A/StreamingZip
0x00007fff39905000 	/System/Library/Frameworks/MediaToolbox.framework/Versions/A/MediaToolbox
0x00007fff4c41f000 	/System/Library/PrivateFrameworks/CoreAVCHD.framework/Versions/A/CoreAVCHD
0x00007fff3982f000 	/System/Library/Frameworks/MediaAccessibility.framework/Versions/A/MediaAccessibility
0x00007fff5abbf000 	/System/Library/PrivateFrameworks/Mangrove.framework/Versions/A/Mangrove
0x00007fff35cf7000 	/System/Library/Frameworks/CoreMedia.framework/Versions/A/CoreMedia
0x00007fff5ae2b000 	/System/Library/PrivateFrameworks/MediaExperience.framework/Versions/A/MediaExperience
0x00007fff427ff000 	/System/Library/Frameworks/VideoToolbox.framework/Versions/A/VideoToolbox
0x00007fff4c049000 	/System/Library/PrivateFrameworks/CoreAUC.framework/Versions/A/CoreAUC
0x00007fff6dca1000 	/usr/lib/libspindump.dylib
0x00007fff490a6000 	/System/Library/PrivateFrameworks/AudioResourceArbitration.framework/Versions/A/AudioResourceArbitration
0x00007fff48abb000 	/System/Library/PrivateFrameworks/AppleVA.framework/Versions/A/AppleVA
0x00007fff306c7000 	/System/Library/Frameworks/Accelerate.framework/Versions/A/Frameworks/vImage.framework/Versions/A/Libraries/libCGInterfaces.dylib
0x0000000108720000 	/usr/lib/libobjc-trampolines.dylib
0x00007fff513aa000 	/System/Library/PrivateFrameworks/FontServices.framework/libTrueTypeScaler.dylib
0x00007fff2a960000 	/System/Library/Extensions/AppleIntelHD4000GraphicsMTLDriver.bundle/Contents/MacOS/AppleIntelHD4000GraphicsMTLDriver
0x00007fff54933000 	/System/Library/PrivateFrameworks/GPUCompiler.framework/Versions/3902/Libraries/libmetal_timestamp.dylib
0x00007fff678de000 	/System/Library/PrivateFrameworks/ViewBridge.framework/Versions/A/ViewBridge
0x000000012bf95000 	/private/var/folders/c0/d63ctn4x70q87f_r701qtxp40000gn/T/libgdxmacbookpro/f7649394/liblwjgl.dylib
0x000000012c017000 	/Library/Java/JavaVirtualMachines/jdk-15.0.2.jdk/Contents/Home/lib/libjawt.dylib
0x00007fff3f68e000 	/System/Library/Frameworks/OpenGL.framework/Versions/A/Resources/GLEngine.bundle/GLEngine
0x00007fff3ea71000 	/System/Library/Frameworks/OpenGL.framework/Versions/A/Libraries/libGLProgrammability.dylib
0x00007fff2a462000 	/System/Library/Extensions/AppleIntelHD4000GraphicsGLDriver.bundle/Contents/MacOS/AppleIntelHD4000GraphicsGLDriver
0x00007fff55fe2000 	/System/Library/PrivateFrameworks/GPUSupport.framework/Versions/A/Libraries/libGPUSupportMercury.dylib
0x00007fff3f808000 	/System/Library/Frameworks/OpenGL.framework/Versions/A/Resources/GLRendererFloat.bundle/GLRendererFloat
0x00007fff3e02a000 	/System/Library/Frameworks/OpenCL.framework/Versions/A/Libraries/libcldcpuengine.dylib
0x00007fff68b70000 	/System/Library/PrivateFrameworks/login.framework/Versions/A/login


VM Arguments:
jvm_args: -Dfile.encoding=UTF-8 -Duser.country=UA -Duser.language=ru -Duser.variant 
java_command: sk.tuke.kpi.gamelib.framework.Main
java_class_path (initial): /Users/macbookpro/IdeaProjects/project-ellen/build/classes/java/main:/Users/macbookpro/IdeaProjects/project-ellen/build/resources/main:/Users/macbookpro/.gradle/caches/modules-2/files-2.1/sk.tuke.kpi.gamelib/gamelib-framework/2.6.0/bf87b88d822c6cd3a187a7cb90016e5af48489a7/gamelib-framework-2.6.0.jar:/Users/macbookpro/.gradle/caches/modules-2/files-2.1/sk.tuke.kpi.gamelib/gamelib-backend-lwjgl2/2.6.0/781718679e19e9cd26659868681f9cbe7a391ecc/gamelib-backend-lwjgl2-2.6.0.jar:/Users/macbookpro/.gradle/caches/modules-2/files-2.1/sk.tuke.kpi.gamelib/gamelib-inspector/2.6.0/6db69ef5b40f74786690f06db2cae2e18503c13c/gamelib-inspector-2.6.0.jar:/Users/macbookpro/.gradle/caches/modules-2/files-2.1/sk.tuke.kpi.gamelib/gamelib-core/2.6.0/191de4307f7dc42ad026845b3687df8d79ce22ea/gamelib-core-2.6.0.jar:/Users/macbookpro/.gradle/caches/modules-2/files-2.1/sk.tuke.kpi.oop/inspector/1.0.3/3b50ad759e2ad5fd379fd7880fc21172c691462c/inspector-1.0.3.jar:/Users/macbookpro/.gradle/caches/modules-2/files-2.1/sk.tuke.kpi.oop/inspector-annotations/1.0.3/8ec7fa0d9b8fdf63eb1da9ea2df7ba605f92bd6b/inspector-annotations-1.0.3.jar:/Users/macbookpro/.gradle/caches/modules-2/files-2.1/com.badlogicgames.gdx/gdx-backend-lwjgl/1.9.11/3c094feb74e2aef14e30e988326612ee75387c8f/gdx-backend-lwjgl-1.9.11.jar:/Users/macbookpro/.gradle/caches/modules-2/files-2.1/com.badlogicgames.gdx/gdx-freetype/1.9.11/e3d124aa5c89a2cfc134ed0c5e9dee4736a90618/gdx-freetype-1.9.11.jar:/Users/macbookpro/.gradle/caches/modules-2/files-2.1/com.badlogicgames.gdx/gdx-backend-headless/1.9.11/45391a2ac187161ea5db0f9ff71e1c6c98ecb29c/gdx-backend-headless-1.9.11.jar:/Users/macbookpro/.gradle/caches/modules-2/files-2.1/com.badlogicgames.gdx/gdx/1.9.11/69fe46897eed6f92e3f01b75cc7ca5f860881a8b/gdx-1.9.11.jar:/Users/macbookpro/.gradle/caches/modules-2/files-2.1/io.github.lukehutch/fast-classpath-scanner/3.1.9/d7b269925c9541d805f8ea1370edc2be2f04c3e/fast-classpath-scanner-3.1.9.jar:/Users/macbookpro/.gradle/caches/
Launcher Type: SUN_STANDARD

[Global flags]
     intx CICompilerCount                          = 3                                         {product} {ergonomic}
     uint ConcGCThreads                            = 1                                         {product} {ergonomic}
     uint G1ConcRefinementThreads                  = 4                                         {product} {ergonomic}
   size_t G1HeapRegionSize                         = 1048576                                   {product} {ergonomic}
    uintx GCDrainStackTargetSize                   = 64                                        {product} {ergonomic}
   size_t InitialHeapSize                          = 134217728                                 {product} {ergonomic}
   size_t MarkStackSize                            = 4194304                                   {product} {ergonomic}
   size_t MaxHeapSize                              = 2147483648                                {product} {ergonomic}
   size_t MaxNewSize                               = 1287651328                                {product} {ergonomic}
   size_t MinHeapDeltaBytes                        = 1048576                                   {product} {ergonomic}
   size_t MinHeapSize                              = 8388608                                   {product} {ergonomic}
    uintx NonNMethodCodeHeapSize                   = 5832780                                {pd product} {ergonomic}
    uintx NonProfiledCodeHeapSize                  = 122912730                              {pd product} {ergonomic}
    uintx ProfiledCodeHeapSize                     = 122912730                              {pd product} {ergonomic}
    uintx ReservedCodeCacheSize                    = 251658240                              {pd product} {ergonomic}
     bool SegmentedCodeCache                       = true                                      {product} {ergonomic}
   size_t SoftMaxHeapSize                          = 2147483648                             {manageable} {ergonomic}
     bool UseCompressedClassPointers               = true                                 {lp64_product} {ergonomic}
     bool UseCompressedOops                        = true                                 {lp64_product} {ergonomic}
     bool UseG1GC                                  = true                                      {product} {ergonomic}
     bool UseNUMA                                  = false                                     {product} {ergonomic}
     bool UseNUMAInterleaving                      = false                                     {product} {ergonomic}

Logging:
Log output configuration:
 #0: stdout all=warning uptime,level,tags
 #1: stderr all=off uptime,level,tags

Environment Variables:
PATH=/opt/local/bin:/opt/local/sbin:/Library/Frameworks/Python.framework/Versions/3.9/bin:/usr/local/bin:/usr/bin:/bin:/usr/sbin:/sbin:/Library/Apple/usr/bin
SHELL=/bin/zsh
LC_CTYPE=UTF-8

Signal Handlers:
SIGSEGV: [libjvm.dylib+0x9ff2f0], sa_mask[0]=11111111011111110111111111111111, sa_flags=SA_ONSTACK|SA_RESTART|SA_SIGINFO
SIGBUS: [libjvm.dylib+0x9ff2f0], sa_mask[0]=11111111011111110111111111111111, sa_flags=SA_RESTART|SA_SIGINFO
SIGFPE: [libjvm.dylib+0x9ff2f0], sa_mask[0]=11111111011111110111111111111111, sa_flags=SA_RESTART|SA_SIGINFO
SIGPIPE: [libjvm.dylib+0x82ae30], sa_mask[0]=11111111011111110111111111111111, sa_flags=SA_RESTART|SA_SIGINFO
SIGXFSZ: [libjvm.dylib+0x82ae30], sa_mask[0]=11111111011111110111111111111111, sa_flags=SA_RESTART|SA_SIGINFO
SIGILL: [libjvm.dylib+0x9ff2f0], sa_mask[0]=11111111011111110111111111111111, sa_flags=SA_RESTART|SA_SIGINFO
SIGUSR2: [libjvm.dylib+0x82b940], sa_mask[0]=00100000000000000000000000000000, sa_flags=SA_RESTART|SA_SIGINFO
SIGHUP: [libjvm.dylib+0x82a040], sa_mask[0]=11111111011111110111111111111111, sa_flags=SA_RESTART|SA_SIGINFO
SIGINT: [libjvm.dylib+0x82a040], sa_mask[0]=11111111011111110111111111111111, sa_flags=SA_RESTART|SA_SIGINFO
SIGTERM: [libjvm.dylib+0x82a040], sa_mask[0]=11111111011111110111111111111111, sa_flags=SA_RESTART|SA_SIGINFO
SIGQUIT: [libjvm.dylib+0x82a040], sa_mask[0]=11111111011111110111111111111111, sa_flags=SA_RESTART|SA_SIGINFO


---------------  S Y S T E M  ---------------

OS:uname: Darwin 19.6.0 Darwin Kernel Version 19.6.0: Thu Sep 16 20:58:47 PDT 2021; root:xnu-6153.141.40.1~1/RELEASE_X86_64 x86_64
OS uptime: 2 days 10:56 hours
rlimit (soft/hard): STACK 8192k/65532k , CORE 0k/infinity , NPROC 1392/2088 , NOFILE 10240/infinity , AS infinity/infinity , CPU infinity/infinity , DATA infinity/infinity , FSIZE infinity/infinity , MEMLOCK infinity/infinity , RSS infinity/infinity
load average: 3.32 2.49 2.07

CPU: total 4 (initial active 4) (2 cores per cpu, 2 threads per core) family 6 model 58 stepping 9 microcode 0x21, cmov, cx8, fxsr, mmx, sse, sse2, sse3, ssse3, sse4.1, sse4.2, popcnt, vzeroupper, avx, aes, clmul, erms, ht, tsc, tscinvbit, tscinv, clflush

Memory: 4k page, physical 8388608k(65044k free), swap 2097152k(1481216k free)

vm_info: Java HotSpot(TM) 64-Bit Server VM (15.0.2+7-27) for bsd-amd64 JRE (15.0.2+7-27), built on Dec  7 2020 20:08:32 by "mach5one" with clang 4.2.1 Compatible Apple LLVM 10.0.0 (clang-1000.11.45.5)

END.
