#
# A fatal error has been detected by the Java Runtime Environment:
#
#  SIGSEGV (0xb) at pc=0x00007fff68bbbe57, pid=9724, tid=775
#
# JRE version: Java(TM) SE Runtime Environment (15.0.2+7) (build 15.0.2+7-27)
# Java VM: Java HotSpot(TM) 64-Bit Server VM (15.0.2+7-27, mixed mode, sharing, tiered, compressed oops, g1 gc, bsd-amd64)
# Problematic frame:
# C  [libobjc.A.dylib+0x5e57]  objc_msgSend+0x17
#
# No core dump will be written. Core dumps have been disabled. To enable core dumping, try "ulimit -c unlimited" before starting Java again
#
# If you would like to submit a bug report, please visit:
#   https://bugreport.java.com/bugreport/crash.jsp
# The crash happened outside the Java Virtual Machine in native code.
# See problematic frame for where to report the bug.
#

---------------  S U M M A R Y ------------

Command Line: -Dfile.encoding=UTF-8 -Duser.country=UA -Duser.language=ru -Duser.variant sk.tuke.kpi.oop.game.Main

Host: MacBookPro10,2 x86_64 3000 MHz, 4 cores, 8G, Darwin 19.6.0
Time: Sun Nov 28 00:33:39 2021 CET elapsed time: 0.866538 seconds (0d 0h 0m 0s)

---------------  T H R E A D  ---------------

Current thread (0x00007fa6b504c600):  JavaThread "AppKit Thread" daemon [_thread_in_native, id=775, stack(0x00007ffeeb5f4000,0x00007ffeebdf4000)]

Stack: [0x00007ffeeb5f4000,0x00007ffeebdf4000],  sp=0x00007ffeebdee8a0,  free space=8170k
Native frames: (J=compiled Java code, A=aot compiled Java code, j=interpreted, Vv=VM code, C=native code)
C  [libobjc.A.dylib+0x5e57]  objc_msgSend+0x17
C  [QuartzCore+0x40a1]  _ZN2CA7Context18commit_transactionEPNS_11TransactionEd+0x225
C  [QuartzCore+0x2bb4]  _ZN2CA11Transaction6commitEv+0x284
C  [AppKit+0x1e12f1]  __62+[CATransaction(NSCATransaction) NS_setFlushesWithDisplayLink]_block_invoke+0x10a
C  [AppKit+0x8ffc20]  ___NSRunLoopObserverCreateWithHandler_block_invoke+0x29
C  [CoreFoundation+0x836ec]  __CFRUNLOOP_IS_CALLING_OUT_TO_AN_OBSERVER_CALLBACK_FUNCTION__+0x17
C  [CoreFoundation+0x8361c]  __CFRunLoopDoObservers+0x1c9
C  [CoreFoundation+0x82bb4]  __CFRunLoopRun+0x374
C  [CoreFoundation+0x821e3]  CFRunLoopRunSpecific+0x1d2
C  [HIToolbox+0x2fabd]  RunCurrentEventLoopInMode+0x124
C  [HIToolbox+0x2f7d5]  ReceiveNextEventCommon+0x248
C  [HIToolbox+0x2f579]  _BlockUntilNextEventMatchingListInModeWithFilter+0x40
C  [AppKit+0x41669]  _DPSNextEvent+0x373
C  [AppKit+0x3feb0]  -[NSApplication(NSEvent) _nextEventMatchingEventMask:untilDate:inMode:dequeue:]+0x548
C  [libosxapp.dylib+0x270a]  -[NSApplicationAWT nextEventMatchingMask:untilDate:inMode:dequeue:]+0x7a
C  [AppKit+0x31bbe]  -[NSApplication run]+0x292
C  [libosxapp.dylib+0x24fe]  +[NSApplicationAWT runAWTLoopWithApp:]+0x9e
C  [libawt_lwawt.dylib+0x3f246]  +[AWTStarter starter:headless:]+0x416
C  [JavaNativeFoundation+0x6ff9]  +[JNFRunLoop _performCopiedBlock:]+0xf
C  [Foundation+0x9ab4d]  __NSThreadPerformPerform+0xcc
C  [CoreFoundation+0x84114]  __CFRUNLOOP_IS_CALLING_OUT_TO_A_SOURCE0_PERFORM_FUNCTION__+0x11
C  [CoreFoundation+0x840b3]  __CFRunLoopDoSource0+0x67
C  [CoreFoundation+0x83ecd]  __CFRunLoopDoSources0+0xd1
C  [CoreFoundation+0x82be9]  __CFRunLoopRun+0x3a9
C  [CoreFoundation+0x821e3]  CFRunLoopRunSpecific+0x1d2
C  [libjli.dylib+0x6e32]  CreateExecutionEnvironment+0x192
C  [libjli.dylib+0x2674]  JLI_Launch+0x614
C  [java+0xc16]  main+0x196
C  [libdyld.dylib+0x1acc9]  start+0x1


siginfo: si_signo: 11 (SIGSEGV), si_code: 1 (SEGV_MAPERR), si_addr: 0x00000000b46dbeb0

Register to memory mapping:

RAX=0x00007fa6b52f1088 points into unknown readable memory: 0x0000000000000001 | 01 00 00 00 00 00 00 00
RBX=0x00007fa6b7408040 points into unknown readable memory: 0x00007fa6b46dbeb0 | b0 be 6d b4 a6 7f 00 00
RCX=0x0 is NULL
RDX=0x0000000000000003 is an unknown value
RSP=0x00007ffeebdee8a0 is pointing into the stack for thread: 0x00007fa6b504c600
RBP=0x00007ffeebdee8e0 is pointing into the stack for thread: 0x00007fa6b504c600
RSI=0x0000000000000006 is an unknown value
RDI=0x00000000b46dbeb0 is an unknown value
R8 =0x0 is NULL
R9 =0x0 is NULL
R10=0x00007ffffffffff8 is an unknown value
R11=0x00007fa6b81040a8 points into unknown readable memory: 0x0000000000000000 | 00 00 00 00 00 00 00 00
R12=0x0000000000000003 is an unknown value
R13=0x0 is NULL
R14=0x00007fa6b52f1000 points into unknown readable memory: 0x00007fa6b52f1088 | 88 10 2f b5 a6 7f 00 00
R15=0x00007fa6b52f10d8 points into unknown readable memory: 0x00007fa6b7408040 | 40 80 40 b7 a6 7f 00 00


Registers:
RAX=0x00007fa6b52f1088, RBX=0x00007fa6b7408040, RCX=0x0000000000000000, RDX=0x0000000000000003
RSP=0x00007ffeebdee8a0, RBP=0x00007ffeebdee8e0, RSI=0x0000000000000006, RDI=0x00000000b46dbeb0
R8 =0x0000000000000000, R9 =0x0000000000000000, R10=0x00007ffffffffff8, R11=0x00007fa6b81040a8
R12=0x0000000000000003, R13=0x0000000000000000, R14=0x00007fa6b52f1000, R15=0x00007fa6b52f10d8
RIP=0x00007fff68bbbe57, EFLAGS=0x0000000000010246, ERR=0x0000000000000004
  TRAPNO=0x000000000000000e

Top of Stack: (sp=0x00007ffeebdee8a0)
0x00007ffeebdee8a0:   00007fff2cf1000b 00007fff3b6dbd04
0x00007ffeebdee8b0:   00007ffeebdeead0 0000000000000002
0x00007ffeebdee8c0:   00007fa6b7405430 00007ffeebdeea50
0x00007ffeebdee8d0:   00007fa6b52f1000 00007ffeebdeead0
0x00007ffeebdee8e0:   00007ffeebdeebf0 00007fff3b6dc0a1
0x00007ffeebdee8f0:   00007ffeebdee960 0000000000000002
0x00007ffeebdee900:   0000000000000002 00007fff69f26385
0x00007ffeebdee910:   0000000103e15000 0000000000000002
0x00007ffeebdee920:   00000000ebdee960 00007fa6b46f1590
0x00007ffeebdee930:   00007ffeebdee9b0 00007fa6b52f1000
0x00007ffeebdee940:   00007fa6b491d0d8 0000000000000078
0x00007ffeebdee950:   0000000000000004 00000000000000e8
0x00007ffeebdee960:   00007fff325afd6e 00007fff325afd51
0x00007ffeebdee970:   00007ffeebdee9c0 01007fff00000001
0x00007ffeebdee980:   ab802de5ae520010 0000000000000005
0x00007ffeebdee990:   00007fa6b46ee5e0 0000000000000000
0x00007ffeebdee9a0:   0000000600000007 00007ffeebdee9c0
0x00007ffeebdee9b0:   00007ffeebdee9f0 00007fff32255889
0x00007ffeebdee9c0:   0000000000000000 0000000000000005
0x00007ffeebdee9d0:   00007fff740ffd55 0000000000000000
0x00007ffeebdee9e0:   0000000000000006 0000000600000007
0x00007ffeebdee9f0:   00007ffeebdeebb0 0000000000000000
0x00007ffeebdeea00:   00007fa6b52f1000 00007fa6b8104080
0x00007ffeebdeea10:   0000000000000000 7ff0000000000000
0x00007ffeebdeea20:   0000000000000000 0000000000000000
0x00007ffeebdeea30:   0000000000000000 0000000000000000
0x00007ffeebdeea40:   000000000000000a 00007fff741063d6
0x00007ffeebdeea50:   00007fa6b8005370 00007fa6b8104080
0x00007ffeebdeea60:   00007fff740fa803 00007fa6b4659f00
0x00007ffeebdeea70:   0000000600000007 00007fff2dad4f7c
0x00007ffeebdeea80:   0000000000400000 0000000000000006
0x00007ffeebdeea90:   00007fa6b7405180 00007fa6b7405180 

Instructions: (pc=0x00007fff68bbbe57)
0x00007fff68bbbd57:   8b 35 33 61 60 27 ff 25 15 43 60 27 f6 40 1c 01
0x00007fff68bbbd67:   75 e9 e9 e8 75 00 00 31 f6 e9 71 6c 00 00 90 90
0x00007fff68bbbd77:   90 90 90 90 90 90 90 90 90 31 c0 31 d2 0f 57 c0
0x00007fff68bbbd87:   0f 57 c9 c3 90 d9 ee 31 c0 31 d2 0f 57 c0 0f 57
0x00007fff68bbbd97:   c9 c3 0f 1f 00 d9 ee d9 ee 31 c0 31 d2 0f 57 c0
0x00007fff68bbbda7:   0f 57 c9 c3 90 48 89 f8 c3 49 89 fa 49 89 f3 45
0x00007fff68bbbdb7:   23 5a 18 49 c1 e3 04 4d 03 5a 10 49 3b 33 75 0e
0x00007fff68bbbdc7:   49 8b 43 08 48 83 f8 00 74 03 4c 31 d0 c3 49 83
0x00007fff68bbbdd7:   3b 01 76 17 49 83 c3 10 49 3b 33 75 f1 49 8b 43
0x00007fff68bbbde7:   08 48 83 f8 00 74 03 4c 31 d0 c3 72 25 4d 8b 5b
0x00007fff68bbbdf7:   08 eb 0a 49 83 3b 01 76 17 49 83 c3 10 49 3b 33
0x00007fff68bbbe07:   75 f1 49 8b 43 08 48 83 f8 00 74 03 4c 31 d0 c3
0x00007fff68bbbe17:   eb 00 31 c0 c3 66 2e 0f 1f 84 00 00 00 00 00 66
0x00007fff68bbbe27:   2e 0f 1f 84 00 00 00 00 00 66 2e 0f 1f 84 00 00
0x00007fff68bbbe37:   00 00 00 66 0f 1f 44 00 00 48 85 ff 2e 74 72 40
0x00007fff68bbbe47:   f6 c7 01 2e 75 76 49 ba f8 ff ff ff ff 7f 00 00
0x00007fff68bbbe57:   4c 23 17 49 89 f3 45 23 5a 18 49 c1 e3 04 4d 03
0x00007fff68bbbe67:   5a 10 49 3b 33 75 0a 4d 8b 5b 08 4d 31 d3 41 ff
0x00007fff68bbbe77:   e3 49 83 3b 01 76 13 49 83 c3 10 49 3b 33 75 f1
0x00007fff68bbbe87:   4d 8b 5b 08 4d 31 d3 41 ff e3 72 70 4d 8b 5b 08
0x00007fff68bbbe97:   eb 0a 49 83 3b 01 76 13 49 83 c3 10 49 3b 33 75
0x00007fff68bbbea7:   f1 4d 8b 5b 08 4d 31 d3 41 ff e3 eb 4f 0f 1f 40
0x00007fff68bbbeb7:   00 31 c0 31 d2 0f 57 c0 0f 57 c9 c3 41 89 fb 41
0x00007fff68bbbec7:   83 e3 0f 4c 8d 15 bf 63 60 27 4f 8b 14 da 4c 8d
0x00007fff68bbbed7:   1d 8c 62 60 27 4d 39 d3 0f 85 75 ff ff ff 41 89
0x00007fff68bbbee7:   fb 41 c1 eb 04 41 81 e3 ff 00 00 00 4c 8d 15 16
0x00007fff68bbbef7:   64 60 27 4f 8b 14 da e9 57 ff ff ff e9 88 0a 00
0x00007fff68bbbf07:   00 66 2e 0f 1f 84 00 00 00 00 00 66 2e 0f 1f 84
0x00007fff68bbbf17:   00 00 00 00 00 66 2e 0f 1f 84 00 00 00 00 00 66
0x00007fff68bbbf27:   2e 0f 1f 84 00 00 00 00 00 66 2e 0f 1f 84 00 00
0x00007fff68bbbf37:   00 00 00 66 0f 1f 44 00 00 48 85 ff 2e 74 6a 40
0x00007fff68bbbf47:   f6 c7 01 2e 75 6b 49 ba f8 ff ff ff ff 7f 00 00 


Stack slot to memory mapping:
stack at sp + 0 slots: 0x00007fff2cf1000b: -[NSView displayIfNeeded]+0xa1 in /System/Library/Frameworks/AppKit.framework/Versions/C/AppKit at 0x00007fff2cde4000
stack at sp + 1 slots: 0x00007fff3b6dbd04: _ZN2CA11Transaction19run_commit_handlersE18CATransactionPhase+0x6a in /System/Library/Frameworks/QuartzCore.framework/Versions/A/QuartzCore at 0x00007fff3b6d8000
stack at sp + 2 slots: 0x00007ffeebdeead0 is pointing into the stack for thread: 0x00007fa6b504c600
stack at sp + 3 slots: 0x0000000000000002 is an unknown value
stack at sp + 4 slots: 0x00007fa6b7405430 points into unknown readable memory: 0x0000400000000002 | 02 00 00 00 00 40 00 00
stack at sp + 5 slots: 0x00007ffeebdeea50 is pointing into the stack for thread: 0x00007fa6b504c600
stack at sp + 6 slots: 0x00007fa6b52f1000 points into unknown readable memory: 0x00007fa6b52f1088 | 88 10 2f b5 a6 7f 00 00
stack at sp + 7 slots: 0x00007ffeebdeead0 is pointing into the stack for thread: 0x00007fa6b504c600


---------------  P R O C E S S  ---------------

Threads class SMR info:
_java_thread_list=0x00007fa6b461cac0, length=13, elements={
0x00007fa6b5035400, 0x00007fa6b5037c00, 0x00007fa6b6020200, 0x00007fa6b5048000,
0x00007fa6b5039c00, 0x00007fa6b503b200, 0x00007fa6b5036200, 0x00007fa6b5036800,
0x00007fa6b5036e00, 0x00007fa6b5037400, 0x00007fa6b62a6e00, 0x00007fa6b504c600,
0x00007fa6b62b4a00
}

Java Threads: ( => current thread )
  0x00007fa6b5035400 JavaThread "Reference Handler" daemon [_thread_blocked, id=17155, stack(0x000070000a76b000,0x000070000a86b000)]
  0x00007fa6b5037c00 JavaThread "Finalizer" daemon [_thread_blocked, id=16643, stack(0x000070000a86e000,0x000070000a96e000)]
  0x00007fa6b6020200 JavaThread "Signal Dispatcher" daemon [_thread_blocked, id=22531, stack(0x000070000aa77000,0x000070000ab77000)]
  0x00007fa6b5048000 JavaThread "Service Thread" daemon [_thread_blocked, id=23299, stack(0x000070000ab7a000,0x000070000ac7a000)]
  0x00007fa6b5039c00 JavaThread "C2 CompilerThread0" daemon [_thread_blocked, id=41475, stack(0x000070000ac7d000,0x000070000ad7d000)]
  0x00007fa6b503b200 JavaThread "C1 CompilerThread0" daemon [_thread_blocked, id=40451, stack(0x000070000ad80000,0x000070000ae80000)]
  0x00007fa6b5036200 JavaThread "Sweeper thread" daemon [_thread_blocked, id=23811, stack(0x000070000ae83000,0x000070000af83000)]
  0x00007fa6b5036800 JavaThread "Notification Thread" daemon [_thread_blocked, id=24323, stack(0x000070000af86000,0x000070000b086000)]
  0x00007fa6b5036e00 JavaThread "Common-Cleaner" daemon [_thread_blocked, id=37891, stack(0x000070000b18c000,0x000070000b28c000)]
  0x00007fa6b5037400 JavaThread "LWJGL Application" [_thread_in_vm, id=37379, stack(0x000070000b28f000,0x000070000b38f000)]
  0x00007fa6b62a6e00 JavaThread "DestroyJavaVM" [_thread_blocked, id=6147, stack(0x000070000a056000,0x000070000a156000)]
=>0x00007fa6b504c600 JavaThread "AppKit Thread" daemon [_thread_in_native, id=775, stack(0x00007ffeeb5f4000,0x00007ffeebdf4000)]
  0x00007fa6b62b4a00 JavaThread "AWT-Shutdown" [_thread_blocked, id=44291, stack(0x000070000b392000,0x000070000b492000)]

Other Threads:
  0x00007fa6b4512e20 VMThread "VM Thread" [stack: 0x000070000a668000,0x000070000a768000] [id=18179]
  0x00007fa6b4629dd0 WatcherThread [stack: 0x000070000b089000,0x000070000b189000] [id=38659]
  0x00007fa6b470db90 GCTaskThread "GC Thread#0" [stack: 0x000070000a159000,0x000070000a259000] [id=20227]
  0x00007fa6b470ed10 ConcurrentGCThread "G1 Main Marker" [stack: 0x000070000a25c000,0x000070000a35c000] [id=13059]
  0x00007fa6b470fde0 ConcurrentGCThread "G1 Conc#0" [stack: 0x000070000a35f000,0x000070000a45f000] [id=19203]
  0x00007fa6b460ccb0 ConcurrentGCThread "G1 Refine#0" [stack: 0x000070000a462000,0x000070000a562000] [id=18691]
  0x00007fa6b460dcf0 ConcurrentGCThread "G1 Young RemSet Sampling" [stack: 0x000070000a565000,0x000070000a665000] [id=14083]

Threads with active compile tasks:

VM state: not at safepoint (normal execution)

VM Mutex/Monitor currently owned by a thread: None

Heap address: 0x0000000780000000, size: 2048 MB, Compressed Oops mode: Zero based, Oop shift amount: 3
CDS archive(s) mapped at: [0x0000000800000000-0x0000000800b2d000-0x0000000800b2d000), size 11718656, SharedBaseAddress: 0x0000000800000000, ArchiveRelocationMode: 0.
Compressed class space mapped at: 0x0000000800b30000-0x0000000840b30000, size: 1073741824
Narrow klass base: 0x0000000800000000, Narrow klass shift: 3, Narrow klass range: 0x100000000

GC Precious Log:
 CPUs: 4 total, 4 available
 Memory: 8192M
 Large Page Support: Disabled
 NUMA Support: Disabled
 Compressed Oops: Enabled (Zero based)
 Heap Region Size: 1M
 Heap Min Capacity: 8M
 Heap Initial Capacity: 128M
 Heap Max Capacity: 2G
 Pre-touch: Disabled
 Parallel Workers: 4
 Concurrent Workers: 1
 Concurrent Refinement Workers: 4
 Periodic GC: Disabled

Heap:
 garbage-first heap   total 133120K, used 9000K [0x0000000780000000, 0x0000000800000000)
  region size 1024K, 10 young (10240K), 0 survivors (0K)
 Metaspace       used 4446K, capacity 6520K, committed 6784K, reserved 1056768K
  class space    used 398K, capacity 587K, committed 640K, reserved 1048576K

Heap Regions: E=young(eden), S=young(survivor), O=old, HS=humongous(starts), HC=humongous(continues), CS=collection set, F=free, OA=open archive, CA=closed archive, TAMS=top-at-mark-start (previous, next)
|   0|0x0000000780000000, 0x0000000780000000, 0x0000000780100000|  0%| F|  |TAMS 0x0000000780000000, 0x0000000780000000| Untracked 
|   1|0x0000000780100000, 0x0000000780100000, 0x0000000780200000|  0%| F|  |TAMS 0x0000000780100000, 0x0000000780100000| Untracked 
|   2|0x0000000780200000, 0x0000000780200000, 0x0000000780300000|  0%| F|  |TAMS 0x0000000780200000, 0x0000000780200000| Untracked 
|   3|0x0000000780300000, 0x0000000780300000, 0x0000000780400000|  0%| F|  |TAMS 0x0000000780300000, 0x0000000780300000| Untracked 
|   4|0x0000000780400000, 0x0000000780400000, 0x0000000780500000|  0%| F|  |TAMS 0x0000000780400000, 0x0000000780400000| Untracked 
|   5|0x0000000780500000, 0x0000000780500000, 0x0000000780600000|  0%| F|  |TAMS 0x0000000780500000, 0x0000000780500000| Untracked 
|   6|0x0000000780600000, 0x0000000780600000, 0x0000000780700000|  0%| F|  |TAMS 0x0000000780600000, 0x0000000780600000| Untracked 
|   7|0x0000000780700000, 0x0000000780700000, 0x0000000780800000|  0%| F|  |TAMS 0x0000000780700000, 0x0000000780700000| Untracked 
|   8|0x0000000780800000, 0x0000000780800000, 0x0000000780900000|  0%| F|  |TAMS 0x0000000780800000, 0x0000000780800000| Untracked 
|   9|0x0000000780900000, 0x0000000780900000, 0x0000000780a00000|  0%| F|  |TAMS 0x0000000780900000, 0x0000000780900000| Untracked 
|  10|0x0000000780a00000, 0x0000000780a00000, 0x0000000780b00000|  0%| F|  |TAMS 0x0000000780a00000, 0x0000000780a00000| Untracked 
|  11|0x0000000780b00000, 0x0000000780b00000, 0x0000000780c00000|  0%| F|  |TAMS 0x0000000780b00000, 0x0000000780b00000| Untracked 
|  12|0x0000000780c00000, 0x0000000780c00000, 0x0000000780d00000|  0%| F|  |TAMS 0x0000000780c00000, 0x0000000780c00000| Untracked 
|  13|0x0000000780d00000, 0x0000000780d00000, 0x0000000780e00000|  0%| F|  |TAMS 0x0000000780d00000, 0x0000000780d00000| Untracked 
|  14|0x0000000780e00000, 0x0000000780e00000, 0x0000000780f00000|  0%| F|  |TAMS 0x0000000780e00000, 0x0000000780e00000| Untracked 
|  15|0x0000000780f00000, 0x0000000780f00000, 0x0000000781000000|  0%| F|  |TAMS 0x0000000780f00000, 0x0000000780f00000| Untracked 
|  16|0x0000000781000000, 0x0000000781000000, 0x0000000781100000|  0%| F|  |TAMS 0x0000000781000000, 0x0000000781000000| Untracked 
|  17|0x0000000781100000, 0x0000000781100000, 0x0000000781200000|  0%| F|  |TAMS 0x0000000781100000, 0x0000000781100000| Untracked 
|  18|0x0000000781200000, 0x0000000781200000, 0x0000000781300000|  0%| F|  |TAMS 0x0000000781200000, 0x0000000781200000| Untracked 
|  19|0x0000000781300000, 0x0000000781300000, 0x0000000781400000|  0%| F|  |TAMS 0x0000000781300000, 0x0000000781300000| Untracked 
|  20|0x0000000781400000, 0x0000000781400000, 0x0000000781500000|  0%| F|  |TAMS 0x0000000781400000, 0x0000000781400000| Untracked 
|  21|0x0000000781500000, 0x0000000781500000, 0x0000000781600000|  0%| F|  |TAMS 0x0000000781500000, 0x0000000781500000| Untracked 
|  22|0x0000000781600000, 0x0000000781600000, 0x0000000781700000|  0%| F|  |TAMS 0x0000000781600000, 0x0000000781600000| Untracked 
|  23|0x0000000781700000, 0x0000000781700000, 0x0000000781800000|  0%| F|  |TAMS 0x0000000781700000, 0x0000000781700000| Untracked 
|  24|0x0000000781800000, 0x0000000781800000, 0x0000000781900000|  0%| F|  |TAMS 0x0000000781800000, 0x0000000781800000| Untracked 
|  25|0x0000000781900000, 0x0000000781900000, 0x0000000781a00000|  0%| F|  |TAMS 0x0000000781900000, 0x0000000781900000| Untracked 
|  26|0x0000000781a00000, 0x0000000781a00000, 0x0000000781b00000|  0%| F|  |TAMS 0x0000000781a00000, 0x0000000781a00000| Untracked 
|  27|0x0000000781b00000, 0x0000000781b00000, 0x0000000781c00000|  0%| F|  |TAMS 0x0000000781b00000, 0x0000000781b00000| Untracked 
|  28|0x0000000781c00000, 0x0000000781c00000, 0x0000000781d00000|  0%| F|  |TAMS 0x0000000781c00000, 0x0000000781c00000| Untracked 
|  29|0x0000000781d00000, 0x0000000781d00000, 0x0000000781e00000|  0%| F|  |TAMS 0x0000000781d00000, 0x0000000781d00000| Untracked 
|  30|0x0000000781e00000, 0x0000000781e00000, 0x0000000781f00000|  0%| F|  |TAMS 0x0000000781e00000, 0x0000000781e00000| Untracked 
|  31|0x0000000781f00000, 0x0000000781f00000, 0x0000000782000000|  0%| F|  |TAMS 0x0000000781f00000, 0x0000000781f00000| Untracked 
|  32|0x0000000782000000, 0x0000000782000000, 0x0000000782100000|  0%| F|  |TAMS 0x0000000782000000, 0x0000000782000000| Untracked 
|  33|0x0000000782100000, 0x0000000782100000, 0x0000000782200000|  0%| F|  |TAMS 0x0000000782100000, 0x0000000782100000| Untracked 
|  34|0x0000000782200000, 0x0000000782200000, 0x0000000782300000|  0%| F|  |TAMS 0x0000000782200000, 0x0000000782200000| Untracked 
|  35|0x0000000782300000, 0x0000000782300000, 0x0000000782400000|  0%| F|  |TAMS 0x0000000782300000, 0x0000000782300000| Untracked 
|  36|0x0000000782400000, 0x0000000782400000, 0x0000000782500000|  0%| F|  |TAMS 0x0000000782400000, 0x0000000782400000| Untracked 
|  37|0x0000000782500000, 0x0000000782500000, 0x0000000782600000|  0%| F|  |TAMS 0x0000000782500000, 0x0000000782500000| Untracked 
|  38|0x0000000782600000, 0x0000000782600000, 0x0000000782700000|  0%| F|  |TAMS 0x0000000782600000, 0x0000000782600000| Untracked 
|  39|0x0000000782700000, 0x0000000782700000, 0x0000000782800000|  0%| F|  |TAMS 0x0000000782700000, 0x0000000782700000| Untracked 
|  40|0x0000000782800000, 0x0000000782800000, 0x0000000782900000|  0%| F|  |TAMS 0x0000000782800000, 0x0000000782800000| Untracked 
|  41|0x0000000782900000, 0x0000000782900000, 0x0000000782a00000|  0%| F|  |TAMS 0x0000000782900000, 0x0000000782900000| Untracked 
|  42|0x0000000782a00000, 0x0000000782a00000, 0x0000000782b00000|  0%| F|  |TAMS 0x0000000782a00000, 0x0000000782a00000| Untracked 
|  43|0x0000000782b00000, 0x0000000782b00000, 0x0000000782c00000|  0%| F|  |TAMS 0x0000000782b00000, 0x0000000782b00000| Untracked 
|  44|0x0000000782c00000, 0x0000000782c00000, 0x0000000782d00000|  0%| F|  |TAMS 0x0000000782c00000, 0x0000000782c00000| Untracked 
|  45|0x0000000782d00000, 0x0000000782d00000, 0x0000000782e00000|  0%| F|  |TAMS 0x0000000782d00000, 0x0000000782d00000| Untracked 
|  46|0x0000000782e00000, 0x0000000782e00000, 0x0000000782f00000|  0%| F|  |TAMS 0x0000000782e00000, 0x0000000782e00000| Untracked 
|  47|0x0000000782f00000, 0x0000000782f00000, 0x0000000783000000|  0%| F|  |TAMS 0x0000000782f00000, 0x0000000782f00000| Untracked 
|  48|0x0000000783000000, 0x0000000783000000, 0x0000000783100000|  0%| F|  |TAMS 0x0000000783000000, 0x0000000783000000| Untracked 
|  49|0x0000000783100000, 0x0000000783100000, 0x0000000783200000|  0%| F|  |TAMS 0x0000000783100000, 0x0000000783100000| Untracked 
|  50|0x0000000783200000, 0x0000000783200000, 0x0000000783300000|  0%| F|  |TAMS 0x0000000783200000, 0x0000000783200000| Untracked 
|  51|0x0000000783300000, 0x0000000783300000, 0x0000000783400000|  0%| F|  |TAMS 0x0000000783300000, 0x0000000783300000| Untracked 
|  52|0x0000000783400000, 0x0000000783400000, 0x0000000783500000|  0%| F|  |TAMS 0x0000000783400000, 0x0000000783400000| Untracked 
|  53|0x0000000783500000, 0x0000000783500000, 0x0000000783600000|  0%| F|  |TAMS 0x0000000783500000, 0x0000000783500000| Untracked 
|  54|0x0000000783600000, 0x0000000783600000, 0x0000000783700000|  0%| F|  |TAMS 0x0000000783600000, 0x0000000783600000| Untracked 
|  55|0x0000000783700000, 0x0000000783700000, 0x0000000783800000|  0%| F|  |TAMS 0x0000000783700000, 0x0000000783700000| Untracked 
|  56|0x0000000783800000, 0x0000000783800000, 0x0000000783900000|  0%| F|  |TAMS 0x0000000783800000, 0x0000000783800000| Untracked 
|  57|0x0000000783900000, 0x0000000783900000, 0x0000000783a00000|  0%| F|  |TAMS 0x0000000783900000, 0x0000000783900000| Untracked 
|  58|0x0000000783a00000, 0x0000000783a00000, 0x0000000783b00000|  0%| F|  |TAMS 0x0000000783a00000, 0x0000000783a00000| Untracked 
|  59|0x0000000783b00000, 0x0000000783b00000, 0x0000000783c00000|  0%| F|  |TAMS 0x0000000783b00000, 0x0000000783b00000| Untracked 
|  60|0x0000000783c00000, 0x0000000783c00000, 0x0000000783d00000|  0%| F|  |TAMS 0x0000000783c00000, 0x0000000783c00000| Untracked 
|  61|0x0000000783d00000, 0x0000000783d00000, 0x0000000783e00000|  0%| F|  |TAMS 0x0000000783d00000, 0x0000000783d00000| Untracked 
|  62|0x0000000783e00000, 0x0000000783e00000, 0x0000000783f00000|  0%| F|  |TAMS 0x0000000783e00000, 0x0000000783e00000| Untracked 
|  63|0x0000000783f00000, 0x0000000783f00000, 0x0000000784000000|  0%| F|  |TAMS 0x0000000783f00000, 0x0000000783f00000| Untracked 
|  64|0x0000000784000000, 0x0000000784000000, 0x0000000784100000|  0%| F|  |TAMS 0x0000000784000000, 0x0000000784000000| Untracked 
|  65|0x0000000784100000, 0x0000000784100000, 0x0000000784200000|  0%| F|  |TAMS 0x0000000784100000, 0x0000000784100000| Untracked 
|  66|0x0000000784200000, 0x0000000784200000, 0x0000000784300000|  0%| F|  |TAMS 0x0000000784200000, 0x0000000784200000| Untracked 
|  67|0x0000000784300000, 0x0000000784300000, 0x0000000784400000|  0%| F|  |TAMS 0x0000000784300000, 0x0000000784300000| Untracked 
|  68|0x0000000784400000, 0x0000000784400000, 0x0000000784500000|  0%| F|  |TAMS 0x0000000784400000, 0x0000000784400000| Untracked 
|  69|0x0000000784500000, 0x0000000784500000, 0x0000000784600000|  0%| F|  |TAMS 0x0000000784500000, 0x0000000784500000| Untracked 
|  70|0x0000000784600000, 0x0000000784600000, 0x0000000784700000|  0%| F|  |TAMS 0x0000000784600000, 0x0000000784600000| Untracked 
|  71|0x0000000784700000, 0x0000000784700000, 0x0000000784800000|  0%| F|  |TAMS 0x0000000784700000, 0x0000000784700000| Untracked 
|  72|0x0000000784800000, 0x0000000784800000, 0x0000000784900000|  0%| F|  |TAMS 0x0000000784800000, 0x0000000784800000| Untracked 
|  73|0x0000000784900000, 0x0000000784900000, 0x0000000784a00000|  0%| F|  |TAMS 0x0000000784900000, 0x0000000784900000| Untracked 
|  74|0x0000000784a00000, 0x0000000784a00000, 0x0000000784b00000|  0%| F|  |TAMS 0x0000000784a00000, 0x0000000784a00000| Untracked 
|  75|0x0000000784b00000, 0x0000000784b00000, 0x0000000784c00000|  0%| F|  |TAMS 0x0000000784b00000, 0x0000000784b00000| Untracked 
|  76|0x0000000784c00000, 0x0000000784c00000, 0x0000000784d00000|  0%| F|  |TAMS 0x0000000784c00000, 0x0000000784c00000| Untracked 
|  77|0x0000000784d00000, 0x0000000784d00000, 0x0000000784e00000|  0%| F|  |TAMS 0x0000000784d00000, 0x0000000784d00000| Untracked 
|  78|0x0000000784e00000, 0x0000000784e00000, 0x0000000784f00000|  0%| F|  |TAMS 0x0000000784e00000, 0x0000000784e00000| Untracked 
|  79|0x0000000784f00000, 0x0000000784f00000, 0x0000000785000000|  0%| F|  |TAMS 0x0000000784f00000, 0x0000000784f00000| Untracked 
|  80|0x0000000785000000, 0x0000000785000000, 0x0000000785100000|  0%| F|  |TAMS 0x0000000785000000, 0x0000000785000000| Untracked 
|  81|0x0000000785100000, 0x0000000785100000, 0x0000000785200000|  0%| F|  |TAMS 0x0000000785100000, 0x0000000785100000| Untracked 
|  82|0x0000000785200000, 0x0000000785200000, 0x0000000785300000|  0%| F|  |TAMS 0x0000000785200000, 0x0000000785200000| Untracked 
|  83|0x0000000785300000, 0x0000000785300000, 0x0000000785400000|  0%| F|  |TAMS 0x0000000785300000, 0x0000000785300000| Untracked 
|  84|0x0000000785400000, 0x0000000785400000, 0x0000000785500000|  0%| F|  |TAMS 0x0000000785400000, 0x0000000785400000| Untracked 
|  85|0x0000000785500000, 0x0000000785500000, 0x0000000785600000|  0%| F|  |TAMS 0x0000000785500000, 0x0000000785500000| Untracked 
|  86|0x0000000785600000, 0x0000000785600000, 0x0000000785700000|  0%| F|  |TAMS 0x0000000785600000, 0x0000000785600000| Untracked 
|  87|0x0000000785700000, 0x0000000785700000, 0x0000000785800000|  0%| F|  |TAMS 0x0000000785700000, 0x0000000785700000| Untracked 
|  88|0x0000000785800000, 0x0000000785800000, 0x0000000785900000|  0%| F|  |TAMS 0x0000000785800000, 0x0000000785800000| Untracked 
|  89|0x0000000785900000, 0x0000000785900000, 0x0000000785a00000|  0%| F|  |TAMS 0x0000000785900000, 0x0000000785900000| Untracked 
|  90|0x0000000785a00000, 0x0000000785a00000, 0x0000000785b00000|  0%| F|  |TAMS 0x0000000785a00000, 0x0000000785a00000| Untracked 
|  91|0x0000000785b00000, 0x0000000785b00000, 0x0000000785c00000|  0%| F|  |TAMS 0x0000000785b00000, 0x0000000785b00000| Untracked 
|  92|0x0000000785c00000, 0x0000000785c00000, 0x0000000785d00000|  0%| F|  |TAMS 0x0000000785c00000, 0x0000000785c00000| Untracked 
|  93|0x0000000785d00000, 0x0000000785d00000, 0x0000000785e00000|  0%| F|  |TAMS 0x0000000785d00000, 0x0000000785d00000| Untracked 
|  94|0x0000000785e00000, 0x0000000785e00000, 0x0000000785f00000|  0%| F|  |TAMS 0x0000000785e00000, 0x0000000785e00000| Untracked 
|  95|0x0000000785f00000, 0x0000000785f00000, 0x0000000786000000|  0%| F|  |TAMS 0x0000000785f00000, 0x0000000785f00000| Untracked 
|  96|0x0000000786000000, 0x0000000786000000, 0x0000000786100000|  0%| F|  |TAMS 0x0000000786000000, 0x0000000786000000| Untracked 
|  97|0x0000000786100000, 0x0000000786100000, 0x0000000786200000|  0%| F|  |TAMS 0x0000000786100000, 0x0000000786100000| Untracked 
|  98|0x0000000786200000, 0x0000000786200000, 0x0000000786300000|  0%| F|  |TAMS 0x0000000786200000, 0x0000000786200000| Untracked 
|  99|0x0000000786300000, 0x0000000786300000, 0x0000000786400000|  0%| F|  |TAMS 0x0000000786300000, 0x0000000786300000| Untracked 
| 100|0x0000000786400000, 0x0000000786400000, 0x0000000786500000|  0%| F|  |TAMS 0x0000000786400000, 0x0000000786400000| Untracked 
| 101|0x0000000786500000, 0x0000000786500000, 0x0000000786600000|  0%| F|  |TAMS 0x0000000786500000, 0x0000000786500000| Untracked 
| 102|0x0000000786600000, 0x0000000786600000, 0x0000000786700000|  0%| F|  |TAMS 0x0000000786600000, 0x0000000786600000| Untracked 
| 103|0x0000000786700000, 0x0000000786700000, 0x0000000786800000|  0%| F|  |TAMS 0x0000000786700000, 0x0000000786700000| Untracked 
| 104|0x0000000786800000, 0x0000000786800000, 0x0000000786900000|  0%| F|  |TAMS 0x0000000786800000, 0x0000000786800000| Untracked 
| 105|0x0000000786900000, 0x0000000786900000, 0x0000000786a00000|  0%| F|  |TAMS 0x0000000786900000, 0x0000000786900000| Untracked 
| 106|0x0000000786a00000, 0x0000000786a00000, 0x0000000786b00000|  0%| F|  |TAMS 0x0000000786a00000, 0x0000000786a00000| Untracked 
| 107|0x0000000786b00000, 0x0000000786b00000, 0x0000000786c00000|  0%| F|  |TAMS 0x0000000786b00000, 0x0000000786b00000| Untracked 
| 108|0x0000000786c00000, 0x0000000786c00000, 0x0000000786d00000|  0%| F|  |TAMS 0x0000000786c00000, 0x0000000786c00000| Untracked 
| 109|0x0000000786d00000, 0x0000000786d00000, 0x0000000786e00000|  0%| F|  |TAMS 0x0000000786d00000, 0x0000000786d00000| Untracked 
| 110|0x0000000786e00000, 0x0000000786e00000, 0x0000000786f00000|  0%| F|  |TAMS 0x0000000786e00000, 0x0000000786e00000| Untracked 
| 111|0x0000000786f00000, 0x0000000786f00000, 0x0000000787000000|  0%| F|  |TAMS 0x0000000786f00000, 0x0000000786f00000| Untracked 
| 112|0x0000000787000000, 0x0000000787000000, 0x0000000787100000|  0%| F|  |TAMS 0x0000000787000000, 0x0000000787000000| Untracked 
| 113|0x0000000787100000, 0x0000000787100000, 0x0000000787200000|  0%| F|  |TAMS 0x0000000787100000, 0x0000000787100000| Untracked 
| 114|0x0000000787200000, 0x0000000787200000, 0x0000000787300000|  0%| F|  |TAMS 0x0000000787200000, 0x0000000787200000| Untracked 
| 115|0x0000000787300000, 0x0000000787300000, 0x0000000787400000|  0%| F|  |TAMS 0x0000000787300000, 0x0000000787300000| Untracked 
| 116|0x0000000787400000, 0x0000000787400000, 0x0000000787500000|  0%| F|  |TAMS 0x0000000787400000, 0x0000000787400000| Untracked 
| 117|0x0000000787500000, 0x0000000787500000, 0x0000000787600000|  0%| F|  |TAMS 0x0000000787500000, 0x0000000787500000| Untracked 
| 118|0x0000000787600000, 0x00000007876ac690, 0x0000000787700000| 67%| E|  |TAMS 0x0000000787600000, 0x0000000787600000| Complete 
| 119|0x0000000787700000, 0x0000000787800000, 0x0000000787800000|100%| E|CS|TAMS 0x0000000787700000, 0x0000000787700000| Complete 
| 120|0x0000000787800000, 0x0000000787900000, 0x0000000787900000|100%| E|CS|TAMS 0x0000000787800000, 0x0000000787800000| Complete 
| 121|0x0000000787900000, 0x0000000787a00000, 0x0000000787a00000|100%| E|CS|TAMS 0x0000000787900000, 0x0000000787900000| Complete 
| 122|0x0000000787a00000, 0x0000000787b00000, 0x0000000787b00000|100%| E|CS|TAMS 0x0000000787a00000, 0x0000000787a00000| Complete 
| 123|0x0000000787b00000, 0x0000000787c00000, 0x0000000787c00000|100%| E|CS|TAMS 0x0000000787b00000, 0x0000000787b00000| Complete 
| 124|0x0000000787c00000, 0x0000000787d00000, 0x0000000787d00000|100%| E|CS|TAMS 0x0000000787c00000, 0x0000000787c00000| Complete 
| 125|0x0000000787d00000, 0x0000000787e00000, 0x0000000787e00000|100%| E|CS|TAMS 0x0000000787d00000, 0x0000000787d00000| Complete 
| 126|0x0000000787e00000, 0x0000000787f00000, 0x0000000787f00000|100%| E|CS|TAMS 0x0000000787e00000, 0x0000000787e00000| Complete 
| 127|0x0000000787f00000, 0x0000000788000000, 0x0000000788000000|100%| E|  |TAMS 0x0000000787f00000, 0x0000000787f00000| Complete 
|1022|0x00000007bfe00000, 0x00000007bfe51000, 0x00000007bff00000| 31%|OA|  |TAMS 0x00000007bfe00000, 0x00000007bfe00000| Untracked 
|1023|0x00000007bff00000, 0x00000007bff79000, 0x00000007c0000000| 47%|CA|  |TAMS 0x00000007bff00000, 0x00000007bff00000| Untracked 

Card table byte_map: [0x000000010ddab000,0x000000010e1ab000] _byte_map_base: 0x000000010a1ab000

Marking Bits (Prev, Next): (CMBitMap*) 0x00007fa6b5822c10, (CMBitMap*) 0x00007fa6b5822c50
 Prev Bits: [0x000000010e5ab000, 0x00000001105ab000)
 Next Bits: [0x000000011fead000, 0x0000000121ead000)

Polling page: 0x0000000103e46000

Metaspace:

Usage:
  Non-class:      5.79 MB capacity,     3.95 MB ( 68%) used,     1.83 MB ( 32%) free+waste,     6.75 KB ( <1%) overhead. 
      Class:    587.00 KB capacity,   398.86 KB ( 68%) used,   185.33 KB ( 32%) free+waste,     2.81 KB ( <1%) overhead. 
       Both:      6.37 MB capacity,     4.34 MB ( 68%) used,     2.02 MB ( 32%) free+waste,     9.56 KB ( <1%) overhead. 

Virtual space:
  Non-class space:        8.00 MB reserved,       6.00 MB ( 75%) committed 
      Class space:        1.00 GB reserved,     640.00 KB ( <1%) committed 
             Both:        1.01 GB reserved,       6.62 MB ( <1%) committed 

Chunk freelists:
   Non-Class:  83.00 KB
       Class:  0 bytes
        Both:  83.00 KB

MaxMetaspaceSize: 17179869184.00 GB
CompressedClassSpaceSize: 1.00 GB

CodeHeap 'non-profiled nmethods': size=120032Kb used=198Kb max_used=198Kb free=119833Kb
 bounds [0x0000000118975000, 0x0000000118be5000, 0x000000011fead000]
CodeHeap 'profiled nmethods': size=120028Kb used=946Kb max_used=946Kb free=119081Kb
 bounds [0x000000011143e000, 0x00000001116ae000, 0x0000000118975000]
CodeHeap 'non-nmethods': size=5700Kb used=1155Kb max_used=1170Kb free=4544Kb
 bounds [0x0000000110ead000, 0x000000011111d000, 0x000000011143e000]
 total_blobs=1034 nmethods=622 adapters=326
 compilation: enabled
              stopped_count=0, restarted_count=0
 full_count=0

Compilation events (20 events):
Event: 0.779 Thread 0x00007fa6b5039c00 nmethod 611 0x00000001189a5090 code [0x00000001189a5200, 0x00000001189a5298]
Event: 0.779 Thread 0x00007fa6b5039c00  612       4       java.lang.String::substring (58 bytes)
Event: 0.780 Thread 0x00007fa6b503b200 nmethod 613 0x0000000111527390 code [0x0000000111527580, 0x0000000111527bb0]
Event: 0.780 Thread 0x00007fa6b503b200  616       3       java.io.UnixFileSystem::hasBooleanAttributes (33 bytes)
Event: 0.781 Thread 0x00007fa6b503b200 nmethod 616 0x0000000111527e90 code [0x0000000111528060, 0x0000000111528400]
Event: 0.781 Thread 0x00007fa6b503b200  614       3       java.util.zip.InflaterInputStream::close (34 bytes)
Event: 0.781 Thread 0x00007fa6b503b200 nmethod 614 0x0000000111528590 code [0x0000000111528740, 0x00000001115289f0]
Event: 0.781 Thread 0x00007fa6b503b200  615       3       java.util.zip.ZipFile$InflaterCleanupAction::run (12 bytes)
Event: 0.781 Thread 0x00007fa6b503b200 nmethod 615 0x0000000111528b10 code [0x0000000111528ca0, 0x0000000111528de0]
Event: 0.784 Thread 0x00007fa6b503b200  618       3       java.util.concurrent.ConcurrentHashMap$Traverser::advance (188 bytes)
Event: 0.785 Thread 0x00007fa6b503b200 nmethod 618 0x0000000111528e90 code [0x00000001115290c0, 0x0000000111529cc0]
Event: 0.785 Thread 0x00007fa6b503b200  619       3       java.util.ArrayDeque::pollFirst (36 bytes)
Event: 0.786 Thread 0x00007fa6b503b200 nmethod 619 0x0000000111529f90 code [0x000000011152a140, 0x000000011152a570]
Event: 0.786 Thread 0x00007fa6b5039c00 nmethod 612 0x00000001189a5390 code [0x00000001189a5520, 0x00000001189a5978]
Event: 0.786 Thread 0x00007fa6b5039c00  617       4       java.lang.String::equals (50 bytes)
Event: 0.787 Thread 0x00007fa6b503b200  620       3       java.nio.Buffer::remaining (20 bytes)
Event: 0.787 Thread 0x00007fa6b503b200 nmethod 620 0x000000011152a710 code [0x000000011152a8a0, 0x000000011152a9f0]
Event: 0.788 Thread 0x00007fa6b5039c00 nmethod 617 0x00000001189a5c10 code [0x00000001189a5d80, 0x00000001189a5f38]
Event: 0.796 Thread 0x00007fa6b5039c00  621       4       java.lang.String::startsWith (138 bytes)
Event: 0.841 Thread 0x00007fa6b5039c00 nmethod 621 0x00000001189a6010 code [0x00000001189a6180, 0x00000001189a63b8]

GC Heap History (0 events):
No events

Deoptimization events (20 events):
Event: 0.160 Thread 0x00007fa6b500ba00 DEOPT PACKING pc=0x000000011144f5e8 sp=0x000070000a154730
Event: 0.160 Thread 0x00007fa6b500ba00 DEOPT UNPACKING pc=0x0000000110efaf2b sp=0x000070000a153ba0 mode 0
Event: 0.317 Thread 0x00007fa6b500ba00 Uncommon trap: trap_request=0xffffff45 fr.pc=0x000000011897f11c relative=0x000000000000037c
Event: 0.317 Thread 0x00007fa6b500ba00 Uncommon trap: reason=unstable_if action=reinterpret pc=0x000000011897f11c method=java.lang.StringLatin1.indexOf([BI[BII)I @ 91 c2
Event: 0.317 Thread 0x00007fa6b500ba00 DEOPT PACKING pc=0x000000011897f11c sp=0x000070000a155280
Event: 0.317 Thread 0x00007fa6b500ba00 DEOPT UNPACKING pc=0x0000000110efb125 sp=0x000070000a155200 mode 2
Event: 0.346 Thread 0x00007fa6b500ba00 Uncommon trap: trap_request=0xffffff45 fr.pc=0x000000011897fe74 relative=0x00000000000001d4
Event: 0.346 Thread 0x00007fa6b500ba00 Uncommon trap: reason=unstable_if action=reinterpret pc=0x000000011897fe74 method=java.lang.String.startsWith(Ljava/lang/String;I)Z @ 1 c2
Event: 0.346 Thread 0x00007fa6b500ba00 DEOPT PACKING pc=0x000000011897fe74 sp=0x000070000a154480
Event: 0.346 Thread 0x00007fa6b500ba00 DEOPT UNPACKING pc=0x0000000110efb125 sp=0x000070000a154408 mode 2
Event: 0.372 Thread 0x00007fa6b500ba00 DEOPT PACKING pc=0x00000001114c4be8 sp=0x000070000a151b80
Event: 0.372 Thread 0x00007fa6b500ba00 DEOPT UNPACKING pc=0x0000000110efaf2b sp=0x000070000a150ff0 mode 0
Event: 0.385 Thread 0x00007fa6b500ba00 DEOPT PACKING pc=0x00000001114c4be8 sp=0x000070000a153bb0
Event: 0.385 Thread 0x00007fa6b500ba00 DEOPT UNPACKING pc=0x0000000110efaf2b sp=0x000070000a153020 mode 0
Event: 0.392 Thread 0x00007fa6b5037400 DEOPT PACKING pc=0x00000001114c4be8 sp=0x000070000b38d380
Event: 0.392 Thread 0x00007fa6b5037400 DEOPT UNPACKING pc=0x0000000110efaf2b sp=0x000070000b38c7f0 mode 0
Event: 0.726 Thread 0x00007fa6b5037400 DEOPT PACKING pc=0x00000001114c4be8 sp=0x000070000b38c170
Event: 0.726 Thread 0x00007fa6b5037400 DEOPT UNPACKING pc=0x0000000110efaf2b sp=0x000070000b38b5e0 mode 0
Event: 0.768 Thread 0x00007fa6b5037400 DEOPT PACKING pc=0x00000001114c4be8 sp=0x000070000b38d540
Event: 0.768 Thread 0x00007fa6b5037400 DEOPT UNPACKING pc=0x0000000110efaf2b sp=0x000070000b38c9b0 mode 0

Classes unloaded (0 events):
No events

Classes redefined (0 events):
No events

Internal exceptions (13 events):
Event: 0.227 Thread 0x00007fa6b500ba00 Exception <a 'java/lang/NoSuchMethodError'{0x0000000787b4e9b0}: 'void java.lang.invoke.DirectMethodHandle$Holder.invokeSpecial(java.lang.Object, java.lang.Object, java.lang.Object)'> (0x0000000787b4e9b0) 
thrown [./open/src/hotspot/share/interpreter/linkResolver.cpp, line 782]
Event: 0.229 Thread 0x00007fa6b500ba00 Exception <a 'java/lang/NoSuchMethodError'{0x0000000787b58890}: 'void java.lang.invoke.DirectMethodHandle$Holder.invokeInterface(java.lang.Object, java.lang.Object)'> (0x0000000787b58890) 
thrown [./open/src/hotspot/share/interpreter/linkResolver.cpp, line 782]
Event: 0.264 Thread 0x00007fa6b500ba00 Exception <a 'java/lang/NoSuchMethodError'{0x0000000787a0b688}: 'void java.lang.invoke.DirectMethodHandle$Holder.invokeStatic(java.lang.Object, int, int)'> (0x0000000787a0b688) 
thrown [./open/src/hotspot/share/interpreter/linkResolver.cpp, line 782]
Event: 0.266 Thread 0x00007fa6b500ba00 Exception <a 'java/lang/NoSuchMethodError'{0x0000000787a0ee10}: 'void java.lang.invoke.DirectMethodHandle$Holder.invokeStaticInit(java.lang.Object, int, int)'> (0x0000000787a0ee10) 
thrown [./open/src/hotspot/share/interpreter/linkResolver.cpp, line 782]
Event: 0.352 Thread 0x00007fa6b500ba00 Exception <a 'java/lang/NoSuchMethodError'{0x0000000787942a70}: 'void java.lang.invoke.DirectMethodHandle$Holder.invokeStatic(java.lang.Object, java.lang.Object)'> (0x0000000787942a70) 
thrown [./open/src/hotspot/share/interpreter/linkResolver.cpp, line 782]
Event: 0.352 Thread 0x00007fa6b500ba00 Exception <a 'java/lang/NoSuchMethodError'{0x0000000787946518}: 'void java.lang.invoke.DirectMethodHandle$Holder.invokeStaticInit(java.lang.Object, java.lang.Object)'> (0x0000000787946518) 
thrown [./open/src/hotspot/share/interpreter/linkResolver.cpp, line 782]
Event: 0.392 Thread 0x00007fa6b500ba00 Exception <a 'java/lang/NoSuchMethodError'{0x0000000787816be8}: 'void java.lang.invoke.DirectMethodHandle$Holder.invokeStatic(java.lang.Object, java.lang.Object, java.lang.Object, java.lang.Object)'> (0x0000000787816be8) 
thrown [./open/src/hotspot/share/interpreter/linkResolver.cpp, line 782]
Event: 0.397 Thread 0x00007fa6b5037400 Exception <a 'java/lang/ClassNotFoundException'{0x000000078785aee0}: sun/awt/resources/spi/awtProvider> (0x000000078785aee0) 
thrown [./open/src/hotspot/share/classfile/systemDictionary.cpp, line 295]
Event: 0.430 Thread 0x00007fa6b5037400 Exception <a 'java/io/FileNotFoundException'{0x00000007878e8390}> (0x00000007878e8390) 
thrown [./open/src/hotspot/share/prims/jni.cpp, line 578]
Event: 0.439 Thread 0x00007fa6b5037400 Exception <a 'java/io/FileNotFoundException'{0x0000000787716f88}> (0x0000000787716f88) 
thrown [./open/src/hotspot/share/prims/jni.cpp, line 578]
Event: 0.441 Thread 0x00007fa6b5037400 Exception <a 'java/lang/NoSuchMethodError'{0x0000000787717fa8}: 'java.lang.Object java.lang.invoke.DirectMethodHandle$Holder.invokeStatic(java.lang.Object)'> (0x0000000787717fa8) 
thrown [./open/src/hotspot/share/interpreter/linkResolver.cpp, line 782]
Event: 0.441 Thread 0x00007fa6b5037400 Exception <a 'java/lang/NoSuchMethodError'{0x000000078771b618}: 'java.lang.Object java.lang.invoke.DirectMethodHandle$Holder.invokeStaticInit(java.lang.Object)'> (0x000000078771b618) 
thrown [./open/src/hotspot/share/interpreter/linkResolver.cpp, line 782]
Event: 0.444 Thread 0x00007fa6b5037400 Exception <a 'java/lang/ClassNotFoundException'{0x00000007877217e0}: sun/awt/resources/spi/awtosxProvider> (0x00000007877217e0) 
thrown [./open/src/hotspot/share/classfile/systemDictionary.cpp, line 295]

Events (20 events):
Event: 0.775 loading class java/nio/StringCharBuffer
Event: 0.775 loading class java/nio/StringCharBuffer done
Event: 0.783 loading class java/awt/GraphicsConfiguration
Event: 0.783 loading class java/awt/GraphicsConfiguration done
Event: 0.783 loading class java/awt/Image
Event: 0.783 loading class java/awt/Image done
Event: 0.783 loading class java/awt/image/BufferedImage
Event: 0.783 loading class java/awt/image/WritableRenderedImage
Event: 0.784 loading class java/awt/image/RenderedImage
Event: 0.784 loading class java/awt/image/RenderedImage done
Event: 0.784 loading class java/awt/image/WritableRenderedImage done
Event: 0.784 loading class java/awt/Transparency
Event: 0.784 loading class java/awt/Transparency done
Event: 0.784 loading class java/awt/image/BufferedImage done
Event: 0.784 loading class java/awt/IllegalComponentStateException
Event: 0.784 loading class java/awt/IllegalComponentStateException done
Event: 0.784 loading class java/awt/Point
Event: 0.784 loading class java/awt/geom/Point2D
Event: 0.784 loading class java/awt/geom/Point2D done
Event: 0.784 loading class java/awt/Point done


Dynamic libraries:
0x00007fff69289000 	/usr/lib/libz.1.dylib
0x0000000103e19000 	/Library/Java/JavaVirtualMachines/jdk-15.0.2.jdk/Contents/Home/lib/libjli.dylib
0x00007fff2ec8c000 	/System/Library/Frameworks/Cocoa.framework/Versions/A/Cocoa
0x00007fff3c4df000 	/System/Library/Frameworks/Security.framework/Versions/A/Security
0x00007fff2dbf2000 	/System/Library/Frameworks/ApplicationServices.framework/Versions/A/ApplicationServices
0x00007fff66cbd000 	/usr/lib/libSystem.B.dylib
0x00007fff69b4a000 	/usr/lib/system/libcache.dylib
0x00007fff69b50000 	/usr/lib/system/libcommonCrypto.dylib
0x00007fff69b5c000 	/usr/lib/system/libcompiler_rt.dylib
0x00007fff69b64000 	/usr/lib/system/libcopyfile.dylib
0x00007fff69b6e000 	/usr/lib/system/libcorecrypto.dylib
0x00007fff69d0d000 	/usr/lib/system/libdispatch.dylib
0x00007fff69d4e000 	/usr/lib/system/libdyld.dylib
0x00007fff69d85000 	/usr/lib/system/libkeymgr.dylib
0x00007fff69d93000 	/usr/lib/system/liblaunch.dylib
0x00007fff69d94000 	/usr/lib/system/libmacho.dylib
0x00007fff69d9a000 	/usr/lib/system/libquarantine.dylib
0x00007fff69d9d000 	/usr/lib/system/libremovefile.dylib
0x00007fff69d9f000 	/usr/lib/system/libsystem_asl.dylib
0x00007fff69db7000 	/usr/lib/system/libsystem_blocks.dylib
0x00007fff69db8000 	/usr/lib/system/libsystem_c.dylib
0x00007fff69e40000 	/usr/lib/system/libsystem_configuration.dylib
0x00007fff69e44000 	/usr/lib/system/libsystem_coreservices.dylib
0x00007fff69e48000 	/usr/lib/system/libsystem_darwin.dylib
0x00007fff69e51000 	/usr/lib/system/libsystem_dnssd.dylib
0x00007fff69e59000 	/usr/lib/system/libsystem_featureflags.dylib
0x00007fff69e5b000 	/usr/lib/system/libsystem_info.dylib
0x00007fff69ed6000 	/usr/lib/system/libsystem_m.dylib
0x00007fff69f22000 	/usr/lib/system/libsystem_malloc.dylib
0x00007fff69f4a000 	/usr/lib/system/libsystem_networkextension.dylib
0x00007fff69f58000 	/usr/lib/system/libsystem_notify.dylib
0x00007fff69f76000 	/usr/lib/system/libsystem_sandbox.dylib
0x00007fff69f7b000 	/usr/lib/system/libsystem_secinit.dylib
0x00007fff69ea9000 	/usr/lib/system/libsystem_kernel.dylib
0x00007fff69f62000 	/usr/lib/system/libsystem_platform.dylib
0x00007fff69f6b000 	/usr/lib/system/libsystem_pthread.dylib
0x00007fff69f7e000 	/usr/lib/system/libsystem_symptoms.dylib
0x00007fff69f86000 	/usr/lib/system/libsystem_trace.dylib
0x00007fff69f9e000 	/usr/lib/system/libunwind.dylib
0x00007fff69fa4000 	/usr/lib/system/libxpc.dylib
0x00007fff68bb6000 	/usr/lib/libobjc.A.dylib
0x00007fff6708c000 	/usr/lib/libc++abi.dylib
0x00007fff67039000 	/usr/lib/libc++.1.dylib
0x00007fff2fb3f000 	/System/Library/Frameworks/CoreFoundation.framework/Versions/A/CoreFoundation
0x00007fff32222000 	/System/Library/Frameworks/Foundation.framework/Versions/C/Foundation
0x00007fff2cde4000 	/System/Library/Frameworks/AppKit.framework/Versions/C/AppKit
0x00007fff2f610000 	/System/Library/Frameworks/CoreData.framework/Versions/A/CoreData
0x00007fff60caa000 	/System/Library/PrivateFrameworks/UIFoundation.framework/Versions/A/UIFoundation
0x00007fff5bd3e000 	/System/Library/PrivateFrameworks/RemoteViewServices.framework/Versions/A/RemoteViewServices
0x00007fff6382d000 	/System/Library/PrivateFrameworks/XCTTargetBootstrap.framework/Versions/A/XCTTargetBootstrap
0x00007fff2fa0c000 	/System/Library/Frameworks/CoreDisplay.framework/Versions/A/CoreDisplay
0x00007fff350e1000 	/System/Library/Frameworks/Metal.framework/Versions/A/Metal
0x00007fff49cfd000 	/System/Library/PrivateFrameworks/DesktopServicesPriv.framework/Versions/A/DesktopServicesPriv
0x00007fff67e91000 	/usr/lib/liblangid.dylib
0x00007fff48f92000 	/System/Library/PrivateFrameworks/CoreSVG.framework/Versions/A/CoreSVG
0x00007fff5ee9a000 	/System/Library/PrivateFrameworks/SkyLight.framework/Versions/A/SkyLight
0x00007fff2ffc2000 	/System/Library/Frameworks/CoreGraphics.framework/Versions/A/CoreGraphics
0x00007fff2b753000 	/System/Library/Frameworks/Accelerate.framework/Versions/A/Accelerate
0x00007fff6917a000 	/usr/lib/libxml2.2.dylib
0x00007fff54c9f000 	/System/Library/PrivateFrameworks/IconServices.framework/Versions/A/IconServices
0x00007fff32a01000 	/System/Library/Frameworks/IOSurface.framework/Versions/A/IOSurface
0x00007fff667e7000 	/usr/lib/libDiagnosticMessagesClient.dylib
0x00007fff49b57000 	/System/Library/PrivateFrameworks/DFRFoundation.framework/Versions/A/DFRFoundation
0x00007fff67c20000 	/usr/lib/libicucore.A.dylib
0x00007fff2df24000 	/System/Library/Frameworks/AudioToolbox.framework/Versions/A/AudioToolbox
0x00007fff2e007000 	/System/Library/Frameworks/AudioUnit.framework/Versions/A/AudioUnit
0x00007fff66f55000 	/usr/lib/libauto.dylib
0x00007fff49bf9000 	/System/Library/PrivateFrameworks/DataDetectorsCore.framework/Versions/A/DataDetectorsCore
0x00007fff2e7ad000 	/System/Library/Frameworks/Carbon.framework/Versions/A/Frameworks/HIToolbox.framework/Versions/A/HIToolbox
0x00007fff3b6d8000 	/System/Library/Frameworks/QuartzCore.framework/Versions/A/QuartzCore
0x00007fff2eaec000 	/System/Library/Frameworks/Carbon.framework/Versions/A/Frameworks/SpeechRecognition.framework/Versions/A/SpeechRecognition
0x00007fff4966b000 	/System/Library/PrivateFrameworks/CoreUI.framework/Versions/A/CoreUI
0x00007fff2f07b000 	/System/Library/Frameworks/CoreAudio.framework/Versions/A/CoreAudio
0x00007fff31ee1000 	/System/Library/Frameworks/DiskArbitration.framework/Versions/A/DiskArbitration
0x00007fff56d17000 	/System/Library/PrivateFrameworks/MultitouchSupport.framework/Versions/A/MultitouchSupport
0x00007fff67ae5000 	/usr/lib/libenergytrace.dylib
0x00007fff3295b000 	/System/Library/Frameworks/IOKit.framework/Versions/A/IOKit
0x00007fff30f4c000 	/System/Library/Frameworks/CoreServices.framework/Versions/A/CoreServices
0x00007fff58ed1000 	/System/Library/PrivateFrameworks/PerformanceAnalysis.framework/Versions/A/PerformanceAnalysis
0x00007fff3a70b000 	/System/Library/Frameworks/OpenGL.framework/Versions/A/OpenGL
0x00007fff2ec9a000 	/System/Library/Frameworks/ColorSync.framework/Versions/A/ColorSync
0x00007fff30668000 	/System/Library/Frameworks/CoreImage.framework/Versions/A/CoreImage
0x00007fff319c0000 	/System/Library/Frameworks/CoreText.framework/Versions/A/CoreText
0x00007fff32a91000 	/System/Library/Frameworks/ImageIO.framework/Versions/A/ImageIO
0x00007fff670b5000 	/usr/lib/libcompression.dylib
0x00007fff66b2b000 	/usr/lib/libMobileGestalt.dylib
0x00007fff60a14000 	/System/Library/PrivateFrameworks/TextureIO.framework/Versions/A/TextureIO
0x00007fff66e22000 	/usr/lib/libate.dylib
0x00007fff54ea8000 	/System/Library/PrivateFrameworks/InternationalSupport.framework/Versions/A/InternationalSupport
0x00007fff67e93000 	/usr/lib/liblzma.5.dylib
0x00007fff67b0e000 	/usr/lib/libfakelink.dylib
0x00007fff66daf000 	/usr/lib/libarchive.2.dylib
0x00007fff3d592000 	/System/Library/Frameworks/SystemConfiguration.framework/Versions/A/SystemConfiguration
0x00007fff6671a000 	/usr/lib/libCRFSuite.dylib
0x00007fff2e39e000 	/System/Library/Frameworks/CFNetwork.framework/Versions/A/CFNetwork
0x00007fff6701b000 	/usr/lib/libbsm.0.dylib
0x00007fff69d86000 	/usr/lib/system/libkxld.dylib
0x00007fff434d1000 	/System/Library/PrivateFrameworks/AppleFSCompression.framework/Versions/A/AppleFSCompression
0x00007fff673a7000 	/usr/lib/libcoretls.dylib
0x00007fff673be000 	/usr/lib/libcoretls_cfhelpers.dylib
0x00007fff68bfb000 	/usr/lib/libpam.2.dylib
0x00007fff68d30000 	/usr/lib/libsqlite3.dylib
0x00007fff69167000 	/usr/lib/libxar.1.dylib
0x00007fff6702c000 	/usr/lib/libbz2.1.0.dylib
0x00007fff67b2f000 	/usr/lib/libiconv.2.dylib
0x00007fff670a2000 	/usr/lib/libcharset.1.dylib
0x00007fff68699000 	/usr/lib/libnetwork.dylib
0x00007fff68c02000 	/usr/lib/libpcap.A.dylib
0x00007fff66d64000 	/usr/lib/libapple_nghttp2.dylib
0x00007fff31303000 	/System/Library/Frameworks/CoreServices.framework/Versions/A/Frameworks/FSEvents.framework/Versions/A/FSEvents
0x00007fff30fd3000 	/System/Library/Frameworks/CoreServices.framework/Versions/A/Frameworks/CarbonCore.framework/Versions/A/CarbonCore
0x00007fff31548000 	/System/Library/Frameworks/CoreServices.framework/Versions/A/Frameworks/Metadata.framework/Versions/A/Metadata
0x00007fff315e1000 	/System/Library/Frameworks/CoreServices.framework/Versions/A/Frameworks/OSServices.framework/Versions/A/OSServices
0x00007fff3160f000 	/System/Library/Frameworks/CoreServices.framework/Versions/A/Frameworks/SearchKit.framework/Versions/A/SearchKit
0x00007fff30f4d000 	/System/Library/Frameworks/CoreServices.framework/Versions/A/Frameworks/AE.framework/Versions/A/AE
0x00007fff3130c000 	/System/Library/Frameworks/CoreServices.framework/Versions/A/Frameworks/LaunchServices.framework/Versions/A/LaunchServices
0x00007fff312b5000 	/System/Library/Frameworks/CoreServices.framework/Versions/A/Frameworks/DictionaryServices.framework/Versions/A/DictionaryServices
0x00007fff31677000 	/System/Library/Frameworks/CoreServices.framework/Versions/A/Frameworks/SharedFileList.framework/Versions/A/SharedFileList
0x00007fff3652a000 	/System/Library/Frameworks/NetFS.framework/Versions/A/NetFS
0x00007fff57247000 	/System/Library/PrivateFrameworks/NetAuth.framework/Versions/A/NetAuth
0x00007fff63bfa000 	/System/Library/PrivateFrameworks/login.framework/Versions/A/Frameworks/loginsupport.framework/Versions/A/loginsupport
0x00007fff604df000 	/System/Library/PrivateFrameworks/TCC.framework/Versions/A/TCC
0x00007fff48105000 	/System/Library/PrivateFrameworks/CoreNLP.framework/Versions/A/CoreNLP
0x00007fff5671c000 	/System/Library/PrivateFrameworks/MetadataUtilities.framework/Versions/A/MetadataUtilities
0x00007fff67f6b000 	/usr/lib/libmecabra.dylib
0x00007fff67ec3000 	/usr/lib/libmecab.dylib
0x00007fff67b1f000 	/usr/lib/libgermantok.dylib
0x00007fff66d4b000 	/usr/lib/libThaiTokenizer.dylib
0x00007fff66751000 	/usr/lib/libChineseTokenizer.dylib
0x00007fff2b76c000 	/System/Library/Frameworks/Accelerate.framework/Versions/A/Frameworks/vImage.framework/Versions/A/vImage
0x00007fff2cc3a000 	/System/Library/Frameworks/Accelerate.framework/Versions/A/Frameworks/vecLib.framework/Versions/A/vecLib
0x00007fff2cabb000 	/System/Library/Frameworks/Accelerate.framework/Versions/A/Frameworks/vecLib.framework/Versions/A/libvMisc.dylib
0x00007fff2c928000 	/System/Library/Frameworks/Accelerate.framework/Versions/A/Frameworks/vecLib.framework/Versions/A/libvDSP.dylib
0x00007fff2c008000 	/System/Library/Frameworks/Accelerate.framework/Versions/A/Frameworks/vecLib.framework/Versions/A/libBLAS.dylib
0x00007fff2c4e0000 	/System/Library/Frameworks/Accelerate.framework/Versions/A/Frameworks/vecLib.framework/Versions/A/libLAPACK.dylib
0x00007fff2c888000 	/System/Library/Frameworks/Accelerate.framework/Versions/A/Frameworks/vecLib.framework/Versions/A/libLinearAlgebra.dylib
0x00007fff2c915000 	/System/Library/Frameworks/Accelerate.framework/Versions/A/Frameworks/vecLib.framework/Versions/A/libSparseBLAS.dylib
0x00007fff2c89e000 	/System/Library/Frameworks/Accelerate.framework/Versions/A/Frameworks/vecLib.framework/Versions/A/libQuadrature.dylib
0x00007fff2c19e000 	/System/Library/Frameworks/Accelerate.framework/Versions/A/Frameworks/vecLib.framework/Versions/A/libBNNS.dylib
0x00007fff2c8a4000 	/System/Library/Frameworks/Accelerate.framework/Versions/A/Frameworks/vecLib.framework/Versions/A/libSparse.dylib
0x00007fff55290000 	/System/Library/PrivateFrameworks/LanguageModeling.framework/Versions/A/LanguageModeling
0x00007fff47ab4000 	/System/Library/PrivateFrameworks/CoreEmoji.framework/Versions/A/CoreEmoji
0x00007fff553ae000 	/System/Library/PrivateFrameworks/LinguisticData.framework/Versions/A/LinguisticData
0x00007fff5535f000 	/System/Library/PrivateFrameworks/Lexicon.framework/Versions/A/Lexicon
0x00007fff670a3000 	/usr/lib/libcmph.dylib
0x00007fff39119000 	/System/Library/Frameworks/OpenDirectory.framework/Versions/A/Frameworks/CFOpenDirectory.framework/Versions/A/CFOpenDirectory
0x00007fff39136000 	/System/Library/Frameworks/OpenDirectory.framework/Versions/A/OpenDirectory
0x00007fff4157c000 	/System/Library/PrivateFrameworks/APFS.framework/Versions/A/APFS
0x00007fff3c82b000 	/System/Library/Frameworks/SecurityFoundation.framework/Versions/A/SecurityFoundation
0x00007fff69163000 	/usr/lib/libutil.dylib
0x00007fff48fea000 	/System/Library/PrivateFrameworks/CoreServicesStore.framework/Versions/A/CoreServicesStore
0x00007fff3c8e2000 	/System/Library/Frameworks/ServiceManagement.framework/Versions/A/ServiceManagement
0x00007fff44ca2000 	/System/Library/PrivateFrameworks/BackgroundTaskManagement.framework/Versions/A/BackgroundTaskManagement
0x00007fff69260000 	/usr/lib/libxslt.1.dylib
0x00007fff43b44000 	/System/Library/PrivateFrameworks/AppleSystemInfo.framework/Versions/A/AppleSystemInfo
0x00007fff32cb0000 	/System/Library/Frameworks/ImageIO.framework/Versions/A/Resources/libJPEG.dylib
0x00007fff32f6f000 	/System/Library/Frameworks/ImageIO.framework/Versions/A/Resources/libTIFF.dylib
0x00007fff32f52000 	/System/Library/Frameworks/ImageIO.framework/Versions/A/Resources/libPng.dylib
0x00007fff32bf2000 	/System/Library/Frameworks/ImageIO.framework/Versions/A/Resources/libGIF.dylib
0x00007fff32bf6000 	/System/Library/Frameworks/ImageIO.framework/Versions/A/Resources/libJP2.dylib
0x00007fff32f6d000 	/System/Library/Frameworks/ImageIO.framework/Versions/A/Resources/libRadiance.dylib
0x00007fff67ae6000 	/usr/lib/libexpat.1.dylib
0x00007fff4362c000 	/System/Library/PrivateFrameworks/AppleJPEG.framework/Versions/A/AppleJPEG
0x00007fff4c300000 	/System/Library/PrivateFrameworks/FontServices.framework/libFontParser.dylib
0x00007fff62bfc000 	/System/Library/PrivateFrameworks/WatchdogClient.framework/Versions/A/WatchdogClient
0x00007fff548eb000 	/System/Library/PrivateFrameworks/IOAccelerator.framework/Versions/A/IOAccelerator
0x00007fff3547c000 	/System/Library/Frameworks/MetalPerformanceShaders.framework/Versions/A/MetalPerformanceShaders
0x00007fff5107b000 	/System/Library/PrivateFrameworks/GPUWrangler.framework/Versions/A/GPUWrangler
0x00007fff54900000 	/System/Library/PrivateFrameworks/IOPresentment.framework/Versions/A/IOPresentment
0x00007fff49b6a000 	/System/Library/PrivateFrameworks/DSExternalDisplay.framework/Versions/A/DSExternalDisplay
0x00007fff39aaa000 	/System/Library/Frameworks/OpenGL.framework/Versions/A/Libraries/libCoreFSCache.dylib
0x00007fff351c8000 	/System/Library/Frameworks/MetalPerformanceShaders.framework/Frameworks/MPSCore.framework/Versions/A/MPSCore
0x00007fff35206000 	/System/Library/Frameworks/MetalPerformanceShaders.framework/Frameworks/MPSImage.framework/Versions/A/MPSImage
0x00007fff352cd000 	/System/Library/Frameworks/MetalPerformanceShaders.framework/Frameworks/MPSNeuralNetwork.framework/Versions/A/MPSNeuralNetwork
0x00007fff35291000 	/System/Library/Frameworks/MetalPerformanceShaders.framework/Frameworks/MPSMatrix.framework/Versions/A/MPSMatrix
0x00007fff3542c000 	/System/Library/Frameworks/MetalPerformanceShaders.framework/Frameworks/MPSRayIntersector.framework/Versions/A/MPSRayIntersector
0x00007fff352b7000 	/System/Library/Frameworks/MetalPerformanceShaders.framework/Frameworks/MPSNDArray.framework/Versions/A/MPSNDArray
0x00007fff56769000 	/System/Library/PrivateFrameworks/MetalTools.framework/Versions/A/MetalTools
0x00007fff42756000 	/System/Library/PrivateFrameworks/AggregateDictionary.framework/Versions/A/AggregateDictionary
0x00007fff474fc000 	/System/Library/PrivateFrameworks/CoreAnalytics.framework/Versions/A/CoreAnalytics
0x00007fff43a63000 	/System/Library/PrivateFrameworks/AppleSauce.framework/Versions/A/AppleSauce
0x00007fff66a0d000 	/usr/lib/libIOReport.dylib
0x00007fff31b78000 	/System/Library/Frameworks/CoreVideo.framework/Versions/A/CoreVideo
0x00007fff524f4000 	/System/Library/PrivateFrameworks/GraphVisualizer.framework/Versions/A/GraphVisualizer
0x00007fff4b846000 	/System/Library/PrivateFrameworks/FaceCore.framework/Versions/A/FaceCore
0x00007fff390c0000 	/System/Library/Frameworks/OpenCL.framework/Versions/A/OpenCL
0x00007fff6682f000 	/usr/lib/libFosl_dynamic.dylib
0x00007fff57c68000 	/System/Library/PrivateFrameworks/OTSVG.framework/Versions/A/OTSVG
0x00007fff2dcf7000 	/System/Library/Frameworks/ApplicationServices.framework/Versions/A/Frameworks/ATS.framework/Versions/A/Resources/libFontRegistry.dylib
0x00007fff4c4cf000 	/System/Library/PrivateFrameworks/FontServices.framework/libhvf.dylib
0x00007fff39ab5000 	/System/Library/Frameworks/OpenGL.framework/Versions/A/Libraries/libGFXShared.dylib
0x00007fff39c93000 	/System/Library/Frameworks/OpenGL.framework/Versions/A/Libraries/libGLU.dylib
0x00007fff39abe000 	/System/Library/Frameworks/OpenGL.framework/Versions/A/Libraries/libGL.dylib
0x00007fff39ac9000 	/System/Library/Frameworks/OpenGL.framework/Versions/A/Libraries/libGLImage.dylib
0x00007fff39aa7000 	/System/Library/Frameworks/OpenGL.framework/Versions/A/Libraries/libCVMSPluginSupport.dylib
0x00007fff39ab0000 	/System/Library/Frameworks/OpenGL.framework/Versions/A/Libraries/libCoreVMClient.dylib
0x00007fff6853a000 	/usr/lib/libncurses.5.4.dylib
0x00007fff2dbf3000 	/System/Library/Frameworks/ApplicationServices.framework/Versions/A/Frameworks/ATS.framework/Versions/A/ATS
0x00007fff2ddc0000 	/System/Library/Frameworks/ApplicationServices.framework/Versions/A/Frameworks/ColorSyncLegacy.framework/Versions/A/ColorSyncLegacy
0x00007fff2de5e000 	/System/Library/Frameworks/ApplicationServices.framework/Versions/A/Frameworks/HIServices.framework/Versions/A/HIServices
0x00007fff2deb6000 	/System/Library/Frameworks/ApplicationServices.framework/Versions/A/Frameworks/LangAnalysis.framework/Versions/A/LangAnalysis
0x00007fff2dec5000 	/System/Library/Frameworks/ApplicationServices.framework/Versions/A/Frameworks/PrintCore.framework/Versions/A/PrintCore
0x00007fff2df0b000 	/System/Library/Frameworks/ApplicationServices.framework/Versions/A/Frameworks/QD.framework/Versions/A/QD
0x00007fff2df16000 	/System/Library/Frameworks/ApplicationServices.framework/Versions/A/Frameworks/SpeechSynthesis.framework/Versions/A/SpeechSynthesis
0x00007fff2dd90000 	/System/Library/Frameworks/ApplicationServices.framework/Versions/A/Frameworks/ATSUI.framework/Versions/A/ATSUI
0x00007fff6797c000 	/usr/lib/libcups.2.dylib
0x00007fff34517000 	/System/Library/Frameworks/Kerberos.framework/Versions/A/Kerberos
0x00007fff32654000 	/System/Library/Frameworks/GSS.framework/Versions/A/GSS
0x00007fff68cbc000 	/usr/lib/libresolv.9.dylib
0x00007fff526a1000 	/System/Library/PrivateFrameworks/Heimdal.framework/Versions/A/Heimdal
0x00007fff3452a000 	/System/Library/Frameworks/Kerberos.framework/Versions/A/Libraries/libHeimdalProxy.dylib
0x00007fff67b25000 	/usr/lib/libheimdal-asn1.dylib
0x00007fff46994000 	/System/Library/PrivateFrameworks/CommonAuth.framework/Versions/A/CommonAuth
0x00007fff43be1000 	/System/Library/PrivateFrameworks/AssertionServices.framework/Versions/A/AssertionServices
0x00007fff44784000 	/System/Library/PrivateFrameworks/AudioToolboxCore.framework/Versions/A/AudioToolboxCore
0x00007fff638aa000 	/System/Library/PrivateFrameworks/caulk.framework/Versions/A/caulk
0x00007fff44d4e000 	/System/Library/PrivateFrameworks/BaseBoard.framework/Versions/A/BaseBoard
0x00007fff5becc000 	/System/Library/PrivateFrameworks/RunningBoardServices.framework/Versions/A/RunningBoardServices
0x00007fff58edd000 	/System/Library/PrivateFrameworks/PersistentConnection.framework/Versions/A/PersistentConnection
0x00007fff5b8c5000 	/System/Library/PrivateFrameworks/ProtocolBuffer.framework/Versions/A/ProtocolBuffer
0x00007fff469b8000 	/System/Library/PrivateFrameworks/CommonUtilities.framework/Versions/A/CommonUtilities
0x00007fff44edc000 	/System/Library/PrivateFrameworks/Bom.framework/Versions/A/Bom
0x00007fff666e0000 	/usr/lib/libAudioToolboxUtility.dylib
0x00007fff44cac000 	/System/Library/PrivateFrameworks/Backup.framework/Versions/A/Backup
0x00007fff49a8b000 	/System/Library/PrivateFrameworks/CrashReporterSupport.framework/Versions/A/CrashReporterSupport
0x00007fff5d95e000 	/System/Library/PrivateFrameworks/Sharing.framework/Versions/A/Sharing
0x00007fff431ef000 	/System/Library/PrivateFrameworks/Apple80211.framework/Versions/A/Apple80211
0x00007fff449c9000 	/System/Library/PrivateFrameworks/AuthKit.framework/Versions/A/AuthKit
0x00007fff49798000 	/System/Library/PrivateFrameworks/CoreUtils.framework/Versions/A/CoreUtils
0x00007fff31bbd000 	/System/Library/Frameworks/CoreWLAN.framework/Versions/A/CoreWLAN
0x00007fff327e1000 	/System/Library/Frameworks/IOBluetooth.framework/Versions/A/IOBluetooth
0x00007fff56a96000 	/System/Library/PrivateFrameworks/MobileKeyBag.framework/Versions/A/MobileKeyBag
0x00007fff4859d000 	/System/Library/PrivateFrameworks/CorePhoneNumbers.framework/Versions/A/CorePhoneNumbers
0x00007fff435df000 	/System/Library/PrivateFrameworks/AppleIDAuthSupport.framework/Versions/A/AppleIDAuthSupport
0x00007fff36537000 	/System/Library/Frameworks/Network.framework/Versions/A/Network
0x00007fff5513c000 	/System/Library/PrivateFrameworks/KeychainCircle.framework/Versions/A/KeychainCircle
0x00007fff2f5d7000 	/System/Library/Frameworks/CoreBluetooth.framework/Versions/A/CoreBluetooth
0x00007fff5f9dd000 	/System/Library/PrivateFrameworks/SpeechRecognitionCore.framework/Versions/A/SpeechRecognitionCore
0x00007fff22b4c000 	/System/Library/CoreServices/Encodings/libCyrillicConverter.dylib
0x0000000104800000 	/Library/Java/JavaVirtualMachines/jdk-15.0.2.jdk/Contents/Home/lib/server/libjvm.dylib
0x0000000103e3a000 	/Library/Java/JavaVirtualMachines/jdk-15.0.2.jdk/Contents/Home/lib/libjimage.dylib
0x0000000103e90000 	/Library/Java/JavaVirtualMachines/jdk-15.0.2.jdk/Contents/Home/lib/libjava.dylib
0x00000001105b3000 	/Library/Java/JavaVirtualMachines/jdk-15.0.2.jdk/Contents/Home/lib/libnio.dylib
0x00000001105c7000 	/Library/Java/JavaVirtualMachines/jdk-15.0.2.jdk/Contents/Home/lib/libnet.dylib
0x00000001105e0000 	/Library/Java/JavaVirtualMachines/jdk-15.0.2.jdk/Contents/Home/lib/libzip.dylib
0x00000001105ee000 	/Library/Java/JavaVirtualMachines/jdk-15.0.2.jdk/Contents/Home/lib/libverify.dylib
0x00000001105ff000 	/private/var/folders/c0/d63ctn4x70q87f_r701qtxp40000gn/T/libgdxmacbookpro/cdf099a0/libgdx64.dylib
0x0000000110631000 	/Library/Java/JavaVirtualMachines/jdk-15.0.2.jdk/Contents/Home/lib/libawt.dylib
0x00000001106e8000 	/Library/Java/JavaVirtualMachines/jdk-15.0.2.jdk/Contents/Home/lib/libmlib_image.dylib
0x00007fff34501000 	/System/Library/Frameworks/JavaVM.framework/Versions/A/Frameworks/JavaNativeFoundation.framework/Versions/A/JavaNativeFoundation
0x00007fff3450a000 	/System/Library/Frameworks/JavaVM.framework/Versions/A/Frameworks/JavaRuntimeSupport.framework/Versions/A/JavaRuntimeSupport
0x00007fff34512000 	/System/Library/Frameworks/JavaVM.framework/Versions/A/JavaVM
0x00007fff54f53000 	/System/Library/PrivateFrameworks/JavaLaunching.framework/Versions/A/JavaLaunching
0x00007fff2e7a8000 	/System/Library/Frameworks/Carbon.framework/Versions/A/Carbon
0x00007fff4953d000 	/System/Library/PrivateFrameworks/CoreSymbolication.framework/Versions/A/CoreSymbolication
0x00007fff2e7a9000 	/System/Library/Frameworks/Carbon.framework/Versions/A/Frameworks/CommonPanels.framework/Versions/A/CommonPanels
0x00007fff2eaa2000 	/System/Library/Frameworks/Carbon.framework/Versions/A/Frameworks/Help.framework/Versions/A/Help
0x00007fff2eaa6000 	/System/Library/Frameworks/Carbon.framework/Versions/A/Frameworks/ImageCapture.framework/Versions/A/ImageCapture
0x00007fff2eaad000 	/System/Library/Frameworks/Carbon.framework/Versions/A/Frameworks/OpenScripting.framework/Versions/A/OpenScripting
0x00007fff2eaac000 	/System/Library/Frameworks/Carbon.framework/Versions/A/Frameworks/Ink.framework/Versions/A/Ink
0x00007fff2eae8000 	/System/Library/Frameworks/Carbon.framework/Versions/A/Frameworks/Print.framework/Versions/A/Print
0x00007fff2eae9000 	/System/Library/Frameworks/Carbon.framework/Versions/A/Frameworks/SecurityHI.framework/Versions/A/SecurityHI
0x00007fff49cbf000 	/System/Library/PrivateFrameworks/DebugSymbols.framework/Versions/A/DebugSymbols
0x0000000110784000 	/Library/Java/JavaVirtualMachines/jdk-15.0.2.jdk/Contents/Home/lib/libawt_lwawt.dylib
0x000000011083e000 	/Library/Java/JavaVirtualMachines/jdk-15.0.2.jdk/Contents/Home/lib/libosxapp.dylib
0x00007fff320bd000 	/System/Library/Frameworks/ExceptionHandling.framework/Versions/A/ExceptionHandling
0x000000011085e000 	/Library/Java/JavaVirtualMachines/jdk-15.0.2.jdk/Contents/Home/lib/libfontmanager.dylib
0x000000011098a000 	/Library/Java/JavaVirtualMachines/jdk-15.0.2.jdk/Contents/Home/lib/libfreetype.dylib
0x00007fff48fb6000 	/System/Library/PrivateFrameworks/CoreServicesInternal.framework/Versions/A/CoreServicesInternal
0x00007fff320dc000 	/System/Library/Frameworks/FileProvider.framework/Versions/A/FileProvider
0x00007fff2cc3b000 	/System/Library/Frameworks/Accounts.framework/Versions/A/Accounts
0x00007fff513a0000 	/System/Library/PrivateFrameworks/GenerationalStorage.framework/Versions/A/GenerationalStorage
0x00007fff6021f000 	/System/Library/PrivateFrameworks/SymptomDiagnosticReporter.framework/Versions/A/SymptomDiagnosticReporter
0x00007fff42cf3000 	/System/Library/PrivateFrameworks/AppContainer.framework/Versions/A/AppContainer
0x00007fff68cd6000 	/usr/lib/libsandbox.1.dylib
0x00007fff61b9f000 	/System/Library/PrivateFrameworks/UserManagement.framework/Versions/A/UserManagement
0x00007fff45a98000 	/System/Library/PrivateFrameworks/ChunkingLibrary.framework/Versions/A/ChunkingLibrary
0x00007fff42d65000 	/System/Library/PrivateFrameworks/AppSandbox.framework/Versions/A/AppSandbox
0x00007fff5d7e8000 	/System/Library/PrivateFrameworks/SecCodeWrapper.framework/Versions/A/SecCodeWrapper
0x00007fff66af5000 	/usr/lib/libMatch.1.dylib
0x00007fff22bbe000 	/System/Library/CoreServices/RawCamera.bundle/Contents/MacOS/RawCamera
0x00007fff56898000 	/System/Library/PrivateFrameworks/MobileAsset.framework/Versions/A/MobileAsset
0x00007fff600c7000 	/System/Library/PrivateFrameworks/StreamingZip.framework/Versions/A/StreamingZip
0x00007fff34992000 	/System/Library/Frameworks/MediaToolbox.framework/Versions/A/MediaToolbox
0x00007fff474ac000 	/System/Library/PrivateFrameworks/CoreAVCHD.framework/Versions/A/CoreAVCHD
0x00007fff348bc000 	/System/Library/Frameworks/MediaAccessibility.framework/Versions/A/MediaAccessibility
0x00007fff55c4c000 	/System/Library/PrivateFrameworks/Mangrove.framework/Versions/A/Mangrove
0x00007fff30d84000 	/System/Library/Frameworks/CoreMedia.framework/Versions/A/CoreMedia
0x00007fff55eb8000 	/System/Library/PrivateFrameworks/MediaExperience.framework/Versions/A/MediaExperience
0x00007fff3d88c000 	/System/Library/Frameworks/VideoToolbox.framework/Versions/A/VideoToolbox
0x00007fff470d6000 	/System/Library/PrivateFrameworks/CoreAUC.framework/Versions/A/CoreAUC
0x00007fff68d2e000 	/usr/lib/libspindump.dylib
0x00007fff44133000 	/System/Library/PrivateFrameworks/AudioResourceArbitration.framework/Versions/A/AudioResourceArbitration
0x00007fff43b48000 	/System/Library/PrivateFrameworks/AppleVA.framework/Versions/A/AppleVA
0x00007fff2b754000 	/System/Library/Frameworks/Accelerate.framework/Versions/A/Frameworks/vImage.framework/Versions/A/Libraries/libCGInterfaces.dylib
0x0000000110d9a000 	/usr/lib/libobjc-trampolines.dylib
0x00007fff4c437000 	/System/Library/PrivateFrameworks/FontServices.framework/libTrueTypeScaler.dylib
0x00007fff259ed000 	/System/Library/Extensions/AppleIntelHD4000GraphicsMTLDriver.bundle/Contents/MacOS/AppleIntelHD4000GraphicsMTLDriver
0x00007fff4f9c0000 	/System/Library/PrivateFrameworks/GPUCompiler.framework/Versions/3902/Libraries/libmetal_timestamp.dylib
0x00007fff6296b000 	/System/Library/PrivateFrameworks/ViewBridge.framework/Versions/A/ViewBridge
0x00000001283f3000 	/private/var/folders/c0/d63ctn4x70q87f_r701qtxp40000gn/T/libgdxmacbookpro/f7649394/liblwjgl.dylib
0x0000000128475000 	/Library/Java/JavaVirtualMachines/jdk-15.0.2.jdk/Contents/Home/lib/libjawt.dylib
0x00007fff3a71b000 	/System/Library/Frameworks/OpenGL.framework/Versions/A/Resources/GLEngine.bundle/GLEngine
0x00007fff39afe000 	/System/Library/Frameworks/OpenGL.framework/Versions/A/Libraries/libGLProgrammability.dylib
0x00007fff254ef000 	/System/Library/Extensions/AppleIntelHD4000GraphicsGLDriver.bundle/Contents/MacOS/AppleIntelHD4000GraphicsGLDriver
0x00007fff5106f000 	/System/Library/PrivateFrameworks/GPUSupport.framework/Versions/A/Libraries/libGPUSupportMercury.dylib
0x00007fff3a895000 	/System/Library/Frameworks/OpenGL.framework/Versions/A/Resources/GLRendererFloat.bundle/GLRendererFloat
0x00007fff390b7000 	/System/Library/Frameworks/OpenCL.framework/Versions/A/Libraries/libcldcpuengine.dylib
0x00007fff63bfd000 	/System/Library/PrivateFrameworks/login.framework/Versions/A/login


VM Arguments:
jvm_args: -Dfile.encoding=UTF-8 -Duser.country=UA -Duser.language=ru -Duser.variant 
java_command: sk.tuke.kpi.oop.game.Main
java_class_path (initial): /Users/macbookpro/IdeaProjects/project-ellen/build/classes/java/main:/Users/macbookpro/IdeaProjects/project-ellen/build/resources/main:/Users/macbookpro/.gradle/caches/modules-2/files-2.1/sk.tuke.kpi.gamelib/gamelib-framework/2.6.0/bf87b88d822c6cd3a187a7cb90016e5af48489a7/gamelib-framework-2.6.0.jar:/Users/macbookpro/.gradle/caches/modules-2/files-2.1/sk.tuke.kpi.gamelib/gamelib-backend-lwjgl2/2.6.0/781718679e19e9cd26659868681f9cbe7a391ecc/gamelib-backend-lwjgl2-2.6.0.jar:/Users/macbookpro/.gradle/caches/modules-2/files-2.1/sk.tuke.kpi.gamelib/gamelib-inspector/2.6.0/6db69ef5b40f74786690f06db2cae2e18503c13c/gamelib-inspector-2.6.0.jar:/Users/macbookpro/.gradle/caches/modules-2/files-2.1/sk.tuke.kpi.gamelib/gamelib-core/2.6.0/191de4307f7dc42ad026845b3687df8d79ce22ea/gamelib-core-2.6.0.jar:/Users/macbookpro/.gradle/caches/modules-2/files-2.1/sk.tuke.kpi.oop/inspector/1.0.3/3b50ad759e2ad5fd379fd7880fc21172c691462c/inspector-1.0.3.jar:/Users/macbookpro/.gradle/caches/modules-2/files-2.1/sk.tuke.kpi.oop/inspector-annotations/1.0.3/8ec7fa0d9b8fdf63eb1da9ea2df7ba605f92bd6b/inspector-annotations-1.0.3.jar:/Users/macbookpro/.gradle/caches/modules-2/files-2.1/com.badlogicgames.gdx/gdx-backend-lwjgl/1.9.11/3c094feb74e2aef14e30e988326612ee75387c8f/gdx-backend-lwjgl-1.9.11.jar:/Users/macbookpro/.gradle/caches/modules-2/files-2.1/com.badlogicgames.gdx/gdx-freetype/1.9.11/e3d124aa5c89a2cfc134ed0c5e9dee4736a90618/gdx-freetype-1.9.11.jar:/Users/macbookpro/.gradle/caches/modules-2/files-2.1/com.badlogicgames.gdx/gdx-backend-headless/1.9.11/45391a2ac187161ea5db0f9ff71e1c6c98ecb29c/gdx-backend-headless-1.9.11.jar:/Users/macbookpro/.gradle/caches/modules-2/files-2.1/com.badlogicgames.gdx/gdx/1.9.11/69fe46897eed6f92e3f01b75cc7ca5f860881a8b/gdx-1.9.11.jar:/Users/macbookpro/.gradle/caches/modules-2/files-2.1/io.github.lukehutch/fast-classpath-scanner/3.1.9/d7b269925c9541d805f8ea1370edc2be2f04c3e/fast-classpath-scanner-3.1.9.jar:/Users/macbookpro/.gradle/caches/
Launcher Type: SUN_STANDARD

[Global flags]
     intx CICompilerCount                          = 3                                         {product} {ergonomic}
     uint ConcGCThreads                            = 1                                         {product} {ergonomic}
     uint G1ConcRefinementThreads                  = 4                                         {product} {ergonomic}
   size_t G1HeapRegionSize                         = 1048576                                   {product} {ergonomic}
    uintx GCDrainStackTargetSize                   = 64                                        {product} {ergonomic}
   size_t InitialHeapSize                          = 134217728                                 {product} {ergonomic}
   size_t MarkStackSize                            = 4194304                                   {product} {ergonomic}
   size_t MaxHeapSize                              = 2147483648                                {product} {ergonomic}
   size_t MaxNewSize                               = 1287651328                                {product} {ergonomic}
   size_t MinHeapDeltaBytes                        = 1048576                                   {product} {ergonomic}
   size_t MinHeapSize                              = 8388608                                   {product} {ergonomic}
    uintx NonNMethodCodeHeapSize                   = 5832780                                {pd product} {ergonomic}
    uintx NonProfiledCodeHeapSize                  = 122912730                              {pd product} {ergonomic}
    uintx ProfiledCodeHeapSize                     = 122912730                              {pd product} {ergonomic}
    uintx ReservedCodeCacheSize                    = 251658240                              {pd product} {ergonomic}
     bool SegmentedCodeCache                       = true                                      {product} {ergonomic}
   size_t SoftMaxHeapSize                          = 2147483648                             {manageable} {ergonomic}
     bool UseCompressedClassPointers               = true                                 {lp64_product} {ergonomic}
     bool UseCompressedOops                        = true                                 {lp64_product} {ergonomic}
     bool UseG1GC                                  = true                                      {product} {ergonomic}
     bool UseNUMA                                  = false                                     {product} {ergonomic}
     bool UseNUMAInterleaving                      = false                                     {product} {ergonomic}

Logging:
Log output configuration:
 #0: stdout all=warning uptime,level,tags
 #1: stderr all=off uptime,level,tags

Environment Variables:
PATH=/opt/local/bin:/opt/local/sbin:/Library/Frameworks/Python.framework/Versions/3.9/bin:/usr/local/bin:/usr/bin:/bin:/usr/sbin:/sbin:/Library/Apple/usr/bin
SHELL=/bin/zsh
LC_CTYPE=UTF-8

Signal Handlers:
SIGSEGV: [libjvm.dylib+0x9ff2f0], sa_mask[0]=11111111011111110111111111111111, sa_flags=SA_ONSTACK|SA_RESTART|SA_SIGINFO
SIGBUS: [libjvm.dylib+0x9ff2f0], sa_mask[0]=11111111011111110111111111111111, sa_flags=SA_RESTART|SA_SIGINFO
SIGFPE: [libjvm.dylib+0x9ff2f0], sa_mask[0]=11111111011111110111111111111111, sa_flags=SA_RESTART|SA_SIGINFO
SIGPIPE: [libjvm.dylib+0x82ae30], sa_mask[0]=11111111011111110111111111111111, sa_flags=SA_RESTART|SA_SIGINFO
SIGXFSZ: [libjvm.dylib+0x82ae30], sa_mask[0]=11111111011111110111111111111111, sa_flags=SA_RESTART|SA_SIGINFO
SIGILL: [libjvm.dylib+0x9ff2f0], sa_mask[0]=11111111011111110111111111111111, sa_flags=SA_RESTART|SA_SIGINFO
SIGUSR2: [libjvm.dylib+0x82b940], sa_mask[0]=00100000000000000000000000000000, sa_flags=SA_RESTART|SA_SIGINFO
SIGHUP: [libjvm.dylib+0x82a040], sa_mask[0]=11111111011111110111111111111111, sa_flags=SA_RESTART|SA_SIGINFO
SIGINT: [libjvm.dylib+0x82a040], sa_mask[0]=11111111011111110111111111111111, sa_flags=SA_RESTART|SA_SIGINFO
SIGTERM: [libjvm.dylib+0x82a040], sa_mask[0]=11111111011111110111111111111111, sa_flags=SA_RESTART|SA_SIGINFO
SIGQUIT: [libjvm.dylib+0x82a040], sa_mask[0]=11111111011111110111111111111111, sa_flags=SA_RESTART|SA_SIGINFO


---------------  S Y S T E M  ---------------

OS:uname: Darwin 19.6.0 Darwin Kernel Version 19.6.0: Thu Sep 16 20:58:47 PDT 2021; root:xnu-6153.141.40.1~1/RELEASE_X86_64 x86_64
OS uptime: 1 days 13:08 hours
rlimit (soft/hard): STACK 8192k/65532k , CORE 0k/infinity , NPROC 1392/2088 , NOFILE 10240/infinity , AS infinity/infinity , CPU infinity/infinity , DATA infinity/infinity , FSIZE infinity/infinity , MEMLOCK infinity/infinity , RSS infinity/infinity
load average: 1.61 2.08 2.10

CPU: total 4 (initial active 4) (2 cores per cpu, 2 threads per core) family 6 model 58 stepping 9 microcode 0x21, cmov, cx8, fxsr, mmx, sse, sse2, sse3, ssse3, sse4.1, sse4.2, popcnt, vzeroupper, avx, aes, clmul, erms, ht, tsc, tscinvbit, tscinv, clflush

Memory: 4k page, physical 8388608k(53724k free), swap 1048576k(322560k free)

vm_info: Java HotSpot(TM) 64-Bit Server VM (15.0.2+7-27) for bsd-amd64 JRE (15.0.2+7-27), built on Dec  7 2020 20:08:32 by "mach5one" with clang 4.2.1 Compatible Apple LLVM 10.0.0 (clang-1000.11.45.5)

END.
