#
# A fatal error has been detected by the Java Runtime Environment:
#
#  SIGSEGV (0xb) at pc=0x00007fff6db2ee69, pid=7195, tid=775
#
# JRE version: Java(TM) SE Runtime Environment (15.0.2+7) (build 15.0.2+7-27)
# Java VM: Java HotSpot(TM) 64-Bit Server VM (15.0.2+7-27, mixed mode, sharing, tiered, compressed oops, g1 gc, bsd-amd64)
# Problematic frame:
# C  [libobjc.A.dylib+0x5e69]  objc_msgSend+0x29
#
# No core dump will be written. Core dumps have been disabled. To enable core dumping, try "ulimit -c unlimited" before starting Java again
#
# If you would like to submit a bug report, please visit:
#   https://bugreport.java.com/bugreport/crash.jsp
# The crash happened outside the Java Virtual Machine in native code.
# See problematic frame for where to report the bug.
#

---------------  S U M M A R Y ------------

Command Line: -Dfile.encoding=UTF-8 -Duser.country=UA -Duser.language=ru -Duser.variant sk.tuke.kpi.gamelib.framework.Main

Host: MacBookPro10,2 x86_64 3000 MHz, 4 cores, 8G, Darwin 19.6.0
Time: Mon Nov  1 23:26:15 2021 CET elapsed time: 1.755676 seconds (0d 0h 0m 1s)

---------------  T H R E A D  ---------------

Current thread (0x00007f9527976a00):  JavaThread "AppKit Thread" daemon [_thread_in_native, id=775, stack(0x00007ffee90dc000,0x00007ffee98dc000)]

Stack: [0x00007ffee90dc000,0x00007ffee98dc000],  sp=0x00007ffee98d5d78,  free space=8167k
Native frames: (J=compiled Java code, A=aot compiled Java code, j=interpreted, Vv=VM code, C=native code)
C  [libobjc.A.dylib+0x5e69]  objc_msgSend+0x29
C  [CoreFoundation+0x9e339]  __CFRunLoopDoTimers+0x142
C  [CoreFoundation+0x82f9d]  __CFRunLoopRun+0x75d
C  [CoreFoundation+0x821e3]  CFRunLoopRunSpecific+0x1d2
C  [HIToolbox+0x2fabd]  RunCurrentEventLoopInMode+0x124
C  [HIToolbox+0x2f7d5]  ReceiveNextEventCommon+0x248
C  [HIToolbox+0x2f579]  _BlockUntilNextEventMatchingListInModeWithFilter+0x40
C  [AppKit+0x41669]  _DPSNextEvent+0x373
C  [AppKit+0x3feb0]  -[NSApplication(NSEvent) _nextEventMatchingEventMask:untilDate:inMode:dequeue:]+0x548
C  [libosxapp.dylib+0x270a]  -[NSApplicationAWT nextEventMatchingMask:untilDate:inMode:dequeue:]+0x7a
C  [AppKit+0x31bbe]  -[NSApplication run]+0x292
C  [libosxapp.dylib+0x24fe]  +[NSApplicationAWT runAWTLoopWithApp:]+0x9e
C  [libawt_lwawt.dylib+0x3f246]  +[AWTStarter starter:headless:]+0x416
C  [JavaNativeFoundation+0x6ff9]  +[JNFRunLoop _performCopiedBlock:]+0xf
C  [Foundation+0x9ab4d]  __NSThreadPerformPerform+0xcc
C  [CoreFoundation+0x84114]  __CFRUNLOOP_IS_CALLING_OUT_TO_A_SOURCE0_PERFORM_FUNCTION__+0x11
C  [CoreFoundation+0x840b3]  __CFRunLoopDoSource0+0x67
C  [CoreFoundation+0x83ecd]  __CFRunLoopDoSources0+0xd1
C  [CoreFoundation+0x82be9]  __CFRunLoopRun+0x3a9
C  [CoreFoundation+0x821e3]  CFRunLoopRunSpecific+0x1d2
C  [libjli.dylib+0x6e32]  CreateExecutionEnvironment+0x192
C  [libjli.dylib+0x2674]  JLI_Launch+0x614
C  [java+0xc16]  main+0x196
C  [libdyld.dylib+0x1acc9]  start+0x1


siginfo: si_signo: 11 (SIGSEGV), si_code: 0 (unknown), si_addr: 0x0000000000000000

Register to memory mapping:

RAX=0x00007f95267892b0 points into unknown readable memory: 0x0000000000000000 | 00 00 00 00 00 00 00 00
RBX=0xf8fe6c4992c56f00 is an unknown value
RCX=0x00007fff8c468160: OBJC_CLASS_$___NSCFSet+0 in /System/Library/Frameworks/CoreFoundation.framework/Versions/A/CoreFoundation at 0x00007fff34ab2000
RDX=0x0000001d00002b80 is an unknown value
RSP=0x00007ffee98d5d78 is pointing into the stack for thread: 0x00007f9527976a00
RBP=0x00007ffee98d6e20 is pointing into the stack for thread: 0x00007f9527976a00
RSI=0x00007fff79065146: GCC_except_table741+0xb50d28a in /usr/lib/libobjc.A.dylib at 0x00007fff6db29000
RDI=0x00007f952a01f470 points into unknown readable memory: 0x00007f95267892b0 | b0 92 78 26 95 7f 00 00
R8 =0x000000000000001c is an unknown value
R9 =0x00007f952a02fab0 points into unknown readable memory: 0x00000000000698b1 | b1 98 06 00 00 00 00 00
R10=0x00007f95267892b0 points into unknown readable memory: 0x0000000000000000 | 00 00 00 00 00 00 00 00
R11=0x614d00037f4b0422 is an unknown value
R12=0x07020877d7b36f00 is an unknown value
R13=0x00007f952a02fa98 points into unknown readable memory: 0x000000004d555458 | 58 54 55 4d 00 00 00 00
R14=0x00007f952a02fa80 points into unknown readable memory: 0x001dffff8c466ba9 | a9 6b 46 8c ff ff 1d 00
R15=0x00007f9526704670 points into unknown readable memory: 0x001dffff8c467621 | 21 76 46 8c ff ff 1d 00


Registers:
RAX=0x00007f95267892b0, RBX=0xf8fe6c4992c56f00, RCX=0x00007fff8c468160, RDX=0x0000001d00002b80
RSP=0x00007ffee98d5d78, RBP=0x00007ffee98d6e20, RSI=0x00007fff79065146, RDI=0x00007f952a01f470
R8 =0x000000000000001c, R9 =0x00007f952a02fab0, R10=0x00007f95267892b0, R11=0x614d00037f4b0422
R12=0x07020877d7b36f00, R13=0x00007f952a02fa98, R14=0x00007f952a02fa80, R15=0x00007f9526704670
RIP=0x00007fff6db2ee69, EFLAGS=0x0000000000010206, ERR=0x0000000000000000
  TRAPNO=0x000000000000000d

Top of Stack: (sp=0x00007ffee98d5d78)
0x00007ffee98d5d78:   00007fff34b50991 00007ffee98d5de0
0x00007ffee98d5d88:   00007f9526704810 00003a60b53c6f00
0x00007ffee98d5d98:   00007f9526704730 00007f9526704670
0x00007ffee98d5da8:   00007f9526704800 00007f9526704680
0x00007ffee98d5db8:   0000000000000000 0000000000000000
0x00007ffee98d5dc8:   0000000008000101 0000000000000019
0x00007ffee98d5dd8:   0000000000000001 00007ffee98d6290
0x00007ffee98d5de8:   00007fff34ab56d1 00007f9526704800
0x00007ffee98d5df8:   0000000000000002 00007fff8c32fcf0
0x00007ffee98d5e08:   0000000000000001 0000000000000000
0x00007ffee98d5e18:   00007fff8c32fcf0 0000000000000003
0x00007ffee98d5e28:   0000000000000019 000000012adc78f0
0x00007ffee98d5e38:   8c33060000000018 0000000008000100
0x00007ffee98d5e48:   006e6f6973726576 0000000000000000
0x00007ffee98d5e58:   0000006000000020 00007f952656eb80
0x00007ffee98d5e68:   0000000000002100 0000000000000000
0x00007ffee98d5e78:   0000000000000000 0000000000000000
0x00007ffee98d5e88:   0000000000000000 0000000000002100
0x00007ffee98d5e98:   0000000000000000 0000006000000020
0x00007ffee98d5ea8:   0000000000002100 0000000000000000
0x00007ffee98d5eb8:   00007f9529610890 0000000000000000
0x00007ffee98d5ec8:   0000006000000020 0000006000000020
0x00007ffee98d5ed8:   00007f95267ae890 0000000000002100
0x00007ffee98d5ee8:   0000000000000000 0000000000000000
0x00007ffee98d5ef8:   0000006000000020 00007f952656eb80
0x00007ffee98d5f08:   0000000000002100 0000000000000000
0x00007ffee98d5f18:   0000000000000000 0000000000000000
0x00007ffee98d5f28:   0000000000000000 0000000000002100
0x00007ffee98d5f38:   0000000000000000 0000006000000020
0x00007ffee98d5f48:   0000000000002100 0000000000000000
0x00007ffee98d5f58:   00007f9529610890 00000000306e72c7
0x00007ffee98d5f68:   0000006000000020 00007f952962dbf0 

Instructions: (pc=0x00007fff6db2ee69)
0x00007fff6db2ed69:   e9 e8 75 00 00 31 f6 e9 71 6c 00 00 90 90 90 90
0x00007fff6db2ed79:   90 90 90 90 90 90 90 31 c0 31 d2 0f 57 c0 0f 57
0x00007fff6db2ed89:   c9 c3 90 d9 ee 31 c0 31 d2 0f 57 c0 0f 57 c9 c3
0x00007fff6db2ed99:   0f 1f 00 d9 ee d9 ee 31 c0 31 d2 0f 57 c0 0f 57
0x00007fff6db2eda9:   c9 c3 90 48 89 f8 c3 49 89 fa 49 89 f3 45 23 5a
0x00007fff6db2edb9:   18 49 c1 e3 04 4d 03 5a 10 49 3b 33 75 0e 49 8b
0x00007fff6db2edc9:   43 08 48 83 f8 00 74 03 4c 31 d0 c3 49 83 3b 01
0x00007fff6db2edd9:   76 17 49 83 c3 10 49 3b 33 75 f1 49 8b 43 08 48
0x00007fff6db2ede9:   83 f8 00 74 03 4c 31 d0 c3 72 25 4d 8b 5b 08 eb
0x00007fff6db2edf9:   0a 49 83 3b 01 76 17 49 83 c3 10 49 3b 33 75 f1
0x00007fff6db2ee09:   49 8b 43 08 48 83 f8 00 74 03 4c 31 d0 c3 eb 00
0x00007fff6db2ee19:   31 c0 c3 66 2e 0f 1f 84 00 00 00 00 00 66 2e 0f
0x00007fff6db2ee29:   1f 84 00 00 00 00 00 66 2e 0f 1f 84 00 00 00 00
0x00007fff6db2ee39:   00 66 0f 1f 44 00 00 48 85 ff 2e 74 72 40 f6 c7
0x00007fff6db2ee49:   01 2e 75 76 49 ba f8 ff ff ff ff 7f 00 00 4c 23
0x00007fff6db2ee59:   17 49 89 f3 45 23 5a 18 49 c1 e3 04 4d 03 5a 10
0x00007fff6db2ee69:   49 3b 33 75 0a 4d 8b 5b 08 4d 31 d3 41 ff e3 49
0x00007fff6db2ee79:   83 3b 01 76 13 49 83 c3 10 49 3b 33 75 f1 4d 8b
0x00007fff6db2ee89:   5b 08 4d 31 d3 41 ff e3 72 70 4d 8b 5b 08 eb 0a
0x00007fff6db2ee99:   49 83 3b 01 76 13 49 83 c3 10 49 3b 33 75 f1 4d
0x00007fff6db2eea9:   8b 5b 08 4d 31 d3 41 ff e3 eb 4f 0f 1f 40 00 31
0x00007fff6db2eeb9:   c0 31 d2 0f 57 c0 0f 57 c9 c3 41 89 fb 41 83 e3
0x00007fff6db2eec9:   0f 4c 8d 15 bf 63 60 27 4f 8b 14 da 4c 8d 1d 8c
0x00007fff6db2eed9:   62 60 27 4d 39 d3 0f 85 75 ff ff ff 41 89 fb 41
0x00007fff6db2eee9:   c1 eb 04 41 81 e3 ff 00 00 00 4c 8d 15 16 64 60
0x00007fff6db2eef9:   27 4f 8b 14 da e9 57 ff ff ff e9 88 0a 00 00 66
0x00007fff6db2ef09:   2e 0f 1f 84 00 00 00 00 00 66 2e 0f 1f 84 00 00
0x00007fff6db2ef19:   00 00 00 66 2e 0f 1f 84 00 00 00 00 00 66 2e 0f
0x00007fff6db2ef29:   1f 84 00 00 00 00 00 66 2e 0f 1f 84 00 00 00 00
0x00007fff6db2ef39:   00 66 0f 1f 44 00 00 48 85 ff 2e 74 6a 40 f6 c7
0x00007fff6db2ef49:   01 2e 75 6b 49 ba f8 ff ff ff ff 7f 00 00 4c 23
0x00007fff6db2ef59:   17 49 89 f3 45 23 5a 18 49 c1 e3 04 4d 03 5a 10 


Stack slot to memory mapping:
stack at sp + 0 slots: 0x00007fff34b50991: __CFRunLoopDoTimer+0x4ab in /System/Library/Frameworks/CoreFoundation.framework/Versions/A/CoreFoundation at 0x00007fff34ab2000
stack at sp + 1 slots: 0x00007ffee98d5de0 is pointing into the stack for thread: 0x00007f9527976a00
stack at sp + 2 slots: 0x00007f9526704810 points into unknown readable memory: 0x000000004d555458 | 58 54 55 4d 00 00 00 00
stack at sp + 3 slots: 0x00003a60b53c6f00 is an unknown value
stack at sp + 4 slots: 0x00007f9526704730 points into unknown readable memory: 0x000000004d555458 | 58 54 55 4d 00 00 00 00
stack at sp + 5 slots: 0x00007f9526704670 points into unknown readable memory: 0x001dffff8c467621 | 21 76 46 8c ff ff 1d 00
stack at sp + 6 slots: 0x00007f9526704800 points into unknown readable memory: 0x001dffff8c467621 | 21 76 46 8c ff ff 1d 00
stack at sp + 7 slots: 0x00007f9526704680 points into unknown readable memory: 0x000000004d555458 | 58 54 55 4d 00 00 00 00


---------------  P R O C E S S  ---------------

Threads class SMR info:
_java_thread_list=0x00007f95266d6650, length=15, elements={
0x00007f9527837400, 0x00007f9527839c00, 0x00007f952783a800, 0x00007f952880a000,
0x00007f952783c000, 0x00007f952783c600, 0x00007f9528816200, 0x00007f9528816800,
0x00007f9527830400, 0x00007f95288d8800, 0x00007f9527050200, 0x00007f9527976a00,
0x00007f95270cd600, 0x00007f9528b35e00, 0x00007f952890aa00
}

Java Threads: ( => current thread )
  0x00007f9527837400 JavaThread "Reference Handler" daemon [_thread_blocked, id=18691, stack(0x0000700002eca000,0x0000700002fca000)]
  0x00007f9527839c00 JavaThread "Finalizer" daemon [_thread_blocked, id=16899, stack(0x0000700002fcd000,0x00007000030cd000)]
  0x00007f952783a800 JavaThread "Signal Dispatcher" daemon [_thread_blocked, id=43267, stack(0x00007000031d6000,0x00007000032d6000)]
  0x00007f952880a000 JavaThread "Service Thread" daemon [_thread_blocked, id=24067, stack(0x00007000032d9000,0x00007000033d9000)]
  0x00007f952783c000 JavaThread "C2 CompilerThread0" daemon [_thread_in_native, id=24579, stack(0x00007000033dc000,0x00007000034dc000)]
  0x00007f952783c600 JavaThread "C1 CompilerThread0" daemon [_thread_blocked, id=25347, stack(0x00007000034df000,0x00007000035df000)]
  0x00007f9528816200 JavaThread "Sweeper thread" daemon [_thread_blocked, id=41475, stack(0x00007000035e2000,0x00007000036e2000)]
  0x00007f9528816800 JavaThread "Notification Thread" daemon [_thread_blocked, id=40451, stack(0x00007000036e5000,0x00007000037e5000)]
  0x00007f9527830400 JavaThread "Common-Cleaner" daemon [_thread_blocked, id=39427, stack(0x00007000038eb000,0x00007000039eb000)]
  0x00007f95288d8800 JavaThread "LWJGL Application" [_thread_in_vm, id=36615, stack(0x0000700003bf4000,0x0000700003cf4000)]
  0x00007f9527050200 JavaThread "DestroyJavaVM" [_thread_blocked, id=10243, stack(0x00007000027b5000,0x00007000028b5000)]
=>0x00007f9527976a00 JavaThread "AppKit Thread" daemon [_thread_in_native, id=775, stack(0x00007ffee90dc000,0x00007ffee98dc000)]
  0x00007f95270cd600 JavaThread "AWT-Shutdown" [_thread_blocked, id=85507, stack(0x0000700003d7a000,0x0000700003e7a000)]
  0x00007f9528b35e00 JavaThread "Java2D Queue Flusher" daemon [_thread_blocked, id=68107, stack(0x0000700004006000,0x0000700004106000)]
  0x00007f952890aa00 JavaThread "Java2D Disposer" daemon [_thread_blocked, id=64771, stack(0x0000700004109000,0x0000700004209000)]

Other Threads:
  0x00007f9526607f20 VMThread "VM Thread" [stack: 0x0000700002dc7000,0x0000700002ec7000] [id=18947]
  0x00007f9526530c50 WatcherThread [stack: 0x00007000037e8000,0x00007000038e8000] [id=39939]
  0x00007f9526712b90 GCTaskThread "GC Thread#0" [stack: 0x00007000028b8000,0x00007000029b8000] [id=13571]
  0x00007f9526781a50 GCTaskThread "GC Thread#1" [stack: 0x00007000039ee000,0x0000700003aee000] [id=26887]
  0x00007f9526686460 GCTaskThread "GC Thread#2" [stack: 0x0000700003af1000,0x0000700003bf1000] [id=26375]
  0x00007f952640e950 ConcurrentGCThread "G1 Main Marker" [stack: 0x00007000029bb000,0x0000700002abb000] [id=20739]
  0x00007f952640f9f0 ConcurrentGCThread "G1 Conc#0" [stack: 0x0000700002abe000,0x0000700002bbe000] [id=20483]
  0x00007f952642b420 ConcurrentGCThread "G1 Refine#0" [stack: 0x0000700002bc1000,0x0000700002cc1000] [id=19971]
  0x00007f952642c4d0 ConcurrentGCThread "G1 Young RemSet Sampling" [stack: 0x0000700002cc4000,0x0000700002dc4000] [id=19459]

Threads with active compile tasks:
C2 CompilerThread0     1774 1150   !   4       java.util.zip.ZipFile::getEntry (59 bytes)

VM state: not at safepoint (normal execution)

VM Mutex/Monitor currently owned by a thread: None

Heap address: 0x0000000780000000, size: 2048 MB, Compressed Oops mode: Zero based, Oop shift amount: 3
CDS archive(s) mapped at: [0x0000000800000000-0x0000000800b2d000-0x0000000800b2d000), size 11718656, SharedBaseAddress: 0x0000000800000000, ArchiveRelocationMode: 0.
Compressed class space mapped at: 0x0000000800b30000-0x0000000840b30000, size: 1073741824
Narrow klass base: 0x0000000800000000, Narrow klass shift: 3, Narrow klass range: 0x100000000

GC Precious Log:
 CPUs: 4 total, 4 available
 Memory: 8192M
 Large Page Support: Disabled
 NUMA Support: Disabled
 Compressed Oops: Enabled (Zero based)
 Heap Region Size: 1M
 Heap Min Capacity: 8M
 Heap Initial Capacity: 128M
 Heap Max Capacity: 2G
 Pre-touch: Disabled
 Parallel Workers: 4
 Concurrent Workers: 1
 Concurrent Refinement Workers: 4
 Periodic GC: Disabled

Heap:
 garbage-first heap   total 133120K, used 14565K [0x0000000780000000, 0x0000000800000000)
  region size 1024K, 14 young (14336K), 2 survivors (2048K)
 Metaspace       used 10845K, capacity 11034K, committed 11264K, reserved 1058816K
  class space    used 1099K, capacity 1167K, committed 1280K, reserved 1048576K

Heap Regions: E=young(eden), S=young(survivor), O=old, HS=humongous(starts), HC=humongous(continues), CS=collection set, F=free, OA=open archive, CA=closed archive, TAMS=top-at-mark-start (previous, next)
|   0|0x0000000780000000, 0x0000000780100000, 0x0000000780100000|100%| O|  |TAMS 0x0000000780000000, 0x0000000780000000| Untracked 
|   1|0x0000000780100000, 0x000000078016f400, 0x0000000780200000| 43%| O|  |TAMS 0x0000000780100000, 0x0000000780100000| Untracked 
|   2|0x0000000780200000, 0x0000000780200000, 0x0000000780300000|  0%| F|  |TAMS 0x0000000780200000, 0x0000000780200000| Untracked 
|   3|0x0000000780300000, 0x0000000780300000, 0x0000000780400000|  0%| F|  |TAMS 0x0000000780300000, 0x0000000780300000| Untracked 
|   4|0x0000000780400000, 0x0000000780400000, 0x0000000780500000|  0%| F|  |TAMS 0x0000000780400000, 0x0000000780400000| Untracked 
|   5|0x0000000780500000, 0x0000000780500000, 0x0000000780600000|  0%| F|  |TAMS 0x0000000780500000, 0x0000000780500000| Untracked 
|   6|0x0000000780600000, 0x0000000780600000, 0x0000000780700000|  0%| F|  |TAMS 0x0000000780600000, 0x0000000780600000| Untracked 
|   7|0x0000000780700000, 0x0000000780700000, 0x0000000780800000|  0%| F|  |TAMS 0x0000000780700000, 0x0000000780700000| Untracked 
|   8|0x0000000780800000, 0x0000000780800000, 0x0000000780900000|  0%| F|  |TAMS 0x0000000780800000, 0x0000000780800000| Untracked 
|   9|0x0000000780900000, 0x0000000780900000, 0x0000000780a00000|  0%| F|  |TAMS 0x0000000780900000, 0x0000000780900000| Untracked 
|  10|0x0000000780a00000, 0x0000000780a00000, 0x0000000780b00000|  0%| F|  |TAMS 0x0000000780a00000, 0x0000000780a00000| Untracked 
|  11|0x0000000780b00000, 0x0000000780b00000, 0x0000000780c00000|  0%| F|  |TAMS 0x0000000780b00000, 0x0000000780b00000| Untracked 
|  12|0x0000000780c00000, 0x0000000780c00000, 0x0000000780d00000|  0%| F|  |TAMS 0x0000000780c00000, 0x0000000780c00000| Untracked 
|  13|0x0000000780d00000, 0x0000000780d00000, 0x0000000780e00000|  0%| F|  |TAMS 0x0000000780d00000, 0x0000000780d00000| Untracked 
|  14|0x0000000780e00000, 0x0000000780e00000, 0x0000000780f00000|  0%| F|  |TAMS 0x0000000780e00000, 0x0000000780e00000| Untracked 
|  15|0x0000000780f00000, 0x0000000780f00000, 0x0000000781000000|  0%| F|  |TAMS 0x0000000780f00000, 0x0000000780f00000| Untracked 
|  16|0x0000000781000000, 0x0000000781000000, 0x0000000781100000|  0%| F|  |TAMS 0x0000000781000000, 0x0000000781000000| Untracked 
|  17|0x0000000781100000, 0x0000000781100000, 0x0000000781200000|  0%| F|  |TAMS 0x0000000781100000, 0x0000000781100000| Untracked 
|  18|0x0000000781200000, 0x0000000781200000, 0x0000000781300000|  0%| F|  |TAMS 0x0000000781200000, 0x0000000781200000| Untracked 
|  19|0x0000000781300000, 0x0000000781300000, 0x0000000781400000|  0%| F|  |TAMS 0x0000000781300000, 0x0000000781300000| Untracked 
|  20|0x0000000781400000, 0x0000000781400000, 0x0000000781500000|  0%| F|  |TAMS 0x0000000781400000, 0x0000000781400000| Untracked 
|  21|0x0000000781500000, 0x0000000781500000, 0x0000000781600000|  0%| F|  |TAMS 0x0000000781500000, 0x0000000781500000| Untracked 
|  22|0x0000000781600000, 0x0000000781600000, 0x0000000781700000|  0%| F|  |TAMS 0x0000000781600000, 0x0000000781600000| Untracked 
|  23|0x0000000781700000, 0x0000000781700000, 0x0000000781800000|  0%| F|  |TAMS 0x0000000781700000, 0x0000000781700000| Untracked 
|  24|0x0000000781800000, 0x0000000781800000, 0x0000000781900000|  0%| F|  |TAMS 0x0000000781800000, 0x0000000781800000| Untracked 
|  25|0x0000000781900000, 0x0000000781900000, 0x0000000781a00000|  0%| F|  |TAMS 0x0000000781900000, 0x0000000781900000| Untracked 
|  26|0x0000000781a00000, 0x0000000781a00000, 0x0000000781b00000|  0%| F|  |TAMS 0x0000000781a00000, 0x0000000781a00000| Untracked 
|  27|0x0000000781b00000, 0x0000000781b00000, 0x0000000781c00000|  0%| F|  |TAMS 0x0000000781b00000, 0x0000000781b00000| Untracked 
|  28|0x0000000781c00000, 0x0000000781c00000, 0x0000000781d00000|  0%| F|  |TAMS 0x0000000781c00000, 0x0000000781c00000| Untracked 
|  29|0x0000000781d00000, 0x0000000781d00000, 0x0000000781e00000|  0%| F|  |TAMS 0x0000000781d00000, 0x0000000781d00000| Untracked 
|  30|0x0000000781e00000, 0x0000000781e00000, 0x0000000781f00000|  0%| F|  |TAMS 0x0000000781e00000, 0x0000000781e00000| Untracked 
|  31|0x0000000781f00000, 0x0000000781f00000, 0x0000000782000000|  0%| F|  |TAMS 0x0000000781f00000, 0x0000000781f00000| Untracked 
|  32|0x0000000782000000, 0x0000000782000000, 0x0000000782100000|  0%| F|  |TAMS 0x0000000782000000, 0x0000000782000000| Untracked 
|  33|0x0000000782100000, 0x0000000782100000, 0x0000000782200000|  0%| F|  |TAMS 0x0000000782100000, 0x0000000782100000| Untracked 
|  34|0x0000000782200000, 0x0000000782200000, 0x0000000782300000|  0%| F|  |TAMS 0x0000000782200000, 0x0000000782200000| Untracked 
|  35|0x0000000782300000, 0x0000000782300000, 0x0000000782400000|  0%| F|  |TAMS 0x0000000782300000, 0x0000000782300000| Untracked 
|  36|0x0000000782400000, 0x0000000782400000, 0x0000000782500000|  0%| F|  |TAMS 0x0000000782400000, 0x0000000782400000| Untracked 
|  37|0x0000000782500000, 0x0000000782500000, 0x0000000782600000|  0%| F|  |TAMS 0x0000000782500000, 0x0000000782500000| Untracked 
|  38|0x0000000782600000, 0x0000000782600000, 0x0000000782700000|  0%| F|  |TAMS 0x0000000782600000, 0x0000000782600000| Untracked 
|  39|0x0000000782700000, 0x0000000782700000, 0x0000000782800000|  0%| F|  |TAMS 0x0000000782700000, 0x0000000782700000| Untracked 
|  40|0x0000000782800000, 0x0000000782800000, 0x0000000782900000|  0%| F|  |TAMS 0x0000000782800000, 0x0000000782800000| Untracked 
|  41|0x0000000782900000, 0x0000000782900000, 0x0000000782a00000|  0%| F|  |TAMS 0x0000000782900000, 0x0000000782900000| Untracked 
|  42|0x0000000782a00000, 0x0000000782a00000, 0x0000000782b00000|  0%| F|  |TAMS 0x0000000782a00000, 0x0000000782a00000| Untracked 
|  43|0x0000000782b00000, 0x0000000782b00000, 0x0000000782c00000|  0%| F|  |TAMS 0x0000000782b00000, 0x0000000782b00000| Untracked 
|  44|0x0000000782c00000, 0x0000000782c00000, 0x0000000782d00000|  0%| F|  |TAMS 0x0000000782c00000, 0x0000000782c00000| Untracked 
|  45|0x0000000782d00000, 0x0000000782d00000, 0x0000000782e00000|  0%| F|  |TAMS 0x0000000782d00000, 0x0000000782d00000| Untracked 
|  46|0x0000000782e00000, 0x0000000782e00000, 0x0000000782f00000|  0%| F|  |TAMS 0x0000000782e00000, 0x0000000782e00000| Untracked 
|  47|0x0000000782f00000, 0x0000000782f00000, 0x0000000783000000|  0%| F|  |TAMS 0x0000000782f00000, 0x0000000782f00000| Untracked 
|  48|0x0000000783000000, 0x0000000783000000, 0x0000000783100000|  0%| F|  |TAMS 0x0000000783000000, 0x0000000783000000| Untracked 
|  49|0x0000000783100000, 0x0000000783100000, 0x0000000783200000|  0%| F|  |TAMS 0x0000000783100000, 0x0000000783100000| Untracked 
|  50|0x0000000783200000, 0x0000000783200000, 0x0000000783300000|  0%| F|  |TAMS 0x0000000783200000, 0x0000000783200000| Untracked 
|  51|0x0000000783300000, 0x0000000783300000, 0x0000000783400000|  0%| F|  |TAMS 0x0000000783300000, 0x0000000783300000| Untracked 
|  52|0x0000000783400000, 0x0000000783400000, 0x0000000783500000|  0%| F|  |TAMS 0x0000000783400000, 0x0000000783400000| Untracked 
|  53|0x0000000783500000, 0x0000000783500000, 0x0000000783600000|  0%| F|  |TAMS 0x0000000783500000, 0x0000000783500000| Untracked 
|  54|0x0000000783600000, 0x0000000783600000, 0x0000000783700000|  0%| F|  |TAMS 0x0000000783600000, 0x0000000783600000| Untracked 
|  55|0x0000000783700000, 0x0000000783700000, 0x0000000783800000|  0%| F|  |TAMS 0x0000000783700000, 0x0000000783700000| Untracked 
|  56|0x0000000783800000, 0x0000000783800000, 0x0000000783900000|  0%| F|  |TAMS 0x0000000783800000, 0x0000000783800000| Untracked 
|  57|0x0000000783900000, 0x0000000783900000, 0x0000000783a00000|  0%| F|  |TAMS 0x0000000783900000, 0x0000000783900000| Untracked 
|  58|0x0000000783a00000, 0x0000000783a00000, 0x0000000783b00000|  0%| F|  |TAMS 0x0000000783a00000, 0x0000000783a00000| Untracked 
|  59|0x0000000783b00000, 0x0000000783b00000, 0x0000000783c00000|  0%| F|  |TAMS 0x0000000783b00000, 0x0000000783b00000| Untracked 
|  60|0x0000000783c00000, 0x0000000783c00000, 0x0000000783d00000|  0%| F|  |TAMS 0x0000000783c00000, 0x0000000783c00000| Untracked 
|  61|0x0000000783d00000, 0x0000000783d00000, 0x0000000783e00000|  0%| F|  |TAMS 0x0000000783d00000, 0x0000000783d00000| Untracked 
|  62|0x0000000783e00000, 0x0000000783e00000, 0x0000000783f00000|  0%| F|  |TAMS 0x0000000783e00000, 0x0000000783e00000| Untracked 
|  63|0x0000000783f00000, 0x0000000783f00000, 0x0000000784000000|  0%| F|  |TAMS 0x0000000783f00000, 0x0000000783f00000| Untracked 
|  64|0x0000000784000000, 0x0000000784000000, 0x0000000784100000|  0%| F|  |TAMS 0x0000000784000000, 0x0000000784000000| Untracked 
|  65|0x0000000784100000, 0x0000000784100000, 0x0000000784200000|  0%| F|  |TAMS 0x0000000784100000, 0x0000000784100000| Untracked 
|  66|0x0000000784200000, 0x0000000784200000, 0x0000000784300000|  0%| F|  |TAMS 0x0000000784200000, 0x0000000784200000| Untracked 
|  67|0x0000000784300000, 0x0000000784300000, 0x0000000784400000|  0%| F|  |TAMS 0x0000000784300000, 0x0000000784300000| Untracked 
|  68|0x0000000784400000, 0x0000000784400000, 0x0000000784500000|  0%| F|  |TAMS 0x0000000784400000, 0x0000000784400000| Untracked 
|  69|0x0000000784500000, 0x0000000784500000, 0x0000000784600000|  0%| F|  |TAMS 0x0000000784500000, 0x0000000784500000| Untracked 
|  70|0x0000000784600000, 0x0000000784600000, 0x0000000784700000|  0%| F|  |TAMS 0x0000000784600000, 0x0000000784600000| Untracked 
|  71|0x0000000784700000, 0x0000000784700000, 0x0000000784800000|  0%| F|  |TAMS 0x0000000784700000, 0x0000000784700000| Untracked 
|  72|0x0000000784800000, 0x0000000784800000, 0x0000000784900000|  0%| F|  |TAMS 0x0000000784800000, 0x0000000784800000| Untracked 
|  73|0x0000000784900000, 0x0000000784900000, 0x0000000784a00000|  0%| F|  |TAMS 0x0000000784900000, 0x0000000784900000| Untracked 
|  74|0x0000000784a00000, 0x0000000784a00000, 0x0000000784b00000|  0%| F|  |TAMS 0x0000000784a00000, 0x0000000784a00000| Untracked 
|  75|0x0000000784b00000, 0x0000000784b00000, 0x0000000784c00000|  0%| F|  |TAMS 0x0000000784b00000, 0x0000000784b00000| Untracked 
|  76|0x0000000784c00000, 0x0000000784c00000, 0x0000000784d00000|  0%| F|  |TAMS 0x0000000784c00000, 0x0000000784c00000| Untracked 
|  77|0x0000000784d00000, 0x0000000784d00000, 0x0000000784e00000|  0%| F|  |TAMS 0x0000000784d00000, 0x0000000784d00000| Untracked 
|  78|0x0000000784e00000, 0x0000000784e00000, 0x0000000784f00000|  0%| F|  |TAMS 0x0000000784e00000, 0x0000000784e00000| Untracked 
|  79|0x0000000784f00000, 0x0000000784f00000, 0x0000000785000000|  0%| F|  |TAMS 0x0000000784f00000, 0x0000000784f00000| Untracked 
|  80|0x0000000785000000, 0x0000000785000000, 0x0000000785100000|  0%| F|  |TAMS 0x0000000785000000, 0x0000000785000000| Untracked 
|  81|0x0000000785100000, 0x0000000785100000, 0x0000000785200000|  0%| F|  |TAMS 0x0000000785100000, 0x0000000785100000| Untracked 
|  82|0x0000000785200000, 0x0000000785200000, 0x0000000785300000|  0%| F|  |TAMS 0x0000000785200000, 0x0000000785200000| Untracked 
|  83|0x0000000785300000, 0x0000000785300000, 0x0000000785400000|  0%| F|  |TAMS 0x0000000785300000, 0x0000000785300000| Untracked 
|  84|0x0000000785400000, 0x0000000785400000, 0x0000000785500000|  0%| F|  |TAMS 0x0000000785400000, 0x0000000785400000| Untracked 
|  85|0x0000000785500000, 0x0000000785500000, 0x0000000785600000|  0%| F|  |TAMS 0x0000000785500000, 0x0000000785500000| Untracked 
|  86|0x0000000785600000, 0x0000000785600000, 0x0000000785700000|  0%| F|  |TAMS 0x0000000785600000, 0x0000000785600000| Untracked 
|  87|0x0000000785700000, 0x0000000785700000, 0x0000000785800000|  0%| F|  |TAMS 0x0000000785700000, 0x0000000785700000| Untracked 
|  88|0x0000000785800000, 0x0000000785800000, 0x0000000785900000|  0%| F|  |TAMS 0x0000000785800000, 0x0000000785800000| Untracked 
|  89|0x0000000785900000, 0x0000000785900000, 0x0000000785a00000|  0%| F|  |TAMS 0x0000000785900000, 0x0000000785900000| Untracked 
|  90|0x0000000785a00000, 0x0000000785a00000, 0x0000000785b00000|  0%| F|  |TAMS 0x0000000785a00000, 0x0000000785a00000| Untracked 
|  91|0x0000000785b00000, 0x0000000785b00000, 0x0000000785c00000|  0%| F|  |TAMS 0x0000000785b00000, 0x0000000785b00000| Untracked 
|  92|0x0000000785c00000, 0x0000000785c00000, 0x0000000785d00000|  0%| F|  |TAMS 0x0000000785c00000, 0x0000000785c00000| Untracked 
|  93|0x0000000785d00000, 0x0000000785d00000, 0x0000000785e00000|  0%| F|  |TAMS 0x0000000785d00000, 0x0000000785d00000| Untracked 
|  94|0x0000000785e00000, 0x0000000785e00000, 0x0000000785f00000|  0%| F|  |TAMS 0x0000000785e00000, 0x0000000785e00000| Untracked 
|  95|0x0000000785f00000, 0x0000000785f00000, 0x0000000786000000|  0%| F|  |TAMS 0x0000000785f00000, 0x0000000785f00000| Untracked 
|  96|0x0000000786000000, 0x0000000786000000, 0x0000000786100000|  0%| F|  |TAMS 0x0000000786000000, 0x0000000786000000| Untracked 
|  97|0x0000000786100000, 0x0000000786100000, 0x0000000786200000|  0%| F|  |TAMS 0x0000000786100000, 0x0000000786100000| Untracked 
|  98|0x0000000786200000, 0x0000000786200000, 0x0000000786300000|  0%| F|  |TAMS 0x0000000786200000, 0x0000000786200000| Untracked 
|  99|0x0000000786300000, 0x0000000786300000, 0x0000000786400000|  0%| F|  |TAMS 0x0000000786300000, 0x0000000786300000| Untracked 
| 100|0x0000000786400000, 0x0000000786400000, 0x0000000786500000|  0%| F|  |TAMS 0x0000000786400000, 0x0000000786400000| Untracked 
| 101|0x0000000786500000, 0x0000000786500000, 0x0000000786600000|  0%| F|  |TAMS 0x0000000786500000, 0x0000000786500000| Untracked 
| 102|0x0000000786600000, 0x0000000786600000, 0x0000000786700000|  0%| F|  |TAMS 0x0000000786600000, 0x0000000786600000| Untracked 
| 103|0x0000000786700000, 0x0000000786700000, 0x0000000786800000|  0%| F|  |TAMS 0x0000000786700000, 0x0000000786700000| Untracked 
| 104|0x0000000786800000, 0x0000000786800000, 0x0000000786900000|  0%| F|  |TAMS 0x0000000786800000, 0x0000000786800000| Untracked 
| 105|0x0000000786900000, 0x0000000786900000, 0x0000000786a00000|  0%| F|  |TAMS 0x0000000786900000, 0x0000000786900000| Untracked 
| 106|0x0000000786a00000, 0x0000000786a00000, 0x0000000786b00000|  0%| F|  |TAMS 0x0000000786a00000, 0x0000000786a00000| Untracked 
| 107|0x0000000786b00000, 0x0000000786b00000, 0x0000000786c00000|  0%| F|  |TAMS 0x0000000786b00000, 0x0000000786b00000| Untracked 
| 108|0x0000000786c00000, 0x0000000786c00000, 0x0000000786d00000|  0%| F|  |TAMS 0x0000000786c00000, 0x0000000786c00000| Untracked 
| 109|0x0000000786d00000, 0x0000000786d00000, 0x0000000786e00000|  0%| F|  |TAMS 0x0000000786d00000, 0x0000000786d00000| Untracked 
| 110|0x0000000786e00000, 0x0000000786e00000, 0x0000000786f00000|  0%| F|  |TAMS 0x0000000786e00000, 0x0000000786e00000| Untracked 
| 111|0x0000000786f00000, 0x0000000786f00000, 0x0000000787000000|  0%| F|  |TAMS 0x0000000786f00000, 0x0000000786f00000| Untracked 
| 112|0x0000000787000000, 0x0000000787000000, 0x0000000787100000|  0%| F|  |TAMS 0x0000000787000000, 0x0000000787000000| Untracked 
| 113|0x0000000787100000, 0x0000000787200000, 0x0000000787200000|100%| S|CS|TAMS 0x0000000787100000, 0x0000000787100000| Complete 
| 114|0x0000000787200000, 0x0000000787300000, 0x0000000787300000|100%| S|CS|TAMS 0x0000000787200000, 0x0000000787200000| Complete 
| 115|0x0000000787300000, 0x0000000787300000, 0x0000000787400000|  0%| F|  |TAMS 0x0000000787300000, 0x0000000787300000| Untracked 
| 116|0x0000000787400000, 0x00000007874b09e0, 0x0000000787500000| 68%| E|  |TAMS 0x0000000787400000, 0x0000000787400000| Complete 
| 117|0x0000000787500000, 0x0000000787600000, 0x0000000787600000|100%| E|CS|TAMS 0x0000000787500000, 0x0000000787500000| Complete 
| 118|0x0000000787600000, 0x0000000787700000, 0x0000000787700000|100%| E|CS|TAMS 0x0000000787600000, 0x0000000787600000| Complete 
| 119|0x0000000787700000, 0x0000000787800000, 0x0000000787800000|100%| E|CS|TAMS 0x0000000787700000, 0x0000000787700000| Complete 
| 120|0x0000000787800000, 0x0000000787900000, 0x0000000787900000|100%| E|CS|TAMS 0x0000000787800000, 0x0000000787800000| Complete 
| 121|0x0000000787900000, 0x0000000787a00000, 0x0000000787a00000|100%| E|CS|TAMS 0x0000000787900000, 0x0000000787900000| Complete 
| 122|0x0000000787a00000, 0x0000000787b00000, 0x0000000787b00000|100%| E|CS|TAMS 0x0000000787a00000, 0x0000000787a00000| Complete 
| 123|0x0000000787b00000, 0x0000000787c00000, 0x0000000787c00000|100%| E|CS|TAMS 0x0000000787b00000, 0x0000000787b00000| Complete 
| 124|0x0000000787c00000, 0x0000000787d00000, 0x0000000787d00000|100%| E|  |TAMS 0x0000000787c00000, 0x0000000787c00000| Complete 
| 125|0x0000000787d00000, 0x0000000787e00000, 0x0000000787e00000|100%| E|CS|TAMS 0x0000000787d00000, 0x0000000787d00000| Complete 
| 126|0x0000000787e00000, 0x0000000787f00000, 0x0000000787f00000|100%| E|CS|TAMS 0x0000000787e00000, 0x0000000787e00000| Complete 
| 127|0x0000000787f00000, 0x0000000788000000, 0x0000000788000000|100%| E|CS|TAMS 0x0000000787f00000, 0x0000000787f00000| Complete 
|1022|0x00000007bfe00000, 0x00000007bfe51000, 0x00000007bff00000| 31%|OA|  |TAMS 0x00000007bfe00000, 0x00000007bfe00000| Untracked 
|1023|0x00000007bff00000, 0x00000007bff79000, 0x00000007c0000000| 47%|CA|  |TAMS 0x00000007bff00000, 0x00000007bff00000| Untracked 

Card table byte_map: [0x000000011f42e000,0x000000011f82e000] _byte_map_base: 0x000000011b82e000

Marking Bits (Prev, Next): (CMBitMap*) 0x00007f9526808c10, (CMBitMap*) 0x00007f9526808c50
 Prev Bits: [0x000000011fc2e000, 0x0000000121c2e000)
 Next Bits: [0x0000000121c2e000, 0x0000000123c2e000)

Polling page: 0x000000010635e000

Metaspace:

Usage:
  Non-class:      9.64 MB capacity,     9.54 MB ( 99%) used,    85.49 KB ( <1%) free+waste,    14.31 KB ( <1%) overhead. 
      Class:      1.14 MB capacity,     1.08 MB ( 95%) used,    54.09 KB (  5%) free+waste,     5.88 KB ( <1%) overhead. 
       Both:     10.78 MB capacity,    10.62 MB ( 99%) used,   139.59 KB (  1%) free+waste,    20.19 KB ( <1%) overhead. 

Virtual space:
  Non-class space:       10.00 MB reserved,       9.75 MB ( 98%) committed 
      Class space:        1.00 GB reserved,       1.25 MB ( <1%) committed 
             Both:        1.01 GB reserved,      11.00 MB (  1%) committed 

Chunk freelists:
   Non-Class:  69.00 KB
       Class:  17.00 KB
        Both:  86.00 KB

MaxMetaspaceSize: 17179869184.00 GB
CompressedClassSpaceSize: 1.00 GB

CodeHeap 'non-profiled nmethods': size=120032Kb used=323Kb max_used=323Kb free=119708Kb
 bounds [0x0000000117af6000, 0x0000000117d66000, 0x000000011f02e000]
CodeHeap 'profiled nmethods': size=120028Kb used=1901Kb max_used=1901Kb free=118126Kb
 bounds [0x00000001105bf000, 0x000000011082f000, 0x0000000117af6000]
CodeHeap 'non-nmethods': size=5700Kb used=1344Kb max_used=1358Kb free=4355Kb
 bounds [0x000000011002e000, 0x000000011029e000, 0x00000001105bf000]
 total_blobs=1816 nmethods=1158 adapters=572
 compilation: enabled
              stopped_count=0, restarted_count=0
 full_count=0

Compilation events (20 events):
Event: 1.734 Thread 0x00007f952783c600 1151       3       jdk.internal.module.SystemModuleFinders$SystemModuleReader::find (54 bytes)
Event: 1.735 Thread 0x00007f952783c600 nmethod 1151 0x0000000110794a90 code [0x0000000110794d40, 0x0000000110795830]
Event: 1.735 Thread 0x00007f952783c600 1148       3       java.lang.StringUTF16::getChar (60 bytes)
Event: 1.735 Thread 0x00007f952783c600 nmethod 1148 0x0000000110795c10 code [0x0000000110795da0, 0x0000000110795ef0]
Event: 1.735 Thread 0x00007f952783c600 1153       3       jdk.internal.jimage.ImageStringsReader::get (9 bytes)
Event: 1.735 Thread 0x00007f952783c600 nmethod 1153 0x0000000110796010 code [0x00000001107961a0, 0x0000000110796360]
Event: 1.735 Thread 0x00007f952783c600 1154       3       jdk.internal.jimage.BasicImageReader::getString (49 bytes)
Event: 1.736 Thread 0x00007f952783c600 nmethod 1154 0x0000000110796410 code [0x00000001107965e0, 0x00000001107968c0]
Event: 1.736 Thread 0x00007f952783c600 1155       3       jdk.internal.jimage.ImageStringsReader::stringFromByteBuffer (28 bytes)
Event: 1.736 Thread 0x00007f952783c600 nmethod 1155 0x0000000110796a10 code [0x0000000110796be0, 0x0000000110796f30]
Event: 1.739 Thread 0x00007f952783c600 1159       3       sun.net.www.ParseUtil::firstEncodeIndex (86 bytes)
Event: 1.740 Thread 0x00007f952783c600 nmethod 1159 0x0000000110797090 code [0x00000001107972c0, 0x0000000110797cc0]
Event: 1.740 Thread 0x00007f952783c600 1162       3       java.lang.ThreadLocal::get (38 bytes)
Event: 1.741 Thread 0x00007f952783c600 nmethod 1162 0x0000000110798090 code [0x0000000110798260, 0x0000000110798540]
Event: 1.741 Thread 0x00007f952783c600 1161       3       java.lang.StringCoding::decodeUTF8 (45 bytes)
Event: 1.741 Thread 0x00007f952783c600 nmethod 1161 0x0000000110798690 code [0x0000000110798880, 0x0000000110798e60]
Event: 1.741 Thread 0x00007f952783c600 1160       3       java.util.jar.Manifest::getAttributes (14 bytes)
Event: 1.741 Thread 0x00007f952783c600 nmethod 1160 0x0000000110799090 code [0x0000000110799240, 0x0000000110799520]
Event: 1.743 Thread 0x00007f952783c600 1163       3       java.util.jar.Manifest::getTrustedAttributes (57 bytes)
Event: 1.745 Thread 0x00007f952783c600 nmethod 1163 0x0000000110799610 code [0x0000000110799860, 0x000000011079a1d0]

GC Heap History (2 events):
Event: 0.655 GC heap before
{Heap before GC invocations=0 (full 0):
 garbage-first heap   total 133120K, used 13096K [0x0000000780000000, 0x0000000800000000)
  region size 1024K, 13 young (13312K), 0 survivors (0K)
 Metaspace       used 3119K, capacity 6263K, committed 6528K, reserved 1056768K
  class space    used 286K, capacity 572K, committed 640K, reserved 1048576K
}
Event: 0.660 GC heap after
{Heap after GC invocations=1 (full 0):
 garbage-first heap   total 133120K, used 4325K [0x0000000780000000, 0x0000000800000000)
  region size 1024K, 2 young (2048K), 2 survivors (2048K)
 Metaspace       used 3119K, capacity 6263K, committed 6528K, reserved 1056768K
  class space    used 286K, capacity 572K, committed 640K, reserved 1048576K
}

Deoptimization events (20 events):
Event: 1.711 Thread 0x00007f95288d8800 Uncommon trap: trap_request=0xffffffc6 fr.pc=0x0000000117b3ff14 relative=0x0000000000000534
Event: 1.711 Thread 0x00007f95288d8800 Uncommon trap: reason=bimorphic_or_optimized_type_check action=maybe_recompile pc=0x0000000117b3ff14 method=java.util.concurrent.ConcurrentHashMap.get(Ljava/lang/Object;)Ljava/lang/Object; @ 149 c2
Event: 1.711 Thread 0x00007f95288d8800 DEOPT PACKING pc=0x0000000117b3ff14 sp=0x0000700003cf2ce0
Event: 1.711 Thread 0x00007f95288d8800 DEOPT UNPACKING pc=0x000000011007c125 sp=0x0000700003cf2c80 mode 2
Event: 1.723 Thread 0x00007f95288d8800 Uncommon trap: trap_request=0xffffff45 fr.pc=0x0000000117b459e0 relative=0x00000000000002a0
Event: 1.723 Thread 0x00007f95288d8800 Uncommon trap: reason=unstable_if action=reinterpret pc=0x0000000117b459e0 method=java.util.HashMap.hash(Ljava/lang/Object;)I @ 1 c2
Event: 1.723 Thread 0x00007f95288d8800 DEOPT PACKING pc=0x0000000117b459e0 sp=0x0000700003cf3030
Event: 1.723 Thread 0x00007f95288d8800 DEOPT UNPACKING pc=0x000000011007c125 sp=0x0000700003cf2f58 mode 2
Event: 1.724 Thread 0x00007f95288d8800 Uncommon trap: trap_request=0xffffffc6 fr.pc=0x0000000117b3ff14 relative=0x0000000000000534
Event: 1.724 Thread 0x00007f95288d8800 Uncommon trap: reason=bimorphic_or_optimized_type_check action=maybe_recompile pc=0x0000000117b3ff14 method=java.util.concurrent.ConcurrentHashMap.get(Ljava/lang/Object;)Ljava/lang/Object; @ 149 c2
Event: 1.724 Thread 0x00007f95288d8800 DEOPT PACKING pc=0x0000000117b3ff14 sp=0x0000700003cf3050
Event: 1.724 Thread 0x00007f95288d8800 DEOPT UNPACKING pc=0x000000011007c125 sp=0x0000700003cf2ff0 mode 2
Event: 1.731 Thread 0x00007f95288d8800 Uncommon trap: trap_request=0xffffff45 fr.pc=0x0000000117b359d4 relative=0x0000000000000334
Event: 1.731 Thread 0x00007f95288d8800 Uncommon trap: reason=unstable_if action=reinterpret pc=0x0000000117b359d4 method=java.lang.AbstractStringBuilder.isLatin1()Z @ 10 c2
Event: 1.731 Thread 0x00007f95288d8800 DEOPT PACKING pc=0x0000000117b359d4 sp=0x0000700003cf2e00
Event: 1.731 Thread 0x00007f95288d8800 DEOPT UNPACKING pc=0x000000011007c125 sp=0x0000700003cf2d80 mode 2
Event: 1.732 Thread 0x00007f95288d8800 Uncommon trap: trap_request=0xffffff45 fr.pc=0x0000000117b38acc relative=0x00000000000000cc
Event: 1.732 Thread 0x00007f95288d8800 Uncommon trap: reason=unstable_if action=reinterpret pc=0x0000000117b38acc method=sun.net.www.ParseUtil.firstEncodeIndex(Ljava/lang/String;)I @ 51 c2
Event: 1.732 Thread 0x00007f95288d8800 DEOPT PACKING pc=0x0000000117b38acc sp=0x0000700003cf2ce0
Event: 1.732 Thread 0x00007f95288d8800 DEOPT UNPACKING pc=0x000000011007c125 sp=0x0000700003cf2c88 mode 2

Classes unloaded (0 events):
No events

Classes redefined (0 events):
No events

Internal exceptions (20 events):
Event: 0.438 Thread 0x00007f9527050200 Exception <a 'java/lang/IncompatibleClassChangeError'{0x0000000787953158}: Found class java.lang.Object, but interface was expected> (0x0000000787953158) 
thrown [./open/src/hotspot/share/interpreter/linkResolver.cpp, line 848]
Event: 0.439 Thread 0x00007f9527050200 Exception <a 'java/lang/NoSuchMethodError'{0x0000000787956388}: 'void java.lang.invoke.DirectMethodHandle$Holder.invokeStatic(java.lang.Object, java.lang.Object)'> (0x0000000787956388) 
thrown [./open/src/hotspot/share/interpreter/linkResolver.cpp, line 782]
Event: 0.440 Thread 0x00007f9527050200 Exception <a 'java/lang/NoSuchMethodError'{0x0000000787959ae8}: 'void java.lang.invoke.DirectMethodHandle$Holder.invokeStaticInit(java.lang.Object, java.lang.Object)'> (0x0000000787959ae8) 
thrown [./open/src/hotspot/share/interpreter/linkResolver.cpp, line 782]
Event: 0.443 Thread 0x00007f9527050200 Exception <a 'java/lang/NoSuchMethodError'{0x000000078795ffa0}: 'int java.lang.invoke.DirectMethodHandle$Holder.invokeStaticInit(java.lang.Object, java.lang.Object)'> (0x000000078795ffa0) 
thrown [./open/src/hotspot/share/interpreter/linkResolver.cpp, line 782]
Event: 0.595 Thread 0x00007f9527809e00 Exception <a 'java/lang/NoSuchMethodError'{0x0000000787adfb10}: 'void java.lang.invoke.DirectMethodHandle$Holder.invokeInterface(java.lang.Object, java.lang.Object)'> (0x0000000787adfb10) 
thrown [./open/src/hotspot/share/interpreter/linkResolver.cpp, line 782]
Event: 0.652 Thread 0x00007f9527809e00 Exception <a 'java/lang/NoSuchMethodError'{0x00000007873ee168}: 'void java.lang.invoke.DirectMethodHandle$Holder.invokeStatic(java.lang.Object, int, int)'> (0x00000007873ee168) 
thrown [./open/src/hotspot/share/interpreter/linkResolver.cpp, line 782]
Event: 0.653 Thread 0x00007f9527809e00 Exception <a 'java/lang/NoSuchMethodError'{0x00000007873f18f0}: 'void java.lang.invoke.DirectMethodHandle$Holder.invokeStaticInit(java.lang.Object, int, int)'> (0x00000007873f18f0) 
thrown [./open/src/hotspot/share/interpreter/linkResolver.cpp, line 782]
Event: 0.801 Thread 0x00007f95288d8800 Exception <a 'java/lang/ClassNotFoundException'{0x0000000787d17c08}: sun/awt/resources/spi/awtProvider> (0x0000000787d17c08) 
thrown [./open/src/hotspot/share/classfile/systemDictionary.cpp, line 295]
Event: 0.839 Thread 0x00007f95288d8800 Exception <a 'java/io/FileNotFoundException'{0x0000000787d86688}> (0x0000000787d86688) 
thrown [./open/src/hotspot/share/prims/jni.cpp, line 578]
Event: 0.852 Thread 0x00007f95288d8800 Exception <a 'java/io/FileNotFoundException'{0x0000000787db56b8}> (0x0000000787db56b8) 
thrown [./open/src/hotspot/share/prims/jni.cpp, line 578]
Event: 0.854 Thread 0x00007f95288d8800 Exception <a 'java/lang/NoSuchMethodError'{0x0000000787db66c0}: 'java.lang.Object java.lang.invoke.DirectMethodHandle$Holder.invokeStaticInit(java.lang.Object)'> (0x0000000787db66c0) 
thrown [./open/src/hotspot/share/interpreter/linkResolver.cpp, line 782]
Event: 0.858 Thread 0x00007f95288d8800 Exception <a 'java/lang/ClassNotFoundException'{0x0000000787dbc888}: sun/awt/resources/spi/awtosxProvider> (0x0000000787dbc888) 
thrown [./open/src/hotspot/share/classfile/systemDictionary.cpp, line 295]
Event: 1.559 Thread 0x00007f95288d8800 Exception <a 'java/lang/NoSuchMethodError'{0x000000078774b348}: 'java.lang.Object java.lang.invoke.DirectMethodHandle$Holder.invokeSpecialIFC(java.lang.Object, java.lang.Object, java.lang.Object, java.lang.Object)'> (0x000000078774b348) 
thrown [./open/src/hotspot/share/interpreter/linkResolver.cpp, line 782]
Event: 1.660 Thread 0x00007f95288d8800 Exception <a 'java/lang/NoSuchMethodError'{0x0000000787665d88}: 'void java.lang.invoke.DirectMethodHandle$Holder.invokeStaticInit(java.lang.Object)'> (0x0000000787665d88) 
thrown [./open/src/hotspot/share/interpreter/linkResolver.cpp, line 782]
Event: 1.670 Thread 0x00007f95288d8800 Exception <a 'java/lang/NoSuchMethodError'{0x0000000787688f48}: 'java.lang.Object java.lang.invoke.DirectMethodHandle$Holder.newInvokeSpecial(java.lang.Object, java.lang.Object, java.lang.Object, java.lang.Object, java.lang.Object)'> (0x0000000787688f48) 
thrown [./open/src/hotspot/share/interpreter/linkResolver.cpp, line 782]
Event: 1.671 Thread 0x00007f95288d8800 Exception <a 'java/lang/NoSuchMethodError'{0x0000000787694dc8}: 'java.lang.Object java.lang.invoke.DirectMethodHandle$Holder.invokeStatic(java.lang.Object, int, java.lang.Object, java.lang.Object, java.lang.Object, java.lang.Object)'> (0x0000000787694dc8) 
thrown [./open/src/hotspot/share/interpreter/linkResolver.cpp, line 782]
Event: 1.676 Thread 0x00007f95288d8800 Exception <a 'java/lang/NoSuchMethodError'{0x00000007876bb1f0}: 'java.lang.Object java.lang.invoke.DirectMethodHandle$Holder.invokeStatic(java.lang.Object, int, java.lang.Object)'> (0x00000007876bb1f0) 
thrown [./open/src/hotspot/share/interpreter/linkResolver.cpp, line 782]
Event: 1.681 Thread 0x00007f95288d8800 Exception <a 'java/lang/ClassNotFoundException'{0x00000007876ebeb0}: com/apple/laf/resources/spi/aquaProvider> (0x00000007876ebeb0) 
thrown [./open/src/hotspot/share/classfile/systemDictionary.cpp, line 295]
Event: 1.711 Thread 0x00007f95288d8800 Exception <a 'java/lang/ClassNotFoundException'{0x00000007875607a8}: com/sun/swing/internal/plaf/basic/resources/spi/basicProvider> (0x00000007875607a8) 
thrown [./open/src/hotspot/share/classfile/systemDictionary.cpp, line 295]
Event: 1.723 Thread 0x00007f95288d8800 Implicit null exception at 0x0000000117b4578f to 0x0000000117b459c0

Events (20 events):
Event: 1.727 loading class java/util/ResourceBundle$Control$2
Event: 1.727 loading class java/util/ResourceBundle$Control$2 done
Event: 1.730 loading class java/util/PropertyResourceBundle
Event: 1.730 loading class java/util/PropertyResourceBundle done
Event: 1.730 loading class sun/util/PropertyResourceBundleCharset
Event: 1.730 loading class sun/util/PropertyResourceBundleCharset done
Event: 1.730 loading class sun/util/PropertyResourceBundleCharset$PropertiesFileDecoder
Event: 1.730 loading class sun/util/PropertyResourceBundleCharset$PropertiesFileDecoder done
Event: 1.735 Executing VM operation: HandshakeAllThreads
Event: 1.735 Executing VM operation: HandshakeAllThreads done
Event: 1.737 loading class javax/swing/ScrollPaneConstants
Event: 1.737 loading class javax/swing/ScrollPaneConstants done
Event: 1.746 loading class javax/swing/JTextField
Event: 1.746 loading class javax/swing/text/JTextComponent
Event: 1.747 loading class javax/swing/Scrollable
Event: 1.747 loading class javax/swing/Scrollable done
Event: 1.747 loading class javax/swing/text/JTextComponent done
Event: 1.748 loading class javax/swing/JTextField done
Event: 1.751 loading class javax/swing/event/MouseInputListener
Event: 1.751 loading class javax/swing/event/MouseInputListener done


Dynamic libraries:
0x00007fff6e1fc000 	/usr/lib/libz.1.dylib
0x0000000106331000 	/Library/Java/JavaVirtualMachines/jdk-15.0.2.jdk/Contents/Home/lib/libjli.dylib
0x00007fff33bff000 	/System/Library/Frameworks/Cocoa.framework/Versions/A/Cocoa
0x00007fff41452000 	/System/Library/Frameworks/Security.framework/Versions/A/Security
0x00007fff32b65000 	/System/Library/Frameworks/ApplicationServices.framework/Versions/A/ApplicationServices
0x00007fff6bc30000 	/usr/lib/libSystem.B.dylib
0x00007fff6eabd000 	/usr/lib/system/libcache.dylib
0x00007fff6eac3000 	/usr/lib/system/libcommonCrypto.dylib
0x00007fff6eacf000 	/usr/lib/system/libcompiler_rt.dylib
0x00007fff6ead7000 	/usr/lib/system/libcopyfile.dylib
0x00007fff6eae1000 	/usr/lib/system/libcorecrypto.dylib
0x00007fff6ec80000 	/usr/lib/system/libdispatch.dylib
0x00007fff6ecc1000 	/usr/lib/system/libdyld.dylib
0x00007fff6ecf8000 	/usr/lib/system/libkeymgr.dylib
0x00007fff6ed06000 	/usr/lib/system/liblaunch.dylib
0x00007fff6ed07000 	/usr/lib/system/libmacho.dylib
0x00007fff6ed0d000 	/usr/lib/system/libquarantine.dylib
0x00007fff6ed10000 	/usr/lib/system/libremovefile.dylib
0x00007fff6ed12000 	/usr/lib/system/libsystem_asl.dylib
0x00007fff6ed2a000 	/usr/lib/system/libsystem_blocks.dylib
0x00007fff6ed2b000 	/usr/lib/system/libsystem_c.dylib
0x00007fff6edb3000 	/usr/lib/system/libsystem_configuration.dylib
0x00007fff6edb7000 	/usr/lib/system/libsystem_coreservices.dylib
0x00007fff6edbb000 	/usr/lib/system/libsystem_darwin.dylib
0x00007fff6edc4000 	/usr/lib/system/libsystem_dnssd.dylib
0x00007fff6edcc000 	/usr/lib/system/libsystem_featureflags.dylib
0x00007fff6edce000 	/usr/lib/system/libsystem_info.dylib
0x00007fff6ee49000 	/usr/lib/system/libsystem_m.dylib
0x00007fff6ee95000 	/usr/lib/system/libsystem_malloc.dylib
0x00007fff6eebd000 	/usr/lib/system/libsystem_networkextension.dylib
0x00007fff6eecb000 	/usr/lib/system/libsystem_notify.dylib
0x00007fff6eee9000 	/usr/lib/system/libsystem_sandbox.dylib
0x00007fff6eeee000 	/usr/lib/system/libsystem_secinit.dylib
0x00007fff6ee1c000 	/usr/lib/system/libsystem_kernel.dylib
0x00007fff6eed5000 	/usr/lib/system/libsystem_platform.dylib
0x00007fff6eede000 	/usr/lib/system/libsystem_pthread.dylib
0x00007fff6eef1000 	/usr/lib/system/libsystem_symptoms.dylib
0x00007fff6eef9000 	/usr/lib/system/libsystem_trace.dylib
0x00007fff6ef11000 	/usr/lib/system/libunwind.dylib
0x00007fff6ef17000 	/usr/lib/system/libxpc.dylib
0x00007fff6db29000 	/usr/lib/libobjc.A.dylib
0x00007fff6bfff000 	/usr/lib/libc++abi.dylib
0x00007fff6bfac000 	/usr/lib/libc++.1.dylib
0x00007fff34ab2000 	/System/Library/Frameworks/CoreFoundation.framework/Versions/A/CoreFoundation
0x00007fff37195000 	/System/Library/Frameworks/Foundation.framework/Versions/C/Foundation
0x00007fff31d57000 	/System/Library/Frameworks/AppKit.framework/Versions/C/AppKit
0x00007fff34583000 	/System/Library/Frameworks/CoreData.framework/Versions/A/CoreData
0x00007fff65c1d000 	/System/Library/PrivateFrameworks/UIFoundation.framework/Versions/A/UIFoundation
0x00007fff60cb1000 	/System/Library/PrivateFrameworks/RemoteViewServices.framework/Versions/A/RemoteViewServices
0x00007fff687a0000 	/System/Library/PrivateFrameworks/XCTTargetBootstrap.framework/Versions/A/XCTTargetBootstrap
0x00007fff3497f000 	/System/Library/Frameworks/CoreDisplay.framework/Versions/A/CoreDisplay
0x00007fff3a054000 	/System/Library/Frameworks/Metal.framework/Versions/A/Metal
0x00007fff4ec70000 	/System/Library/PrivateFrameworks/DesktopServicesPriv.framework/Versions/A/DesktopServicesPriv
0x00007fff6ce04000 	/usr/lib/liblangid.dylib
0x00007fff4df05000 	/System/Library/PrivateFrameworks/CoreSVG.framework/Versions/A/CoreSVG
0x00007fff63e0d000 	/System/Library/PrivateFrameworks/SkyLight.framework/Versions/A/SkyLight
0x00007fff34f35000 	/System/Library/Frameworks/CoreGraphics.framework/Versions/A/CoreGraphics
0x00007fff306c6000 	/System/Library/Frameworks/Accelerate.framework/Versions/A/Accelerate
0x00007fff6e0ed000 	/usr/lib/libxml2.2.dylib
0x00007fff59c12000 	/System/Library/PrivateFrameworks/IconServices.framework/Versions/A/IconServices
0x00007fff37974000 	/System/Library/Frameworks/IOSurface.framework/Versions/A/IOSurface
0x00007fff6b75a000 	/usr/lib/libDiagnosticMessagesClient.dylib
0x00007fff4eaca000 	/System/Library/PrivateFrameworks/DFRFoundation.framework/Versions/A/DFRFoundation
0x00007fff6cb93000 	/usr/lib/libicucore.A.dylib
0x00007fff32e97000 	/System/Library/Frameworks/AudioToolbox.framework/Versions/A/AudioToolbox
0x00007fff32f7a000 	/System/Library/Frameworks/AudioUnit.framework/Versions/A/AudioUnit
0x00007fff6bec8000 	/usr/lib/libauto.dylib
0x00007fff4eb6c000 	/System/Library/PrivateFrameworks/DataDetectorsCore.framework/Versions/A/DataDetectorsCore
0x00007fff33720000 	/System/Library/Frameworks/Carbon.framework/Versions/A/Frameworks/HIToolbox.framework/Versions/A/HIToolbox
0x00007fff4064b000 	/System/Library/Frameworks/QuartzCore.framework/Versions/A/QuartzCore
0x00007fff33a5f000 	/System/Library/Frameworks/Carbon.framework/Versions/A/Frameworks/SpeechRecognition.framework/Versions/A/SpeechRecognition
0x00007fff4e5de000 	/System/Library/PrivateFrameworks/CoreUI.framework/Versions/A/CoreUI
0x00007fff33fee000 	/System/Library/Frameworks/CoreAudio.framework/Versions/A/CoreAudio
0x00007fff36e54000 	/System/Library/Frameworks/DiskArbitration.framework/Versions/A/DiskArbitration
0x00007fff5bc8a000 	/System/Library/PrivateFrameworks/MultitouchSupport.framework/Versions/A/MultitouchSupport
0x00007fff6ca58000 	/usr/lib/libenergytrace.dylib
0x00007fff378ce000 	/System/Library/Frameworks/IOKit.framework/Versions/A/IOKit
0x00007fff35ebf000 	/System/Library/Frameworks/CoreServices.framework/Versions/A/CoreServices
0x00007fff5de44000 	/System/Library/PrivateFrameworks/PerformanceAnalysis.framework/Versions/A/PerformanceAnalysis
0x00007fff3f67e000 	/System/Library/Frameworks/OpenGL.framework/Versions/A/OpenGL
0x00007fff33c0d000 	/System/Library/Frameworks/ColorSync.framework/Versions/A/ColorSync
0x00007fff355db000 	/System/Library/Frameworks/CoreImage.framework/Versions/A/CoreImage
0x00007fff36933000 	/System/Library/Frameworks/CoreText.framework/Versions/A/CoreText
0x00007fff37a04000 	/System/Library/Frameworks/ImageIO.framework/Versions/A/ImageIO
0x00007fff6c028000 	/usr/lib/libcompression.dylib
0x00007fff6ba9e000 	/usr/lib/libMobileGestalt.dylib
0x00007fff65987000 	/System/Library/PrivateFrameworks/TextureIO.framework/Versions/A/TextureIO
0x00007fff6bd95000 	/usr/lib/libate.dylib
0x00007fff59e1b000 	/System/Library/PrivateFrameworks/InternationalSupport.framework/Versions/A/InternationalSupport
0x00007fff6ce06000 	/usr/lib/liblzma.5.dylib
0x00007fff6ca81000 	/usr/lib/libfakelink.dylib
0x00007fff6bd22000 	/usr/lib/libarchive.2.dylib
0x00007fff42505000 	/System/Library/Frameworks/SystemConfiguration.framework/Versions/A/SystemConfiguration
0x00007fff6b68d000 	/usr/lib/libCRFSuite.dylib
0x00007fff33311000 	/System/Library/Frameworks/CFNetwork.framework/Versions/A/CFNetwork
0x00007fff6bf8e000 	/usr/lib/libbsm.0.dylib
0x00007fff6ecf9000 	/usr/lib/system/libkxld.dylib
0x00007fff48444000 	/System/Library/PrivateFrameworks/AppleFSCompression.framework/Versions/A/AppleFSCompression
0x00007fff6c31a000 	/usr/lib/libcoretls.dylib
0x00007fff6c331000 	/usr/lib/libcoretls_cfhelpers.dylib
0x00007fff6db6e000 	/usr/lib/libpam.2.dylib
0x00007fff6dca3000 	/usr/lib/libsqlite3.dylib
0x00007fff6e0da000 	/usr/lib/libxar.1.dylib
0x00007fff6bf9f000 	/usr/lib/libbz2.1.0.dylib
0x00007fff6caa2000 	/usr/lib/libiconv.2.dylib
0x00007fff6c015000 	/usr/lib/libcharset.1.dylib
0x00007fff6d60c000 	/usr/lib/libnetwork.dylib
0x00007fff6db75000 	/usr/lib/libpcap.A.dylib
0x00007fff6bcd7000 	/usr/lib/libapple_nghttp2.dylib
0x00007fff36276000 	/System/Library/Frameworks/CoreServices.framework/Versions/A/Frameworks/FSEvents.framework/Versions/A/FSEvents
0x00007fff35f46000 	/System/Library/Frameworks/CoreServices.framework/Versions/A/Frameworks/CarbonCore.framework/Versions/A/CarbonCore
0x00007fff364bb000 	/System/Library/Frameworks/CoreServices.framework/Versions/A/Frameworks/Metadata.framework/Versions/A/Metadata
0x00007fff36554000 	/System/Library/Frameworks/CoreServices.framework/Versions/A/Frameworks/OSServices.framework/Versions/A/OSServices
0x00007fff36582000 	/System/Library/Frameworks/CoreServices.framework/Versions/A/Frameworks/SearchKit.framework/Versions/A/SearchKit
0x00007fff35ec0000 	/System/Library/Frameworks/CoreServices.framework/Versions/A/Frameworks/AE.framework/Versions/A/AE
0x00007fff3627f000 	/System/Library/Frameworks/CoreServices.framework/Versions/A/Frameworks/LaunchServices.framework/Versions/A/LaunchServices
0x00007fff36228000 	/System/Library/Frameworks/CoreServices.framework/Versions/A/Frameworks/DictionaryServices.framework/Versions/A/DictionaryServices
0x00007fff365ea000 	/System/Library/Frameworks/CoreServices.framework/Versions/A/Frameworks/SharedFileList.framework/Versions/A/SharedFileList
0x00007fff3b49d000 	/System/Library/Frameworks/NetFS.framework/Versions/A/NetFS
0x00007fff5c1ba000 	/System/Library/PrivateFrameworks/NetAuth.framework/Versions/A/NetAuth
0x00007fff68b6d000 	/System/Library/PrivateFrameworks/login.framework/Versions/A/Frameworks/loginsupport.framework/Versions/A/loginsupport
0x00007fff65452000 	/System/Library/PrivateFrameworks/TCC.framework/Versions/A/TCC
0x00007fff4d078000 	/System/Library/PrivateFrameworks/CoreNLP.framework/Versions/A/CoreNLP
0x00007fff5b68f000 	/System/Library/PrivateFrameworks/MetadataUtilities.framework/Versions/A/MetadataUtilities
0x00007fff6cede000 	/usr/lib/libmecabra.dylib
0x00007fff6ce36000 	/usr/lib/libmecab.dylib
0x00007fff6ca92000 	/usr/lib/libgermantok.dylib
0x00007fff6bcbe000 	/usr/lib/libThaiTokenizer.dylib
0x00007fff6b6c4000 	/usr/lib/libChineseTokenizer.dylib
0x00007fff306df000 	/System/Library/Frameworks/Accelerate.framework/Versions/A/Frameworks/vImage.framework/Versions/A/vImage
0x00007fff31bad000 	/System/Library/Frameworks/Accelerate.framework/Versions/A/Frameworks/vecLib.framework/Versions/A/vecLib
0x00007fff31a2e000 	/System/Library/Frameworks/Accelerate.framework/Versions/A/Frameworks/vecLib.framework/Versions/A/libvMisc.dylib
0x00007fff3189b000 	/System/Library/Frameworks/Accelerate.framework/Versions/A/Frameworks/vecLib.framework/Versions/A/libvDSP.dylib
0x00007fff30f7b000 	/System/Library/Frameworks/Accelerate.framework/Versions/A/Frameworks/vecLib.framework/Versions/A/libBLAS.dylib
0x00007fff31453000 	/System/Library/Frameworks/Accelerate.framework/Versions/A/Frameworks/vecLib.framework/Versions/A/libLAPACK.dylib
0x00007fff317fb000 	/System/Library/Frameworks/Accelerate.framework/Versions/A/Frameworks/vecLib.framework/Versions/A/libLinearAlgebra.dylib
0x00007fff31888000 	/System/Library/Frameworks/Accelerate.framework/Versions/A/Frameworks/vecLib.framework/Versions/A/libSparseBLAS.dylib
0x00007fff31811000 	/System/Library/Frameworks/Accelerate.framework/Versions/A/Frameworks/vecLib.framework/Versions/A/libQuadrature.dylib
0x00007fff31111000 	/System/Library/Frameworks/Accelerate.framework/Versions/A/Frameworks/vecLib.framework/Versions/A/libBNNS.dylib
0x00007fff31817000 	/System/Library/Frameworks/Accelerate.framework/Versions/A/Frameworks/vecLib.framework/Versions/A/libSparse.dylib
0x00007fff5a203000 	/System/Library/PrivateFrameworks/LanguageModeling.framework/Versions/A/LanguageModeling
0x00007fff4ca27000 	/System/Library/PrivateFrameworks/CoreEmoji.framework/Versions/A/CoreEmoji
0x00007fff5a321000 	/System/Library/PrivateFrameworks/LinguisticData.framework/Versions/A/LinguisticData
0x00007fff5a2d2000 	/System/Library/PrivateFrameworks/Lexicon.framework/Versions/A/Lexicon
0x00007fff6c016000 	/usr/lib/libcmph.dylib
0x00007fff3e08c000 	/System/Library/Frameworks/OpenDirectory.framework/Versions/A/Frameworks/CFOpenDirectory.framework/Versions/A/CFOpenDirectory
0x00007fff3e0a9000 	/System/Library/Frameworks/OpenDirectory.framework/Versions/A/OpenDirectory
0x00007fff464ef000 	/System/Library/PrivateFrameworks/APFS.framework/Versions/A/APFS
0x00007fff4179e000 	/System/Library/Frameworks/SecurityFoundation.framework/Versions/A/SecurityFoundation
0x00007fff6e0d6000 	/usr/lib/libutil.dylib
0x00007fff4df5d000 	/System/Library/PrivateFrameworks/CoreServicesStore.framework/Versions/A/CoreServicesStore
0x00007fff41855000 	/System/Library/Frameworks/ServiceManagement.framework/Versions/A/ServiceManagement
0x00007fff49c15000 	/System/Library/PrivateFrameworks/BackgroundTaskManagement.framework/Versions/A/BackgroundTaskManagement
0x00007fff6e1d3000 	/usr/lib/libxslt.1.dylib
0x00007fff48ab7000 	/System/Library/PrivateFrameworks/AppleSystemInfo.framework/Versions/A/AppleSystemInfo
0x00007fff37c23000 	/System/Library/Frameworks/ImageIO.framework/Versions/A/Resources/libJPEG.dylib
0x00007fff37ee2000 	/System/Library/Frameworks/ImageIO.framework/Versions/A/Resources/libTIFF.dylib
0x00007fff37ec5000 	/System/Library/Frameworks/ImageIO.framework/Versions/A/Resources/libPng.dylib
0x00007fff37b65000 	/System/Library/Frameworks/ImageIO.framework/Versions/A/Resources/libGIF.dylib
0x00007fff37b69000 	/System/Library/Frameworks/ImageIO.framework/Versions/A/Resources/libJP2.dylib
0x00007fff37ee0000 	/System/Library/Frameworks/ImageIO.framework/Versions/A/Resources/libRadiance.dylib
0x00007fff6ca59000 	/usr/lib/libexpat.1.dylib
0x00007fff4859f000 	/System/Library/PrivateFrameworks/AppleJPEG.framework/Versions/A/AppleJPEG
0x00007fff51273000 	/System/Library/PrivateFrameworks/FontServices.framework/libFontParser.dylib
0x00007fff67b6f000 	/System/Library/PrivateFrameworks/WatchdogClient.framework/Versions/A/WatchdogClient
0x00007fff5985e000 	/System/Library/PrivateFrameworks/IOAccelerator.framework/Versions/A/IOAccelerator
0x00007fff3a3ef000 	/System/Library/Frameworks/MetalPerformanceShaders.framework/Versions/A/MetalPerformanceShaders
0x00007fff55fee000 	/System/Library/PrivateFrameworks/GPUWrangler.framework/Versions/A/GPUWrangler
0x00007fff59873000 	/System/Library/PrivateFrameworks/IOPresentment.framework/Versions/A/IOPresentment
0x00007fff4eadd000 	/System/Library/PrivateFrameworks/DSExternalDisplay.framework/Versions/A/DSExternalDisplay
0x00007fff3ea1d000 	/System/Library/Frameworks/OpenGL.framework/Versions/A/Libraries/libCoreFSCache.dylib
0x00007fff3a13b000 	/System/Library/Frameworks/MetalPerformanceShaders.framework/Frameworks/MPSCore.framework/Versions/A/MPSCore
0x00007fff3a179000 	/System/Library/Frameworks/MetalPerformanceShaders.framework/Frameworks/MPSImage.framework/Versions/A/MPSImage
0x00007fff3a240000 	/System/Library/Frameworks/MetalPerformanceShaders.framework/Frameworks/MPSNeuralNetwork.framework/Versions/A/MPSNeuralNetwork
0x00007fff3a204000 	/System/Library/Frameworks/MetalPerformanceShaders.framework/Frameworks/MPSMatrix.framework/Versions/A/MPSMatrix
0x00007fff3a39f000 	/System/Library/Frameworks/MetalPerformanceShaders.framework/Frameworks/MPSRayIntersector.framework/Versions/A/MPSRayIntersector
0x00007fff3a22a000 	/System/Library/Frameworks/MetalPerformanceShaders.framework/Frameworks/MPSNDArray.framework/Versions/A/MPSNDArray
0x00007fff5b6dc000 	/System/Library/PrivateFrameworks/MetalTools.framework/Versions/A/MetalTools
0x00007fff476c9000 	/System/Library/PrivateFrameworks/AggregateDictionary.framework/Versions/A/AggregateDictionary
0x00007fff4c46f000 	/System/Library/PrivateFrameworks/CoreAnalytics.framework/Versions/A/CoreAnalytics
0x00007fff489d6000 	/System/Library/PrivateFrameworks/AppleSauce.framework/Versions/A/AppleSauce
0x00007fff6b980000 	/usr/lib/libIOReport.dylib
0x00007fff36aeb000 	/System/Library/Frameworks/CoreVideo.framework/Versions/A/CoreVideo
0x00007fff57467000 	/System/Library/PrivateFrameworks/GraphVisualizer.framework/Versions/A/GraphVisualizer
0x00007fff507b9000 	/System/Library/PrivateFrameworks/FaceCore.framework/Versions/A/FaceCore
0x00007fff3e033000 	/System/Library/Frameworks/OpenCL.framework/Versions/A/OpenCL
0x00007fff6b7a2000 	/usr/lib/libFosl_dynamic.dylib
0x00007fff5cbdb000 	/System/Library/PrivateFrameworks/OTSVG.framework/Versions/A/OTSVG
0x00007fff32c6a000 	/System/Library/Frameworks/ApplicationServices.framework/Versions/A/Frameworks/ATS.framework/Versions/A/Resources/libFontRegistry.dylib
0x00007fff51442000 	/System/Library/PrivateFrameworks/FontServices.framework/libhvf.dylib
0x00007fff3ea28000 	/System/Library/Frameworks/OpenGL.framework/Versions/A/Libraries/libGFXShared.dylib
0x00007fff3ec06000 	/System/Library/Frameworks/OpenGL.framework/Versions/A/Libraries/libGLU.dylib
0x00007fff3ea31000 	/System/Library/Frameworks/OpenGL.framework/Versions/A/Libraries/libGL.dylib
0x00007fff3ea3c000 	/System/Library/Frameworks/OpenGL.framework/Versions/A/Libraries/libGLImage.dylib
0x00007fff3ea1a000 	/System/Library/Frameworks/OpenGL.framework/Versions/A/Libraries/libCVMSPluginSupport.dylib
0x00007fff3ea23000 	/System/Library/Frameworks/OpenGL.framework/Versions/A/Libraries/libCoreVMClient.dylib
0x00007fff6d4ad000 	/usr/lib/libncurses.5.4.dylib
0x00007fff32b66000 	/System/Library/Frameworks/ApplicationServices.framework/Versions/A/Frameworks/ATS.framework/Versions/A/ATS
0x00007fff32d33000 	/System/Library/Frameworks/ApplicationServices.framework/Versions/A/Frameworks/ColorSyncLegacy.framework/Versions/A/ColorSyncLegacy
0x00007fff32dd1000 	/System/Library/Frameworks/ApplicationServices.framework/Versions/A/Frameworks/HIServices.framework/Versions/A/HIServices
0x00007fff32e29000 	/System/Library/Frameworks/ApplicationServices.framework/Versions/A/Frameworks/LangAnalysis.framework/Versions/A/LangAnalysis
0x00007fff32e38000 	/System/Library/Frameworks/ApplicationServices.framework/Versions/A/Frameworks/PrintCore.framework/Versions/A/PrintCore
0x00007fff32e7e000 	/System/Library/Frameworks/ApplicationServices.framework/Versions/A/Frameworks/QD.framework/Versions/A/QD
0x00007fff32e89000 	/System/Library/Frameworks/ApplicationServices.framework/Versions/A/Frameworks/SpeechSynthesis.framework/Versions/A/SpeechSynthesis
0x00007fff32d03000 	/System/Library/Frameworks/ApplicationServices.framework/Versions/A/Frameworks/ATSUI.framework/Versions/A/ATSUI
0x00007fff6c8ef000 	/usr/lib/libcups.2.dylib
0x00007fff3948a000 	/System/Library/Frameworks/Kerberos.framework/Versions/A/Kerberos
0x00007fff375c7000 	/System/Library/Frameworks/GSS.framework/Versions/A/GSS
0x00007fff6dc2f000 	/usr/lib/libresolv.9.dylib
0x00007fff57614000 	/System/Library/PrivateFrameworks/Heimdal.framework/Versions/A/Heimdal
0x00007fff3949d000 	/System/Library/Frameworks/Kerberos.framework/Versions/A/Libraries/libHeimdalProxy.dylib
0x00007fff6ca98000 	/usr/lib/libheimdal-asn1.dylib
0x00007fff4b907000 	/System/Library/PrivateFrameworks/CommonAuth.framework/Versions/A/CommonAuth
0x00007fff48b54000 	/System/Library/PrivateFrameworks/AssertionServices.framework/Versions/A/AssertionServices
0x00007fff496f7000 	/System/Library/PrivateFrameworks/AudioToolboxCore.framework/Versions/A/AudioToolboxCore
0x00007fff6881d000 	/System/Library/PrivateFrameworks/caulk.framework/Versions/A/caulk
0x00007fff49cc1000 	/System/Library/PrivateFrameworks/BaseBoard.framework/Versions/A/BaseBoard
0x00007fff60e3f000 	/System/Library/PrivateFrameworks/RunningBoardServices.framework/Versions/A/RunningBoardServices
0x00007fff5de50000 	/System/Library/PrivateFrameworks/PersistentConnection.framework/Versions/A/PersistentConnection
0x00007fff60838000 	/System/Library/PrivateFrameworks/ProtocolBuffer.framework/Versions/A/ProtocolBuffer
0x00007fff4b92b000 	/System/Library/PrivateFrameworks/CommonUtilities.framework/Versions/A/CommonUtilities
0x00007fff49e4f000 	/System/Library/PrivateFrameworks/Bom.framework/Versions/A/Bom
0x00007fff6b653000 	/usr/lib/libAudioToolboxUtility.dylib
0x00007fff49c1f000 	/System/Library/PrivateFrameworks/Backup.framework/Versions/A/Backup
0x00007fff4e9fe000 	/System/Library/PrivateFrameworks/CrashReporterSupport.framework/Versions/A/CrashReporterSupport
0x00007fff628d1000 	/System/Library/PrivateFrameworks/Sharing.framework/Versions/A/Sharing
0x00007fff48162000 	/System/Library/PrivateFrameworks/Apple80211.framework/Versions/A/Apple80211
0x00007fff4993c000 	/System/Library/PrivateFrameworks/AuthKit.framework/Versions/A/AuthKit
0x00007fff4e70b000 	/System/Library/PrivateFrameworks/CoreUtils.framework/Versions/A/CoreUtils
0x00007fff36b30000 	/System/Library/Frameworks/CoreWLAN.framework/Versions/A/CoreWLAN
0x00007fff37754000 	/System/Library/Frameworks/IOBluetooth.framework/Versions/A/IOBluetooth
0x00007fff5ba09000 	/System/Library/PrivateFrameworks/MobileKeyBag.framework/Versions/A/MobileKeyBag
0x00007fff4d510000 	/System/Library/PrivateFrameworks/CorePhoneNumbers.framework/Versions/A/CorePhoneNumbers
0x00007fff48552000 	/System/Library/PrivateFrameworks/AppleIDAuthSupport.framework/Versions/A/AppleIDAuthSupport
0x00007fff3b4aa000 	/System/Library/Frameworks/Network.framework/Versions/A/Network
0x00007fff5a0af000 	/System/Library/PrivateFrameworks/KeychainCircle.framework/Versions/A/KeychainCircle
0x00007fff3454a000 	/System/Library/Frameworks/CoreBluetooth.framework/Versions/A/CoreBluetooth
0x00007fff64950000 	/System/Library/PrivateFrameworks/SpeechRecognitionCore.framework/Versions/A/SpeechRecognitionCore
0x00007fff27abf000 	/System/Library/CoreServices/Encodings/libCyrillicConverter.dylib
0x0000000106c00000 	/Library/Java/JavaVirtualMachines/jdk-15.0.2.jdk/Contents/Home/lib/server/libjvm.dylib
0x0000000106352000 	/Library/Java/JavaVirtualMachines/jdk-15.0.2.jdk/Contents/Home/lib/libjimage.dylib
0x00000001063a8000 	/Library/Java/JavaVirtualMachines/jdk-15.0.2.jdk/Contents/Home/lib/libjava.dylib
0x0000000107dd7000 	/Library/Java/JavaVirtualMachines/jdk-15.0.2.jdk/Contents/Home/lib/libnio.dylib
0x0000000107deb000 	/Library/Java/JavaVirtualMachines/jdk-15.0.2.jdk/Contents/Home/lib/libnet.dylib
0x00000001063ef000 	/Library/Java/JavaVirtualMachines/jdk-15.0.2.jdk/Contents/Home/lib/libzip.dylib
0x0000000107e04000 	/Library/Java/JavaVirtualMachines/jdk-15.0.2.jdk/Contents/Home/lib/libverify.dylib
0x0000000127f7c000 	/private/var/folders/c0/d63ctn4x70q87f_r701qtxp40000gn/T/libgdxmacbookpro/cdf099a0/libgdx64.dylib
0x0000000127fae000 	/Library/Java/JavaVirtualMachines/jdk-15.0.2.jdk/Contents/Home/lib/libawt.dylib
0x0000000128065000 	/Library/Java/JavaVirtualMachines/jdk-15.0.2.jdk/Contents/Home/lib/libmlib_image.dylib
0x00007fff39474000 	/System/Library/Frameworks/JavaVM.framework/Versions/A/Frameworks/JavaNativeFoundation.framework/Versions/A/JavaNativeFoundation
0x00007fff3947d000 	/System/Library/Frameworks/JavaVM.framework/Versions/A/Frameworks/JavaRuntimeSupport.framework/Versions/A/JavaRuntimeSupport
0x00007fff39485000 	/System/Library/Frameworks/JavaVM.framework/Versions/A/JavaVM
0x00007fff59ec6000 	/System/Library/PrivateFrameworks/JavaLaunching.framework/Versions/A/JavaLaunching
0x00007fff3371b000 	/System/Library/Frameworks/Carbon.framework/Versions/A/Carbon
0x00007fff4e4b0000 	/System/Library/PrivateFrameworks/CoreSymbolication.framework/Versions/A/CoreSymbolication
0x00007fff3371c000 	/System/Library/Frameworks/Carbon.framework/Versions/A/Frameworks/CommonPanels.framework/Versions/A/CommonPanels
0x00007fff33a15000 	/System/Library/Frameworks/Carbon.framework/Versions/A/Frameworks/Help.framework/Versions/A/Help
0x00007fff33a19000 	/System/Library/Frameworks/Carbon.framework/Versions/A/Frameworks/ImageCapture.framework/Versions/A/ImageCapture
0x00007fff33a20000 	/System/Library/Frameworks/Carbon.framework/Versions/A/Frameworks/OpenScripting.framework/Versions/A/OpenScripting
0x00007fff33a1f000 	/System/Library/Frameworks/Carbon.framework/Versions/A/Frameworks/Ink.framework/Versions/A/Ink
0x00007fff33a5b000 	/System/Library/Frameworks/Carbon.framework/Versions/A/Frameworks/Print.framework/Versions/A/Print
0x00007fff33a5c000 	/System/Library/Frameworks/Carbon.framework/Versions/A/Frameworks/SecurityHI.framework/Versions/A/SecurityHI
0x00007fff4ec32000 	/System/Library/PrivateFrameworks/DebugSymbols.framework/Versions/A/DebugSymbols
0x0000000128101000 	/Library/Java/JavaVirtualMachines/jdk-15.0.2.jdk/Contents/Home/lib/libawt_lwawt.dylib
0x00000001281bb000 	/Library/Java/JavaVirtualMachines/jdk-15.0.2.jdk/Contents/Home/lib/libosxapp.dylib
0x00007fff37030000 	/System/Library/Frameworks/ExceptionHandling.framework/Versions/A/ExceptionHandling
0x00000001281db000 	/Library/Java/JavaVirtualMachines/jdk-15.0.2.jdk/Contents/Home/lib/libfontmanager.dylib
0x0000000128307000 	/Library/Java/JavaVirtualMachines/jdk-15.0.2.jdk/Contents/Home/lib/libfreetype.dylib
0x00007fff4df29000 	/System/Library/PrivateFrameworks/CoreServicesInternal.framework/Versions/A/CoreServicesInternal
0x00007fff3704f000 	/System/Library/Frameworks/FileProvider.framework/Versions/A/FileProvider
0x00007fff31bae000 	/System/Library/Frameworks/Accounts.framework/Versions/A/Accounts
0x00007fff56313000 	/System/Library/PrivateFrameworks/GenerationalStorage.framework/Versions/A/GenerationalStorage
0x00007fff65192000 	/System/Library/PrivateFrameworks/SymptomDiagnosticReporter.framework/Versions/A/SymptomDiagnosticReporter
0x00007fff47c66000 	/System/Library/PrivateFrameworks/AppContainer.framework/Versions/A/AppContainer
0x00007fff6dc49000 	/usr/lib/libsandbox.1.dylib
0x00007fff66b12000 	/System/Library/PrivateFrameworks/UserManagement.framework/Versions/A/UserManagement
0x00007fff4aa0b000 	/System/Library/PrivateFrameworks/ChunkingLibrary.framework/Versions/A/ChunkingLibrary
0x00007fff47cd8000 	/System/Library/PrivateFrameworks/AppSandbox.framework/Versions/A/AppSandbox
0x00007fff6275b000 	/System/Library/PrivateFrameworks/SecCodeWrapper.framework/Versions/A/SecCodeWrapper
0x00007fff6ba68000 	/usr/lib/libMatch.1.dylib
0x00007fff27b31000 	/System/Library/CoreServices/RawCamera.bundle/Contents/MacOS/RawCamera
0x00007fff5b80b000 	/System/Library/PrivateFrameworks/MobileAsset.framework/Versions/A/MobileAsset
0x00007fff6503a000 	/System/Library/PrivateFrameworks/StreamingZip.framework/Versions/A/StreamingZip
0x00007fff39905000 	/System/Library/Frameworks/MediaToolbox.framework/Versions/A/MediaToolbox
0x00007fff4c41f000 	/System/Library/PrivateFrameworks/CoreAVCHD.framework/Versions/A/CoreAVCHD
0x00007fff3982f000 	/System/Library/Frameworks/MediaAccessibility.framework/Versions/A/MediaAccessibility
0x00007fff5abbf000 	/System/Library/PrivateFrameworks/Mangrove.framework/Versions/A/Mangrove
0x00007fff35cf7000 	/System/Library/Frameworks/CoreMedia.framework/Versions/A/CoreMedia
0x00007fff5ae2b000 	/System/Library/PrivateFrameworks/MediaExperience.framework/Versions/A/MediaExperience
0x00007fff427ff000 	/System/Library/Frameworks/VideoToolbox.framework/Versions/A/VideoToolbox
0x00007fff4c049000 	/System/Library/PrivateFrameworks/CoreAUC.framework/Versions/A/CoreAUC
0x00007fff6dca1000 	/usr/lib/libspindump.dylib
0x00007fff490a6000 	/System/Library/PrivateFrameworks/AudioResourceArbitration.framework/Versions/A/AudioResourceArbitration
0x00007fff48abb000 	/System/Library/PrivateFrameworks/AppleVA.framework/Versions/A/AppleVA
0x00007fff306c7000 	/System/Library/Frameworks/Accelerate.framework/Versions/A/Frameworks/vImage.framework/Versions/A/Libraries/libCGInterfaces.dylib
0x0000000129d03000 	/usr/lib/libobjc-trampolines.dylib
0x00007fff513aa000 	/System/Library/PrivateFrameworks/FontServices.framework/libTrueTypeScaler.dylib
0x00007fff2a960000 	/System/Library/Extensions/AppleIntelHD4000GraphicsMTLDriver.bundle/Contents/MacOS/AppleIntelHD4000GraphicsMTLDriver
0x00007fff54933000 	/System/Library/PrivateFrameworks/GPUCompiler.framework/Versions/3902/Libraries/libmetal_timestamp.dylib
0x00007fff678de000 	/System/Library/PrivateFrameworks/ViewBridge.framework/Versions/A/ViewBridge
0x000000012a85d000 	/private/var/folders/c0/d63ctn4x70q87f_r701qtxp40000gn/T/libgdxmacbookpro/f7649394/liblwjgl.dylib
0x000000012a8df000 	/Library/Java/JavaVirtualMachines/jdk-15.0.2.jdk/Contents/Home/lib/libjawt.dylib
0x00007fff3f68e000 	/System/Library/Frameworks/OpenGL.framework/Versions/A/Resources/GLEngine.bundle/GLEngine
0x00007fff3ea71000 	/System/Library/Frameworks/OpenGL.framework/Versions/A/Libraries/libGLProgrammability.dylib
0x00007fff2a462000 	/System/Library/Extensions/AppleIntelHD4000GraphicsGLDriver.bundle/Contents/MacOS/AppleIntelHD4000GraphicsGLDriver
0x00007fff55fe2000 	/System/Library/PrivateFrameworks/GPUSupport.framework/Versions/A/Libraries/libGPUSupportMercury.dylib
0x00007fff3f808000 	/System/Library/Frameworks/OpenGL.framework/Versions/A/Resources/GLRendererFloat.bundle/GLRendererFloat
0x00007fff3e02a000 	/System/Library/Frameworks/OpenCL.framework/Versions/A/Libraries/libcldcpuengine.dylib
0x00007fff68b70000 	/System/Library/PrivateFrameworks/login.framework/Versions/A/login
0x000000012c17c000 	/Library/Java/JavaVirtualMachines/jdk-15.0.2.jdk/Contents/Home/lib/libosxui.dylib


VM Arguments:
jvm_args: -Dfile.encoding=UTF-8 -Duser.country=UA -Duser.language=ru -Duser.variant 
java_command: sk.tuke.kpi.gamelib.framework.Main
java_class_path (initial): /Users/macbookpro/IdeaProjects/project-ellen/build/classes/java/main:/Users/macbookpro/IdeaProjects/project-ellen/build/resources/main:/Users/macbookpro/.gradle/caches/modules-2/files-2.1/sk.tuke.kpi.gamelib/gamelib-framework/2.6.0/bf87b88d822c6cd3a187a7cb90016e5af48489a7/gamelib-framework-2.6.0.jar:/Users/macbookpro/.gradle/caches/modules-2/files-2.1/sk.tuke.kpi.gamelib/gamelib-backend-lwjgl2/2.6.0/781718679e19e9cd26659868681f9cbe7a391ecc/gamelib-backend-lwjgl2-2.6.0.jar:/Users/macbookpro/.gradle/caches/modules-2/files-2.1/sk.tuke.kpi.gamelib/gamelib-inspector/2.6.0/6db69ef5b40f74786690f06db2cae2e18503c13c/gamelib-inspector-2.6.0.jar:/Users/macbookpro/.gradle/caches/modules-2/files-2.1/sk.tuke.kpi.gamelib/gamelib-core/2.6.0/191de4307f7dc42ad026845b3687df8d79ce22ea/gamelib-core-2.6.0.jar:/Users/macbookpro/.gradle/caches/modules-2/files-2.1/sk.tuke.kpi.oop/inspector/1.0.3/3b50ad759e2ad5fd379fd7880fc21172c691462c/inspector-1.0.3.jar:/Users/macbookpro/.gradle/caches/modules-2/files-2.1/sk.tuke.kpi.oop/inspector-annotations/1.0.3/8ec7fa0d9b8fdf63eb1da9ea2df7ba605f92bd6b/inspector-annotations-1.0.3.jar:/Users/macbookpro/.gradle/caches/modules-2/files-2.1/com.badlogicgames.gdx/gdx-backend-lwjgl/1.9.11/3c094feb74e2aef14e30e988326612ee75387c8f/gdx-backend-lwjgl-1.9.11.jar:/Users/macbookpro/.gradle/caches/modules-2/files-2.1/com.badlogicgames.gdx/gdx-freetype/1.9.11/e3d124aa5c89a2cfc134ed0c5e9dee4736a90618/gdx-freetype-1.9.11.jar:/Users/macbookpro/.gradle/caches/modules-2/files-2.1/com.badlogicgames.gdx/gdx-backend-headless/1.9.11/45391a2ac187161ea5db0f9ff71e1c6c98ecb29c/gdx-backend-headless-1.9.11.jar:/Users/macbookpro/.gradle/caches/modules-2/files-2.1/com.badlogicgames.gdx/gdx/1.9.11/69fe46897eed6f92e3f01b75cc7ca5f860881a8b/gdx-1.9.11.jar:/Users/macbookpro/.gradle/caches/modules-2/files-2.1/io.github.lukehutch/fast-classpath-scanner/3.1.9/d7b269925c9541d805f8ea1370edc2be2f04c3e/fast-classpath-scanner-3.1.9.jar:/Users/macbookpro/.gradle/caches/
Launcher Type: SUN_STANDARD

[Global flags]
     intx CICompilerCount                          = 3                                         {product} {ergonomic}
     uint ConcGCThreads                            = 1                                         {product} {ergonomic}
     uint G1ConcRefinementThreads                  = 4                                         {product} {ergonomic}
   size_t G1HeapRegionSize                         = 1048576                                   {product} {ergonomic}
    uintx GCDrainStackTargetSize                   = 64                                        {product} {ergonomic}
   size_t InitialHeapSize                          = 134217728                                 {product} {ergonomic}
   size_t MarkStackSize                            = 4194304                                   {product} {ergonomic}
   size_t MaxHeapSize                              = 2147483648                                {product} {ergonomic}
   size_t MaxNewSize                               = 1287651328                                {product} {ergonomic}
   size_t MinHeapDeltaBytes                        = 1048576                                   {product} {ergonomic}
   size_t MinHeapSize                              = 8388608                                   {product} {ergonomic}
    uintx NonNMethodCodeHeapSize                   = 5832780                                {pd product} {ergonomic}
    uintx NonProfiledCodeHeapSize                  = 122912730                              {pd product} {ergonomic}
    uintx ProfiledCodeHeapSize                     = 122912730                              {pd product} {ergonomic}
    uintx ReservedCodeCacheSize                    = 251658240                              {pd product} {ergonomic}
     bool SegmentedCodeCache                       = true                                      {product} {ergonomic}
   size_t SoftMaxHeapSize                          = 2147483648                             {manageable} {ergonomic}
     bool UseCompressedClassPointers               = true                                 {lp64_product} {ergonomic}
     bool UseCompressedOops                        = true                                 {lp64_product} {ergonomic}
     bool UseG1GC                                  = true                                      {product} {ergonomic}
     bool UseNUMA                                  = false                                     {product} {ergonomic}
     bool UseNUMAInterleaving                      = false                                     {product} {ergonomic}

Logging:
Log output configuration:
 #0: stdout all=warning uptime,level,tags
 #1: stderr all=off uptime,level,tags

Environment Variables:
PATH=/opt/local/bin:/opt/local/sbin:/Library/Frameworks/Python.framework/Versions/3.9/bin:/usr/local/bin:/usr/bin:/bin:/usr/sbin:/sbin:/Library/Apple/usr/bin
SHELL=/bin/zsh
LC_CTYPE=UTF-8

Signal Handlers:
SIGSEGV: [libjvm.dylib+0x9ff2f0], sa_mask[0]=11111111011111110111111111111111, sa_flags=SA_ONSTACK|SA_RESTART|SA_SIGINFO
SIGBUS: [libjvm.dylib+0x9ff2f0], sa_mask[0]=11111111011111110111111111111111, sa_flags=SA_RESTART|SA_SIGINFO
SIGFPE: [libjvm.dylib+0x9ff2f0], sa_mask[0]=11111111011111110111111111111111, sa_flags=SA_RESTART|SA_SIGINFO
SIGPIPE: [libjvm.dylib+0x82ae30], sa_mask[0]=11111111011111110111111111111111, sa_flags=SA_RESTART|SA_SIGINFO
SIGXFSZ: [libjvm.dylib+0x82ae30], sa_mask[0]=11111111011111110111111111111111, sa_flags=SA_RESTART|SA_SIGINFO
SIGILL: [libjvm.dylib+0x9ff2f0], sa_mask[0]=11111111011111110111111111111111, sa_flags=SA_RESTART|SA_SIGINFO
SIGUSR2: [libjvm.dylib+0x82b940], sa_mask[0]=00100000000000000000000000000000, sa_flags=SA_RESTART|SA_SIGINFO
SIGHUP: [libjvm.dylib+0x82a040], sa_mask[0]=11111111011111110111111111111111, sa_flags=SA_RESTART|SA_SIGINFO
SIGINT: [libjvm.dylib+0x82a040], sa_mask[0]=11111111011111110111111111111111, sa_flags=SA_RESTART|SA_SIGINFO
SIGTERM: [libjvm.dylib+0x82a040], sa_mask[0]=11111111011111110111111111111111, sa_flags=SA_RESTART|SA_SIGINFO
SIGQUIT: [libjvm.dylib+0x82a040], sa_mask[0]=11111111011111110111111111111111, sa_flags=SA_RESTART|SA_SIGINFO


---------------  S Y S T E M  ---------------

OS:uname: Darwin 19.6.0 Darwin Kernel Version 19.6.0: Thu Sep 16 20:58:47 PDT 2021; root:xnu-6153.141.40.1~1/RELEASE_X86_64 x86_64
OS uptime: 1 days 7:57 hours
rlimit (soft/hard): STACK 8192k/65532k , CORE 0k/infinity , NPROC 1392/2088 , NOFILE 10240/infinity , AS infinity/infinity , CPU infinity/infinity , DATA infinity/infinity , FSIZE infinity/infinity , MEMLOCK infinity/infinity , RSS infinity/infinity
load average: 2.58 2.98 2.96

CPU: total 4 (initial active 4) (2 cores per cpu, 2 threads per core) family 6 model 58 stepping 9 microcode 0x21, cmov, cx8, fxsr, mmx, sse, sse2, sse3, ssse3, sse4.1, sse4.2, popcnt, vzeroupper, avx, aes, clmul, erms, ht, tsc, tscinvbit, tscinv, clflush

Memory: 4k page, physical 8388608k(69696k free), swap 2097152k(399104k free)

vm_info: Java HotSpot(TM) 64-Bit Server VM (15.0.2+7-27) for bsd-amd64 JRE (15.0.2+7-27), built on Dec  7 2020 20:08:32 by "mach5one" with clang 4.2.1 Compatible Apple LLVM 10.0.0 (clang-1000.11.45.5)

END.
