#
# A fatal error has been detected by the Java Runtime Environment:
#
#  SIGSEGV (0xb) at pc=0x00007fff6b3a2cb8, pid=7521, tid=27651
#
# JRE version: Java(TM) SE Runtime Environment (15.0.2+7) (build 15.0.2+7-27)
# Java VM: Java HotSpot(TM) 64-Bit Server VM (15.0.2+7-27, mixed mode, sharing, tiered, compressed oops, g1 gc, bsd-amd64)
# Problematic frame:
# C  [libobjc.A.dylib+0x7cb8]  objc_release+0x18
#
# No core dump will be written. Core dumps have been disabled. To enable core dumping, try "ulimit -c unlimited" before starting Java again
#
# If you would like to submit a bug report, please visit:
#   https://bugreport.java.com/bugreport/crash.jsp
# The crash happened outside the Java Virtual Machine in native code.
# See problematic frame for where to report the bug.
#

---------------  S U M M A R Y ------------

Command Line: -Dfile.encoding=UTF-8 -Duser.country=UA -Duser.language=ru -Duser.variant sk.tuke.kpi.oop.game.Main

Host: MacBookPro10,2 x86_64 3000 MHz, 4 cores, 8G, Darwin 19.6.0
Time: Fri Nov 26 03:42:57 2021 CET elapsed time: 1.290648 seconds (0d 0h 0m 1s)

---------------  T H R E A D  ---------------

Current thread (0x00007fb1b7048200):  JavaThread "LWJGL Application" [_thread_in_native, id=27651, stack(0x0000700005a19000,0x0000700005b19000)]

Stack: [0x0000700005a19000,0x0000700005b19000],  sp=0x0000700005b18488,  free space=1021k
Native frames: (J=compiled Java code, A=aot compiled Java code, j=interpreted, Vv=VM code, C=native code)
C  [libobjc.A.dylib+0x7cb8]  objc_release+0x18
C  [libobjc.A.dylib+0x83fc]  objc_autoreleasePoolPop+0xaf
C  [CoreFoundation+0x41bb9]  _CFAutoreleasePoolPop+0x16
C  [Foundation+0x1e3c1]  -[NSAutoreleasePool release]+0x81
C  [liblwjgl.dylib+0x16cce]  Java_org_lwjgl_opengl_MacOSXContextImplementation_setView+0x10e
j  org.lwjgl.opengl.MacOSXContextImplementation.setView(Ljava/nio/ByteBuffer;Ljava/nio/ByteBuffer;)V+0
j  org.lwjgl.opengl.MacOSXContextImplementation.makeCurrent(Lorg/lwjgl/opengl/PeerInfo;Ljava/nio/ByteBuffer;)V+7
j  org.lwjgl.opengl.ContextGL.makeCurrent()V+46
j  org.lwjgl.opengl.DrawableGL.makeCurrent()V+14
j  org.lwjgl.opengl.Display.makeCurrent()V+3
j  org.lwjgl.opengl.Display.makeCurrentAndSetSwapInterval()V+0
j  org.lwjgl.opengl.Display.create(Lorg/lwjgl/opengl/PixelFormat;Lorg/lwjgl/opengl/Drawable;Lorg/lwjgl/opengl/ContextAttribs;)V+108
j  org.lwjgl.opengl.Display.create(Lorg/lwjgl/opengl/PixelFormat;)V+12
j  com.badlogic.gdx.backends.lwjgl.LwjglGraphics.createDisplayPixelFormat(ZII)V+243
j  com.badlogic.gdx.backends.lwjgl.LwjglGraphics.setupDisplay()V+583
j  com.badlogic.gdx.backends.lwjgl.LwjglApplication.mainLoop()V+9
j  com.badlogic.gdx.backends.lwjgl.LwjglApplication$1.run()V+27
v  ~StubRoutines::call_stub
V  [libjvm.dylib+0x4adf62]  _ZN9JavaCalls11call_helperEP9JavaValueRK12methodHandleP17JavaCallArgumentsP6Thread+0x2e2
V  [libjvm.dylib+0x4ace49]  _ZN9JavaCalls12call_virtualEP9JavaValueP5KlassP6SymbolS5_P17JavaCallArgumentsP6Thread+0x1e9
V  [libjvm.dylib+0x4acf13]  _ZN9JavaCalls12call_virtualEP9JavaValue6HandleP5KlassP6SymbolS6_P6Thread+0x63
V  [libjvm.dylib+0x557c40]  _ZL12thread_entryP10JavaThreadP6Thread+0xb0
V  [libjvm.dylib+0x99921f]  _ZN10JavaThread17thread_main_innerEv+0xaf
V  [libjvm.dylib+0x996411]  _ZN6Thread8call_runEv+0x71
V  [libjvm.dylib+0x828967]  _ZL19thread_native_entryP6Thread+0x197
C  [libsystem_pthread.dylib+0x6109]  _pthread_start+0x94
C  [libsystem_pthread.dylib+0x1b8b]  thread_start+0xf

Java frames: (J=compiled Java code, j=interpreted, Vv=VM code)
j  org.lwjgl.opengl.MacOSXContextImplementation.setView(Ljava/nio/ByteBuffer;Ljava/nio/ByteBuffer;)V+0
j  org.lwjgl.opengl.MacOSXContextImplementation.makeCurrent(Lorg/lwjgl/opengl/PeerInfo;Ljava/nio/ByteBuffer;)V+7
j  org.lwjgl.opengl.ContextGL.makeCurrent()V+46
j  org.lwjgl.opengl.DrawableGL.makeCurrent()V+14
j  org.lwjgl.opengl.Display.makeCurrent()V+3
j  org.lwjgl.opengl.Display.makeCurrentAndSetSwapInterval()V+0
j  org.lwjgl.opengl.Display.create(Lorg/lwjgl/opengl/PixelFormat;Lorg/lwjgl/opengl/Drawable;Lorg/lwjgl/opengl/ContextAttribs;)V+108
j  org.lwjgl.opengl.Display.create(Lorg/lwjgl/opengl/PixelFormat;)V+12
j  com.badlogic.gdx.backends.lwjgl.LwjglGraphics.createDisplayPixelFormat(ZII)V+243
j  com.badlogic.gdx.backends.lwjgl.LwjglGraphics.setupDisplay()V+583
j  com.badlogic.gdx.backends.lwjgl.LwjglApplication.mainLoop()V+9
j  com.badlogic.gdx.backends.lwjgl.LwjglApplication$1.run()V+27
v  ~StubRoutines::call_stub

siginfo: si_signo: 11 (SIGSEGV), si_code: 1 (SEGV_MAPERR), si_addr: 0x0000000000000020

Register to memory mapping:

RAX=0x0 is NULL
RBX=0x00007fb1b61ff000 points into unknown readable memory: 0x4f545541a1a1a1a1 | a1 a1 a1 a1 41 55 54 4f
RCX=0x00007fb1b61ff168 points into unknown readable memory: 0xa3a3a3a3a3a3a3a3 | a3 a3 a3 a3 a3 a3 a3 a3
RDX=0x0000000000000005 is an unknown value
RSP=0x0000700005b18488 is pointing into the stack for thread: 0x00007fb1b7048200
RBP=0x0000700005b184b0 is pointing into the stack for thread: 0x00007fb1b7048200
RSI=0x00007fb1b5cd3f00 points into unknown readable memory: 0x003d80012a0e4c67 | 67 4c 0e 2a 01 80 3d 00
RDI=0x00007fb1b5cead30 points into unknown readable memory: 0x0000000000000000 | 00 00 00 00 00 00 00 00
R8 =0x00000000000130a8 is an unknown value
R9 =0x0 is NULL
R10=0x000000012a0e4c60: OBJC_CLASS_$_MacOSXOpenGLView+0 in /private/var/folders/c0/d63ctn4x70q87f_r701qtxp40000gn/T/libgdxmacbookpro/f7649394/liblwjgl.dylib at 0x000000012a0a6000
R11=0x00007fff2f5d451d: -[NSResponder release]+0 in /System/Library/Frameworks/AppKit.framework/Versions/C/AppKit at 0x00007fff2f5c9000
R12=0x00007fb1b5dc9180 points into unknown readable memory: 0x001dffff8a24fbd9 | d9 fb 24 8a ff ff 1d 00
R13=0x000000011081f060 is pointing into metadata
R14=0x00007fb1b61ff100 points into unknown readable memory: 0x0000000000000000 | 00 00 00 00 00 00 00 00
R15=0xa3a3a3a3a3a3a3a3 is an unknown value


Registers:
RAX=0x0000000000000000, RBX=0x00007fb1b61ff000, RCX=0x00007fb1b61ff168, RDX=0x0000000000000005
RSP=0x0000700005b18488, RBP=0x0000700005b184b0, RSI=0x00007fb1b5cd3f00, RDI=0x00007fb1b5cead30
R8 =0x00000000000130a8, R9 =0x0000000000000000, R10=0x000000012a0e4c60, R11=0x00007fff2f5d451d
R12=0x00007fb1b5dc9180, R13=0x000000011081f060, R14=0x00007fb1b61ff100, R15=0xa3a3a3a3a3a3a3a3
RIP=0x00007fff6b3a2cb8, EFLAGS=0x0000000000010246, ERR=0x0000000000000004
  TRAPNO=0x000000000000000e

Top of Stack: (sp=0x0000700005b18488)
0x0000700005b18488:   00007fff6b3be356 0000000000000000
0x0000700005b18498:   00007fb1b61ff000 00007fff768d4dd3
0x0000700005b184a8:   00007fb1b7048528 0000700005b184d0
0x0000700005b184b8:   00007fff6b3a33fc 0000000000000000
0x0000700005b184c8:   00007fb1b61ff100 0000700005b184f0
0x0000700005b184d8:   00007fff32365bb9 0000000000000000
0x0000700005b184e8:   00007fb1b5dc9180 0000700005b18530
0x0000700005b184f8:   00007fff34a253c1 0000000000000000
0x0000700005b18508:   00007fb1b5f772e0 00007fb1b5cd3f00
0x0000700005b18518:   c7409ff2ca7a0042 00007fb1b5e89bb0
0x0000700005b18528:   00007fb1b5e326c0 0000700005b18560
0x0000700005b18538:   000000012a0bccce 000000011081f068
0x0000700005b18548:   0000000000000000 0000700005b185f8
0x0000700005b18558:   00007fb1b7048200 0000700005b185d0
0x0000700005b18568:   0000000110dd7370 0000700005b185d0
0x0000700005b18578:   0000000110dd70be 0000000110dd7076
0x0000700005b18588:   0000700005b18588 000000011081f060
0x0000700005b18598:   0000700005b185f8 000000011081f610
0x0000700005b185a8:   0000000000000000 0000000787627bc0
0x0000700005b185b8:   000000011081f068 0000000000000000
0x0000700005b185c8:   0000700005b185f0 0000700005b18648
0x0000700005b185d8:   0000000110dd1eea 0000000787627bc0
0x0000700005b185e8:   0000000110dd45d8 0000000787633868
0x0000700005b185f8:   0000000787783490 0000700005b18600
0x0000700005b18608:   000000011081ef5f 0000700005b18678
0x0000700005b18618:   000000011081f610 0000000000000000
0x0000700005b18628:   0000000787627bc0 000000011081efd0
0x0000700005b18638:   0000700005b185f0 0000700005b18668
0x0000700005b18648:   0000700005b186d8 0000000110dd1f2f
0x0000700005b18658:   0000000000000000 0000000787783490
0x0000700005b18668:   0000000787633868 00000007877833d0
0x0000700005b18678:   0000000787627ce8 0000000000000001 

Instructions: (pc=0x00007fff6b3a2cb8)
0x00007fff6b3a2bb8:   90 90 66 83 7f 0e 00 74 03 31 c0 c3 48 8b 07 8b
0x00007fff6b3a2bc8:   57 08 48 8d 0d 1f d8 01 00 85 d2 74 38 8b 57 08
0x00007fff6b3a2bd8:   ff c2 81 fa 02 04 00 00 72 2b 31 f6 89 d7 48 89
0x00007fff6b3a2be8:   f1 d1 ef 48 ff c6 83 fa 03 89 fa 77 f1 3b 35 9d
0x00007fff6b3a2bf8:   51 60 27 73 0e 48 8b 15 9c 51 60 27 48 8b 4c ca
0x00007fff6b3a2c08:   08 eb 02 31 c9 48 39 c1 0f 94 c0 c3 90 90 90 90
0x00007fff6b3a2c18:   90 90 90 90 90 90 90 90 90 90 90 55 48 89 e5 41
0x00007fff6b3a2c28:   56 53 89 fb 41 89 fe 49 c1 e6 04 be 01 00 00 00
0x00007fff6b3a2c38:   4c 89 f7 e8 d2 d0 01 00 49 89 44 06 f8 49 c7 44
0x00007fff6b3a2c48:   06 f0 01 00 00 00 80 3d 55 53 60 27 00 74 2e 31
0x00007fff6b3a2c58:   c9 83 fb 02 72 14 31 c9 89 da d1 ea ff c1 83 fb
0x00007fff6b3a2c68:   03 89 d3 77 f5 83 f9 0f 77 0c 89 c9 48 8d 15 d5
0x00007fff6b3a2c78:   50 60 27 ff 04 8a 48 ff 05 0b 51 60 27 5b 41 5e
0x00007fff6b3a2c88:   5d c3 90 90 90 90 90 90 90 90 90 90 90 90 90 90
0x00007fff6b3a2c98:   e9 65 3e 00 00 90 90 90 48 85 ff 74 64 40 f6 c7
0x00007fff6b3a2ca8:   01 75 5e 48 b8 f8 ff ff ff ff 7f 00 00 48 23 07
0x00007fff6b3a2cb8:   f6 40 20 04 74 69 48 b9 00 00 00 00 00 00 00 01
0x00007fff6b3a2cc8:   48 ba 00 00 00 00 00 00 40 00 48 8b 07 a8 01 74
0x00007fff6b3a2cd8:   3e 48 89 c6 48 29 ce 73 21 48 0f ba e0 37 72 4c
0x00007fff6b3a2ce8:   48 0f ba e0 36 0f 82 75 ad 01 00 48 89 c6 48 09
0x00007fff6b3a2cf8:   d6 f0 48 0f b1 37 75 d2 eb 08 f0 48 0f b1 37 75
0x00007fff6b3a2d08:   c9 c3 48 8b 35 df 41 60 27 ff 25 61 23 60 27 f6
0x00007fff6b3a2d18:   40 1c 01 75 ec be 01 00 00 00 e9 d7 56 00 00 48
0x00007fff6b3a2d28:   8b 35 f2 40 60 27 ff 25 44 23 60 27 be 01 00 00
0x00007fff6b3a2d38:   00 e9 c6 59 00 00 90 e9 04 00 00 00 90 90 90 90
0x00007fff6b3a2d48:   55 48 89 e5 53 50 48 89 fb f6 c3 01 75 21 48 b8
0x00007fff6b3a2d58:   07 00 00 00 00 00 a0 00 48 23 03 48 83 f8 01 75
0x00007fff6b3a2d68:   15 48 89 df 48 83 c4 08 5b 5d e9 ef cf 01 00 48
0x00007fff6b3a2d78:   83 c4 08 5b 5d c3 48 89 df e8 38 00 00 00 eb e1
0x00007fff6b3a2d88:   90 90 90 90 48 85 ff 74 1c 55 48 89 e5 53 50 48
0x00007fff6b3a2d98:   89 fb e8 1f 00 00 00 48 89 df e8 bf cf 01 00 48
0x00007fff6b3a2da8:   83 c4 08 5b 5d 31 c0 c3 90 90 90 90 90 90 90 90 


Stack slot to memory mapping:
stack at sp + 0 slots: 0x00007fff6b3be356: _ZN19AutoreleasePoolPage12releaseUntilEPP11objc_object+0x86 in /usr/lib/libobjc.A.dylib at 0x00007fff6b39b000
stack at sp + 1 slots: 0x0 is NULL
stack at sp + 2 slots: 0x00007fb1b61ff000 points into unknown readable memory: 0x4f545541a1a1a1a1 | a1 a1 a1 a1 41 55 54 4f
stack at sp + 3 slots: 0x00007fff768d4dd3: GCC_except_table741+0xb50af17 in /usr/lib/libobjc.A.dylib at 0x00007fff6b39b000
stack at sp + 4 slots: 0x00007fb1b7048528 points into unknown readable memory: 0x0000000106fb8f70 | 70 8f fb 06 01 00 00 00
stack at sp + 5 slots: 0x0000700005b184d0 is pointing into the stack for thread: 0x00007fb1b7048200
stack at sp + 6 slots: 0x00007fff6b3a33fc: objc_autoreleasePoolPop+0xaf in /usr/lib/libobjc.A.dylib at 0x00007fff6b39b000
stack at sp + 7 slots: 0x0 is NULL


---------------  P R O C E S S  ---------------

Threads class SMR info:
_java_thread_list=0x00007fb1b5c98be0, length=13, elements={
0x00007fb1b68af200, 0x00007fb1b68af800, 0x00007fb1b780ae00, 0x00007fb1b6817c00,
0x00007fb1b68b6000, 0x00007fb1b68b6600, 0x00007fb1b68afe00, 0x00007fb1b6008c00,
0x00007fb1b68b0400, 0x00007fb1b7048200, 0x00007fb1b700b400, 0x00007fb1b7824600,
0x00007fb1b6a63200
}

Java Threads: ( => current thread )
  0x00007fb1b68af200 JavaThread "Reference Handler" daemon [_thread_blocked, id=13571, stack(0x0000700004ef5000,0x0000700004ff5000)]
  0x00007fb1b68af800 JavaThread "Finalizer" daemon [_thread_blocked, id=14595, stack(0x0000700004ff8000,0x00007000050f8000)]
  0x00007fb1b780ae00 JavaThread "Signal Dispatcher" daemon [_thread_blocked, id=23043, stack(0x0000700005201000,0x0000700005301000)]
  0x00007fb1b6817c00 JavaThread "Service Thread" daemon [_thread_blocked, id=23555, stack(0x0000700005304000,0x0000700005404000)]
  0x00007fb1b68b6000 JavaThread "C2 CompilerThread0" daemon [_thread_blocked, id=23811, stack(0x0000700005407000,0x0000700005507000)]
  0x00007fb1b68b6600 JavaThread "C1 CompilerThread0" daemon [_thread_blocked, id=24579, stack(0x000070000550a000,0x000070000560a000)]
  0x00007fb1b68afe00 JavaThread "Sweeper thread" daemon [_thread_blocked, id=25091, stack(0x000070000560d000,0x000070000570d000)]
  0x00007fb1b6008c00 JavaThread "Notification Thread" daemon [_thread_blocked, id=25859, stack(0x0000700005710000,0x0000700005810000)]
  0x00007fb1b68b0400 JavaThread "Common-Cleaner" daemon [_thread_blocked, id=40195, stack(0x0000700005916000,0x0000700005a16000)]
=>0x00007fb1b7048200 JavaThread "LWJGL Application" [_thread_in_native, id=27651, stack(0x0000700005a19000,0x0000700005b19000)]
  0x00007fb1b700b400 JavaThread "DestroyJavaVM" [_thread_blocked, id=6403, stack(0x00007000047e0000,0x00007000048e0000)]
  0x00007fb1b7824600 JavaThread "AppKit Thread" daemon [_thread_in_native, id=775, stack(0x00007ffee9905000,0x00007ffeea105000)]
  0x00007fb1b6a63200 JavaThread "AWT-Shutdown" [_thread_blocked, id=86019, stack(0x0000700005b9f000,0x0000700005c9f000)]

Other Threads:
  0x00007fb1b5d41dd0 VMThread "VM Thread" [stack: 0x0000700004df2000,0x0000700004ef2000] [id=16899]
  0x00007fb1b5f0a6f0 WatcherThread [stack: 0x0000700005813000,0x0000700005913000] [id=26115]
  0x00007fb1b5d1c4a0 GCTaskThread "GC Thread#0" [stack: 0x00007000048e3000,0x00007000049e3000] [id=19715]
  0x00007fb1b5d1d620 ConcurrentGCThread "G1 Main Marker" [stack: 0x00007000049e6000,0x0000700004ae6000] [id=19203]
  0x00007fb1b5d1e6f0 ConcurrentGCThread "G1 Conc#0" [stack: 0x0000700004ae9000,0x0000700004be9000] [id=12547]
  0x00007fb1b5d3a120 ConcurrentGCThread "G1 Refine#0" [stack: 0x0000700004bec000,0x0000700004cec000] [id=17667]
  0x00007fb1b5d3b1a0 ConcurrentGCThread "G1 Young RemSet Sampling" [stack: 0x0000700004cef000,0x0000700004def000] [id=12803]

Threads with active compile tasks:

VM state: not at safepoint (normal execution)

VM Mutex/Monitor currently owned by a thread: None

Heap address: 0x0000000780000000, size: 2048 MB, Compressed Oops mode: Zero based, Oop shift amount: 3
CDS archive(s) mapped at: [0x0000000800000000-0x0000000800b2d000-0x0000000800b2d000), size 11718656, SharedBaseAddress: 0x0000000800000000, ArchiveRelocationMode: 0.
Compressed class space mapped at: 0x0000000800b30000-0x0000000840b30000, size: 1073741824
Narrow klass base: 0x0000000800000000, Narrow klass shift: 3, Narrow klass range: 0x100000000

GC Precious Log:
 CPUs: 4 total, 4 available
 Memory: 8192M
 Large Page Support: Disabled
 NUMA Support: Disabled
 Compressed Oops: Enabled (Zero based)
 Heap Region Size: 1M
 Heap Min Capacity: 8M
 Heap Initial Capacity: 128M
 Heap Max Capacity: 2G
 Pre-touch: Disabled
 Parallel Workers: 4
 Concurrent Workers: 1
 Concurrent Refinement Workers: 4
 Periodic GC: Disabled

Heap:
 garbage-first heap   total 133120K, used 9000K [0x0000000780000000, 0x0000000800000000)
  region size 1024K, 10 young (10240K), 0 survivors (0K)
 Metaspace       used 4202K, capacity 6311K, committed 6528K, reserved 1056768K
  class space    used 397K, capacity 587K, committed 640K, reserved 1048576K

Heap Regions: E=young(eden), S=young(survivor), O=old, HS=humongous(starts), HC=humongous(continues), CS=collection set, F=free, OA=open archive, CA=closed archive, TAMS=top-at-mark-start (previous, next)
|   0|0x0000000780000000, 0x0000000780000000, 0x0000000780100000|  0%| F|  |TAMS 0x0000000780000000, 0x0000000780000000| Untracked 
|   1|0x0000000780100000, 0x0000000780100000, 0x0000000780200000|  0%| F|  |TAMS 0x0000000780100000, 0x0000000780100000| Untracked 
|   2|0x0000000780200000, 0x0000000780200000, 0x0000000780300000|  0%| F|  |TAMS 0x0000000780200000, 0x0000000780200000| Untracked 
|   3|0x0000000780300000, 0x0000000780300000, 0x0000000780400000|  0%| F|  |TAMS 0x0000000780300000, 0x0000000780300000| Untracked 
|   4|0x0000000780400000, 0x0000000780400000, 0x0000000780500000|  0%| F|  |TAMS 0x0000000780400000, 0x0000000780400000| Untracked 
|   5|0x0000000780500000, 0x0000000780500000, 0x0000000780600000|  0%| F|  |TAMS 0x0000000780500000, 0x0000000780500000| Untracked 
|   6|0x0000000780600000, 0x0000000780600000, 0x0000000780700000|  0%| F|  |TAMS 0x0000000780600000, 0x0000000780600000| Untracked 
|   7|0x0000000780700000, 0x0000000780700000, 0x0000000780800000|  0%| F|  |TAMS 0x0000000780700000, 0x0000000780700000| Untracked 
|   8|0x0000000780800000, 0x0000000780800000, 0x0000000780900000|  0%| F|  |TAMS 0x0000000780800000, 0x0000000780800000| Untracked 
|   9|0x0000000780900000, 0x0000000780900000, 0x0000000780a00000|  0%| F|  |TAMS 0x0000000780900000, 0x0000000780900000| Untracked 
|  10|0x0000000780a00000, 0x0000000780a00000, 0x0000000780b00000|  0%| F|  |TAMS 0x0000000780a00000, 0x0000000780a00000| Untracked 
|  11|0x0000000780b00000, 0x0000000780b00000, 0x0000000780c00000|  0%| F|  |TAMS 0x0000000780b00000, 0x0000000780b00000| Untracked 
|  12|0x0000000780c00000, 0x0000000780c00000, 0x0000000780d00000|  0%| F|  |TAMS 0x0000000780c00000, 0x0000000780c00000| Untracked 
|  13|0x0000000780d00000, 0x0000000780d00000, 0x0000000780e00000|  0%| F|  |TAMS 0x0000000780d00000, 0x0000000780d00000| Untracked 
|  14|0x0000000780e00000, 0x0000000780e00000, 0x0000000780f00000|  0%| F|  |TAMS 0x0000000780e00000, 0x0000000780e00000| Untracked 
|  15|0x0000000780f00000, 0x0000000780f00000, 0x0000000781000000|  0%| F|  |TAMS 0x0000000780f00000, 0x0000000780f00000| Untracked 
|  16|0x0000000781000000, 0x0000000781000000, 0x0000000781100000|  0%| F|  |TAMS 0x0000000781000000, 0x0000000781000000| Untracked 
|  17|0x0000000781100000, 0x0000000781100000, 0x0000000781200000|  0%| F|  |TAMS 0x0000000781100000, 0x0000000781100000| Untracked 
|  18|0x0000000781200000, 0x0000000781200000, 0x0000000781300000|  0%| F|  |TAMS 0x0000000781200000, 0x0000000781200000| Untracked 
|  19|0x0000000781300000, 0x0000000781300000, 0x0000000781400000|  0%| F|  |TAMS 0x0000000781300000, 0x0000000781300000| Untracked 
|  20|0x0000000781400000, 0x0000000781400000, 0x0000000781500000|  0%| F|  |TAMS 0x0000000781400000, 0x0000000781400000| Untracked 
|  21|0x0000000781500000, 0x0000000781500000, 0x0000000781600000|  0%| F|  |TAMS 0x0000000781500000, 0x0000000781500000| Untracked 
|  22|0x0000000781600000, 0x0000000781600000, 0x0000000781700000|  0%| F|  |TAMS 0x0000000781600000, 0x0000000781600000| Untracked 
|  23|0x0000000781700000, 0x0000000781700000, 0x0000000781800000|  0%| F|  |TAMS 0x0000000781700000, 0x0000000781700000| Untracked 
|  24|0x0000000781800000, 0x0000000781800000, 0x0000000781900000|  0%| F|  |TAMS 0x0000000781800000, 0x0000000781800000| Untracked 
|  25|0x0000000781900000, 0x0000000781900000, 0x0000000781a00000|  0%| F|  |TAMS 0x0000000781900000, 0x0000000781900000| Untracked 
|  26|0x0000000781a00000, 0x0000000781a00000, 0x0000000781b00000|  0%| F|  |TAMS 0x0000000781a00000, 0x0000000781a00000| Untracked 
|  27|0x0000000781b00000, 0x0000000781b00000, 0x0000000781c00000|  0%| F|  |TAMS 0x0000000781b00000, 0x0000000781b00000| Untracked 
|  28|0x0000000781c00000, 0x0000000781c00000, 0x0000000781d00000|  0%| F|  |TAMS 0x0000000781c00000, 0x0000000781c00000| Untracked 
|  29|0x0000000781d00000, 0x0000000781d00000, 0x0000000781e00000|  0%| F|  |TAMS 0x0000000781d00000, 0x0000000781d00000| Untracked 
|  30|0x0000000781e00000, 0x0000000781e00000, 0x0000000781f00000|  0%| F|  |TAMS 0x0000000781e00000, 0x0000000781e00000| Untracked 
|  31|0x0000000781f00000, 0x0000000781f00000, 0x0000000782000000|  0%| F|  |TAMS 0x0000000781f00000, 0x0000000781f00000| Untracked 
|  32|0x0000000782000000, 0x0000000782000000, 0x0000000782100000|  0%| F|  |TAMS 0x0000000782000000, 0x0000000782000000| Untracked 
|  33|0x0000000782100000, 0x0000000782100000, 0x0000000782200000|  0%| F|  |TAMS 0x0000000782100000, 0x0000000782100000| Untracked 
|  34|0x0000000782200000, 0x0000000782200000, 0x0000000782300000|  0%| F|  |TAMS 0x0000000782200000, 0x0000000782200000| Untracked 
|  35|0x0000000782300000, 0x0000000782300000, 0x0000000782400000|  0%| F|  |TAMS 0x0000000782300000, 0x0000000782300000| Untracked 
|  36|0x0000000782400000, 0x0000000782400000, 0x0000000782500000|  0%| F|  |TAMS 0x0000000782400000, 0x0000000782400000| Untracked 
|  37|0x0000000782500000, 0x0000000782500000, 0x0000000782600000|  0%| F|  |TAMS 0x0000000782500000, 0x0000000782500000| Untracked 
|  38|0x0000000782600000, 0x0000000782600000, 0x0000000782700000|  0%| F|  |TAMS 0x0000000782600000, 0x0000000782600000| Untracked 
|  39|0x0000000782700000, 0x0000000782700000, 0x0000000782800000|  0%| F|  |TAMS 0x0000000782700000, 0x0000000782700000| Untracked 
|  40|0x0000000782800000, 0x0000000782800000, 0x0000000782900000|  0%| F|  |TAMS 0x0000000782800000, 0x0000000782800000| Untracked 
|  41|0x0000000782900000, 0x0000000782900000, 0x0000000782a00000|  0%| F|  |TAMS 0x0000000782900000, 0x0000000782900000| Untracked 
|  42|0x0000000782a00000, 0x0000000782a00000, 0x0000000782b00000|  0%| F|  |TAMS 0x0000000782a00000, 0x0000000782a00000| Untracked 
|  43|0x0000000782b00000, 0x0000000782b00000, 0x0000000782c00000|  0%| F|  |TAMS 0x0000000782b00000, 0x0000000782b00000| Untracked 
|  44|0x0000000782c00000, 0x0000000782c00000, 0x0000000782d00000|  0%| F|  |TAMS 0x0000000782c00000, 0x0000000782c00000| Untracked 
|  45|0x0000000782d00000, 0x0000000782d00000, 0x0000000782e00000|  0%| F|  |TAMS 0x0000000782d00000, 0x0000000782d00000| Untracked 
|  46|0x0000000782e00000, 0x0000000782e00000, 0x0000000782f00000|  0%| F|  |TAMS 0x0000000782e00000, 0x0000000782e00000| Untracked 
|  47|0x0000000782f00000, 0x0000000782f00000, 0x0000000783000000|  0%| F|  |TAMS 0x0000000782f00000, 0x0000000782f00000| Untracked 
|  48|0x0000000783000000, 0x0000000783000000, 0x0000000783100000|  0%| F|  |TAMS 0x0000000783000000, 0x0000000783000000| Untracked 
|  49|0x0000000783100000, 0x0000000783100000, 0x0000000783200000|  0%| F|  |TAMS 0x0000000783100000, 0x0000000783100000| Untracked 
|  50|0x0000000783200000, 0x0000000783200000, 0x0000000783300000|  0%| F|  |TAMS 0x0000000783200000, 0x0000000783200000| Untracked 
|  51|0x0000000783300000, 0x0000000783300000, 0x0000000783400000|  0%| F|  |TAMS 0x0000000783300000, 0x0000000783300000| Untracked 
|  52|0x0000000783400000, 0x0000000783400000, 0x0000000783500000|  0%| F|  |TAMS 0x0000000783400000, 0x0000000783400000| Untracked 
|  53|0x0000000783500000, 0x0000000783500000, 0x0000000783600000|  0%| F|  |TAMS 0x0000000783500000, 0x0000000783500000| Untracked 
|  54|0x0000000783600000, 0x0000000783600000, 0x0000000783700000|  0%| F|  |TAMS 0x0000000783600000, 0x0000000783600000| Untracked 
|  55|0x0000000783700000, 0x0000000783700000, 0x0000000783800000|  0%| F|  |TAMS 0x0000000783700000, 0x0000000783700000| Untracked 
|  56|0x0000000783800000, 0x0000000783800000, 0x0000000783900000|  0%| F|  |TAMS 0x0000000783800000, 0x0000000783800000| Untracked 
|  57|0x0000000783900000, 0x0000000783900000, 0x0000000783a00000|  0%| F|  |TAMS 0x0000000783900000, 0x0000000783900000| Untracked 
|  58|0x0000000783a00000, 0x0000000783a00000, 0x0000000783b00000|  0%| F|  |TAMS 0x0000000783a00000, 0x0000000783a00000| Untracked 
|  59|0x0000000783b00000, 0x0000000783b00000, 0x0000000783c00000|  0%| F|  |TAMS 0x0000000783b00000, 0x0000000783b00000| Untracked 
|  60|0x0000000783c00000, 0x0000000783c00000, 0x0000000783d00000|  0%| F|  |TAMS 0x0000000783c00000, 0x0000000783c00000| Untracked 
|  61|0x0000000783d00000, 0x0000000783d00000, 0x0000000783e00000|  0%| F|  |TAMS 0x0000000783d00000, 0x0000000783d00000| Untracked 
|  62|0x0000000783e00000, 0x0000000783e00000, 0x0000000783f00000|  0%| F|  |TAMS 0x0000000783e00000, 0x0000000783e00000| Untracked 
|  63|0x0000000783f00000, 0x0000000783f00000, 0x0000000784000000|  0%| F|  |TAMS 0x0000000783f00000, 0x0000000783f00000| Untracked 
|  64|0x0000000784000000, 0x0000000784000000, 0x0000000784100000|  0%| F|  |TAMS 0x0000000784000000, 0x0000000784000000| Untracked 
|  65|0x0000000784100000, 0x0000000784100000, 0x0000000784200000|  0%| F|  |TAMS 0x0000000784100000, 0x0000000784100000| Untracked 
|  66|0x0000000784200000, 0x0000000784200000, 0x0000000784300000|  0%| F|  |TAMS 0x0000000784200000, 0x0000000784200000| Untracked 
|  67|0x0000000784300000, 0x0000000784300000, 0x0000000784400000|  0%| F|  |TAMS 0x0000000784300000, 0x0000000784300000| Untracked 
|  68|0x0000000784400000, 0x0000000784400000, 0x0000000784500000|  0%| F|  |TAMS 0x0000000784400000, 0x0000000784400000| Untracked 
|  69|0x0000000784500000, 0x0000000784500000, 0x0000000784600000|  0%| F|  |TAMS 0x0000000784500000, 0x0000000784500000| Untracked 
|  70|0x0000000784600000, 0x0000000784600000, 0x0000000784700000|  0%| F|  |TAMS 0x0000000784600000, 0x0000000784600000| Untracked 
|  71|0x0000000784700000, 0x0000000784700000, 0x0000000784800000|  0%| F|  |TAMS 0x0000000784700000, 0x0000000784700000| Untracked 
|  72|0x0000000784800000, 0x0000000784800000, 0x0000000784900000|  0%| F|  |TAMS 0x0000000784800000, 0x0000000784800000| Untracked 
|  73|0x0000000784900000, 0x0000000784900000, 0x0000000784a00000|  0%| F|  |TAMS 0x0000000784900000, 0x0000000784900000| Untracked 
|  74|0x0000000784a00000, 0x0000000784a00000, 0x0000000784b00000|  0%| F|  |TAMS 0x0000000784a00000, 0x0000000784a00000| Untracked 
|  75|0x0000000784b00000, 0x0000000784b00000, 0x0000000784c00000|  0%| F|  |TAMS 0x0000000784b00000, 0x0000000784b00000| Untracked 
|  76|0x0000000784c00000, 0x0000000784c00000, 0x0000000784d00000|  0%| F|  |TAMS 0x0000000784c00000, 0x0000000784c00000| Untracked 
|  77|0x0000000784d00000, 0x0000000784d00000, 0x0000000784e00000|  0%| F|  |TAMS 0x0000000784d00000, 0x0000000784d00000| Untracked 
|  78|0x0000000784e00000, 0x0000000784e00000, 0x0000000784f00000|  0%| F|  |TAMS 0x0000000784e00000, 0x0000000784e00000| Untracked 
|  79|0x0000000784f00000, 0x0000000784f00000, 0x0000000785000000|  0%| F|  |TAMS 0x0000000784f00000, 0x0000000784f00000| Untracked 
|  80|0x0000000785000000, 0x0000000785000000, 0x0000000785100000|  0%| F|  |TAMS 0x0000000785000000, 0x0000000785000000| Untracked 
|  81|0x0000000785100000, 0x0000000785100000, 0x0000000785200000|  0%| F|  |TAMS 0x0000000785100000, 0x0000000785100000| Untracked 
|  82|0x0000000785200000, 0x0000000785200000, 0x0000000785300000|  0%| F|  |TAMS 0x0000000785200000, 0x0000000785200000| Untracked 
|  83|0x0000000785300000, 0x0000000785300000, 0x0000000785400000|  0%| F|  |TAMS 0x0000000785300000, 0x0000000785300000| Untracked 
|  84|0x0000000785400000, 0x0000000785400000, 0x0000000785500000|  0%| F|  |TAMS 0x0000000785400000, 0x0000000785400000| Untracked 
|  85|0x0000000785500000, 0x0000000785500000, 0x0000000785600000|  0%| F|  |TAMS 0x0000000785500000, 0x0000000785500000| Untracked 
|  86|0x0000000785600000, 0x0000000785600000, 0x0000000785700000|  0%| F|  |TAMS 0x0000000785600000, 0x0000000785600000| Untracked 
|  87|0x0000000785700000, 0x0000000785700000, 0x0000000785800000|  0%| F|  |TAMS 0x0000000785700000, 0x0000000785700000| Untracked 
|  88|0x0000000785800000, 0x0000000785800000, 0x0000000785900000|  0%| F|  |TAMS 0x0000000785800000, 0x0000000785800000| Untracked 
|  89|0x0000000785900000, 0x0000000785900000, 0x0000000785a00000|  0%| F|  |TAMS 0x0000000785900000, 0x0000000785900000| Untracked 
|  90|0x0000000785a00000, 0x0000000785a00000, 0x0000000785b00000|  0%| F|  |TAMS 0x0000000785a00000, 0x0000000785a00000| Untracked 
|  91|0x0000000785b00000, 0x0000000785b00000, 0x0000000785c00000|  0%| F|  |TAMS 0x0000000785b00000, 0x0000000785b00000| Untracked 
|  92|0x0000000785c00000, 0x0000000785c00000, 0x0000000785d00000|  0%| F|  |TAMS 0x0000000785c00000, 0x0000000785c00000| Untracked 
|  93|0x0000000785d00000, 0x0000000785d00000, 0x0000000785e00000|  0%| F|  |TAMS 0x0000000785d00000, 0x0000000785d00000| Untracked 
|  94|0x0000000785e00000, 0x0000000785e00000, 0x0000000785f00000|  0%| F|  |TAMS 0x0000000785e00000, 0x0000000785e00000| Untracked 
|  95|0x0000000785f00000, 0x0000000785f00000, 0x0000000786000000|  0%| F|  |TAMS 0x0000000785f00000, 0x0000000785f00000| Untracked 
|  96|0x0000000786000000, 0x0000000786000000, 0x0000000786100000|  0%| F|  |TAMS 0x0000000786000000, 0x0000000786000000| Untracked 
|  97|0x0000000786100000, 0x0000000786100000, 0x0000000786200000|  0%| F|  |TAMS 0x0000000786100000, 0x0000000786100000| Untracked 
|  98|0x0000000786200000, 0x0000000786200000, 0x0000000786300000|  0%| F|  |TAMS 0x0000000786200000, 0x0000000786200000| Untracked 
|  99|0x0000000786300000, 0x0000000786300000, 0x0000000786400000|  0%| F|  |TAMS 0x0000000786300000, 0x0000000786300000| Untracked 
| 100|0x0000000786400000, 0x0000000786400000, 0x0000000786500000|  0%| F|  |TAMS 0x0000000786400000, 0x0000000786400000| Untracked 
| 101|0x0000000786500000, 0x0000000786500000, 0x0000000786600000|  0%| F|  |TAMS 0x0000000786500000, 0x0000000786500000| Untracked 
| 102|0x0000000786600000, 0x0000000786600000, 0x0000000786700000|  0%| F|  |TAMS 0x0000000786600000, 0x0000000786600000| Untracked 
| 103|0x0000000786700000, 0x0000000786700000, 0x0000000786800000|  0%| F|  |TAMS 0x0000000786700000, 0x0000000786700000| Untracked 
| 104|0x0000000786800000, 0x0000000786800000, 0x0000000786900000|  0%| F|  |TAMS 0x0000000786800000, 0x0000000786800000| Untracked 
| 105|0x0000000786900000, 0x0000000786900000, 0x0000000786a00000|  0%| F|  |TAMS 0x0000000786900000, 0x0000000786900000| Untracked 
| 106|0x0000000786a00000, 0x0000000786a00000, 0x0000000786b00000|  0%| F|  |TAMS 0x0000000786a00000, 0x0000000786a00000| Untracked 
| 107|0x0000000786b00000, 0x0000000786b00000, 0x0000000786c00000|  0%| F|  |TAMS 0x0000000786b00000, 0x0000000786b00000| Untracked 
| 108|0x0000000786c00000, 0x0000000786c00000, 0x0000000786d00000|  0%| F|  |TAMS 0x0000000786c00000, 0x0000000786c00000| Untracked 
| 109|0x0000000786d00000, 0x0000000786d00000, 0x0000000786e00000|  0%| F|  |TAMS 0x0000000786d00000, 0x0000000786d00000| Untracked 
| 110|0x0000000786e00000, 0x0000000786e00000, 0x0000000786f00000|  0%| F|  |TAMS 0x0000000786e00000, 0x0000000786e00000| Untracked 
| 111|0x0000000786f00000, 0x0000000786f00000, 0x0000000787000000|  0%| F|  |TAMS 0x0000000786f00000, 0x0000000786f00000| Untracked 
| 112|0x0000000787000000, 0x0000000787000000, 0x0000000787100000|  0%| F|  |TAMS 0x0000000787000000, 0x0000000787000000| Untracked 
| 113|0x0000000787100000, 0x0000000787100000, 0x0000000787200000|  0%| F|  |TAMS 0x0000000787100000, 0x0000000787100000| Untracked 
| 114|0x0000000787200000, 0x0000000787200000, 0x0000000787300000|  0%| F|  |TAMS 0x0000000787200000, 0x0000000787200000| Untracked 
| 115|0x0000000787300000, 0x0000000787300000, 0x0000000787400000|  0%| F|  |TAMS 0x0000000787300000, 0x0000000787300000| Untracked 
| 116|0x0000000787400000, 0x0000000787400000, 0x0000000787500000|  0%| F|  |TAMS 0x0000000787400000, 0x0000000787400000| Untracked 
| 117|0x0000000787500000, 0x0000000787500000, 0x0000000787600000|  0%| F|  |TAMS 0x0000000787500000, 0x0000000787500000| Untracked 
| 118|0x0000000787600000, 0x0000000787643170, 0x0000000787700000| 26%| E|  |TAMS 0x0000000787600000, 0x0000000787600000| Complete 
| 119|0x0000000787700000, 0x0000000787800000, 0x0000000787800000|100%| E|CS|TAMS 0x0000000787700000, 0x0000000787700000| Complete 
| 120|0x0000000787800000, 0x0000000787900000, 0x0000000787900000|100%| E|CS|TAMS 0x0000000787800000, 0x0000000787800000| Complete 
| 121|0x0000000787900000, 0x0000000787a00000, 0x0000000787a00000|100%| E|CS|TAMS 0x0000000787900000, 0x0000000787900000| Complete 
| 122|0x0000000787a00000, 0x0000000787b00000, 0x0000000787b00000|100%| E|CS|TAMS 0x0000000787a00000, 0x0000000787a00000| Complete 
| 123|0x0000000787b00000, 0x0000000787c00000, 0x0000000787c00000|100%| E|CS|TAMS 0x0000000787b00000, 0x0000000787b00000| Complete 
| 124|0x0000000787c00000, 0x0000000787d00000, 0x0000000787d00000|100%| E|CS|TAMS 0x0000000787c00000, 0x0000000787c00000| Complete 
| 125|0x0000000787d00000, 0x0000000787e00000, 0x0000000787e00000|100%| E|CS|TAMS 0x0000000787d00000, 0x0000000787d00000| Complete 
| 126|0x0000000787e00000, 0x0000000787f00000, 0x0000000787f00000|100%| E|CS|TAMS 0x0000000787e00000, 0x0000000787e00000| Complete 
| 127|0x0000000787f00000, 0x0000000788000000, 0x0000000788000000|100%| E|  |TAMS 0x0000000787f00000, 0x0000000787f00000| Complete 
|1022|0x00000007bfe00000, 0x00000007bfe51000, 0x00000007bff00000| 31%|OA|  |TAMS 0x00000007bfe00000, 0x00000007bfe00000| Untracked 
|1023|0x00000007bff00000, 0x00000007bff79000, 0x00000007c0000000| 47%|CA|  |TAMS 0x00000007bff00000, 0x00000007bff00000| Untracked 

Card table byte_map: [0x000000010fa96000,0x000000010fe96000] _byte_map_base: 0x000000010be96000

Marking Bits (Prev, Next): (CMBitMap*) 0x00007fb1b6832810, (CMBitMap*) 0x00007fb1b6832850
 Prev Bits: [0x000000011fdc8000, 0x0000000121dc8000)
 Next Bits: [0x0000000121dc8000, 0x0000000123dc8000)

Polling page: 0x0000000105b35000

Metaspace:

Usage:
  Non-class:      5.59 MB capacity,     3.72 MB ( 66%) used,     1.87 MB ( 33%) free+waste,     6.56 KB ( <1%) overhead. 
      Class:    587.00 KB capacity,   397.80 KB ( 68%) used,   186.38 KB ( 32%) free+waste,     2.81 KB ( <1%) overhead. 
       Both:      6.16 MB capacity,     4.10 MB ( 67%) used,     2.05 MB ( 33%) free+waste,     9.38 KB ( <1%) overhead. 

Virtual space:
  Non-class space:        8.00 MB reserved,       5.75 MB ( 72%) committed 
      Class space:        1.00 GB reserved,     640.00 KB ( <1%) committed 
             Both:        1.01 GB reserved,       6.38 MB ( <1%) committed 

Chunk freelists:
   Non-Class:  4.00 KB
       Class:  0 bytes
        Both:  4.00 KB

MaxMetaspaceSize: 17179869184.00 GB
CompressedClassSpaceSize: 1.00 GB

CodeHeap 'non-profiled nmethods': size=120032Kb used=196Kb max_used=196Kb free=119835Kb
 bounds [0x0000000118890000, 0x0000000118b00000, 0x000000011fdc8000]
CodeHeap 'profiled nmethods': size=120028Kb used=887Kb max_used=887Kb free=119140Kb
 bounds [0x0000000111359000, 0x00000001115c9000, 0x0000000118890000]
CodeHeap 'non-nmethods': size=5700Kb used=1156Kb max_used=1170Kb free=4543Kb
 bounds [0x0000000110dc8000, 0x0000000111038000, 0x0000000111359000]
 total_blobs=1012 nmethods=600 adapters=326
 compilation: enabled
              stopped_count=0, restarted_count=0
 full_count=0

Compilation events (20 events):
Event: 1.257 Thread 0x00007fb1b68b6600 nmethod 589 0x0000000111433610 code [0x0000000111433800, 0x0000000111433e30]
Event: 1.257 Thread 0x00007fb1b68b6600  594       3       java.io.UnixFileSystem::hasBooleanAttributes (33 bytes)
Event: 1.258 Thread 0x00007fb1b68b6000 nmethod 592 0x00000001188bf890 code [0x00000001188bfa00, 0x00000001188bfa98]
Event: 1.258 Thread 0x00007fb1b68b6600 nmethod 594 0x0000000111434110 code [0x00000001114342e0, 0x0000000111434680]
Event: 1.258 Thread 0x00007fb1b68b6600  591       3       java.util.zip.ZipFile$InflaterCleanupAction::run (12 bytes)
Event: 1.258 Thread 0x00007fb1b68b6600 nmethod 591 0x0000000111434810 code [0x00000001114349a0, 0x0000000111434ae0]
Event: 1.258 Thread 0x00007fb1b68b6600  590       3       java.util.zip.InflaterInputStream::close (34 bytes)
Event: 1.258 Thread 0x00007fb1b68b6000  593       4       java.lang.String::substring (58 bytes)
Event: 1.258 Thread 0x00007fb1b68b6600 nmethod 590 0x0000000111434b90 code [0x0000000111434d40, 0x0000000111434ff0]
Event: 1.262 Thread 0x00007fb1b68b6600  595       3       java.util.concurrent.ConcurrentHashMap$Traverser::advance (188 bytes)
Event: 1.263 Thread 0x00007fb1b68b6600 nmethod 595 0x0000000111435110 code [0x0000000111435340, 0x0000000111435f40]
Event: 1.263 Thread 0x00007fb1b68b6600  597       3       java.util.ArrayDeque::pollFirst (36 bytes)
Event: 1.263 Thread 0x00007fb1b68b6600 nmethod 597 0x0000000111436210 code [0x00000001114363c0, 0x00000001114367f0]
Event: 1.265 Thread 0x00007fb1b68b6600  598       3       java.nio.Buffer::remaining (20 bytes)
Event: 1.265 Thread 0x00007fb1b68b6600 nmethod 598 0x0000000111436990 code [0x0000000111436b20, 0x0000000111436c70]
Event: 1.266 Thread 0x00007fb1b68b6000 nmethod 593 0x00000001188bfb90 code [0x00000001188bfd20, 0x00000001188c0178]
Event: 1.266 Thread 0x00007fb1b68b6000  596       4       java.lang.String::equals (50 bytes)
Event: 1.271 Thread 0x00007fb1b68b6000 nmethod 596 0x00000001188c0410 code [0x00000001188c0580, 0x00000001188c0738]
Event: 1.271 Thread 0x00007fb1b68b6000  599       4       java.lang.String::startsWith (138 bytes)
Event: 1.281 Thread 0x00007fb1b68b6000 nmethod 599 0x00000001188c0c90 code [0x00000001188c0e00, 0x00000001188c1038]

GC Heap History (0 events):
No events

Deoptimization events (20 events):
Event: 0.608 Thread 0x00007fb1b600f600 Uncommon trap: trap_request=0xffffff45 fr.pc=0x000000011889a81c relative=0x000000000000037c
Event: 0.608 Thread 0x00007fb1b600f600 Uncommon trap: reason=unstable_if action=reinterpret pc=0x000000011889a81c method=java.lang.StringLatin1.indexOf([BI[BII)I @ 91 c2
Event: 0.608 Thread 0x00007fb1b600f600 DEOPT PACKING pc=0x000000011889a81c sp=0x00007000048df280
Event: 0.608 Thread 0x00007fb1b600f600 DEOPT UNPACKING pc=0x0000000110e16125 sp=0x00007000048df200 mode 2
Event: 0.621 Thread 0x00007fb1b600f600 DEOPT PACKING pc=0x00000001113e20e8 sp=0x00007000048db130
Event: 0.621 Thread 0x00007fb1b600f600 DEOPT UNPACKING pc=0x0000000110e15f2b sp=0x00007000048da5a0 mode 0
Event: 0.645 Thread 0x00007fb1b600f600 Uncommon trap: trap_request=0xffffff45 fr.pc=0x000000011889b674 relative=0x00000000000001d4
Event: 0.645 Thread 0x00007fb1b600f600 Uncommon trap: reason=unstable_if action=reinterpret pc=0x000000011889b674 method=java.lang.String.startsWith(Ljava/lang/String;I)Z @ 1 c2
Event: 0.645 Thread 0x00007fb1b600f600 DEOPT PACKING pc=0x000000011889b674 sp=0x00007000048de480
Event: 0.645 Thread 0x00007fb1b600f600 DEOPT UNPACKING pc=0x0000000110e16125 sp=0x00007000048de408 mode 2
Event: 0.696 Thread 0x00007fb1b600f600 DEOPT PACKING pc=0x00000001113e20e8 sp=0x00007000048ded20
Event: 0.696 Thread 0x00007fb1b600f600 DEOPT UNPACKING pc=0x0000000110e15f2b sp=0x00007000048de190 mode 0
Event: 0.714 Thread 0x00007fb1b600f600 DEOPT PACKING pc=0x00000001113e20e8 sp=0x00007000048de1c0
Event: 0.714 Thread 0x00007fb1b600f600 DEOPT UNPACKING pc=0x0000000110e15f2b sp=0x00007000048dd630 mode 0
Event: 0.738 Thread 0x00007fb1b7048200 DEOPT PACKING pc=0x00000001113e20e8 sp=0x0000700005b17210
Event: 0.738 Thread 0x00007fb1b7048200 DEOPT UNPACKING pc=0x0000000110e15f2b sp=0x0000700005b16680 mode 0
Event: 1.170 Thread 0x00007fb1b7048200 DEOPT PACKING pc=0x00000001113e20e8 sp=0x0000700005b14880
Event: 1.170 Thread 0x00007fb1b7048200 DEOPT UNPACKING pc=0x0000000110e15f2b sp=0x0000700005b13cf0 mode 0
Event: 1.230 Thread 0x00007fb1b7048200 DEOPT PACKING pc=0x00000001113e20e8 sp=0x0000700005b16f40
Event: 1.230 Thread 0x00007fb1b7048200 DEOPT UNPACKING pc=0x0000000110e15f2b sp=0x0000700005b163b0 mode 0

Classes unloaded (0 events):
No events

Classes redefined (0 events):
No events

Internal exceptions (13 events):
Event: 0.347 Thread 0x00007fb1b600f600 Exception <a 'java/lang/NoSuchMethodError'{0x0000000787b4da70}: 'void java.lang.invoke.DirectMethodHandle$Holder.invokeSpecial(java.lang.Object, java.lang.Object, java.lang.Object)'> (0x0000000787b4da70) 
thrown [./open/src/hotspot/share/interpreter/linkResolver.cpp, line 782]
Event: 0.358 Thread 0x00007fb1b600f600 Exception <a 'java/lang/NoSuchMethodError'{0x0000000787b57950}: 'void java.lang.invoke.DirectMethodHandle$Holder.invokeInterface(java.lang.Object, java.lang.Object)'> (0x0000000787b57950) 
thrown [./open/src/hotspot/share/interpreter/linkResolver.cpp, line 782]
Event: 0.526 Thread 0x00007fb1b600f600 Exception <a 'java/lang/NoSuchMethodError'{0x0000000787a0a070}: 'void java.lang.invoke.DirectMethodHandle$Holder.invokeStatic(java.lang.Object, int, int)'> (0x0000000787a0a070) 
thrown [./open/src/hotspot/share/interpreter/linkResolver.cpp, line 782]
Event: 0.528 Thread 0x00007fb1b600f600 Exception <a 'java/lang/NoSuchMethodError'{0x0000000787a0d7f8}: 'void java.lang.invoke.DirectMethodHandle$Holder.invokeStaticInit(java.lang.Object, int, int)'> (0x0000000787a0d7f8) 
thrown [./open/src/hotspot/share/interpreter/linkResolver.cpp, line 782]
Event: 0.651 Thread 0x00007fb1b600f600 Exception <a 'java/lang/NoSuchMethodError'{0x0000000787941ee0}: 'void java.lang.invoke.DirectMethodHandle$Holder.invokeStatic(java.lang.Object, java.lang.Object)'> (0x0000000787941ee0) 
thrown [./open/src/hotspot/share/interpreter/linkResolver.cpp, line 782]
Event: 0.651 Thread 0x00007fb1b600f600 Exception <a 'java/lang/NoSuchMethodError'{0x0000000787945900}: 'void java.lang.invoke.DirectMethodHandle$Holder.invokeStaticInit(java.lang.Object, java.lang.Object)'> (0x0000000787945900) 
thrown [./open/src/hotspot/share/interpreter/linkResolver.cpp, line 782]
Event: 0.737 Thread 0x00007fb1b600f600 Exception <a 'java/lang/NoSuchMethodError'{0x00000007878164e0}: 'void java.lang.invoke.DirectMethodHandle$Holder.invokeStatic(java.lang.Object, java.lang.Object, java.lang.Object, java.lang.Object)'> (0x00000007878164e0) 
thrown [./open/src/hotspot/share/interpreter/linkResolver.cpp, line 782]
Event: 0.741 Thread 0x00007fb1b7048200 Exception <a 'java/lang/ClassNotFoundException'{0x000000078785af80}: sun/awt/resources/spi/awtProvider> (0x000000078785af80) 
thrown [./open/src/hotspot/share/classfile/systemDictionary.cpp, line 295]
Event: 0.781 Thread 0x00007fb1b7048200 Exception <a 'java/io/FileNotFoundException'{0x00000007878e8430}> (0x00000007878e8430) 
thrown [./open/src/hotspot/share/prims/jni.cpp, line 578]
Event: 0.795 Thread 0x00007fb1b7048200 Exception <a 'java/io/FileNotFoundException'{0x00000007877170c0}> (0x00000007877170c0) 
thrown [./open/src/hotspot/share/prims/jni.cpp, line 578]
Event: 0.797 Thread 0x00007fb1b7048200 Exception <a 'java/lang/NoSuchMethodError'{0x00000007877180e0}: 'java.lang.Object java.lang.invoke.DirectMethodHandle$Holder.invokeStatic(java.lang.Object)'> (0x00000007877180e0) 
thrown [./open/src/hotspot/share/interpreter/linkResolver.cpp, line 782]
Event: 0.797 Thread 0x00007fb1b7048200 Exception <a 'java/lang/NoSuchMethodError'{0x000000078771b750}: 'java.lang.Object java.lang.invoke.DirectMethodHandle$Holder.invokeStaticInit(java.lang.Object)'> (0x000000078771b750) 
thrown [./open/src/hotspot/share/interpreter/linkResolver.cpp, line 782]
Event: 0.801 Thread 0x00007fb1b7048200 Exception <a 'java/lang/ClassNotFoundException'{0x0000000787721918}: sun/awt/resources/spi/awtosxProvider> (0x0000000787721918) 
thrown [./open/src/hotspot/share/classfile/systemDictionary.cpp, line 295]

Events (20 events):
Event: 1.248 loading class java/nio/StringCharBuffer
Event: 1.249 loading class java/nio/StringCharBuffer done
Event: 1.260 loading class java/awt/Image
Event: 1.260 loading class java/awt/Image done
Event: 1.260 loading class java/awt/image/BufferedImage
Event: 1.261 loading class java/awt/image/WritableRenderedImage
Event: 1.261 loading class java/awt/image/RenderedImage
Event: 1.261 loading class java/awt/image/RenderedImage done
Event: 1.261 loading class java/awt/image/WritableRenderedImage done
Event: 1.261 loading class java/awt/Transparency
Event: 1.261 loading class java/awt/Transparency done
Event: 1.261 loading class java/awt/image/BufferedImage done
Event: 1.261 loading class java/awt/IllegalComponentStateException
Event: 1.261 loading class java/awt/IllegalComponentStateException done
Event: 1.261 loading class java/awt/GraphicsConfiguration
Event: 1.261 loading class java/awt/GraphicsConfiguration done
Event: 1.261 loading class java/awt/Point
Event: 1.261 loading class java/awt/geom/Point2D
Event: 1.261 loading class java/awt/geom/Point2D done
Event: 1.261 loading class java/awt/Point done


Dynamic libraries:
0x00007fff6ba6e000 	/usr/lib/libz.1.dylib
0x0000000105b05000 	/Library/Java/JavaVirtualMachines/jdk-15.0.2.jdk/Contents/Home/lib/libjli.dylib
0x00007fff31471000 	/System/Library/Frameworks/Cocoa.framework/Versions/A/Cocoa
0x00007fff3ecc4000 	/System/Library/Frameworks/Security.framework/Versions/A/Security
0x00007fff303d7000 	/System/Library/Frameworks/ApplicationServices.framework/Versions/A/ApplicationServices
0x00007fff694a2000 	/usr/lib/libSystem.B.dylib
0x00007fff6c32f000 	/usr/lib/system/libcache.dylib
0x00007fff6c335000 	/usr/lib/system/libcommonCrypto.dylib
0x00007fff6c341000 	/usr/lib/system/libcompiler_rt.dylib
0x00007fff6c349000 	/usr/lib/system/libcopyfile.dylib
0x00007fff6c353000 	/usr/lib/system/libcorecrypto.dylib
0x00007fff6c4f2000 	/usr/lib/system/libdispatch.dylib
0x00007fff6c533000 	/usr/lib/system/libdyld.dylib
0x00007fff6c56a000 	/usr/lib/system/libkeymgr.dylib
0x00007fff6c578000 	/usr/lib/system/liblaunch.dylib
0x00007fff6c579000 	/usr/lib/system/libmacho.dylib
0x00007fff6c57f000 	/usr/lib/system/libquarantine.dylib
0x00007fff6c582000 	/usr/lib/system/libremovefile.dylib
0x00007fff6c584000 	/usr/lib/system/libsystem_asl.dylib
0x00007fff6c59c000 	/usr/lib/system/libsystem_blocks.dylib
0x00007fff6c59d000 	/usr/lib/system/libsystem_c.dylib
0x00007fff6c625000 	/usr/lib/system/libsystem_configuration.dylib
0x00007fff6c629000 	/usr/lib/system/libsystem_coreservices.dylib
0x00007fff6c62d000 	/usr/lib/system/libsystem_darwin.dylib
0x00007fff6c636000 	/usr/lib/system/libsystem_dnssd.dylib
0x00007fff6c63e000 	/usr/lib/system/libsystem_featureflags.dylib
0x00007fff6c640000 	/usr/lib/system/libsystem_info.dylib
0x00007fff6c6bb000 	/usr/lib/system/libsystem_m.dylib
0x00007fff6c707000 	/usr/lib/system/libsystem_malloc.dylib
0x00007fff6c72f000 	/usr/lib/system/libsystem_networkextension.dylib
0x00007fff6c73d000 	/usr/lib/system/libsystem_notify.dylib
0x00007fff6c75b000 	/usr/lib/system/libsystem_sandbox.dylib
0x00007fff6c760000 	/usr/lib/system/libsystem_secinit.dylib
0x00007fff6c68e000 	/usr/lib/system/libsystem_kernel.dylib
0x00007fff6c747000 	/usr/lib/system/libsystem_platform.dylib
0x00007fff6c750000 	/usr/lib/system/libsystem_pthread.dylib
0x00007fff6c763000 	/usr/lib/system/libsystem_symptoms.dylib
0x00007fff6c76b000 	/usr/lib/system/libsystem_trace.dylib
0x00007fff6c783000 	/usr/lib/system/libunwind.dylib
0x00007fff6c789000 	/usr/lib/system/libxpc.dylib
0x00007fff6b39b000 	/usr/lib/libobjc.A.dylib
0x00007fff69871000 	/usr/lib/libc++abi.dylib
0x00007fff6981e000 	/usr/lib/libc++.1.dylib
0x00007fff32324000 	/System/Library/Frameworks/CoreFoundation.framework/Versions/A/CoreFoundation
0x00007fff34a07000 	/System/Library/Frameworks/Foundation.framework/Versions/C/Foundation
0x00007fff2f5c9000 	/System/Library/Frameworks/AppKit.framework/Versions/C/AppKit
0x00007fff31df5000 	/System/Library/Frameworks/CoreData.framework/Versions/A/CoreData
0x00007fff6348f000 	/System/Library/PrivateFrameworks/UIFoundation.framework/Versions/A/UIFoundation
0x00007fff5e523000 	/System/Library/PrivateFrameworks/RemoteViewServices.framework/Versions/A/RemoteViewServices
0x00007fff66012000 	/System/Library/PrivateFrameworks/XCTTargetBootstrap.framework/Versions/A/XCTTargetBootstrap
0x00007fff321f1000 	/System/Library/Frameworks/CoreDisplay.framework/Versions/A/CoreDisplay
0x00007fff378c6000 	/System/Library/Frameworks/Metal.framework/Versions/A/Metal
0x00007fff4c4e2000 	/System/Library/PrivateFrameworks/DesktopServicesPriv.framework/Versions/A/DesktopServicesPriv
0x00007fff6a676000 	/usr/lib/liblangid.dylib
0x00007fff4b777000 	/System/Library/PrivateFrameworks/CoreSVG.framework/Versions/A/CoreSVG
0x00007fff6167f000 	/System/Library/PrivateFrameworks/SkyLight.framework/Versions/A/SkyLight
0x00007fff327a7000 	/System/Library/Frameworks/CoreGraphics.framework/Versions/A/CoreGraphics
0x00007fff2df38000 	/System/Library/Frameworks/Accelerate.framework/Versions/A/Accelerate
0x00007fff6b95f000 	/usr/lib/libxml2.2.dylib
0x00007fff57484000 	/System/Library/PrivateFrameworks/IconServices.framework/Versions/A/IconServices
0x00007fff351e6000 	/System/Library/Frameworks/IOSurface.framework/Versions/A/IOSurface
0x00007fff68fcc000 	/usr/lib/libDiagnosticMessagesClient.dylib
0x00007fff4c33c000 	/System/Library/PrivateFrameworks/DFRFoundation.framework/Versions/A/DFRFoundation
0x00007fff6a405000 	/usr/lib/libicucore.A.dylib
0x00007fff30709000 	/System/Library/Frameworks/AudioToolbox.framework/Versions/A/AudioToolbox
0x00007fff307ec000 	/System/Library/Frameworks/AudioUnit.framework/Versions/A/AudioUnit
0x00007fff6973a000 	/usr/lib/libauto.dylib
0x00007fff4c3de000 	/System/Library/PrivateFrameworks/DataDetectorsCore.framework/Versions/A/DataDetectorsCore
0x00007fff30f92000 	/System/Library/Frameworks/Carbon.framework/Versions/A/Frameworks/HIToolbox.framework/Versions/A/HIToolbox
0x00007fff3debd000 	/System/Library/Frameworks/QuartzCore.framework/Versions/A/QuartzCore
0x00007fff312d1000 	/System/Library/Frameworks/Carbon.framework/Versions/A/Frameworks/SpeechRecognition.framework/Versions/A/SpeechRecognition
0x00007fff4be50000 	/System/Library/PrivateFrameworks/CoreUI.framework/Versions/A/CoreUI
0x00007fff31860000 	/System/Library/Frameworks/CoreAudio.framework/Versions/A/CoreAudio
0x00007fff346c6000 	/System/Library/Frameworks/DiskArbitration.framework/Versions/A/DiskArbitration
0x00007fff594fc000 	/System/Library/PrivateFrameworks/MultitouchSupport.framework/Versions/A/MultitouchSupport
0x00007fff6a2ca000 	/usr/lib/libenergytrace.dylib
0x00007fff35140000 	/System/Library/Frameworks/IOKit.framework/Versions/A/IOKit
0x00007fff33731000 	/System/Library/Frameworks/CoreServices.framework/Versions/A/CoreServices
0x00007fff5b6b6000 	/System/Library/PrivateFrameworks/PerformanceAnalysis.framework/Versions/A/PerformanceAnalysis
0x00007fff3cef0000 	/System/Library/Frameworks/OpenGL.framework/Versions/A/OpenGL
0x00007fff3147f000 	/System/Library/Frameworks/ColorSync.framework/Versions/A/ColorSync
0x00007fff32e4d000 	/System/Library/Frameworks/CoreImage.framework/Versions/A/CoreImage
0x00007fff341a5000 	/System/Library/Frameworks/CoreText.framework/Versions/A/CoreText
0x00007fff35276000 	/System/Library/Frameworks/ImageIO.framework/Versions/A/ImageIO
0x00007fff6989a000 	/usr/lib/libcompression.dylib
0x00007fff69310000 	/usr/lib/libMobileGestalt.dylib
0x00007fff631f9000 	/System/Library/PrivateFrameworks/TextureIO.framework/Versions/A/TextureIO
0x00007fff69607000 	/usr/lib/libate.dylib
0x00007fff5768d000 	/System/Library/PrivateFrameworks/InternationalSupport.framework/Versions/A/InternationalSupport
0x00007fff6a678000 	/usr/lib/liblzma.5.dylib
0x00007fff6a2f3000 	/usr/lib/libfakelink.dylib
0x00007fff69594000 	/usr/lib/libarchive.2.dylib
0x00007fff3fd77000 	/System/Library/Frameworks/SystemConfiguration.framework/Versions/A/SystemConfiguration
0x00007fff68eff000 	/usr/lib/libCRFSuite.dylib
0x00007fff30b83000 	/System/Library/Frameworks/CFNetwork.framework/Versions/A/CFNetwork
0x00007fff69800000 	/usr/lib/libbsm.0.dylib
0x00007fff6c56b000 	/usr/lib/system/libkxld.dylib
0x00007fff45cb6000 	/System/Library/PrivateFrameworks/AppleFSCompression.framework/Versions/A/AppleFSCompression
0x00007fff69b8c000 	/usr/lib/libcoretls.dylib
0x00007fff69ba3000 	/usr/lib/libcoretls_cfhelpers.dylib
0x00007fff6b3e0000 	/usr/lib/libpam.2.dylib
0x00007fff6b515000 	/usr/lib/libsqlite3.dylib
0x00007fff6b94c000 	/usr/lib/libxar.1.dylib
0x00007fff69811000 	/usr/lib/libbz2.1.0.dylib
0x00007fff6a314000 	/usr/lib/libiconv.2.dylib
0x00007fff69887000 	/usr/lib/libcharset.1.dylib
0x00007fff6ae7e000 	/usr/lib/libnetwork.dylib
0x00007fff6b3e7000 	/usr/lib/libpcap.A.dylib
0x00007fff69549000 	/usr/lib/libapple_nghttp2.dylib
0x00007fff33ae8000 	/System/Library/Frameworks/CoreServices.framework/Versions/A/Frameworks/FSEvents.framework/Versions/A/FSEvents
0x00007fff337b8000 	/System/Library/Frameworks/CoreServices.framework/Versions/A/Frameworks/CarbonCore.framework/Versions/A/CarbonCore
0x00007fff33d2d000 	/System/Library/Frameworks/CoreServices.framework/Versions/A/Frameworks/Metadata.framework/Versions/A/Metadata
0x00007fff33dc6000 	/System/Library/Frameworks/CoreServices.framework/Versions/A/Frameworks/OSServices.framework/Versions/A/OSServices
0x00007fff33df4000 	/System/Library/Frameworks/CoreServices.framework/Versions/A/Frameworks/SearchKit.framework/Versions/A/SearchKit
0x00007fff33732000 	/System/Library/Frameworks/CoreServices.framework/Versions/A/Frameworks/AE.framework/Versions/A/AE
0x00007fff33af1000 	/System/Library/Frameworks/CoreServices.framework/Versions/A/Frameworks/LaunchServices.framework/Versions/A/LaunchServices
0x00007fff33a9a000 	/System/Library/Frameworks/CoreServices.framework/Versions/A/Frameworks/DictionaryServices.framework/Versions/A/DictionaryServices
0x00007fff33e5c000 	/System/Library/Frameworks/CoreServices.framework/Versions/A/Frameworks/SharedFileList.framework/Versions/A/SharedFileList
0x00007fff38d0f000 	/System/Library/Frameworks/NetFS.framework/Versions/A/NetFS
0x00007fff59a2c000 	/System/Library/PrivateFrameworks/NetAuth.framework/Versions/A/NetAuth
0x00007fff663df000 	/System/Library/PrivateFrameworks/login.framework/Versions/A/Frameworks/loginsupport.framework/Versions/A/loginsupport
0x00007fff62cc4000 	/System/Library/PrivateFrameworks/TCC.framework/Versions/A/TCC
0x00007fff4a8ea000 	/System/Library/PrivateFrameworks/CoreNLP.framework/Versions/A/CoreNLP
0x00007fff58f01000 	/System/Library/PrivateFrameworks/MetadataUtilities.framework/Versions/A/MetadataUtilities
0x00007fff6a750000 	/usr/lib/libmecabra.dylib
0x00007fff6a6a8000 	/usr/lib/libmecab.dylib
0x00007fff6a304000 	/usr/lib/libgermantok.dylib
0x00007fff69530000 	/usr/lib/libThaiTokenizer.dylib
0x00007fff68f36000 	/usr/lib/libChineseTokenizer.dylib
0x00007fff2df51000 	/System/Library/Frameworks/Accelerate.framework/Versions/A/Frameworks/vImage.framework/Versions/A/vImage
0x00007fff2f41f000 	/System/Library/Frameworks/Accelerate.framework/Versions/A/Frameworks/vecLib.framework/Versions/A/vecLib
0x00007fff2f2a0000 	/System/Library/Frameworks/Accelerate.framework/Versions/A/Frameworks/vecLib.framework/Versions/A/libvMisc.dylib
0x00007fff2f10d000 	/System/Library/Frameworks/Accelerate.framework/Versions/A/Frameworks/vecLib.framework/Versions/A/libvDSP.dylib
0x00007fff2e7ed000 	/System/Library/Frameworks/Accelerate.framework/Versions/A/Frameworks/vecLib.framework/Versions/A/libBLAS.dylib
0x00007fff2ecc5000 	/System/Library/Frameworks/Accelerate.framework/Versions/A/Frameworks/vecLib.framework/Versions/A/libLAPACK.dylib
0x00007fff2f06d000 	/System/Library/Frameworks/Accelerate.framework/Versions/A/Frameworks/vecLib.framework/Versions/A/libLinearAlgebra.dylib
0x00007fff2f0fa000 	/System/Library/Frameworks/Accelerate.framework/Versions/A/Frameworks/vecLib.framework/Versions/A/libSparseBLAS.dylib
0x00007fff2f083000 	/System/Library/Frameworks/Accelerate.framework/Versions/A/Frameworks/vecLib.framework/Versions/A/libQuadrature.dylib
0x00007fff2e983000 	/System/Library/Frameworks/Accelerate.framework/Versions/A/Frameworks/vecLib.framework/Versions/A/libBNNS.dylib
0x00007fff2f089000 	/System/Library/Frameworks/Accelerate.framework/Versions/A/Frameworks/vecLib.framework/Versions/A/libSparse.dylib
0x00007fff57a75000 	/System/Library/PrivateFrameworks/LanguageModeling.framework/Versions/A/LanguageModeling
0x00007fff4a299000 	/System/Library/PrivateFrameworks/CoreEmoji.framework/Versions/A/CoreEmoji
0x00007fff57b93000 	/System/Library/PrivateFrameworks/LinguisticData.framework/Versions/A/LinguisticData
0x00007fff57b44000 	/System/Library/PrivateFrameworks/Lexicon.framework/Versions/A/Lexicon
0x00007fff69888000 	/usr/lib/libcmph.dylib
0x00007fff3b8fe000 	/System/Library/Frameworks/OpenDirectory.framework/Versions/A/Frameworks/CFOpenDirectory.framework/Versions/A/CFOpenDirectory
0x00007fff3b91b000 	/System/Library/Frameworks/OpenDirectory.framework/Versions/A/OpenDirectory
0x00007fff43d61000 	/System/Library/PrivateFrameworks/APFS.framework/Versions/A/APFS
0x00007fff3f010000 	/System/Library/Frameworks/SecurityFoundation.framework/Versions/A/SecurityFoundation
0x00007fff6b948000 	/usr/lib/libutil.dylib
0x00007fff4b7cf000 	/System/Library/PrivateFrameworks/CoreServicesStore.framework/Versions/A/CoreServicesStore
0x00007fff3f0c7000 	/System/Library/Frameworks/ServiceManagement.framework/Versions/A/ServiceManagement
0x00007fff47487000 	/System/Library/PrivateFrameworks/BackgroundTaskManagement.framework/Versions/A/BackgroundTaskManagement
0x00007fff6ba45000 	/usr/lib/libxslt.1.dylib
0x00007fff46329000 	/System/Library/PrivateFrameworks/AppleSystemInfo.framework/Versions/A/AppleSystemInfo
0x00007fff35495000 	/System/Library/Frameworks/ImageIO.framework/Versions/A/Resources/libJPEG.dylib
0x00007fff35754000 	/System/Library/Frameworks/ImageIO.framework/Versions/A/Resources/libTIFF.dylib
0x00007fff35737000 	/System/Library/Frameworks/ImageIO.framework/Versions/A/Resources/libPng.dylib
0x00007fff353d7000 	/System/Library/Frameworks/ImageIO.framework/Versions/A/Resources/libGIF.dylib
0x00007fff353db000 	/System/Library/Frameworks/ImageIO.framework/Versions/A/Resources/libJP2.dylib
0x00007fff35752000 	/System/Library/Frameworks/ImageIO.framework/Versions/A/Resources/libRadiance.dylib
0x00007fff6a2cb000 	/usr/lib/libexpat.1.dylib
0x00007fff45e11000 	/System/Library/PrivateFrameworks/AppleJPEG.framework/Versions/A/AppleJPEG
0x00007fff4eae5000 	/System/Library/PrivateFrameworks/FontServices.framework/libFontParser.dylib
0x00007fff653e1000 	/System/Library/PrivateFrameworks/WatchdogClient.framework/Versions/A/WatchdogClient
0x00007fff570d0000 	/System/Library/PrivateFrameworks/IOAccelerator.framework/Versions/A/IOAccelerator
0x00007fff37c61000 	/System/Library/Frameworks/MetalPerformanceShaders.framework/Versions/A/MetalPerformanceShaders
0x00007fff53860000 	/System/Library/PrivateFrameworks/GPUWrangler.framework/Versions/A/GPUWrangler
0x00007fff570e5000 	/System/Library/PrivateFrameworks/IOPresentment.framework/Versions/A/IOPresentment
0x00007fff4c34f000 	/System/Library/PrivateFrameworks/DSExternalDisplay.framework/Versions/A/DSExternalDisplay
0x00007fff3c28f000 	/System/Library/Frameworks/OpenGL.framework/Versions/A/Libraries/libCoreFSCache.dylib
0x00007fff379ad000 	/System/Library/Frameworks/MetalPerformanceShaders.framework/Frameworks/MPSCore.framework/Versions/A/MPSCore
0x00007fff379eb000 	/System/Library/Frameworks/MetalPerformanceShaders.framework/Frameworks/MPSImage.framework/Versions/A/MPSImage
0x00007fff37ab2000 	/System/Library/Frameworks/MetalPerformanceShaders.framework/Frameworks/MPSNeuralNetwork.framework/Versions/A/MPSNeuralNetwork
0x00007fff37a76000 	/System/Library/Frameworks/MetalPerformanceShaders.framework/Frameworks/MPSMatrix.framework/Versions/A/MPSMatrix
0x00007fff37c11000 	/System/Library/Frameworks/MetalPerformanceShaders.framework/Frameworks/MPSRayIntersector.framework/Versions/A/MPSRayIntersector
0x00007fff37a9c000 	/System/Library/Frameworks/MetalPerformanceShaders.framework/Frameworks/MPSNDArray.framework/Versions/A/MPSNDArray
0x00007fff58f4e000 	/System/Library/PrivateFrameworks/MetalTools.framework/Versions/A/MetalTools
0x00007fff44f3b000 	/System/Library/PrivateFrameworks/AggregateDictionary.framework/Versions/A/AggregateDictionary
0x00007fff49ce1000 	/System/Library/PrivateFrameworks/CoreAnalytics.framework/Versions/A/CoreAnalytics
0x00007fff46248000 	/System/Library/PrivateFrameworks/AppleSauce.framework/Versions/A/AppleSauce
0x00007fff691f2000 	/usr/lib/libIOReport.dylib
0x00007fff3435d000 	/System/Library/Frameworks/CoreVideo.framework/Versions/A/CoreVideo
0x00007fff54cd9000 	/System/Library/PrivateFrameworks/GraphVisualizer.framework/Versions/A/GraphVisualizer
0x00007fff4e02b000 	/System/Library/PrivateFrameworks/FaceCore.framework/Versions/A/FaceCore
0x00007fff3b8a5000 	/System/Library/Frameworks/OpenCL.framework/Versions/A/OpenCL
0x00007fff69014000 	/usr/lib/libFosl_dynamic.dylib
0x00007fff5a44d000 	/System/Library/PrivateFrameworks/OTSVG.framework/Versions/A/OTSVG
0x00007fff304dc000 	/System/Library/Frameworks/ApplicationServices.framework/Versions/A/Frameworks/ATS.framework/Versions/A/Resources/libFontRegistry.dylib
0x00007fff4ecb4000 	/System/Library/PrivateFrameworks/FontServices.framework/libhvf.dylib
0x00007fff3c29a000 	/System/Library/Frameworks/OpenGL.framework/Versions/A/Libraries/libGFXShared.dylib
0x00007fff3c478000 	/System/Library/Frameworks/OpenGL.framework/Versions/A/Libraries/libGLU.dylib
0x00007fff3c2a3000 	/System/Library/Frameworks/OpenGL.framework/Versions/A/Libraries/libGL.dylib
0x00007fff3c2ae000 	/System/Library/Frameworks/OpenGL.framework/Versions/A/Libraries/libGLImage.dylib
0x00007fff3c28c000 	/System/Library/Frameworks/OpenGL.framework/Versions/A/Libraries/libCVMSPluginSupport.dylib
0x00007fff3c295000 	/System/Library/Frameworks/OpenGL.framework/Versions/A/Libraries/libCoreVMClient.dylib
0x00007fff6ad1f000 	/usr/lib/libncurses.5.4.dylib
0x00007fff303d8000 	/System/Library/Frameworks/ApplicationServices.framework/Versions/A/Frameworks/ATS.framework/Versions/A/ATS
0x00007fff305a5000 	/System/Library/Frameworks/ApplicationServices.framework/Versions/A/Frameworks/ColorSyncLegacy.framework/Versions/A/ColorSyncLegacy
0x00007fff30643000 	/System/Library/Frameworks/ApplicationServices.framework/Versions/A/Frameworks/HIServices.framework/Versions/A/HIServices
0x00007fff3069b000 	/System/Library/Frameworks/ApplicationServices.framework/Versions/A/Frameworks/LangAnalysis.framework/Versions/A/LangAnalysis
0x00007fff306aa000 	/System/Library/Frameworks/ApplicationServices.framework/Versions/A/Frameworks/PrintCore.framework/Versions/A/PrintCore
0x00007fff306f0000 	/System/Library/Frameworks/ApplicationServices.framework/Versions/A/Frameworks/QD.framework/Versions/A/QD
0x00007fff306fb000 	/System/Library/Frameworks/ApplicationServices.framework/Versions/A/Frameworks/SpeechSynthesis.framework/Versions/A/SpeechSynthesis
0x00007fff30575000 	/System/Library/Frameworks/ApplicationServices.framework/Versions/A/Frameworks/ATSUI.framework/Versions/A/ATSUI
0x00007fff6a161000 	/usr/lib/libcups.2.dylib
0x00007fff36cfc000 	/System/Library/Frameworks/Kerberos.framework/Versions/A/Kerberos
0x00007fff34e39000 	/System/Library/Frameworks/GSS.framework/Versions/A/GSS
0x00007fff6b4a1000 	/usr/lib/libresolv.9.dylib
0x00007fff54e86000 	/System/Library/PrivateFrameworks/Heimdal.framework/Versions/A/Heimdal
0x00007fff36d0f000 	/System/Library/Frameworks/Kerberos.framework/Versions/A/Libraries/libHeimdalProxy.dylib
0x00007fff6a30a000 	/usr/lib/libheimdal-asn1.dylib
0x00007fff49179000 	/System/Library/PrivateFrameworks/CommonAuth.framework/Versions/A/CommonAuth
0x00007fff463c6000 	/System/Library/PrivateFrameworks/AssertionServices.framework/Versions/A/AssertionServices
0x00007fff46f69000 	/System/Library/PrivateFrameworks/AudioToolboxCore.framework/Versions/A/AudioToolboxCore
0x00007fff6608f000 	/System/Library/PrivateFrameworks/caulk.framework/Versions/A/caulk
0x00007fff47533000 	/System/Library/PrivateFrameworks/BaseBoard.framework/Versions/A/BaseBoard
0x00007fff5e6b1000 	/System/Library/PrivateFrameworks/RunningBoardServices.framework/Versions/A/RunningBoardServices
0x00007fff5b6c2000 	/System/Library/PrivateFrameworks/PersistentConnection.framework/Versions/A/PersistentConnection
0x00007fff5e0aa000 	/System/Library/PrivateFrameworks/ProtocolBuffer.framework/Versions/A/ProtocolBuffer
0x00007fff4919d000 	/System/Library/PrivateFrameworks/CommonUtilities.framework/Versions/A/CommonUtilities
0x00007fff476c1000 	/System/Library/PrivateFrameworks/Bom.framework/Versions/A/Bom
0x00007fff68ec5000 	/usr/lib/libAudioToolboxUtility.dylib
0x00007fff47491000 	/System/Library/PrivateFrameworks/Backup.framework/Versions/A/Backup
0x00007fff4c270000 	/System/Library/PrivateFrameworks/CrashReporterSupport.framework/Versions/A/CrashReporterSupport
0x00007fff60143000 	/System/Library/PrivateFrameworks/Sharing.framework/Versions/A/Sharing
0x00007fff459d4000 	/System/Library/PrivateFrameworks/Apple80211.framework/Versions/A/Apple80211
0x00007fff471ae000 	/System/Library/PrivateFrameworks/AuthKit.framework/Versions/A/AuthKit
0x00007fff4bf7d000 	/System/Library/PrivateFrameworks/CoreUtils.framework/Versions/A/CoreUtils
0x00007fff343a2000 	/System/Library/Frameworks/CoreWLAN.framework/Versions/A/CoreWLAN
0x00007fff34fc6000 	/System/Library/Frameworks/IOBluetooth.framework/Versions/A/IOBluetooth
0x00007fff5927b000 	/System/Library/PrivateFrameworks/MobileKeyBag.framework/Versions/A/MobileKeyBag
0x00007fff4ad82000 	/System/Library/PrivateFrameworks/CorePhoneNumbers.framework/Versions/A/CorePhoneNumbers
0x00007fff45dc4000 	/System/Library/PrivateFrameworks/AppleIDAuthSupport.framework/Versions/A/AppleIDAuthSupport
0x00007fff38d1c000 	/System/Library/Frameworks/Network.framework/Versions/A/Network
0x00007fff57921000 	/System/Library/PrivateFrameworks/KeychainCircle.framework/Versions/A/KeychainCircle
0x00007fff31dbc000 	/System/Library/Frameworks/CoreBluetooth.framework/Versions/A/CoreBluetooth
0x00007fff621c2000 	/System/Library/PrivateFrameworks/SpeechRecognitionCore.framework/Versions/A/SpeechRecognitionCore
0x00007fff25331000 	/System/Library/CoreServices/Encodings/libCyrillicConverter.dylib
0x0000000106400000 	/Library/Java/JavaVirtualMachines/jdk-15.0.2.jdk/Contents/Home/lib/server/libjvm.dylib
0x0000000105b29000 	/Library/Java/JavaVirtualMachines/jdk-15.0.2.jdk/Contents/Home/lib/libjimage.dylib
0x0000000105b7f000 	/Library/Java/JavaVirtualMachines/jdk-15.0.2.jdk/Contents/Home/lib/libjava.dylib
0x0000000110aa4000 	/Library/Java/JavaVirtualMachines/jdk-15.0.2.jdk/Contents/Home/lib/libnio.dylib
0x0000000110ab8000 	/Library/Java/JavaVirtualMachines/jdk-15.0.2.jdk/Contents/Home/lib/libnet.dylib
0x0000000110ad1000 	/Library/Java/JavaVirtualMachines/jdk-15.0.2.jdk/Contents/Home/lib/libzip.dylib
0x0000000110adf000 	/Library/Java/JavaVirtualMachines/jdk-15.0.2.jdk/Contents/Home/lib/libverify.dylib
0x0000000110af0000 	/private/var/folders/c0/d63ctn4x70q87f_r701qtxp40000gn/T/libgdxmacbookpro/cdf099a0/libgdx64.dylib
0x0000000110b22000 	/Library/Java/JavaVirtualMachines/jdk-15.0.2.jdk/Contents/Home/lib/libawt.dylib
0x0000000110bd9000 	/Library/Java/JavaVirtualMachines/jdk-15.0.2.jdk/Contents/Home/lib/libmlib_image.dylib
0x00007fff36ce6000 	/System/Library/Frameworks/JavaVM.framework/Versions/A/Frameworks/JavaNativeFoundation.framework/Versions/A/JavaNativeFoundation
0x00007fff36cef000 	/System/Library/Frameworks/JavaVM.framework/Versions/A/Frameworks/JavaRuntimeSupport.framework/Versions/A/JavaRuntimeSupport
0x00007fff36cf7000 	/System/Library/Frameworks/JavaVM.framework/Versions/A/JavaVM
0x00007fff57738000 	/System/Library/PrivateFrameworks/JavaLaunching.framework/Versions/A/JavaLaunching
0x00007fff30f8d000 	/System/Library/Frameworks/Carbon.framework/Versions/A/Carbon
0x00007fff4bd22000 	/System/Library/PrivateFrameworks/CoreSymbolication.framework/Versions/A/CoreSymbolication
0x00007fff30f8e000 	/System/Library/Frameworks/Carbon.framework/Versions/A/Frameworks/CommonPanels.framework/Versions/A/CommonPanels
0x00007fff31287000 	/System/Library/Frameworks/Carbon.framework/Versions/A/Frameworks/Help.framework/Versions/A/Help
0x00007fff3128b000 	/System/Library/Frameworks/Carbon.framework/Versions/A/Frameworks/ImageCapture.framework/Versions/A/ImageCapture
0x00007fff31292000 	/System/Library/Frameworks/Carbon.framework/Versions/A/Frameworks/OpenScripting.framework/Versions/A/OpenScripting
0x00007fff31291000 	/System/Library/Frameworks/Carbon.framework/Versions/A/Frameworks/Ink.framework/Versions/A/Ink
0x00007fff312cd000 	/System/Library/Frameworks/Carbon.framework/Versions/A/Frameworks/Print.framework/Versions/A/Print
0x00007fff312ce000 	/System/Library/Frameworks/Carbon.framework/Versions/A/Frameworks/SecurityHI.framework/Versions/A/SecurityHI
0x00007fff4c4a4000 	/System/Library/PrivateFrameworks/DebugSymbols.framework/Versions/A/DebugSymbols
0x0000000127914000 	/Library/Java/JavaVirtualMachines/jdk-15.0.2.jdk/Contents/Home/lib/libawt_lwawt.dylib
0x0000000110c75000 	/Library/Java/JavaVirtualMachines/jdk-15.0.2.jdk/Contents/Home/lib/libosxapp.dylib
0x00007fff348a2000 	/System/Library/Frameworks/ExceptionHandling.framework/Versions/A/ExceptionHandling
0x00000001279ce000 	/Library/Java/JavaVirtualMachines/jdk-15.0.2.jdk/Contents/Home/lib/libfontmanager.dylib
0x0000000127afa000 	/Library/Java/JavaVirtualMachines/jdk-15.0.2.jdk/Contents/Home/lib/libfreetype.dylib
0x00007fff4b79b000 	/System/Library/PrivateFrameworks/CoreServicesInternal.framework/Versions/A/CoreServicesInternal
0x00007fff348c1000 	/System/Library/Frameworks/FileProvider.framework/Versions/A/FileProvider
0x00007fff2f420000 	/System/Library/Frameworks/Accounts.framework/Versions/A/Accounts
0x00007fff53b85000 	/System/Library/PrivateFrameworks/GenerationalStorage.framework/Versions/A/GenerationalStorage
0x00007fff62a04000 	/System/Library/PrivateFrameworks/SymptomDiagnosticReporter.framework/Versions/A/SymptomDiagnosticReporter
0x00007fff454d8000 	/System/Library/PrivateFrameworks/AppContainer.framework/Versions/A/AppContainer
0x00007fff6b4bb000 	/usr/lib/libsandbox.1.dylib
0x00007fff64384000 	/System/Library/PrivateFrameworks/UserManagement.framework/Versions/A/UserManagement
0x00007fff4827d000 	/System/Library/PrivateFrameworks/ChunkingLibrary.framework/Versions/A/ChunkingLibrary
0x00007fff4554a000 	/System/Library/PrivateFrameworks/AppSandbox.framework/Versions/A/AppSandbox
0x00007fff5ffcd000 	/System/Library/PrivateFrameworks/SecCodeWrapper.framework/Versions/A/SecCodeWrapper
0x00007fff692da000 	/usr/lib/libMatch.1.dylib
0x00007fff253a3000 	/System/Library/CoreServices/RawCamera.bundle/Contents/MacOS/RawCamera
0x00007fff5907d000 	/System/Library/PrivateFrameworks/MobileAsset.framework/Versions/A/MobileAsset
0x00007fff628ac000 	/System/Library/PrivateFrameworks/StreamingZip.framework/Versions/A/StreamingZip
0x00007fff37177000 	/System/Library/Frameworks/MediaToolbox.framework/Versions/A/MediaToolbox
0x00007fff49c91000 	/System/Library/PrivateFrameworks/CoreAVCHD.framework/Versions/A/CoreAVCHD
0x00007fff370a1000 	/System/Library/Frameworks/MediaAccessibility.framework/Versions/A/MediaAccessibility
0x00007fff58431000 	/System/Library/PrivateFrameworks/Mangrove.framework/Versions/A/Mangrove
0x00007fff33569000 	/System/Library/Frameworks/CoreMedia.framework/Versions/A/CoreMedia
0x00007fff5869d000 	/System/Library/PrivateFrameworks/MediaExperience.framework/Versions/A/MediaExperience
0x00007fff40071000 	/System/Library/Frameworks/VideoToolbox.framework/Versions/A/VideoToolbox
0x00007fff498bb000 	/System/Library/PrivateFrameworks/CoreAUC.framework/Versions/A/CoreAUC
0x00007fff6b513000 	/usr/lib/libspindump.dylib
0x00007fff46918000 	/System/Library/PrivateFrameworks/AudioResourceArbitration.framework/Versions/A/AudioResourceArbitration
0x00007fff4632d000 	/System/Library/PrivateFrameworks/AppleVA.framework/Versions/A/AppleVA
0x00007fff2df39000 	/System/Library/Frameworks/Accelerate.framework/Versions/A/Frameworks/vImage.framework/Versions/A/Libraries/libCGInterfaces.dylib
0x0000000110cb4000 	/usr/lib/libobjc-trampolines.dylib
0x00007fff4ec1c000 	/System/Library/PrivateFrameworks/FontServices.framework/libTrueTypeScaler.dylib
0x00007fff281d2000 	/System/Library/Extensions/AppleIntelHD4000GraphicsMTLDriver.bundle/Contents/MacOS/AppleIntelHD4000GraphicsMTLDriver
0x00007fff521a5000 	/System/Library/PrivateFrameworks/GPUCompiler.framework/Versions/3902/Libraries/libmetal_timestamp.dylib
0x00007fff65150000 	/System/Library/PrivateFrameworks/ViewBridge.framework/Versions/A/ViewBridge
0x000000012a0a6000 	/private/var/folders/c0/d63ctn4x70q87f_r701qtxp40000gn/T/libgdxmacbookpro/f7649394/liblwjgl.dylib
0x000000012a128000 	/Library/Java/JavaVirtualMachines/jdk-15.0.2.jdk/Contents/Home/lib/libjawt.dylib
0x00007fff3cf00000 	/System/Library/Frameworks/OpenGL.framework/Versions/A/Resources/GLEngine.bundle/GLEngine
0x00007fff3c2e3000 	/System/Library/Frameworks/OpenGL.framework/Versions/A/Libraries/libGLProgrammability.dylib
0x00007fff27cd4000 	/System/Library/Extensions/AppleIntelHD4000GraphicsGLDriver.bundle/Contents/MacOS/AppleIntelHD4000GraphicsGLDriver
0x00007fff53854000 	/System/Library/PrivateFrameworks/GPUSupport.framework/Versions/A/Libraries/libGPUSupportMercury.dylib
0x00007fff3d07a000 	/System/Library/Frameworks/OpenGL.framework/Versions/A/Resources/GLRendererFloat.bundle/GLRendererFloat
0x00007fff3b89c000 	/System/Library/Frameworks/OpenCL.framework/Versions/A/Libraries/libcldcpuengine.dylib
0x00007fff663e2000 	/System/Library/PrivateFrameworks/login.framework/Versions/A/login


VM Arguments:
jvm_args: -Dfile.encoding=UTF-8 -Duser.country=UA -Duser.language=ru -Duser.variant 
java_command: sk.tuke.kpi.oop.game.Main
java_class_path (initial): /Users/macbookpro/IdeaProjects/project-ellen/build/classes/java/main:/Users/macbookpro/IdeaProjects/project-ellen/build/resources/main:/Users/macbookpro/.gradle/caches/modules-2/files-2.1/sk.tuke.kpi.gamelib/gamelib-framework/2.6.0/bf87b88d822c6cd3a187a7cb90016e5af48489a7/gamelib-framework-2.6.0.jar:/Users/macbookpro/.gradle/caches/modules-2/files-2.1/sk.tuke.kpi.gamelib/gamelib-backend-lwjgl2/2.6.0/781718679e19e9cd26659868681f9cbe7a391ecc/gamelib-backend-lwjgl2-2.6.0.jar:/Users/macbookpro/.gradle/caches/modules-2/files-2.1/sk.tuke.kpi.gamelib/gamelib-inspector/2.6.0/6db69ef5b40f74786690f06db2cae2e18503c13c/gamelib-inspector-2.6.0.jar:/Users/macbookpro/.gradle/caches/modules-2/files-2.1/sk.tuke.kpi.gamelib/gamelib-core/2.6.0/191de4307f7dc42ad026845b3687df8d79ce22ea/gamelib-core-2.6.0.jar:/Users/macbookpro/.gradle/caches/modules-2/files-2.1/sk.tuke.kpi.oop/inspector/1.0.3/3b50ad759e2ad5fd379fd7880fc21172c691462c/inspector-1.0.3.jar:/Users/macbookpro/.gradle/caches/modules-2/files-2.1/sk.tuke.kpi.oop/inspector-annotations/1.0.3/8ec7fa0d9b8fdf63eb1da9ea2df7ba605f92bd6b/inspector-annotations-1.0.3.jar:/Users/macbookpro/.gradle/caches/modules-2/files-2.1/com.badlogicgames.gdx/gdx-backend-lwjgl/1.9.11/3c094feb74e2aef14e30e988326612ee75387c8f/gdx-backend-lwjgl-1.9.11.jar:/Users/macbookpro/.gradle/caches/modules-2/files-2.1/com.badlogicgames.gdx/gdx-freetype/1.9.11/e3d124aa5c89a2cfc134ed0c5e9dee4736a90618/gdx-freetype-1.9.11.jar:/Users/macbookpro/.gradle/caches/modules-2/files-2.1/com.badlogicgames.gdx/gdx-backend-headless/1.9.11/45391a2ac187161ea5db0f9ff71e1c6c98ecb29c/gdx-backend-headless-1.9.11.jar:/Users/macbookpro/.gradle/caches/modules-2/files-2.1/com.badlogicgames.gdx/gdx/1.9.11/69fe46897eed6f92e3f01b75cc7ca5f860881a8b/gdx-1.9.11.jar:/Users/macbookpro/.gradle/caches/modules-2/files-2.1/io.github.lukehutch/fast-classpath-scanner/3.1.9/d7b269925c9541d805f8ea1370edc2be2f04c3e/fast-classpath-scanner-3.1.9.jar:/Users/macbookpro/.gradle/caches/
Launcher Type: SUN_STANDARD

[Global flags]
     intx CICompilerCount                          = 3                                         {product} {ergonomic}
     uint ConcGCThreads                            = 1                                         {product} {ergonomic}
     uint G1ConcRefinementThreads                  = 4                                         {product} {ergonomic}
   size_t G1HeapRegionSize                         = 1048576                                   {product} {ergonomic}
    uintx GCDrainStackTargetSize                   = 64                                        {product} {ergonomic}
   size_t InitialHeapSize                          = 134217728                                 {product} {ergonomic}
   size_t MarkStackSize                            = 4194304                                   {product} {ergonomic}
   size_t MaxHeapSize                              = 2147483648                                {product} {ergonomic}
   size_t MaxNewSize                               = 1287651328                                {product} {ergonomic}
   size_t MinHeapDeltaBytes                        = 1048576                                   {product} {ergonomic}
   size_t MinHeapSize                              = 8388608                                   {product} {ergonomic}
    uintx NonNMethodCodeHeapSize                   = 5832780                                {pd product} {ergonomic}
    uintx NonProfiledCodeHeapSize                  = 122912730                              {pd product} {ergonomic}
    uintx ProfiledCodeHeapSize                     = 122912730                              {pd product} {ergonomic}
    uintx ReservedCodeCacheSize                    = 251658240                              {pd product} {ergonomic}
     bool SegmentedCodeCache                       = true                                      {product} {ergonomic}
   size_t SoftMaxHeapSize                          = 2147483648                             {manageable} {ergonomic}
     bool UseCompressedClassPointers               = true                                 {lp64_product} {ergonomic}
     bool UseCompressedOops                        = true                                 {lp64_product} {ergonomic}
     bool UseG1GC                                  = true                                      {product} {ergonomic}
     bool UseNUMA                                  = false                                     {product} {ergonomic}
     bool UseNUMAInterleaving                      = false                                     {product} {ergonomic}

Logging:
Log output configuration:
 #0: stdout all=warning uptime,level,tags
 #1: stderr all=off uptime,level,tags

Environment Variables:
PATH=/opt/local/bin:/opt/local/sbin:/Library/Frameworks/Python.framework/Versions/3.9/bin:/usr/local/bin:/usr/bin:/bin:/usr/sbin:/sbin:/Library/Apple/usr/bin
SHELL=/bin/zsh
LC_CTYPE=UTF-8

Signal Handlers:
SIGSEGV: [libjvm.dylib+0x9ff2f0], sa_mask[0]=11111111011111110111111111111111, sa_flags=SA_ONSTACK|SA_RESTART|SA_SIGINFO
SIGBUS: [libjvm.dylib+0x9ff2f0], sa_mask[0]=11111111011111110111111111111111, sa_flags=SA_RESTART|SA_SIGINFO
SIGFPE: [libjvm.dylib+0x9ff2f0], sa_mask[0]=11111111011111110111111111111111, sa_flags=SA_RESTART|SA_SIGINFO
SIGPIPE: [libjvm.dylib+0x82ae30], sa_mask[0]=11111111011111110111111111111111, sa_flags=SA_RESTART|SA_SIGINFO
SIGXFSZ: [libjvm.dylib+0x82ae30], sa_mask[0]=11111111011111110111111111111111, sa_flags=SA_RESTART|SA_SIGINFO
SIGILL: [libjvm.dylib+0x9ff2f0], sa_mask[0]=11111111011111110111111111111111, sa_flags=SA_RESTART|SA_SIGINFO
SIGUSR2: [libjvm.dylib+0x82b940], sa_mask[0]=00100000000000000000000000000000, sa_flags=SA_RESTART|SA_SIGINFO
SIGHUP: [libjvm.dylib+0x82a040], sa_mask[0]=11111111011111110111111111111111, sa_flags=SA_RESTART|SA_SIGINFO
SIGINT: [libjvm.dylib+0x82a040], sa_mask[0]=11111111011111110111111111111111, sa_flags=SA_RESTART|SA_SIGINFO
SIGTERM: [libjvm.dylib+0x82a040], sa_mask[0]=11111111011111110111111111111111, sa_flags=SA_RESTART|SA_SIGINFO
SIGQUIT: [libjvm.dylib+0x82a040], sa_mask[0]=11111111011111110111111111111111, sa_flags=SA_RESTART|SA_SIGINFO


---------------  S Y S T E M  ---------------

OS:uname: Darwin 19.6.0 Darwin Kernel Version 19.6.0: Thu Sep 16 20:58:47 PDT 2021; root:xnu-6153.141.40.1~1/RELEASE_X86_64 x86_64
OS uptime: 0 days 20:15 hours
rlimit (soft/hard): STACK 8192k/65532k , CORE 0k/infinity , NPROC 1392/2088 , NOFILE 10240/infinity , AS infinity/infinity , CPU infinity/infinity , DATA infinity/infinity , FSIZE infinity/infinity , MEMLOCK infinity/infinity , RSS infinity/infinity
load average: 2.64 3.10 2.72

CPU: total 4 (initial active 4) (2 cores per cpu, 2 threads per core) family 6 model 58 stepping 9 microcode 0x21, cmov, cx8, fxsr, mmx, sse, sse2, sse3, ssse3, sse4.1, sse4.2, popcnt, vzeroupper, avx, aes, clmul, erms, ht, tsc, tscinvbit, tscinv, clflush

Memory: 4k page, physical 8388608k(126464k free), swap 2097152k(1319424k free)

vm_info: Java HotSpot(TM) 64-Bit Server VM (15.0.2+7-27) for bsd-amd64 JRE (15.0.2+7-27), built on Dec  7 2020 20:08:32 by "mach5one" with clang 4.2.1 Compatible Apple LLVM 10.0.0 (clang-1000.11.45.5)

END.
