#
# A fatal error has been detected by the Java Runtime Environment:
#
#  SIGSEGV (0xb) at pc=0x00007fff68bbdcb8, pid=9637, tid=27395
#
# JRE version: Java(TM) SE Runtime Environment (15.0.2+7) (build 15.0.2+7-27)
# Java VM: Java HotSpot(TM) 64-Bit Server VM (15.0.2+7-27, mixed mode, sharing, tiered, compressed oops, g1 gc, bsd-amd64)
# Problematic frame:
# C  [libobjc.A.dylib+0x7cb8]  objc_release+0x18
#
# No core dump will be written. Core dumps have been disabled. To enable core dumping, try "ulimit -c unlimited" before starting Java again
#
# If you would like to submit a bug report, please visit:
#   https://bugreport.java.com/bugreport/crash.jsp
# The crash happened outside the Java Virtual Machine in native code.
# See problematic frame for where to report the bug.
#

---------------  S U M M A R Y ------------

Command Line: -Dfile.encoding=UTF-8 -Duser.country=UA -Duser.language=ru -Duser.variant sk.tuke.kpi.oop.game.Main

Host: MacBookPro10,2 x86_64 3000 MHz, 4 cores, 8G, Darwin 19.6.0
Time: Sun Nov 28 00:29:39 2021 CET elapsed time: 0.980349 seconds (0d 0h 0m 0s)

---------------  T H R E A D  ---------------

Current thread (0x00007fbd6a809000):  JavaThread "LWJGL Application" [_thread_in_native, id=27395, stack(0x000070000d141000,0x000070000d241000)]

Stack: [0x000070000d141000,0x000070000d241000],  sp=0x000070000d240488,  free space=1021k
Native frames: (J=compiled Java code, A=aot compiled Java code, j=interpreted, Vv=VM code, C=native code)
C  [libobjc.A.dylib+0x7cb8]  objc_release+0x18
C  [libobjc.A.dylib+0x83fc]  objc_autoreleasePoolPop+0xaf
C  [CoreFoundation+0x41bb9]  _CFAutoreleasePoolPop+0x16
C  [Foundation+0x1e3c1]  -[NSAutoreleasePool release]+0x81
C  [liblwjgl.dylib+0x16cce]  Java_org_lwjgl_opengl_MacOSXContextImplementation_setView+0x10e
j  org.lwjgl.opengl.MacOSXContextImplementation.setView(Ljava/nio/ByteBuffer;Ljava/nio/ByteBuffer;)V+0
j  org.lwjgl.opengl.MacOSXContextImplementation.makeCurrent(Lorg/lwjgl/opengl/PeerInfo;Ljava/nio/ByteBuffer;)V+7
j  org.lwjgl.opengl.ContextGL.makeCurrent()V+46
j  org.lwjgl.opengl.DrawableGL.makeCurrent()V+14
j  org.lwjgl.opengl.Display.makeCurrent()V+3
j  org.lwjgl.opengl.Display.makeCurrentAndSetSwapInterval()V+0
j  org.lwjgl.opengl.Display.create(Lorg/lwjgl/opengl/PixelFormat;Lorg/lwjgl/opengl/Drawable;Lorg/lwjgl/opengl/ContextAttribs;)V+108
j  org.lwjgl.opengl.Display.create(Lorg/lwjgl/opengl/PixelFormat;)V+12
j  com.badlogic.gdx.backends.lwjgl.LwjglGraphics.createDisplayPixelFormat(ZII)V+243
j  com.badlogic.gdx.backends.lwjgl.LwjglGraphics.setupDisplay()V+583
j  com.badlogic.gdx.backends.lwjgl.LwjglApplication.mainLoop()V+9
j  com.badlogic.gdx.backends.lwjgl.LwjglApplication$1.run()V+27
v  ~StubRoutines::call_stub
V  [libjvm.dylib+0x4adf62]  JavaCalls::call_helper(JavaValue*, methodHandle const&, JavaCallArguments*, Thread*)+0x2e2
V  [libjvm.dylib+0x4ace49]  JavaCalls::call_virtual(JavaValue*, Klass*, Symbol*, Symbol*, JavaCallArguments*, Thread*)+0x1e9
V  [libjvm.dylib+0x4acf13]  JavaCalls::call_virtual(JavaValue*, Handle, Klass*, Symbol*, Symbol*, Thread*)+0x63
V  [libjvm.dylib+0x557c40]  thread_entry(JavaThread*, Thread*)+0xb0
V  [libjvm.dylib+0x99921f]  JavaThread::thread_main_inner()+0xaf
V  [libjvm.dylib+0x996411]  Thread::call_run()+0x71
V  [libjvm.dylib+0x828967]  thread_native_entry(Thread*)+0x197
C  [libsystem_pthread.dylib+0x6109]  _pthread_start+0x94
C  [libsystem_pthread.dylib+0x1b8b]  thread_start+0xf

Java frames: (J=compiled Java code, j=interpreted, Vv=VM code)
j  org.lwjgl.opengl.MacOSXContextImplementation.setView(Ljava/nio/ByteBuffer;Ljava/nio/ByteBuffer;)V+0
j  org.lwjgl.opengl.MacOSXContextImplementation.makeCurrent(Lorg/lwjgl/opengl/PeerInfo;Ljava/nio/ByteBuffer;)V+7
j  org.lwjgl.opengl.ContextGL.makeCurrent()V+46
j  org.lwjgl.opengl.DrawableGL.makeCurrent()V+14
j  org.lwjgl.opengl.Display.makeCurrent()V+3
j  org.lwjgl.opengl.Display.makeCurrentAndSetSwapInterval()V+0
j  org.lwjgl.opengl.Display.create(Lorg/lwjgl/opengl/PixelFormat;Lorg/lwjgl/opengl/Drawable;Lorg/lwjgl/opengl/ContextAttribs;)V+108
j  org.lwjgl.opengl.Display.create(Lorg/lwjgl/opengl/PixelFormat;)V+12
j  com.badlogic.gdx.backends.lwjgl.LwjglGraphics.createDisplayPixelFormat(ZII)V+243
j  com.badlogic.gdx.backends.lwjgl.LwjglGraphics.setupDisplay()V+583
j  com.badlogic.gdx.backends.lwjgl.LwjglApplication.mainLoop()V+9
j  com.badlogic.gdx.backends.lwjgl.LwjglApplication$1.run()V+27
v  ~StubRoutines::call_stub

siginfo: si_signo: 11 (SIGSEGV), si_code: 1 (SEGV_MAPERR), si_addr: 0x0000000000000020

Register to memory mapping:

RAX=0x0 is NULL
RBX=0x00007fbd6a211000 points into unknown readable memory: 0x4f545541a1a1a1a1 | a1 a1 a1 a1 41 55 54 4f
RCX=0x00007fbd6a211188 points into unknown readable memory: 0xa3a3a3a3a3a3a3a3 | a3 a3 a3 a3 a3 a3 a3 a3
RDX=0x0000000000000005 is an unknown value
RSP=0x000070000d240488 is pointing into the stack for thread: 0x00007fbd6a809000
RBP=0x000070000d2404b0 is pointing into the stack for thread: 0x00007fbd6a809000
RSI=0x00007fbd694fa800 points into unknown readable memory: 0x003d800126bf5c67 | 67 5c bf 26 01 80 3d 00
RDI=0x00007fbd6b479c90 points into unknown readable memory: 0xe00007fbd6b46fb1 | b1 6f b4 d6 fb 07 00 e0
R8 =0x00000000000130a8 is an unknown value
R9 =0x0 is NULL
R10=0x0000000126bf5c60: OBJC_CLASS_$_MacOSXOpenGLView+0 in /private/var/folders/c0/d63ctn4x70q87f_r701qtxp40000gn/T/libgdxmacbookpro/f7649394/liblwjgl.dylib at 0x0000000126bb7000
R11=0x00007fff2cdef51d: -[NSResponder release]+0 in /System/Library/Frameworks/AppKit.framework/Versions/C/AppKit at 0x00007fff2cde4000
R12=0x00007fbd694ef6f0 points into unknown readable memory: 0x001dffff87a6abd9 | d9 ab a6 87 ff ff 1d 00
R13=0x000000010f33e638 is pointing into metadata
R14=0x00007fbd6a211120 points into unknown readable memory: 0x0000000000000000 | 00 00 00 00 00 00 00 00
R15=0xa3a3a3a3a3a3a3a3 is an unknown value


Registers:
RAX=0x0000000000000000, RBX=0x00007fbd6a211000, RCX=0x00007fbd6a211188, RDX=0x0000000000000005
RSP=0x000070000d240488, RBP=0x000070000d2404b0, RSI=0x00007fbd694fa800, RDI=0x00007fbd6b479c90
R8 =0x00000000000130a8, R9 =0x0000000000000000, R10=0x0000000126bf5c60, R11=0x00007fff2cdef51d
R12=0x00007fbd694ef6f0, R13=0x000000010f33e638, R14=0x00007fbd6a211120, R15=0xa3a3a3a3a3a3a3a3
RIP=0x00007fff68bbdcb8, EFLAGS=0x0000000000010246, ERR=0x0000000000000004
  TRAPNO=0x000000000000000e

Top of Stack: (sp=0x000070000d240488)
0x000070000d240488:   00007fff68bd9356 0000000000000000
0x000070000d240498:   00007fbd6a211000 00007fff740efdd3
0x000070000d2404a8:   00007fbd6a809328 000070000d2404d0
0x000070000d2404b8:   00007fff68bbe3fc 0000000000000000
0x000070000d2404c8:   00007fbd6a211120 000070000d2404f0
0x000070000d2404d8:   00007fff2fb80bb9 0000000000000000
0x000070000d2404e8:   00007fbd694ef6f0 000070000d240530
0x000070000d2404f8:   00007fff322403c1 0000000000000000
0x000070000d240508:   00007fbd695b1d70 00007fbd694fa800
0x000070000d240518:   3ee847b95da70016 00007fbd696c6320
0x000070000d240528:   00007fbd696c5120 000070000d240560
0x000070000d240538:   0000000126bcdcce 000000010f33e640
0x000070000d240548:   0000000000000000 000070000d2405f8
0x000070000d240558:   00007fbd6a809000 000070000d2405d0
0x000070000d240568:   0000000110d5e370 000070000d2405d0
0x000070000d240578:   0000000110d5e0be 0000000110d5e076
0x000070000d240588:   000070000d240588 000000010f33e638
0x000070000d240598:   000070000d2405f8 000000010f33ebe8
0x000070000d2405a8:   0000000000000000 0000000787627b08
0x000070000d2405b8:   000000010f33e640 0000000000000000
0x000070000d2405c8:   000070000d2405f0 000070000d240648
0x000070000d2405d8:   0000000110d58eea 0000000787627b08
0x000070000d2405e8:   0000000110d5b5d8 00000007876337b0
0x000070000d2405f8:   00000007877832a8 000070000d240600
0x000070000d240608:   000000010f33e537 000070000d240678
0x000070000d240618:   000000010f33ebe8 0000000000000000
0x000070000d240628:   0000000787627b08 000000010f33e5a8
0x000070000d240638:   000070000d2405f0 000070000d240668
0x000070000d240648:   000070000d2406d8 0000000110d58f2f
0x000070000d240658:   0000000000000000 00000007877832a8
0x000070000d240668:   00000007876337b0 00000007877831e8
0x000070000d240678:   0000000787627c30 0000000000000001 

Instructions: (pc=0x00007fff68bbdcb8)
0x00007fff68bbdbb8:   90 90 66 83 7f 0e 00 74 03 31 c0 c3 48 8b 07 8b
0x00007fff68bbdbc8:   57 08 48 8d 0d 1f d8 01 00 85 d2 74 38 8b 57 08
0x00007fff68bbdbd8:   ff c2 81 fa 02 04 00 00 72 2b 31 f6 89 d7 48 89
0x00007fff68bbdbe8:   f1 d1 ef 48 ff c6 83 fa 03 89 fa 77 f1 3b 35 9d
0x00007fff68bbdbf8:   51 60 27 73 0e 48 8b 15 9c 51 60 27 48 8b 4c ca
0x00007fff68bbdc08:   08 eb 02 31 c9 48 39 c1 0f 94 c0 c3 90 90 90 90
0x00007fff68bbdc18:   90 90 90 90 90 90 90 90 90 90 90 55 48 89 e5 41
0x00007fff68bbdc28:   56 53 89 fb 41 89 fe 49 c1 e6 04 be 01 00 00 00
0x00007fff68bbdc38:   4c 89 f7 e8 d2 d0 01 00 49 89 44 06 f8 49 c7 44
0x00007fff68bbdc48:   06 f0 01 00 00 00 80 3d 55 53 60 27 00 74 2e 31
0x00007fff68bbdc58:   c9 83 fb 02 72 14 31 c9 89 da d1 ea ff c1 83 fb
0x00007fff68bbdc68:   03 89 d3 77 f5 83 f9 0f 77 0c 89 c9 48 8d 15 d5
0x00007fff68bbdc78:   50 60 27 ff 04 8a 48 ff 05 0b 51 60 27 5b 41 5e
0x00007fff68bbdc88:   5d c3 90 90 90 90 90 90 90 90 90 90 90 90 90 90
0x00007fff68bbdc98:   e9 65 3e 00 00 90 90 90 48 85 ff 74 64 40 f6 c7
0x00007fff68bbdca8:   01 75 5e 48 b8 f8 ff ff ff ff 7f 00 00 48 23 07
0x00007fff68bbdcb8:   f6 40 20 04 74 69 48 b9 00 00 00 00 00 00 00 01
0x00007fff68bbdcc8:   48 ba 00 00 00 00 00 00 40 00 48 8b 07 a8 01 74
0x00007fff68bbdcd8:   3e 48 89 c6 48 29 ce 73 21 48 0f ba e0 37 72 4c
0x00007fff68bbdce8:   48 0f ba e0 36 0f 82 75 ad 01 00 48 89 c6 48 09
0x00007fff68bbdcf8:   d6 f0 48 0f b1 37 75 d2 eb 08 f0 48 0f b1 37 75
0x00007fff68bbdd08:   c9 c3 48 8b 35 df 41 60 27 ff 25 61 23 60 27 f6
0x00007fff68bbdd18:   40 1c 01 75 ec be 01 00 00 00 e9 d7 56 00 00 48
0x00007fff68bbdd28:   8b 35 f2 40 60 27 ff 25 44 23 60 27 be 01 00 00
0x00007fff68bbdd38:   00 e9 c6 59 00 00 90 e9 04 00 00 00 90 90 90 90
0x00007fff68bbdd48:   55 48 89 e5 53 50 48 89 fb f6 c3 01 75 21 48 b8
0x00007fff68bbdd58:   07 00 00 00 00 00 a0 00 48 23 03 48 83 f8 01 75
0x00007fff68bbdd68:   15 48 89 df 48 83 c4 08 5b 5d e9 ef cf 01 00 48
0x00007fff68bbdd78:   83 c4 08 5b 5d c3 48 89 df e8 38 00 00 00 eb e1
0x00007fff68bbdd88:   90 90 90 90 48 85 ff 74 1c 55 48 89 e5 53 50 48
0x00007fff68bbdd98:   89 fb e8 1f 00 00 00 48 89 df e8 bf cf 01 00 48
0x00007fff68bbdda8:   83 c4 08 5b 5d 31 c0 c3 90 90 90 90 90 90 90 90 


Stack slot to memory mapping:
stack at sp + 0 slots: 0x00007fff68bd9356: _ZN19AutoreleasePoolPage12releaseUntilEPP11objc_object+0x86 in /usr/lib/libobjc.A.dylib at 0x00007fff68bb6000
stack at sp + 1 slots: 0x0 is NULL
stack at sp + 2 slots: 0x00007fbd6a211000 points into unknown readable memory: 0x4f545541a1a1a1a1 | a1 a1 a1 a1 41 55 54 4f
stack at sp + 3 slots: 0x00007fff740efdd3: GCC_except_table741+0xb50af17 in /usr/lib/libobjc.A.dylib at 0x00007fff68bb6000
stack at sp + 4 slots: 0x00007fbd6a809328 points into unknown readable memory: 0x0000000103bb8f70 | 70 8f bb 03 01 00 00 00
stack at sp + 5 slots: 0x000070000d2404d0 is pointing into the stack for thread: 0x00007fbd6a809000
stack at sp + 6 slots: 0x00007fff68bbe3fc: objc_autoreleasePoolPop+0xaf in /usr/lib/libobjc.A.dylib at 0x00007fff68bb6000
stack at sp + 7 slots: 0x0 is NULL


---------------  P R O C E S S  ---------------

Threads class SMR info:
_java_thread_list=0x00007fbd6968cb50, length=13, elements={
0x00007fbd6982b800, 0x00007fbd6a009e00, 0x00007fbd6982c400, 0x00007fbd6a04ec00,
0x00007fbd6980f600, 0x00007fbd69831400, 0x00007fbd69831a00, 0x00007fbd6982da00,
0x00007fbd6a04f200, 0x00007fbd6a809000, 0x00007fbd6a060e00, 0x00007fbd6a808a00,
0x00007fbd6aa4fa00
}

Java Threads: ( => current thread )
  0x00007fbd6982b800 JavaThread "Reference Handler" daemon [_thread_blocked, id=17411, stack(0x000070000c61d000,0x000070000c71d000)]
  0x00007fbd6a009e00 JavaThread "Finalizer" daemon [_thread_blocked, id=15107, stack(0x000070000c720000,0x000070000c820000)]
  0x00007fbd6982c400 JavaThread "Signal Dispatcher" daemon [_thread_blocked, id=22787, stack(0x000070000c929000,0x000070000ca29000)]
  0x00007fbd6a04ec00 JavaThread "Service Thread" daemon [_thread_blocked, id=23555, stack(0x000070000ca2c000,0x000070000cb2c000)]
  0x00007fbd6980f600 JavaThread "C2 CompilerThread0" daemon [_thread_blocked, id=24323, stack(0x000070000cb2f000,0x000070000cc2f000)]
  0x00007fbd69831400 JavaThread "C1 CompilerThread0" daemon [_thread_blocked, id=24835, stack(0x000070000cc32000,0x000070000cd32000)]
  0x00007fbd69831a00 JavaThread "Sweeper thread" daemon [_thread_blocked, id=40963, stack(0x000070000cd35000,0x000070000ce35000)]
  0x00007fbd6982da00 JavaThread "Notification Thread" daemon [_thread_blocked, id=25859, stack(0x000070000ce38000,0x000070000cf38000)]
  0x00007fbd6a04f200 JavaThread "Common-Cleaner" daemon [_thread_blocked, id=27139, stack(0x000070000d03e000,0x000070000d13e000)]
=>0x00007fbd6a809000 JavaThread "LWJGL Application" [_thread_in_native, id=27395, stack(0x000070000d141000,0x000070000d241000)]
  0x00007fbd6a060e00 JavaThread "DestroyJavaVM" [_thread_blocked, id=6147, stack(0x000070000bf08000,0x000070000c008000)]
  0x00007fbd6a808a00 JavaThread "AppKit Thread" daemon [_thread_in_native, id=775, stack(0x00007ffeece13000,0x00007ffeed613000)]
  0x00007fbd6aa4fa00 JavaThread "AWT-Shutdown" [_thread_blocked, id=86275, stack(0x000070000d244000,0x000070000d344000)]

Other Threads:
  0x00007fbd69614240 VMThread "VM Thread" [stack: 0x000070000c51a000,0x000070000c61a000] [id=14083]
  0x00007fbd69622e30 WatcherThread [stack: 0x000070000cf3b000,0x000070000d03b000] [id=26115]
  0x00007fbd6960ec60 GCTaskThread "GC Thread#0" [stack: 0x000070000c00b000,0x000070000c10b000] [id=19971]
  0x00007fbd6960fe10 ConcurrentGCThread "G1 Main Marker" [stack: 0x000070000c10e000,0x000070000c20e000] [id=19715]
  0x00007fbd6b404120 ConcurrentGCThread "G1 Conc#0" [stack: 0x000070000c211000,0x000070000c311000] [id=13571]
  0x00007fbd69520a50 ConcurrentGCThread "G1 Refine#0" [stack: 0x000070000c314000,0x000070000c414000] [id=18947]
  0x00007fbd69521940 ConcurrentGCThread "G1 Young RemSet Sampling" [stack: 0x000070000c417000,0x000070000c517000] [id=18435]

Threads with active compile tasks:

VM state: not at safepoint (normal execution)

VM Mutex/Monitor currently owned by a thread: None

Heap address: 0x0000000780000000, size: 2048 MB, Compressed Oops mode: Zero based, Oop shift amount: 3
CDS archive(s) mapped at: [0x0000000800000000-0x0000000800b2d000-0x0000000800b2d000), size 11718656, SharedBaseAddress: 0x0000000800000000, ArchiveRelocationMode: 0.
Compressed class space mapped at: 0x0000000800b30000-0x0000000840b30000, size: 1073741824
Narrow klass base: 0x0000000800000000, Narrow klass shift: 3, Narrow klass range: 0x100000000

GC Precious Log:
 CPUs: 4 total, 4 available
 Memory: 8192M
 Large Page Support: Disabled
 NUMA Support: Disabled
 Compressed Oops: Enabled (Zero based)
 Heap Region Size: 1M
 Heap Min Capacity: 8M
 Heap Initial Capacity: 128M
 Heap Max Capacity: 2G
 Pre-touch: Disabled
 Parallel Workers: 4
 Concurrent Workers: 1
 Concurrent Refinement Workers: 4
 Periodic GC: Disabled

Heap:
 garbage-first heap   total 133120K, used 9000K [0x0000000780000000, 0x0000000800000000)
  region size 1024K, 10 young (10240K), 0 survivors (0K)
 Metaspace       used 4217K, capacity 6311K, committed 6528K, reserved 1056768K
  class space    used 397K, capacity 587K, committed 640K, reserved 1048576K

Heap Regions: E=young(eden), S=young(survivor), O=old, HS=humongous(starts), HC=humongous(continues), CS=collection set, F=free, OA=open archive, CA=closed archive, TAMS=top-at-mark-start (previous, next)
|   0|0x0000000780000000, 0x0000000780000000, 0x0000000780100000|  0%| F|  |TAMS 0x0000000780000000, 0x0000000780000000| Untracked 
|   1|0x0000000780100000, 0x0000000780100000, 0x0000000780200000|  0%| F|  |TAMS 0x0000000780100000, 0x0000000780100000| Untracked 
|   2|0x0000000780200000, 0x0000000780200000, 0x0000000780300000|  0%| F|  |TAMS 0x0000000780200000, 0x0000000780200000| Untracked 
|   3|0x0000000780300000, 0x0000000780300000, 0x0000000780400000|  0%| F|  |TAMS 0x0000000780300000, 0x0000000780300000| Untracked 
|   4|0x0000000780400000, 0x0000000780400000, 0x0000000780500000|  0%| F|  |TAMS 0x0000000780400000, 0x0000000780400000| Untracked 
|   5|0x0000000780500000, 0x0000000780500000, 0x0000000780600000|  0%| F|  |TAMS 0x0000000780500000, 0x0000000780500000| Untracked 
|   6|0x0000000780600000, 0x0000000780600000, 0x0000000780700000|  0%| F|  |TAMS 0x0000000780600000, 0x0000000780600000| Untracked 
|   7|0x0000000780700000, 0x0000000780700000, 0x0000000780800000|  0%| F|  |TAMS 0x0000000780700000, 0x0000000780700000| Untracked 
|   8|0x0000000780800000, 0x0000000780800000, 0x0000000780900000|  0%| F|  |TAMS 0x0000000780800000, 0x0000000780800000| Untracked 
|   9|0x0000000780900000, 0x0000000780900000, 0x0000000780a00000|  0%| F|  |TAMS 0x0000000780900000, 0x0000000780900000| Untracked 
|  10|0x0000000780a00000, 0x0000000780a00000, 0x0000000780b00000|  0%| F|  |TAMS 0x0000000780a00000, 0x0000000780a00000| Untracked 
|  11|0x0000000780b00000, 0x0000000780b00000, 0x0000000780c00000|  0%| F|  |TAMS 0x0000000780b00000, 0x0000000780b00000| Untracked 
|  12|0x0000000780c00000, 0x0000000780c00000, 0x0000000780d00000|  0%| F|  |TAMS 0x0000000780c00000, 0x0000000780c00000| Untracked 
|  13|0x0000000780d00000, 0x0000000780d00000, 0x0000000780e00000|  0%| F|  |TAMS 0x0000000780d00000, 0x0000000780d00000| Untracked 
|  14|0x0000000780e00000, 0x0000000780e00000, 0x0000000780f00000|  0%| F|  |TAMS 0x0000000780e00000, 0x0000000780e00000| Untracked 
|  15|0x0000000780f00000, 0x0000000780f00000, 0x0000000781000000|  0%| F|  |TAMS 0x0000000780f00000, 0x0000000780f00000| Untracked 
|  16|0x0000000781000000, 0x0000000781000000, 0x0000000781100000|  0%| F|  |TAMS 0x0000000781000000, 0x0000000781000000| Untracked 
|  17|0x0000000781100000, 0x0000000781100000, 0x0000000781200000|  0%| F|  |TAMS 0x0000000781100000, 0x0000000781100000| Untracked 
|  18|0x0000000781200000, 0x0000000781200000, 0x0000000781300000|  0%| F|  |TAMS 0x0000000781200000, 0x0000000781200000| Untracked 
|  19|0x0000000781300000, 0x0000000781300000, 0x0000000781400000|  0%| F|  |TAMS 0x0000000781300000, 0x0000000781300000| Untracked 
|  20|0x0000000781400000, 0x0000000781400000, 0x0000000781500000|  0%| F|  |TAMS 0x0000000781400000, 0x0000000781400000| Untracked 
|  21|0x0000000781500000, 0x0000000781500000, 0x0000000781600000|  0%| F|  |TAMS 0x0000000781500000, 0x0000000781500000| Untracked 
|  22|0x0000000781600000, 0x0000000781600000, 0x0000000781700000|  0%| F|  |TAMS 0x0000000781600000, 0x0000000781600000| Untracked 
|  23|0x0000000781700000, 0x0000000781700000, 0x0000000781800000|  0%| F|  |TAMS 0x0000000781700000, 0x0000000781700000| Untracked 
|  24|0x0000000781800000, 0x0000000781800000, 0x0000000781900000|  0%| F|  |TAMS 0x0000000781800000, 0x0000000781800000| Untracked 
|  25|0x0000000781900000, 0x0000000781900000, 0x0000000781a00000|  0%| F|  |TAMS 0x0000000781900000, 0x0000000781900000| Untracked 
|  26|0x0000000781a00000, 0x0000000781a00000, 0x0000000781b00000|  0%| F|  |TAMS 0x0000000781a00000, 0x0000000781a00000| Untracked 
|  27|0x0000000781b00000, 0x0000000781b00000, 0x0000000781c00000|  0%| F|  |TAMS 0x0000000781b00000, 0x0000000781b00000| Untracked 
|  28|0x0000000781c00000, 0x0000000781c00000, 0x0000000781d00000|  0%| F|  |TAMS 0x0000000781c00000, 0x0000000781c00000| Untracked 
|  29|0x0000000781d00000, 0x0000000781d00000, 0x0000000781e00000|  0%| F|  |TAMS 0x0000000781d00000, 0x0000000781d00000| Untracked 
|  30|0x0000000781e00000, 0x0000000781e00000, 0x0000000781f00000|  0%| F|  |TAMS 0x0000000781e00000, 0x0000000781e00000| Untracked 
|  31|0x0000000781f00000, 0x0000000781f00000, 0x0000000782000000|  0%| F|  |TAMS 0x0000000781f00000, 0x0000000781f00000| Untracked 
|  32|0x0000000782000000, 0x0000000782000000, 0x0000000782100000|  0%| F|  |TAMS 0x0000000782000000, 0x0000000782000000| Untracked 
|  33|0x0000000782100000, 0x0000000782100000, 0x0000000782200000|  0%| F|  |TAMS 0x0000000782100000, 0x0000000782100000| Untracked 
|  34|0x0000000782200000, 0x0000000782200000, 0x0000000782300000|  0%| F|  |TAMS 0x0000000782200000, 0x0000000782200000| Untracked 
|  35|0x0000000782300000, 0x0000000782300000, 0x0000000782400000|  0%| F|  |TAMS 0x0000000782300000, 0x0000000782300000| Untracked 
|  36|0x0000000782400000, 0x0000000782400000, 0x0000000782500000|  0%| F|  |TAMS 0x0000000782400000, 0x0000000782400000| Untracked 
|  37|0x0000000782500000, 0x0000000782500000, 0x0000000782600000|  0%| F|  |TAMS 0x0000000782500000, 0x0000000782500000| Untracked 
|  38|0x0000000782600000, 0x0000000782600000, 0x0000000782700000|  0%| F|  |TAMS 0x0000000782600000, 0x0000000782600000| Untracked 
|  39|0x0000000782700000, 0x0000000782700000, 0x0000000782800000|  0%| F|  |TAMS 0x0000000782700000, 0x0000000782700000| Untracked 
|  40|0x0000000782800000, 0x0000000782800000, 0x0000000782900000|  0%| F|  |TAMS 0x0000000782800000, 0x0000000782800000| Untracked 
|  41|0x0000000782900000, 0x0000000782900000, 0x0000000782a00000|  0%| F|  |TAMS 0x0000000782900000, 0x0000000782900000| Untracked 
|  42|0x0000000782a00000, 0x0000000782a00000, 0x0000000782b00000|  0%| F|  |TAMS 0x0000000782a00000, 0x0000000782a00000| Untracked 
|  43|0x0000000782b00000, 0x0000000782b00000, 0x0000000782c00000|  0%| F|  |TAMS 0x0000000782b00000, 0x0000000782b00000| Untracked 
|  44|0x0000000782c00000, 0x0000000782c00000, 0x0000000782d00000|  0%| F|  |TAMS 0x0000000782c00000, 0x0000000782c00000| Untracked 
|  45|0x0000000782d00000, 0x0000000782d00000, 0x0000000782e00000|  0%| F|  |TAMS 0x0000000782d00000, 0x0000000782d00000| Untracked 
|  46|0x0000000782e00000, 0x0000000782e00000, 0x0000000782f00000|  0%| F|  |TAMS 0x0000000782e00000, 0x0000000782e00000| Untracked 
|  47|0x0000000782f00000, 0x0000000782f00000, 0x0000000783000000|  0%| F|  |TAMS 0x0000000782f00000, 0x0000000782f00000| Untracked 
|  48|0x0000000783000000, 0x0000000783000000, 0x0000000783100000|  0%| F|  |TAMS 0x0000000783000000, 0x0000000783000000| Untracked 
|  49|0x0000000783100000, 0x0000000783100000, 0x0000000783200000|  0%| F|  |TAMS 0x0000000783100000, 0x0000000783100000| Untracked 
|  50|0x0000000783200000, 0x0000000783200000, 0x0000000783300000|  0%| F|  |TAMS 0x0000000783200000, 0x0000000783200000| Untracked 
|  51|0x0000000783300000, 0x0000000783300000, 0x0000000783400000|  0%| F|  |TAMS 0x0000000783300000, 0x0000000783300000| Untracked 
|  52|0x0000000783400000, 0x0000000783400000, 0x0000000783500000|  0%| F|  |TAMS 0x0000000783400000, 0x0000000783400000| Untracked 
|  53|0x0000000783500000, 0x0000000783500000, 0x0000000783600000|  0%| F|  |TAMS 0x0000000783500000, 0x0000000783500000| Untracked 
|  54|0x0000000783600000, 0x0000000783600000, 0x0000000783700000|  0%| F|  |TAMS 0x0000000783600000, 0x0000000783600000| Untracked 
|  55|0x0000000783700000, 0x0000000783700000, 0x0000000783800000|  0%| F|  |TAMS 0x0000000783700000, 0x0000000783700000| Untracked 
|  56|0x0000000783800000, 0x0000000783800000, 0x0000000783900000|  0%| F|  |TAMS 0x0000000783800000, 0x0000000783800000| Untracked 
|  57|0x0000000783900000, 0x0000000783900000, 0x0000000783a00000|  0%| F|  |TAMS 0x0000000783900000, 0x0000000783900000| Untracked 
|  58|0x0000000783a00000, 0x0000000783a00000, 0x0000000783b00000|  0%| F|  |TAMS 0x0000000783a00000, 0x0000000783a00000| Untracked 
|  59|0x0000000783b00000, 0x0000000783b00000, 0x0000000783c00000|  0%| F|  |TAMS 0x0000000783b00000, 0x0000000783b00000| Untracked 
|  60|0x0000000783c00000, 0x0000000783c00000, 0x0000000783d00000|  0%| F|  |TAMS 0x0000000783c00000, 0x0000000783c00000| Untracked 
|  61|0x0000000783d00000, 0x0000000783d00000, 0x0000000783e00000|  0%| F|  |TAMS 0x0000000783d00000, 0x0000000783d00000| Untracked 
|  62|0x0000000783e00000, 0x0000000783e00000, 0x0000000783f00000|  0%| F|  |TAMS 0x0000000783e00000, 0x0000000783e00000| Untracked 
|  63|0x0000000783f00000, 0x0000000783f00000, 0x0000000784000000|  0%| F|  |TAMS 0x0000000783f00000, 0x0000000783f00000| Untracked 
|  64|0x0000000784000000, 0x0000000784000000, 0x0000000784100000|  0%| F|  |TAMS 0x0000000784000000, 0x0000000784000000| Untracked 
|  65|0x0000000784100000, 0x0000000784100000, 0x0000000784200000|  0%| F|  |TAMS 0x0000000784100000, 0x0000000784100000| Untracked 
|  66|0x0000000784200000, 0x0000000784200000, 0x0000000784300000|  0%| F|  |TAMS 0x0000000784200000, 0x0000000784200000| Untracked 
|  67|0x0000000784300000, 0x0000000784300000, 0x0000000784400000|  0%| F|  |TAMS 0x0000000784300000, 0x0000000784300000| Untracked 
|  68|0x0000000784400000, 0x0000000784400000, 0x0000000784500000|  0%| F|  |TAMS 0x0000000784400000, 0x0000000784400000| Untracked 
|  69|0x0000000784500000, 0x0000000784500000, 0x0000000784600000|  0%| F|  |TAMS 0x0000000784500000, 0x0000000784500000| Untracked 
|  70|0x0000000784600000, 0x0000000784600000, 0x0000000784700000|  0%| F|  |TAMS 0x0000000784600000, 0x0000000784600000| Untracked 
|  71|0x0000000784700000, 0x0000000784700000, 0x0000000784800000|  0%| F|  |TAMS 0x0000000784700000, 0x0000000784700000| Untracked 
|  72|0x0000000784800000, 0x0000000784800000, 0x0000000784900000|  0%| F|  |TAMS 0x0000000784800000, 0x0000000784800000| Untracked 
|  73|0x0000000784900000, 0x0000000784900000, 0x0000000784a00000|  0%| F|  |TAMS 0x0000000784900000, 0x0000000784900000| Untracked 
|  74|0x0000000784a00000, 0x0000000784a00000, 0x0000000784b00000|  0%| F|  |TAMS 0x0000000784a00000, 0x0000000784a00000| Untracked 
|  75|0x0000000784b00000, 0x0000000784b00000, 0x0000000784c00000|  0%| F|  |TAMS 0x0000000784b00000, 0x0000000784b00000| Untracked 
|  76|0x0000000784c00000, 0x0000000784c00000, 0x0000000784d00000|  0%| F|  |TAMS 0x0000000784c00000, 0x0000000784c00000| Untracked 
|  77|0x0000000784d00000, 0x0000000784d00000, 0x0000000784e00000|  0%| F|  |TAMS 0x0000000784d00000, 0x0000000784d00000| Untracked 
|  78|0x0000000784e00000, 0x0000000784e00000, 0x0000000784f00000|  0%| F|  |TAMS 0x0000000784e00000, 0x0000000784e00000| Untracked 
|  79|0x0000000784f00000, 0x0000000784f00000, 0x0000000785000000|  0%| F|  |TAMS 0x0000000784f00000, 0x0000000784f00000| Untracked 
|  80|0x0000000785000000, 0x0000000785000000, 0x0000000785100000|  0%| F|  |TAMS 0x0000000785000000, 0x0000000785000000| Untracked 
|  81|0x0000000785100000, 0x0000000785100000, 0x0000000785200000|  0%| F|  |TAMS 0x0000000785100000, 0x0000000785100000| Untracked 
|  82|0x0000000785200000, 0x0000000785200000, 0x0000000785300000|  0%| F|  |TAMS 0x0000000785200000, 0x0000000785200000| Untracked 
|  83|0x0000000785300000, 0x0000000785300000, 0x0000000785400000|  0%| F|  |TAMS 0x0000000785300000, 0x0000000785300000| Untracked 
|  84|0x0000000785400000, 0x0000000785400000, 0x0000000785500000|  0%| F|  |TAMS 0x0000000785400000, 0x0000000785400000| Untracked 
|  85|0x0000000785500000, 0x0000000785500000, 0x0000000785600000|  0%| F|  |TAMS 0x0000000785500000, 0x0000000785500000| Untracked 
|  86|0x0000000785600000, 0x0000000785600000, 0x0000000785700000|  0%| F|  |TAMS 0x0000000785600000, 0x0000000785600000| Untracked 
|  87|0x0000000785700000, 0x0000000785700000, 0x0000000785800000|  0%| F|  |TAMS 0x0000000785700000, 0x0000000785700000| Untracked 
|  88|0x0000000785800000, 0x0000000785800000, 0x0000000785900000|  0%| F|  |TAMS 0x0000000785800000, 0x0000000785800000| Untracked 
|  89|0x0000000785900000, 0x0000000785900000, 0x0000000785a00000|  0%| F|  |TAMS 0x0000000785900000, 0x0000000785900000| Untracked 
|  90|0x0000000785a00000, 0x0000000785a00000, 0x0000000785b00000|  0%| F|  |TAMS 0x0000000785a00000, 0x0000000785a00000| Untracked 
|  91|0x0000000785b00000, 0x0000000785b00000, 0x0000000785c00000|  0%| F|  |TAMS 0x0000000785b00000, 0x0000000785b00000| Untracked 
|  92|0x0000000785c00000, 0x0000000785c00000, 0x0000000785d00000|  0%| F|  |TAMS 0x0000000785c00000, 0x0000000785c00000| Untracked 
|  93|0x0000000785d00000, 0x0000000785d00000, 0x0000000785e00000|  0%| F|  |TAMS 0x0000000785d00000, 0x0000000785d00000| Untracked 
|  94|0x0000000785e00000, 0x0000000785e00000, 0x0000000785f00000|  0%| F|  |TAMS 0x0000000785e00000, 0x0000000785e00000| Untracked 
|  95|0x0000000785f00000, 0x0000000785f00000, 0x0000000786000000|  0%| F|  |TAMS 0x0000000785f00000, 0x0000000785f00000| Untracked 
|  96|0x0000000786000000, 0x0000000786000000, 0x0000000786100000|  0%| F|  |TAMS 0x0000000786000000, 0x0000000786000000| Untracked 
|  97|0x0000000786100000, 0x0000000786100000, 0x0000000786200000|  0%| F|  |TAMS 0x0000000786100000, 0x0000000786100000| Untracked 
|  98|0x0000000786200000, 0x0000000786200000, 0x0000000786300000|  0%| F|  |TAMS 0x0000000786200000, 0x0000000786200000| Untracked 
|  99|0x0000000786300000, 0x0000000786300000, 0x0000000786400000|  0%| F|  |TAMS 0x0000000786300000, 0x0000000786300000| Untracked 
| 100|0x0000000786400000, 0x0000000786400000, 0x0000000786500000|  0%| F|  |TAMS 0x0000000786400000, 0x0000000786400000| Untracked 
| 101|0x0000000786500000, 0x0000000786500000, 0x0000000786600000|  0%| F|  |TAMS 0x0000000786500000, 0x0000000786500000| Untracked 
| 102|0x0000000786600000, 0x0000000786600000, 0x0000000786700000|  0%| F|  |TAMS 0x0000000786600000, 0x0000000786600000| Untracked 
| 103|0x0000000786700000, 0x0000000786700000, 0x0000000786800000|  0%| F|  |TAMS 0x0000000786700000, 0x0000000786700000| Untracked 
| 104|0x0000000786800000, 0x0000000786800000, 0x0000000786900000|  0%| F|  |TAMS 0x0000000786800000, 0x0000000786800000| Untracked 
| 105|0x0000000786900000, 0x0000000786900000, 0x0000000786a00000|  0%| F|  |TAMS 0x0000000786900000, 0x0000000786900000| Untracked 
| 106|0x0000000786a00000, 0x0000000786a00000, 0x0000000786b00000|  0%| F|  |TAMS 0x0000000786a00000, 0x0000000786a00000| Untracked 
| 107|0x0000000786b00000, 0x0000000786b00000, 0x0000000786c00000|  0%| F|  |TAMS 0x0000000786b00000, 0x0000000786b00000| Untracked 
| 108|0x0000000786c00000, 0x0000000786c00000, 0x0000000786d00000|  0%| F|  |TAMS 0x0000000786c00000, 0x0000000786c00000| Untracked 
| 109|0x0000000786d00000, 0x0000000786d00000, 0x0000000786e00000|  0%| F|  |TAMS 0x0000000786d00000, 0x0000000786d00000| Untracked 
| 110|0x0000000786e00000, 0x0000000786e00000, 0x0000000786f00000|  0%| F|  |TAMS 0x0000000786e00000, 0x0000000786e00000| Untracked 
| 111|0x0000000786f00000, 0x0000000786f00000, 0x0000000787000000|  0%| F|  |TAMS 0x0000000786f00000, 0x0000000786f00000| Untracked 
| 112|0x0000000787000000, 0x0000000787000000, 0x0000000787100000|  0%| F|  |TAMS 0x0000000787000000, 0x0000000787000000| Untracked 
| 113|0x0000000787100000, 0x0000000787100000, 0x0000000787200000|  0%| F|  |TAMS 0x0000000787100000, 0x0000000787100000| Untracked 
| 114|0x0000000787200000, 0x0000000787200000, 0x0000000787300000|  0%| F|  |TAMS 0x0000000787200000, 0x0000000787200000| Untracked 
| 115|0x0000000787300000, 0x0000000787300000, 0x0000000787400000|  0%| F|  |TAMS 0x0000000787300000, 0x0000000787300000| Untracked 
| 116|0x0000000787400000, 0x0000000787400000, 0x0000000787500000|  0%| F|  |TAMS 0x0000000787400000, 0x0000000787400000| Untracked 
| 117|0x0000000787500000, 0x0000000787500000, 0x0000000787600000|  0%| F|  |TAMS 0x0000000787500000, 0x0000000787500000| Untracked 
| 118|0x0000000787600000, 0x0000000787643110, 0x0000000787700000| 26%| E|  |TAMS 0x0000000787600000, 0x0000000787600000| Complete 
| 119|0x0000000787700000, 0x0000000787800000, 0x0000000787800000|100%| E|CS|TAMS 0x0000000787700000, 0x0000000787700000| Complete 
| 120|0x0000000787800000, 0x0000000787900000, 0x0000000787900000|100%| E|CS|TAMS 0x0000000787800000, 0x0000000787800000| Complete 
| 121|0x0000000787900000, 0x0000000787a00000, 0x0000000787a00000|100%| E|CS|TAMS 0x0000000787900000, 0x0000000787900000| Complete 
| 122|0x0000000787a00000, 0x0000000787b00000, 0x0000000787b00000|100%| E|CS|TAMS 0x0000000787a00000, 0x0000000787a00000| Complete 
| 123|0x0000000787b00000, 0x0000000787c00000, 0x0000000787c00000|100%| E|CS|TAMS 0x0000000787b00000, 0x0000000787b00000| Complete 
| 124|0x0000000787c00000, 0x0000000787d00000, 0x0000000787d00000|100%| E|CS|TAMS 0x0000000787c00000, 0x0000000787c00000| Complete 
| 125|0x0000000787d00000, 0x0000000787e00000, 0x0000000787e00000|100%| E|CS|TAMS 0x0000000787d00000, 0x0000000787d00000| Complete 
| 126|0x0000000787e00000, 0x0000000787f00000, 0x0000000787f00000|100%| E|CS|TAMS 0x0000000787e00000, 0x0000000787e00000| Complete 
| 127|0x0000000787f00000, 0x0000000788000000, 0x0000000788000000|100%| E|  |TAMS 0x0000000787f00000, 0x0000000787f00000| Complete 
|1022|0x00000007bfe00000, 0x00000007bfe51000, 0x00000007bff00000| 31%|OA|  |TAMS 0x00000007bfe00000, 0x00000007bfe00000| Untracked 
|1023|0x00000007bff00000, 0x00000007bff79000, 0x00000007c0000000| 47%|CA|  |TAMS 0x00000007bff00000, 0x00000007bff00000| Untracked 

Card table byte_map: [0x000000010c5ab000,0x000000010c9ab000] _byte_map_base: 0x00000001089ab000

Marking Bits (Prev, Next): (CMBitMap*) 0x00007fbd69825810, (CMBitMap*) 0x00007fbd69825850
 Prev Bits: [0x000000010cdab000, 0x000000010edab000)
 Next Bits: [0x000000011fd4f000, 0x0000000121d4f000)

Polling page: 0x0000000102627000

Metaspace:

Usage:
  Non-class:      5.59 MB capacity,     3.73 MB ( 67%) used,     1.85 MB ( 33%) free+waste,     6.56 KB ( <1%) overhead. 
      Class:    587.00 KB capacity,   397.80 KB ( 68%) used,   186.38 KB ( 32%) free+waste,     2.81 KB ( <1%) overhead. 
       Both:      6.16 MB capacity,     4.12 MB ( 67%) used,     2.04 MB ( 33%) free+waste,     9.38 KB ( <1%) overhead. 

Virtual space:
  Non-class space:        8.00 MB reserved,       5.75 MB ( 72%) committed 
      Class space:        1.00 GB reserved,     640.00 KB ( <1%) committed 
             Both:        1.01 GB reserved,       6.38 MB ( <1%) committed 

Chunk freelists:
   Non-Class:  52.00 KB
       Class:  0 bytes
        Both:  52.00 KB

MaxMetaspaceSize: 17179869184.00 GB
CompressedClassSpaceSize: 1.00 GB

CodeHeap 'non-profiled nmethods': size=120032Kb used=198Kb max_used=198Kb free=119833Kb
 bounds [0x0000000118817000, 0x0000000118a87000, 0x000000011fd4f000]
CodeHeap 'profiled nmethods': size=120028Kb used=935Kb max_used=935Kb free=119092Kb
 bounds [0x00000001112e0000, 0x0000000111550000, 0x0000000118817000]
CodeHeap 'non-nmethods': size=5700Kb used=1155Kb max_used=1169Kb free=4544Kb
 bounds [0x0000000110d4f000, 0x0000000110fbf000, 0x00000001112e0000]
 total_blobs=1029 nmethods=617 adapters=326
 compilation: enabled
              stopped_count=0, restarted_count=0
 full_count=0

Compilation events (20 events):
Event: 0.871 Thread 0x00007fbd69831400  607   !   3       java.util.zip.ZipFile$ZipFileInflaterInputStream::close (67 bytes)
Event: 0.872 Thread 0x00007fbd6980f600  610       4       java.lang.String::checkBoundsBeginEnd (63 bytes)
Event: 0.873 Thread 0x00007fbd69831400 nmethod 607 0x00000001113c6890 code [0x00000001113c6a80, 0x00000001113c70b0]
Event: 0.873 Thread 0x00007fbd69831400  612       3       java.io.UnixFileSystem::hasBooleanAttributes (33 bytes)
Event: 0.873 Thread 0x00007fbd6980f600 nmethod 610 0x0000000118847310 code [0x0000000118847480, 0x0000000118847518]
Event: 0.873 Thread 0x00007fbd69831400 nmethod 612 0x00000001113c7390 code [0x00000001113c7560, 0x00000001113c7900]
Event: 0.873 Thread 0x00007fbd6980f600  611       4       java.lang.String::substring (58 bytes)
Event: 0.873 Thread 0x00007fbd69831400  608       3       java.util.zip.InflaterInputStream::close (34 bytes)
Event: 0.874 Thread 0x00007fbd69831400 nmethod 608 0x00000001113c7a90 code [0x00000001113c7c40, 0x00000001113c7ef0]
Event: 0.874 Thread 0x00007fbd69831400  609       3       java.util.zip.ZipFile$InflaterCleanupAction::run (12 bytes)
Event: 0.875 Thread 0x00007fbd69831400 nmethod 609 0x00000001113c8010 code [0x00000001113c81a0, 0x00000001113c82e0]
Event: 0.880 Thread 0x00007fbd69831400  614       3       java.util.concurrent.ConcurrentHashMap$Traverser::advance (188 bytes)
Event: 0.883 Thread 0x00007fbd69831400 nmethod 614 0x00000001113c8390 code [0x00000001113c85c0, 0x00000001113c91c0]
Event: 0.887 Thread 0x00007fbd6980f600 nmethod 611 0x0000000118847610 code [0x00000001188477a0, 0x0000000118847bf8]
Event: 0.887 Thread 0x00007fbd6980f600  613       4       java.lang.String::startsWith (138 bytes)
Event: 0.888 Thread 0x00007fbd69831400  615       3       java.util.ArrayDeque::pollFirst (36 bytes)
Event: 0.889 Thread 0x00007fbd69831400 nmethod 615 0x00000001113c9490 code [0x00000001113c9640, 0x00000001113c9a70]
Event: 0.896 Thread 0x00007fbd69831400  616       3       java.nio.Buffer::remaining (20 bytes)
Event: 0.896 Thread 0x00007fbd69831400 nmethod 616 0x00000001113c9c10 code [0x00000001113c9da0, 0x00000001113c9ef0]
Event: 0.898 Thread 0x00007fbd6980f600 nmethod 613 0x0000000118847e90 code [0x0000000118848000, 0x0000000118848238]

GC Heap History (0 events):
No events

Deoptimization events (20 events):
Event: 0.161 Thread 0x00007fbd6a808a00 DEOPT PACKING pc=0x00000001112f1668 sp=0x000070000c0068d0
Event: 0.161 Thread 0x00007fbd6a808a00 DEOPT UNPACKING pc=0x0000000110d9cf2b sp=0x000070000c005d40 mode 0
Event: 0.338 Thread 0x00007fbd6a808a00 Uncommon trap: trap_request=0xffffff45 fr.pc=0x000000011882209c relative=0x000000000000037c
Event: 0.338 Thread 0x00007fbd6a808a00 Uncommon trap: reason=unstable_if action=reinterpret pc=0x000000011882209c method=java.lang.StringLatin1.indexOf([BI[BII)I @ 91 c2
Event: 0.338 Thread 0x00007fbd6a808a00 DEOPT PACKING pc=0x000000011882209c sp=0x000070000c007280
Event: 0.338 Thread 0x00007fbd6a808a00 DEOPT UNPACKING pc=0x0000000110d9d125 sp=0x000070000c007200 mode 2
Event: 0.357 Thread 0x00007fbd6a808a00 DEOPT PACKING pc=0x0000000111365b68 sp=0x000070000c0072b0
Event: 0.357 Thread 0x00007fbd6a808a00 DEOPT UNPACKING pc=0x0000000110d9cf2b sp=0x000070000c006720 mode 0
Event: 0.367 Thread 0x00007fbd6a808a00 Uncommon trap: trap_request=0xffffff45 fr.pc=0x0000000118822f74 relative=0x00000000000001d4
Event: 0.367 Thread 0x00007fbd6a808a00 Uncommon trap: reason=unstable_if action=reinterpret pc=0x0000000118822f74 method=java.lang.String.startsWith(Ljava/lang/String;I)Z @ 1 c2
Event: 0.367 Thread 0x00007fbd6a808a00 DEOPT PACKING pc=0x0000000118822f74 sp=0x000070000c006480
Event: 0.367 Thread 0x00007fbd6a808a00 DEOPT UNPACKING pc=0x0000000110d9d125 sp=0x000070000c006408 mode 2
Event: 0.404 Thread 0x00007fbd6a808a00 DEOPT PACKING pc=0x0000000111365b68 sp=0x000070000c0060a0
Event: 0.404 Thread 0x00007fbd6a808a00 DEOPT UNPACKING pc=0x0000000110d9cf2b sp=0x000070000c005510 mode 0
Event: 0.412 Thread 0x00007fbd6a808a00 DEOPT PACKING pc=0x0000000111365b68 sp=0x000070000c003860
Event: 0.412 Thread 0x00007fbd6a808a00 DEOPT UNPACKING pc=0x0000000110d9cf2b sp=0x000070000c002cd0 mode 0
Event: 0.420 Thread 0x00007fbd6a809000 DEOPT PACKING pc=0x0000000111365b68 sp=0x000070000d23d920
Event: 0.420 Thread 0x00007fbd6a809000 DEOPT UNPACKING pc=0x0000000110d9cf2b sp=0x000070000d23cd90 mode 0
Event: 0.812 Thread 0x00007fbd6a809000 DEOPT PACKING pc=0x0000000111365b68 sp=0x000070000d23ddb0
Event: 0.812 Thread 0x00007fbd6a809000 DEOPT UNPACKING pc=0x0000000110d9cf2b sp=0x000070000d23d220 mode 0

Classes unloaded (0 events):
No events

Classes redefined (0 events):
No events

Internal exceptions (13 events):
Event: 0.244 Thread 0x00007fbd6a808a00 Exception <a 'java/lang/NoSuchMethodError'{0x0000000787b4da58}: 'void java.lang.invoke.DirectMethodHandle$Holder.invokeSpecial(java.lang.Object, java.lang.Object, java.lang.Object)'> (0x0000000787b4da58) 
thrown [./open/src/hotspot/share/interpreter/linkResolver.cpp, line 782]
Event: 0.247 Thread 0x00007fbd6a808a00 Exception <a 'java/lang/NoSuchMethodError'{0x0000000787b57938}: 'void java.lang.invoke.DirectMethodHandle$Holder.invokeInterface(java.lang.Object, java.lang.Object)'> (0x0000000787b57938) 
thrown [./open/src/hotspot/share/interpreter/linkResolver.cpp, line 782]
Event: 0.292 Thread 0x00007fbd6a808a00 Exception <a 'java/lang/NoSuchMethodError'{0x0000000787a0a070}: 'void java.lang.invoke.DirectMethodHandle$Holder.invokeStatic(java.lang.Object, int, int)'> (0x0000000787a0a070) 
thrown [./open/src/hotspot/share/interpreter/linkResolver.cpp, line 782]
Event: 0.293 Thread 0x00007fbd6a808a00 Exception <a 'java/lang/NoSuchMethodError'{0x0000000787a0d7f8}: 'void java.lang.invoke.DirectMethodHandle$Holder.invokeStaticInit(java.lang.Object, int, int)'> (0x0000000787a0d7f8) 
thrown [./open/src/hotspot/share/interpreter/linkResolver.cpp, line 782]
Event: 0.373 Thread 0x00007fbd6a808a00 Exception <a 'java/lang/NoSuchMethodError'{0x0000000787941b28}: 'void java.lang.invoke.DirectMethodHandle$Holder.invokeStatic(java.lang.Object, java.lang.Object)'> (0x0000000787941b28) 
thrown [./open/src/hotspot/share/interpreter/linkResolver.cpp, line 782]
Event: 0.373 Thread 0x00007fbd6a808a00 Exception <a 'java/lang/NoSuchMethodError'{0x0000000787945588}: 'void java.lang.invoke.DirectMethodHandle$Holder.invokeStaticInit(java.lang.Object, java.lang.Object)'> (0x0000000787945588) 
thrown [./open/src/hotspot/share/interpreter/linkResolver.cpp, line 782]
Event: 0.419 Thread 0x00007fbd6a808a00 Exception <a 'java/lang/NoSuchMethodError'{0x0000000787815ba8}: 'void java.lang.invoke.DirectMethodHandle$Holder.invokeStatic(java.lang.Object, java.lang.Object, java.lang.Object, java.lang.Object)'> (0x0000000787815ba8) 
thrown [./open/src/hotspot/share/interpreter/linkResolver.cpp, line 782]
Event: 0.423 Thread 0x00007fbd6a809000 Exception <a 'java/lang/ClassNotFoundException'{0x000000078785ae60}: sun/awt/resources/spi/awtProvider> (0x000000078785ae60) 
thrown [./open/src/hotspot/share/classfile/systemDictionary.cpp, line 295]
Event: 0.457 Thread 0x00007fbd6a809000 Exception <a 'java/io/FileNotFoundException'{0x00000007878e8310}> (0x00000007878e8310) 
thrown [./open/src/hotspot/share/prims/jni.cpp, line 578]
Event: 0.466 Thread 0x00007fbd6a809000 Exception <a 'java/io/FileNotFoundException'{0x0000000787716f00}> (0x0000000787716f00) 
thrown [./open/src/hotspot/share/prims/jni.cpp, line 578]
Event: 0.467 Thread 0x00007fbd6a809000 Exception <a 'java/lang/NoSuchMethodError'{0x0000000787717f20}: 'java.lang.Object java.lang.invoke.DirectMethodHandle$Holder.invokeStatic(java.lang.Object)'> (0x0000000787717f20) 
thrown [./open/src/hotspot/share/interpreter/linkResolver.cpp, line 782]
Event: 0.467 Thread 0x00007fbd6a809000 Exception <a 'java/lang/NoSuchMethodError'{0x000000078771b590}: 'java.lang.Object java.lang.invoke.DirectMethodHandle$Holder.invokeStaticInit(java.lang.Object)'> (0x000000078771b590) 
thrown [./open/src/hotspot/share/interpreter/linkResolver.cpp, line 782]
Event: 0.470 Thread 0x00007fbd6a809000 Exception <a 'java/lang/ClassNotFoundException'{0x0000000787721758}: sun/awt/resources/spi/awtosxProvider> (0x0000000787721758) 
thrown [./open/src/hotspot/share/classfile/systemDictionary.cpp, line 295]

Events (20 events):
Event: 0.866 loading class java/nio/StringCharBuffer
Event: 0.866 loading class java/nio/StringCharBuffer done
Event: 0.875 loading class java/awt/IllegalComponentStateException
Event: 0.875 loading class java/awt/IllegalComponentStateException done
Event: 0.875 loading class java/awt/Point
Event: 0.875 loading class java/awt/geom/Point2D
Event: 0.875 loading class java/awt/geom/Point2D done
Event: 0.876 loading class java/awt/Point done
Event: 0.876 loading class java/awt/GraphicsConfiguration
Event: 0.876 loading class java/awt/GraphicsConfiguration done
Event: 0.876 loading class java/awt/Image
Event: 0.876 loading class java/awt/Image done
Event: 0.876 loading class java/awt/image/BufferedImage
Event: 0.876 loading class java/awt/image/WritableRenderedImage
Event: 0.876 loading class java/awt/image/RenderedImage
Event: 0.876 loading class java/awt/image/RenderedImage done
Event: 0.876 loading class java/awt/image/WritableRenderedImage done
Event: 0.876 loading class java/awt/Transparency
Event: 0.876 loading class java/awt/Transparency done
Event: 0.876 loading class java/awt/image/BufferedImage done


Dynamic libraries:
0x00007fff69289000 	/usr/lib/libz.1.dylib
0x00000001025f7000 	/Library/Java/JavaVirtualMachines/jdk-15.0.2.jdk/Contents/Home/lib/libjli.dylib
0x00007fff2ec8c000 	/System/Library/Frameworks/Cocoa.framework/Versions/A/Cocoa
0x00007fff3c4df000 	/System/Library/Frameworks/Security.framework/Versions/A/Security
0x00007fff2dbf2000 	/System/Library/Frameworks/ApplicationServices.framework/Versions/A/ApplicationServices
0x00007fff66cbd000 	/usr/lib/libSystem.B.dylib
0x00007fff69b4a000 	/usr/lib/system/libcache.dylib
0x00007fff69b50000 	/usr/lib/system/libcommonCrypto.dylib
0x00007fff69b5c000 	/usr/lib/system/libcompiler_rt.dylib
0x00007fff69b64000 	/usr/lib/system/libcopyfile.dylib
0x00007fff69b6e000 	/usr/lib/system/libcorecrypto.dylib
0x00007fff69d0d000 	/usr/lib/system/libdispatch.dylib
0x00007fff69d4e000 	/usr/lib/system/libdyld.dylib
0x00007fff69d85000 	/usr/lib/system/libkeymgr.dylib
0x00007fff69d93000 	/usr/lib/system/liblaunch.dylib
0x00007fff69d94000 	/usr/lib/system/libmacho.dylib
0x00007fff69d9a000 	/usr/lib/system/libquarantine.dylib
0x00007fff69d9d000 	/usr/lib/system/libremovefile.dylib
0x00007fff69d9f000 	/usr/lib/system/libsystem_asl.dylib
0x00007fff69db7000 	/usr/lib/system/libsystem_blocks.dylib
0x00007fff69db8000 	/usr/lib/system/libsystem_c.dylib
0x00007fff69e40000 	/usr/lib/system/libsystem_configuration.dylib
0x00007fff69e44000 	/usr/lib/system/libsystem_coreservices.dylib
0x00007fff69e48000 	/usr/lib/system/libsystem_darwin.dylib
0x00007fff69e51000 	/usr/lib/system/libsystem_dnssd.dylib
0x00007fff69e59000 	/usr/lib/system/libsystem_featureflags.dylib
0x00007fff69e5b000 	/usr/lib/system/libsystem_info.dylib
0x00007fff69ed6000 	/usr/lib/system/libsystem_m.dylib
0x00007fff69f22000 	/usr/lib/system/libsystem_malloc.dylib
0x00007fff69f4a000 	/usr/lib/system/libsystem_networkextension.dylib
0x00007fff69f58000 	/usr/lib/system/libsystem_notify.dylib
0x00007fff69f76000 	/usr/lib/system/libsystem_sandbox.dylib
0x00007fff69f7b000 	/usr/lib/system/libsystem_secinit.dylib
0x00007fff69ea9000 	/usr/lib/system/libsystem_kernel.dylib
0x00007fff69f62000 	/usr/lib/system/libsystem_platform.dylib
0x00007fff69f6b000 	/usr/lib/system/libsystem_pthread.dylib
0x00007fff69f7e000 	/usr/lib/system/libsystem_symptoms.dylib
0x00007fff69f86000 	/usr/lib/system/libsystem_trace.dylib
0x00007fff69f9e000 	/usr/lib/system/libunwind.dylib
0x00007fff69fa4000 	/usr/lib/system/libxpc.dylib
0x00007fff68bb6000 	/usr/lib/libobjc.A.dylib
0x00007fff6708c000 	/usr/lib/libc++abi.dylib
0x00007fff67039000 	/usr/lib/libc++.1.dylib
0x00007fff2fb3f000 	/System/Library/Frameworks/CoreFoundation.framework/Versions/A/CoreFoundation
0x00007fff32222000 	/System/Library/Frameworks/Foundation.framework/Versions/C/Foundation
0x00007fff2cde4000 	/System/Library/Frameworks/AppKit.framework/Versions/C/AppKit
0x00007fff2f610000 	/System/Library/Frameworks/CoreData.framework/Versions/A/CoreData
0x00007fff60caa000 	/System/Library/PrivateFrameworks/UIFoundation.framework/Versions/A/UIFoundation
0x00007fff5bd3e000 	/System/Library/PrivateFrameworks/RemoteViewServices.framework/Versions/A/RemoteViewServices
0x00007fff6382d000 	/System/Library/PrivateFrameworks/XCTTargetBootstrap.framework/Versions/A/XCTTargetBootstrap
0x00007fff2fa0c000 	/System/Library/Frameworks/CoreDisplay.framework/Versions/A/CoreDisplay
0x00007fff350e1000 	/System/Library/Frameworks/Metal.framework/Versions/A/Metal
0x00007fff49cfd000 	/System/Library/PrivateFrameworks/DesktopServicesPriv.framework/Versions/A/DesktopServicesPriv
0x00007fff67e91000 	/usr/lib/liblangid.dylib
0x00007fff48f92000 	/System/Library/PrivateFrameworks/CoreSVG.framework/Versions/A/CoreSVG
0x00007fff5ee9a000 	/System/Library/PrivateFrameworks/SkyLight.framework/Versions/A/SkyLight
0x00007fff2ffc2000 	/System/Library/Frameworks/CoreGraphics.framework/Versions/A/CoreGraphics
0x00007fff2b753000 	/System/Library/Frameworks/Accelerate.framework/Versions/A/Accelerate
0x00007fff6917a000 	/usr/lib/libxml2.2.dylib
0x00007fff54c9f000 	/System/Library/PrivateFrameworks/IconServices.framework/Versions/A/IconServices
0x00007fff32a01000 	/System/Library/Frameworks/IOSurface.framework/Versions/A/IOSurface
0x00007fff667e7000 	/usr/lib/libDiagnosticMessagesClient.dylib
0x00007fff49b57000 	/System/Library/PrivateFrameworks/DFRFoundation.framework/Versions/A/DFRFoundation
0x00007fff67c20000 	/usr/lib/libicucore.A.dylib
0x00007fff2df24000 	/System/Library/Frameworks/AudioToolbox.framework/Versions/A/AudioToolbox
0x00007fff2e007000 	/System/Library/Frameworks/AudioUnit.framework/Versions/A/AudioUnit
0x00007fff66f55000 	/usr/lib/libauto.dylib
0x00007fff49bf9000 	/System/Library/PrivateFrameworks/DataDetectorsCore.framework/Versions/A/DataDetectorsCore
0x00007fff2e7ad000 	/System/Library/Frameworks/Carbon.framework/Versions/A/Frameworks/HIToolbox.framework/Versions/A/HIToolbox
0x00007fff3b6d8000 	/System/Library/Frameworks/QuartzCore.framework/Versions/A/QuartzCore
0x00007fff2eaec000 	/System/Library/Frameworks/Carbon.framework/Versions/A/Frameworks/SpeechRecognition.framework/Versions/A/SpeechRecognition
0x00007fff4966b000 	/System/Library/PrivateFrameworks/CoreUI.framework/Versions/A/CoreUI
0x00007fff2f07b000 	/System/Library/Frameworks/CoreAudio.framework/Versions/A/CoreAudio
0x00007fff31ee1000 	/System/Library/Frameworks/DiskArbitration.framework/Versions/A/DiskArbitration
0x00007fff56d17000 	/System/Library/PrivateFrameworks/MultitouchSupport.framework/Versions/A/MultitouchSupport
0x00007fff67ae5000 	/usr/lib/libenergytrace.dylib
0x00007fff3295b000 	/System/Library/Frameworks/IOKit.framework/Versions/A/IOKit
0x00007fff30f4c000 	/System/Library/Frameworks/CoreServices.framework/Versions/A/CoreServices
0x00007fff58ed1000 	/System/Library/PrivateFrameworks/PerformanceAnalysis.framework/Versions/A/PerformanceAnalysis
0x00007fff3a70b000 	/System/Library/Frameworks/OpenGL.framework/Versions/A/OpenGL
0x00007fff2ec9a000 	/System/Library/Frameworks/ColorSync.framework/Versions/A/ColorSync
0x00007fff30668000 	/System/Library/Frameworks/CoreImage.framework/Versions/A/CoreImage
0x00007fff319c0000 	/System/Library/Frameworks/CoreText.framework/Versions/A/CoreText
0x00007fff32a91000 	/System/Library/Frameworks/ImageIO.framework/Versions/A/ImageIO
0x00007fff670b5000 	/usr/lib/libcompression.dylib
0x00007fff66b2b000 	/usr/lib/libMobileGestalt.dylib
0x00007fff60a14000 	/System/Library/PrivateFrameworks/TextureIO.framework/Versions/A/TextureIO
0x00007fff66e22000 	/usr/lib/libate.dylib
0x00007fff54ea8000 	/System/Library/PrivateFrameworks/InternationalSupport.framework/Versions/A/InternationalSupport
0x00007fff67e93000 	/usr/lib/liblzma.5.dylib
0x00007fff67b0e000 	/usr/lib/libfakelink.dylib
0x00007fff66daf000 	/usr/lib/libarchive.2.dylib
0x00007fff3d592000 	/System/Library/Frameworks/SystemConfiguration.framework/Versions/A/SystemConfiguration
0x00007fff6671a000 	/usr/lib/libCRFSuite.dylib
0x00007fff2e39e000 	/System/Library/Frameworks/CFNetwork.framework/Versions/A/CFNetwork
0x00007fff6701b000 	/usr/lib/libbsm.0.dylib
0x00007fff69d86000 	/usr/lib/system/libkxld.dylib
0x00007fff434d1000 	/System/Library/PrivateFrameworks/AppleFSCompression.framework/Versions/A/AppleFSCompression
0x00007fff673a7000 	/usr/lib/libcoretls.dylib
0x00007fff673be000 	/usr/lib/libcoretls_cfhelpers.dylib
0x00007fff68bfb000 	/usr/lib/libpam.2.dylib
0x00007fff68d30000 	/usr/lib/libsqlite3.dylib
0x00007fff69167000 	/usr/lib/libxar.1.dylib
0x00007fff6702c000 	/usr/lib/libbz2.1.0.dylib
0x00007fff67b2f000 	/usr/lib/libiconv.2.dylib
0x00007fff670a2000 	/usr/lib/libcharset.1.dylib
0x00007fff68699000 	/usr/lib/libnetwork.dylib
0x00007fff68c02000 	/usr/lib/libpcap.A.dylib
0x00007fff66d64000 	/usr/lib/libapple_nghttp2.dylib
0x00007fff31303000 	/System/Library/Frameworks/CoreServices.framework/Versions/A/Frameworks/FSEvents.framework/Versions/A/FSEvents
0x00007fff30fd3000 	/System/Library/Frameworks/CoreServices.framework/Versions/A/Frameworks/CarbonCore.framework/Versions/A/CarbonCore
0x00007fff31548000 	/System/Library/Frameworks/CoreServices.framework/Versions/A/Frameworks/Metadata.framework/Versions/A/Metadata
0x00007fff315e1000 	/System/Library/Frameworks/CoreServices.framework/Versions/A/Frameworks/OSServices.framework/Versions/A/OSServices
0x00007fff3160f000 	/System/Library/Frameworks/CoreServices.framework/Versions/A/Frameworks/SearchKit.framework/Versions/A/SearchKit
0x00007fff30f4d000 	/System/Library/Frameworks/CoreServices.framework/Versions/A/Frameworks/AE.framework/Versions/A/AE
0x00007fff3130c000 	/System/Library/Frameworks/CoreServices.framework/Versions/A/Frameworks/LaunchServices.framework/Versions/A/LaunchServices
0x00007fff312b5000 	/System/Library/Frameworks/CoreServices.framework/Versions/A/Frameworks/DictionaryServices.framework/Versions/A/DictionaryServices
0x00007fff31677000 	/System/Library/Frameworks/CoreServices.framework/Versions/A/Frameworks/SharedFileList.framework/Versions/A/SharedFileList
0x00007fff3652a000 	/System/Library/Frameworks/NetFS.framework/Versions/A/NetFS
0x00007fff57247000 	/System/Library/PrivateFrameworks/NetAuth.framework/Versions/A/NetAuth
0x00007fff63bfa000 	/System/Library/PrivateFrameworks/login.framework/Versions/A/Frameworks/loginsupport.framework/Versions/A/loginsupport
0x00007fff604df000 	/System/Library/PrivateFrameworks/TCC.framework/Versions/A/TCC
0x00007fff48105000 	/System/Library/PrivateFrameworks/CoreNLP.framework/Versions/A/CoreNLP
0x00007fff5671c000 	/System/Library/PrivateFrameworks/MetadataUtilities.framework/Versions/A/MetadataUtilities
0x00007fff67f6b000 	/usr/lib/libmecabra.dylib
0x00007fff67ec3000 	/usr/lib/libmecab.dylib
0x00007fff67b1f000 	/usr/lib/libgermantok.dylib
0x00007fff66d4b000 	/usr/lib/libThaiTokenizer.dylib
0x00007fff66751000 	/usr/lib/libChineseTokenizer.dylib
0x00007fff2b76c000 	/System/Library/Frameworks/Accelerate.framework/Versions/A/Frameworks/vImage.framework/Versions/A/vImage
0x00007fff2cc3a000 	/System/Library/Frameworks/Accelerate.framework/Versions/A/Frameworks/vecLib.framework/Versions/A/vecLib
0x00007fff2cabb000 	/System/Library/Frameworks/Accelerate.framework/Versions/A/Frameworks/vecLib.framework/Versions/A/libvMisc.dylib
0x00007fff2c928000 	/System/Library/Frameworks/Accelerate.framework/Versions/A/Frameworks/vecLib.framework/Versions/A/libvDSP.dylib
0x00007fff2c008000 	/System/Library/Frameworks/Accelerate.framework/Versions/A/Frameworks/vecLib.framework/Versions/A/libBLAS.dylib
0x00007fff2c4e0000 	/System/Library/Frameworks/Accelerate.framework/Versions/A/Frameworks/vecLib.framework/Versions/A/libLAPACK.dylib
0x00007fff2c888000 	/System/Library/Frameworks/Accelerate.framework/Versions/A/Frameworks/vecLib.framework/Versions/A/libLinearAlgebra.dylib
0x00007fff2c915000 	/System/Library/Frameworks/Accelerate.framework/Versions/A/Frameworks/vecLib.framework/Versions/A/libSparseBLAS.dylib
0x00007fff2c89e000 	/System/Library/Frameworks/Accelerate.framework/Versions/A/Frameworks/vecLib.framework/Versions/A/libQuadrature.dylib
0x00007fff2c19e000 	/System/Library/Frameworks/Accelerate.framework/Versions/A/Frameworks/vecLib.framework/Versions/A/libBNNS.dylib
0x00007fff2c8a4000 	/System/Library/Frameworks/Accelerate.framework/Versions/A/Frameworks/vecLib.framework/Versions/A/libSparse.dylib
0x00007fff55290000 	/System/Library/PrivateFrameworks/LanguageModeling.framework/Versions/A/LanguageModeling
0x00007fff47ab4000 	/System/Library/PrivateFrameworks/CoreEmoji.framework/Versions/A/CoreEmoji
0x00007fff553ae000 	/System/Library/PrivateFrameworks/LinguisticData.framework/Versions/A/LinguisticData
0x00007fff5535f000 	/System/Library/PrivateFrameworks/Lexicon.framework/Versions/A/Lexicon
0x00007fff670a3000 	/usr/lib/libcmph.dylib
0x00007fff39119000 	/System/Library/Frameworks/OpenDirectory.framework/Versions/A/Frameworks/CFOpenDirectory.framework/Versions/A/CFOpenDirectory
0x00007fff39136000 	/System/Library/Frameworks/OpenDirectory.framework/Versions/A/OpenDirectory
0x00007fff4157c000 	/System/Library/PrivateFrameworks/APFS.framework/Versions/A/APFS
0x00007fff3c82b000 	/System/Library/Frameworks/SecurityFoundation.framework/Versions/A/SecurityFoundation
0x00007fff69163000 	/usr/lib/libutil.dylib
0x00007fff48fea000 	/System/Library/PrivateFrameworks/CoreServicesStore.framework/Versions/A/CoreServicesStore
0x00007fff3c8e2000 	/System/Library/Frameworks/ServiceManagement.framework/Versions/A/ServiceManagement
0x00007fff44ca2000 	/System/Library/PrivateFrameworks/BackgroundTaskManagement.framework/Versions/A/BackgroundTaskManagement
0x00007fff69260000 	/usr/lib/libxslt.1.dylib
0x00007fff43b44000 	/System/Library/PrivateFrameworks/AppleSystemInfo.framework/Versions/A/AppleSystemInfo
0x00007fff32cb0000 	/System/Library/Frameworks/ImageIO.framework/Versions/A/Resources/libJPEG.dylib
0x00007fff32f6f000 	/System/Library/Frameworks/ImageIO.framework/Versions/A/Resources/libTIFF.dylib
0x00007fff32f52000 	/System/Library/Frameworks/ImageIO.framework/Versions/A/Resources/libPng.dylib
0x00007fff32bf2000 	/System/Library/Frameworks/ImageIO.framework/Versions/A/Resources/libGIF.dylib
0x00007fff32bf6000 	/System/Library/Frameworks/ImageIO.framework/Versions/A/Resources/libJP2.dylib
0x00007fff32f6d000 	/System/Library/Frameworks/ImageIO.framework/Versions/A/Resources/libRadiance.dylib
0x00007fff67ae6000 	/usr/lib/libexpat.1.dylib
0x00007fff4362c000 	/System/Library/PrivateFrameworks/AppleJPEG.framework/Versions/A/AppleJPEG
0x00007fff4c300000 	/System/Library/PrivateFrameworks/FontServices.framework/libFontParser.dylib
0x00007fff62bfc000 	/System/Library/PrivateFrameworks/WatchdogClient.framework/Versions/A/WatchdogClient
0x00007fff548eb000 	/System/Library/PrivateFrameworks/IOAccelerator.framework/Versions/A/IOAccelerator
0x00007fff3547c000 	/System/Library/Frameworks/MetalPerformanceShaders.framework/Versions/A/MetalPerformanceShaders
0x00007fff5107b000 	/System/Library/PrivateFrameworks/GPUWrangler.framework/Versions/A/GPUWrangler
0x00007fff54900000 	/System/Library/PrivateFrameworks/IOPresentment.framework/Versions/A/IOPresentment
0x00007fff49b6a000 	/System/Library/PrivateFrameworks/DSExternalDisplay.framework/Versions/A/DSExternalDisplay
0x00007fff39aaa000 	/System/Library/Frameworks/OpenGL.framework/Versions/A/Libraries/libCoreFSCache.dylib
0x00007fff351c8000 	/System/Library/Frameworks/MetalPerformanceShaders.framework/Frameworks/MPSCore.framework/Versions/A/MPSCore
0x00007fff35206000 	/System/Library/Frameworks/MetalPerformanceShaders.framework/Frameworks/MPSImage.framework/Versions/A/MPSImage
0x00007fff352cd000 	/System/Library/Frameworks/MetalPerformanceShaders.framework/Frameworks/MPSNeuralNetwork.framework/Versions/A/MPSNeuralNetwork
0x00007fff35291000 	/System/Library/Frameworks/MetalPerformanceShaders.framework/Frameworks/MPSMatrix.framework/Versions/A/MPSMatrix
0x00007fff3542c000 	/System/Library/Frameworks/MetalPerformanceShaders.framework/Frameworks/MPSRayIntersector.framework/Versions/A/MPSRayIntersector
0x00007fff352b7000 	/System/Library/Frameworks/MetalPerformanceShaders.framework/Frameworks/MPSNDArray.framework/Versions/A/MPSNDArray
0x00007fff56769000 	/System/Library/PrivateFrameworks/MetalTools.framework/Versions/A/MetalTools
0x00007fff42756000 	/System/Library/PrivateFrameworks/AggregateDictionary.framework/Versions/A/AggregateDictionary
0x00007fff474fc000 	/System/Library/PrivateFrameworks/CoreAnalytics.framework/Versions/A/CoreAnalytics
0x00007fff43a63000 	/System/Library/PrivateFrameworks/AppleSauce.framework/Versions/A/AppleSauce
0x00007fff66a0d000 	/usr/lib/libIOReport.dylib
0x00007fff31b78000 	/System/Library/Frameworks/CoreVideo.framework/Versions/A/CoreVideo
0x00007fff524f4000 	/System/Library/PrivateFrameworks/GraphVisualizer.framework/Versions/A/GraphVisualizer
0x00007fff4b846000 	/System/Library/PrivateFrameworks/FaceCore.framework/Versions/A/FaceCore
0x00007fff390c0000 	/System/Library/Frameworks/OpenCL.framework/Versions/A/OpenCL
0x00007fff6682f000 	/usr/lib/libFosl_dynamic.dylib
0x00007fff57c68000 	/System/Library/PrivateFrameworks/OTSVG.framework/Versions/A/OTSVG
0x00007fff2dcf7000 	/System/Library/Frameworks/ApplicationServices.framework/Versions/A/Frameworks/ATS.framework/Versions/A/Resources/libFontRegistry.dylib
0x00007fff4c4cf000 	/System/Library/PrivateFrameworks/FontServices.framework/libhvf.dylib
0x00007fff39ab5000 	/System/Library/Frameworks/OpenGL.framework/Versions/A/Libraries/libGFXShared.dylib
0x00007fff39c93000 	/System/Library/Frameworks/OpenGL.framework/Versions/A/Libraries/libGLU.dylib
0x00007fff39abe000 	/System/Library/Frameworks/OpenGL.framework/Versions/A/Libraries/libGL.dylib
0x00007fff39ac9000 	/System/Library/Frameworks/OpenGL.framework/Versions/A/Libraries/libGLImage.dylib
0x00007fff39aa7000 	/System/Library/Frameworks/OpenGL.framework/Versions/A/Libraries/libCVMSPluginSupport.dylib
0x00007fff39ab0000 	/System/Library/Frameworks/OpenGL.framework/Versions/A/Libraries/libCoreVMClient.dylib
0x00007fff6853a000 	/usr/lib/libncurses.5.4.dylib
0x00007fff2dbf3000 	/System/Library/Frameworks/ApplicationServices.framework/Versions/A/Frameworks/ATS.framework/Versions/A/ATS
0x00007fff2ddc0000 	/System/Library/Frameworks/ApplicationServices.framework/Versions/A/Frameworks/ColorSyncLegacy.framework/Versions/A/ColorSyncLegacy
0x00007fff2de5e000 	/System/Library/Frameworks/ApplicationServices.framework/Versions/A/Frameworks/HIServices.framework/Versions/A/HIServices
0x00007fff2deb6000 	/System/Library/Frameworks/ApplicationServices.framework/Versions/A/Frameworks/LangAnalysis.framework/Versions/A/LangAnalysis
0x00007fff2dec5000 	/System/Library/Frameworks/ApplicationServices.framework/Versions/A/Frameworks/PrintCore.framework/Versions/A/PrintCore
0x00007fff2df0b000 	/System/Library/Frameworks/ApplicationServices.framework/Versions/A/Frameworks/QD.framework/Versions/A/QD
0x00007fff2df16000 	/System/Library/Frameworks/ApplicationServices.framework/Versions/A/Frameworks/SpeechSynthesis.framework/Versions/A/SpeechSynthesis
0x00007fff2dd90000 	/System/Library/Frameworks/ApplicationServices.framework/Versions/A/Frameworks/ATSUI.framework/Versions/A/ATSUI
0x00007fff6797c000 	/usr/lib/libcups.2.dylib
0x00007fff34517000 	/System/Library/Frameworks/Kerberos.framework/Versions/A/Kerberos
0x00007fff32654000 	/System/Library/Frameworks/GSS.framework/Versions/A/GSS
0x00007fff68cbc000 	/usr/lib/libresolv.9.dylib
0x00007fff526a1000 	/System/Library/PrivateFrameworks/Heimdal.framework/Versions/A/Heimdal
0x00007fff3452a000 	/System/Library/Frameworks/Kerberos.framework/Versions/A/Libraries/libHeimdalProxy.dylib
0x00007fff67b25000 	/usr/lib/libheimdal-asn1.dylib
0x00007fff46994000 	/System/Library/PrivateFrameworks/CommonAuth.framework/Versions/A/CommonAuth
0x00007fff43be1000 	/System/Library/PrivateFrameworks/AssertionServices.framework/Versions/A/AssertionServices
0x00007fff44784000 	/System/Library/PrivateFrameworks/AudioToolboxCore.framework/Versions/A/AudioToolboxCore
0x00007fff638aa000 	/System/Library/PrivateFrameworks/caulk.framework/Versions/A/caulk
0x00007fff44d4e000 	/System/Library/PrivateFrameworks/BaseBoard.framework/Versions/A/BaseBoard
0x00007fff5becc000 	/System/Library/PrivateFrameworks/RunningBoardServices.framework/Versions/A/RunningBoardServices
0x00007fff58edd000 	/System/Library/PrivateFrameworks/PersistentConnection.framework/Versions/A/PersistentConnection
0x00007fff5b8c5000 	/System/Library/PrivateFrameworks/ProtocolBuffer.framework/Versions/A/ProtocolBuffer
0x00007fff469b8000 	/System/Library/PrivateFrameworks/CommonUtilities.framework/Versions/A/CommonUtilities
0x00007fff44edc000 	/System/Library/PrivateFrameworks/Bom.framework/Versions/A/Bom
0x00007fff666e0000 	/usr/lib/libAudioToolboxUtility.dylib
0x00007fff44cac000 	/System/Library/PrivateFrameworks/Backup.framework/Versions/A/Backup
0x00007fff49a8b000 	/System/Library/PrivateFrameworks/CrashReporterSupport.framework/Versions/A/CrashReporterSupport
0x00007fff5d95e000 	/System/Library/PrivateFrameworks/Sharing.framework/Versions/A/Sharing
0x00007fff431ef000 	/System/Library/PrivateFrameworks/Apple80211.framework/Versions/A/Apple80211
0x00007fff449c9000 	/System/Library/PrivateFrameworks/AuthKit.framework/Versions/A/AuthKit
0x00007fff49798000 	/System/Library/PrivateFrameworks/CoreUtils.framework/Versions/A/CoreUtils
0x00007fff31bbd000 	/System/Library/Frameworks/CoreWLAN.framework/Versions/A/CoreWLAN
0x00007fff327e1000 	/System/Library/Frameworks/IOBluetooth.framework/Versions/A/IOBluetooth
0x00007fff56a96000 	/System/Library/PrivateFrameworks/MobileKeyBag.framework/Versions/A/MobileKeyBag
0x00007fff4859d000 	/System/Library/PrivateFrameworks/CorePhoneNumbers.framework/Versions/A/CorePhoneNumbers
0x00007fff435df000 	/System/Library/PrivateFrameworks/AppleIDAuthSupport.framework/Versions/A/AppleIDAuthSupport
0x00007fff36537000 	/System/Library/Frameworks/Network.framework/Versions/A/Network
0x00007fff5513c000 	/System/Library/PrivateFrameworks/KeychainCircle.framework/Versions/A/KeychainCircle
0x00007fff2f5d7000 	/System/Library/Frameworks/CoreBluetooth.framework/Versions/A/CoreBluetooth
0x00007fff5f9dd000 	/System/Library/PrivateFrameworks/SpeechRecognitionCore.framework/Versions/A/SpeechRecognitionCore
0x00007fff22b4c000 	/System/Library/CoreServices/Encodings/libCyrillicConverter.dylib
0x0000000103000000 	/Library/Java/JavaVirtualMachines/jdk-15.0.2.jdk/Contents/Home/lib/server/libjvm.dylib
0x000000010261b000 	/Library/Java/JavaVirtualMachines/jdk-15.0.2.jdk/Contents/Home/lib/libjimage.dylib
0x0000000102671000 	/Library/Java/JavaVirtualMachines/jdk-15.0.2.jdk/Contents/Home/lib/libjava.dylib
0x00000001027e8000 	/Library/Java/JavaVirtualMachines/jdk-15.0.2.jdk/Contents/Home/lib/libnio.dylib
0x000000010f5ac000 	/Library/Java/JavaVirtualMachines/jdk-15.0.2.jdk/Contents/Home/lib/libnet.dylib
0x000000010f5c5000 	/Library/Java/JavaVirtualMachines/jdk-15.0.2.jdk/Contents/Home/lib/libzip.dylib
0x000000010f5d3000 	/Library/Java/JavaVirtualMachines/jdk-15.0.2.jdk/Contents/Home/lib/libverify.dylib
0x000000010f5e4000 	/private/var/folders/c0/d63ctn4x70q87f_r701qtxp40000gn/T/libgdxmacbookpro/cdf099a0/libgdx64.dylib
0x000000010f616000 	/Library/Java/JavaVirtualMachines/jdk-15.0.2.jdk/Contents/Home/lib/libawt.dylib
0x000000010f6cd000 	/Library/Java/JavaVirtualMachines/jdk-15.0.2.jdk/Contents/Home/lib/libmlib_image.dylib
0x00007fff34501000 	/System/Library/Frameworks/JavaVM.framework/Versions/A/Frameworks/JavaNativeFoundation.framework/Versions/A/JavaNativeFoundation
0x00007fff3450a000 	/System/Library/Frameworks/JavaVM.framework/Versions/A/Frameworks/JavaRuntimeSupport.framework/Versions/A/JavaRuntimeSupport
0x00007fff34512000 	/System/Library/Frameworks/JavaVM.framework/Versions/A/JavaVM
0x00007fff54f53000 	/System/Library/PrivateFrameworks/JavaLaunching.framework/Versions/A/JavaLaunching
0x00007fff2e7a8000 	/System/Library/Frameworks/Carbon.framework/Versions/A/Carbon
0x00007fff4953d000 	/System/Library/PrivateFrameworks/CoreSymbolication.framework/Versions/A/CoreSymbolication
0x00007fff2e7a9000 	/System/Library/Frameworks/Carbon.framework/Versions/A/Frameworks/CommonPanels.framework/Versions/A/CommonPanels
0x00007fff2eaa2000 	/System/Library/Frameworks/Carbon.framework/Versions/A/Frameworks/Help.framework/Versions/A/Help
0x00007fff2eaa6000 	/System/Library/Frameworks/Carbon.framework/Versions/A/Frameworks/ImageCapture.framework/Versions/A/ImageCapture
0x00007fff2eaad000 	/System/Library/Frameworks/Carbon.framework/Versions/A/Frameworks/OpenScripting.framework/Versions/A/OpenScripting
0x00007fff2eaac000 	/System/Library/Frameworks/Carbon.framework/Versions/A/Frameworks/Ink.framework/Versions/A/Ink
0x00007fff2eae8000 	/System/Library/Frameworks/Carbon.framework/Versions/A/Frameworks/Print.framework/Versions/A/Print
0x00007fff2eae9000 	/System/Library/Frameworks/Carbon.framework/Versions/A/Frameworks/SecurityHI.framework/Versions/A/SecurityHI
0x00007fff49cbf000 	/System/Library/PrivateFrameworks/DebugSymbols.framework/Versions/A/DebugSymbols
0x000000010f769000 	/Library/Java/JavaVirtualMachines/jdk-15.0.2.jdk/Contents/Home/lib/libawt_lwawt.dylib
0x000000010f823000 	/Library/Java/JavaVirtualMachines/jdk-15.0.2.jdk/Contents/Home/lib/libosxapp.dylib
0x00007fff320bd000 	/System/Library/Frameworks/ExceptionHandling.framework/Versions/A/ExceptionHandling
0x000000010f843000 	/Library/Java/JavaVirtualMachines/jdk-15.0.2.jdk/Contents/Home/lib/libfontmanager.dylib
0x000000010f96f000 	/Library/Java/JavaVirtualMachines/jdk-15.0.2.jdk/Contents/Home/lib/libfreetype.dylib
0x00007fff48fb6000 	/System/Library/PrivateFrameworks/CoreServicesInternal.framework/Versions/A/CoreServicesInternal
0x00007fff320dc000 	/System/Library/Frameworks/FileProvider.framework/Versions/A/FileProvider
0x00007fff2cc3b000 	/System/Library/Frameworks/Accounts.framework/Versions/A/Accounts
0x00007fff513a0000 	/System/Library/PrivateFrameworks/GenerationalStorage.framework/Versions/A/GenerationalStorage
0x00007fff6021f000 	/System/Library/PrivateFrameworks/SymptomDiagnosticReporter.framework/Versions/A/SymptomDiagnosticReporter
0x00007fff42cf3000 	/System/Library/PrivateFrameworks/AppContainer.framework/Versions/A/AppContainer
0x00007fff68cd6000 	/usr/lib/libsandbox.1.dylib
0x00007fff61b9f000 	/System/Library/PrivateFrameworks/UserManagement.framework/Versions/A/UserManagement
0x00007fff45a98000 	/System/Library/PrivateFrameworks/ChunkingLibrary.framework/Versions/A/ChunkingLibrary
0x00007fff42d65000 	/System/Library/PrivateFrameworks/AppSandbox.framework/Versions/A/AppSandbox
0x00007fff5d7e8000 	/System/Library/PrivateFrameworks/SecCodeWrapper.framework/Versions/A/SecCodeWrapper
0x00007fff66af5000 	/usr/lib/libMatch.1.dylib
0x00007fff22bbe000 	/System/Library/CoreServices/RawCamera.bundle/Contents/MacOS/RawCamera
0x00007fff56898000 	/System/Library/PrivateFrameworks/MobileAsset.framework/Versions/A/MobileAsset
0x00007fff600c7000 	/System/Library/PrivateFrameworks/StreamingZip.framework/Versions/A/StreamingZip
0x00007fff34992000 	/System/Library/Frameworks/MediaToolbox.framework/Versions/A/MediaToolbox
0x00007fff474ac000 	/System/Library/PrivateFrameworks/CoreAVCHD.framework/Versions/A/CoreAVCHD
0x00007fff348bc000 	/System/Library/Frameworks/MediaAccessibility.framework/Versions/A/MediaAccessibility
0x00007fff55c4c000 	/System/Library/PrivateFrameworks/Mangrove.framework/Versions/A/Mangrove
0x00007fff30d84000 	/System/Library/Frameworks/CoreMedia.framework/Versions/A/CoreMedia
0x00007fff55eb8000 	/System/Library/PrivateFrameworks/MediaExperience.framework/Versions/A/MediaExperience
0x00007fff3d88c000 	/System/Library/Frameworks/VideoToolbox.framework/Versions/A/VideoToolbox
0x00007fff470d6000 	/System/Library/PrivateFrameworks/CoreAUC.framework/Versions/A/CoreAUC
0x00007fff68d2e000 	/usr/lib/libspindump.dylib
0x00007fff44133000 	/System/Library/PrivateFrameworks/AudioResourceArbitration.framework/Versions/A/AudioResourceArbitration
0x00007fff43b48000 	/System/Library/PrivateFrameworks/AppleVA.framework/Versions/A/AppleVA
0x00007fff2b754000 	/System/Library/Frameworks/Accelerate.framework/Versions/A/Frameworks/vImage.framework/Versions/A/Libraries/libCGInterfaces.dylib
0x0000000110c37000 	/usr/lib/libobjc-trampolines.dylib
0x00007fff4c437000 	/System/Library/PrivateFrameworks/FontServices.framework/libTrueTypeScaler.dylib
0x00007fff259ed000 	/System/Library/Extensions/AppleIntelHD4000GraphicsMTLDriver.bundle/Contents/MacOS/AppleIntelHD4000GraphicsMTLDriver
0x00007fff4f9c0000 	/System/Library/PrivateFrameworks/GPUCompiler.framework/Versions/3902/Libraries/libmetal_timestamp.dylib
0x00007fff6296b000 	/System/Library/PrivateFrameworks/ViewBridge.framework/Versions/A/ViewBridge
0x0000000126bb7000 	/private/var/folders/c0/d63ctn4x70q87f_r701qtxp40000gn/T/libgdxmacbookpro/f7649394/liblwjgl.dylib
0x0000000126c39000 	/Library/Java/JavaVirtualMachines/jdk-15.0.2.jdk/Contents/Home/lib/libjawt.dylib
0x00007fff3a71b000 	/System/Library/Frameworks/OpenGL.framework/Versions/A/Resources/GLEngine.bundle/GLEngine
0x00007fff39afe000 	/System/Library/Frameworks/OpenGL.framework/Versions/A/Libraries/libGLProgrammability.dylib
0x00007fff254ef000 	/System/Library/Extensions/AppleIntelHD4000GraphicsGLDriver.bundle/Contents/MacOS/AppleIntelHD4000GraphicsGLDriver
0x00007fff5106f000 	/System/Library/PrivateFrameworks/GPUSupport.framework/Versions/A/Libraries/libGPUSupportMercury.dylib
0x00007fff3a895000 	/System/Library/Frameworks/OpenGL.framework/Versions/A/Resources/GLRendererFloat.bundle/GLRendererFloat
0x00007fff390b7000 	/System/Library/Frameworks/OpenCL.framework/Versions/A/Libraries/libcldcpuengine.dylib
0x00007fff63bfd000 	/System/Library/PrivateFrameworks/login.framework/Versions/A/login


VM Arguments:
jvm_args: -Dfile.encoding=UTF-8 -Duser.country=UA -Duser.language=ru -Duser.variant 
java_command: sk.tuke.kpi.oop.game.Main
java_class_path (initial): /Users/macbookpro/IdeaProjects/project-ellen/build/classes/java/main:/Users/macbookpro/IdeaProjects/project-ellen/build/resources/main:/Users/macbookpro/.gradle/caches/modules-2/files-2.1/sk.tuke.kpi.gamelib/gamelib-framework/2.6.0/bf87b88d822c6cd3a187a7cb90016e5af48489a7/gamelib-framework-2.6.0.jar:/Users/macbookpro/.gradle/caches/modules-2/files-2.1/sk.tuke.kpi.gamelib/gamelib-backend-lwjgl2/2.6.0/781718679e19e9cd26659868681f9cbe7a391ecc/gamelib-backend-lwjgl2-2.6.0.jar:/Users/macbookpro/.gradle/caches/modules-2/files-2.1/sk.tuke.kpi.gamelib/gamelib-inspector/2.6.0/6db69ef5b40f74786690f06db2cae2e18503c13c/gamelib-inspector-2.6.0.jar:/Users/macbookpro/.gradle/caches/modules-2/files-2.1/sk.tuke.kpi.gamelib/gamelib-core/2.6.0/191de4307f7dc42ad026845b3687df8d79ce22ea/gamelib-core-2.6.0.jar:/Users/macbookpro/.gradle/caches/modules-2/files-2.1/sk.tuke.kpi.oop/inspector/1.0.3/3b50ad759e2ad5fd379fd7880fc21172c691462c/inspector-1.0.3.jar:/Users/macbookpro/.gradle/caches/modules-2/files-2.1/sk.tuke.kpi.oop/inspector-annotations/1.0.3/8ec7fa0d9b8fdf63eb1da9ea2df7ba605f92bd6b/inspector-annotations-1.0.3.jar:/Users/macbookpro/.gradle/caches/modules-2/files-2.1/com.badlogicgames.gdx/gdx-backend-lwjgl/1.9.11/3c094feb74e2aef14e30e988326612ee75387c8f/gdx-backend-lwjgl-1.9.11.jar:/Users/macbookpro/.gradle/caches/modules-2/files-2.1/com.badlogicgames.gdx/gdx-freetype/1.9.11/e3d124aa5c89a2cfc134ed0c5e9dee4736a90618/gdx-freetype-1.9.11.jar:/Users/macbookpro/.gradle/caches/modules-2/files-2.1/com.badlogicgames.gdx/gdx-backend-headless/1.9.11/45391a2ac187161ea5db0f9ff71e1c6c98ecb29c/gdx-backend-headless-1.9.11.jar:/Users/macbookpro/.gradle/caches/modules-2/files-2.1/com.badlogicgames.gdx/gdx/1.9.11/69fe46897eed6f92e3f01b75cc7ca5f860881a8b/gdx-1.9.11.jar:/Users/macbookpro/.gradle/caches/modules-2/files-2.1/io.github.lukehutch/fast-classpath-scanner/3.1.9/d7b269925c9541d805f8ea1370edc2be2f04c3e/fast-classpath-scanner-3.1.9.jar:/Users/macbookpro/.gradle/caches/
Launcher Type: SUN_STANDARD

[Global flags]
     intx CICompilerCount                          = 3                                         {product} {ergonomic}
     uint ConcGCThreads                            = 1                                         {product} {ergonomic}
     uint G1ConcRefinementThreads                  = 4                                         {product} {ergonomic}
   size_t G1HeapRegionSize                         = 1048576                                   {product} {ergonomic}
    uintx GCDrainStackTargetSize                   = 64                                        {product} {ergonomic}
   size_t InitialHeapSize                          = 134217728                                 {product} {ergonomic}
   size_t MarkStackSize                            = 4194304                                   {product} {ergonomic}
   size_t MaxHeapSize                              = 2147483648                                {product} {ergonomic}
   size_t MaxNewSize                               = 1287651328                                {product} {ergonomic}
   size_t MinHeapDeltaBytes                        = 1048576                                   {product} {ergonomic}
   size_t MinHeapSize                              = 8388608                                   {product} {ergonomic}
    uintx NonNMethodCodeHeapSize                   = 5832780                                {pd product} {ergonomic}
    uintx NonProfiledCodeHeapSize                  = 122912730                              {pd product} {ergonomic}
    uintx ProfiledCodeHeapSize                     = 122912730                              {pd product} {ergonomic}
    uintx ReservedCodeCacheSize                    = 251658240                              {pd product} {ergonomic}
     bool SegmentedCodeCache                       = true                                      {product} {ergonomic}
   size_t SoftMaxHeapSize                          = 2147483648                             {manageable} {ergonomic}
     bool UseCompressedClassPointers               = true                                 {lp64_product} {ergonomic}
     bool UseCompressedOops                        = true                                 {lp64_product} {ergonomic}
     bool UseG1GC                                  = true                                      {product} {ergonomic}
     bool UseNUMA                                  = false                                     {product} {ergonomic}
     bool UseNUMAInterleaving                      = false                                     {product} {ergonomic}

Logging:
Log output configuration:
 #0: stdout all=warning uptime,level,tags
 #1: stderr all=off uptime,level,tags

Environment Variables:
PATH=/opt/local/bin:/opt/local/sbin:/Library/Frameworks/Python.framework/Versions/3.9/bin:/usr/local/bin:/usr/bin:/bin:/usr/sbin:/sbin:/Library/Apple/usr/bin
SHELL=/bin/zsh
LC_CTYPE=UTF-8

Signal Handlers:
SIGSEGV: [libjvm.dylib+0x9ff2f0], sa_mask[0]=11111111011111110111111111111111, sa_flags=SA_ONSTACK|SA_RESTART|SA_SIGINFO
SIGBUS: [libjvm.dylib+0x9ff2f0], sa_mask[0]=11111111011111110111111111111111, sa_flags=SA_RESTART|SA_SIGINFO
SIGFPE: [libjvm.dylib+0x9ff2f0], sa_mask[0]=11111111011111110111111111111111, sa_flags=SA_RESTART|SA_SIGINFO
SIGPIPE: [libjvm.dylib+0x82ae30], sa_mask[0]=11111111011111110111111111111111, sa_flags=SA_RESTART|SA_SIGINFO
SIGXFSZ: [libjvm.dylib+0x82ae30], sa_mask[0]=11111111011111110111111111111111, sa_flags=SA_RESTART|SA_SIGINFO
SIGILL: [libjvm.dylib+0x9ff2f0], sa_mask[0]=11111111011111110111111111111111, sa_flags=SA_RESTART|SA_SIGINFO
SIGUSR2: [libjvm.dylib+0x82b940], sa_mask[0]=00100000000000000000000000000000, sa_flags=SA_RESTART|SA_SIGINFO
SIGHUP: [libjvm.dylib+0x82a040], sa_mask[0]=11111111011111110111111111111111, sa_flags=SA_RESTART|SA_SIGINFO
SIGINT: [libjvm.dylib+0x82a040], sa_mask[0]=11111111011111110111111111111111, sa_flags=SA_RESTART|SA_SIGINFO
SIGTERM: [libjvm.dylib+0x82a040], sa_mask[0]=11111111011111110111111111111111, sa_flags=SA_RESTART|SA_SIGINFO
SIGQUIT: [libjvm.dylib+0x82a040], sa_mask[0]=11111111011111110111111111111111, sa_flags=SA_RESTART|SA_SIGINFO


---------------  S Y S T E M  ---------------

OS:uname: Darwin 19.6.0 Darwin Kernel Version 19.6.0: Thu Sep 16 20:58:47 PDT 2021; root:xnu-6153.141.40.1~1/RELEASE_X86_64 x86_64
OS uptime: 1 days 13:04 hours
rlimit (soft/hard): STACK 8192k/65532k , CORE 0k/infinity , NPROC 1392/2088 , NOFILE 10240/infinity , AS infinity/infinity , CPU infinity/infinity , DATA infinity/infinity , FSIZE infinity/infinity , MEMLOCK infinity/infinity , RSS infinity/infinity
load average: 1.74 2.05 2.06

CPU: total 4 (initial active 4) (2 cores per cpu, 2 threads per core) family 6 model 58 stepping 9 microcode 0x21, cmov, cx8, fxsr, mmx, sse, sse2, sse3, ssse3, sse4.1, sse4.2, popcnt, vzeroupper, avx, aes, clmul, erms, ht, tsc, tscinvbit, tscinv, clflush

Memory: 4k page, physical 8388608k(29100k free), swap 1048576k(322560k free)

vm_info: Java HotSpot(TM) 64-Bit Server VM (15.0.2+7-27) for bsd-amd64 JRE (15.0.2+7-27), built on Dec  7 2020 20:08:32 by "mach5one" with clang 4.2.1 Compatible Apple LLVM 10.0.0 (clang-1000.11.45.5)

END.
