#
# A fatal error has been detected by the Java Runtime Environment:
#
#  SIGILL (0x4) at pc=0x00007fff2d91fabc, pid=2607, tid=25351
#
# JRE version: OpenJDK Runtime Environment Zulu13.42+17-CA (13.0.8+5) (build 13.0.8+5-MTS)
# Java VM: OpenJDK 64-Bit Server VM Zulu13.42+17-CA (13.0.8+5-MTS, mixed mode, sharing, tiered, compressed oops, g1 gc, bsd-amd64)
# Problematic frame:
# C  [AppKit+0x3e5abc]  -[NSOpenGLContext setView:]+0xe5
#
# No core dump will be written. Core dumps have been disabled. To enable core dumping, try "ulimit -c unlimited" before starting Java again
#
# If you would like to submit a bug report, please visit:
#   http://www.azul.com/support/
# The crash happened outside the Java Virtual Machine in native code.
# See problematic frame for where to report the bug.
#

---------------  S U M M A R Y ------------

Command Line: -Dfile.encoding=UTF-8 -Duser.country=UA -Duser.language=ru -Duser.variant sk.tuke.kpi.gamelib.framework.Main

Host: MacBookPro10,2 x86_64 3000 MHz, 4 cores, 8G, Darwin 19.6.0
Time: Sat Oct  2 21:02:04 2021 CEST elapsed time: 1.433555 seconds (0d 0h 0m 1s)

---------------  T H R E A D  ---------------

Current thread (0x00007f88420e5000):  JavaThread "LWJGL Application" [_thread_in_native, id=25351, stack(0x000070000d126000,0x000070000d226000)]

Stack: [0x000070000d126000,0x000070000d226000],  sp=0x000070000d225480,  free space=1021k
Native frames: (J=compiled Java code, A=aot compiled Java code, j=interpreted, Vv=VM code, C=native code)
C  [AppKit+0x3e5abc]  -[NSOpenGLContext setView:]+0xe5
C  [liblwjgl.dylib+0x16c77]  Java_org_lwjgl_opengl_MacOSXContextImplementation_setView+0xb7
j  org.lwjgl.opengl.MacOSXContextImplementation.setView(Ljava/nio/ByteBuffer;Ljava/nio/ByteBuffer;)V+0
j  org.lwjgl.opengl.MacOSXContextImplementation.makeCurrent(Lorg/lwjgl/opengl/PeerInfo;Ljava/nio/ByteBuffer;)V+7
j  org.lwjgl.opengl.ContextGL.makeCurrent()V+46
j  org.lwjgl.opengl.DrawableGL.makeCurrent()V+14
j  org.lwjgl.opengl.Display.makeCurrent()V+3
j  org.lwjgl.opengl.Display.makeCurrentAndSetSwapInterval()V+0
j  org.lwjgl.opengl.Display.create(Lorg/lwjgl/opengl/PixelFormat;Lorg/lwjgl/opengl/Drawable;Lorg/lwjgl/opengl/ContextAttribs;)V+108
j  org.lwjgl.opengl.Display.create(Lorg/lwjgl/opengl/PixelFormat;)V+12
j  com.badlogic.gdx.backends.lwjgl.LwjglGraphics.createDisplayPixelFormat(ZII)V+243
j  com.badlogic.gdx.backends.lwjgl.LwjglGraphics.setupDisplay()V+583
j  com.badlogic.gdx.backends.lwjgl.LwjglApplication.mainLoop()V+9
j  com.badlogic.gdx.backends.lwjgl.LwjglApplication$1.run()V+27
v  ~StubRoutines::call_stub
V  [libjvm.dylib+0x3a0819]  JavaCalls::call_helper(JavaValue*, methodHandle const&, JavaCallArguments*, Thread*)+0x285
V  [libjvm.dylib+0x39fc26]  JavaCalls::call_virtual(JavaValue*, Klass*, Symbol*, Symbol*, JavaCallArguments*, Thread*)+0xe2
V  [libjvm.dylib+0x39fce0]  JavaCalls::call_virtual(JavaValue*, Handle, Klass*, Symbol*, Symbol*, Thread*)+0x62
V  [libjvm.dylib+0x425a66]  thread_entry(JavaThread*, Thread*)+0x78
V  [libjvm.dylib+0x7a19e4]  JavaThread::thread_main_inner()+0x86
V  [libjvm.dylib+0x7a1826]  JavaThread::run()+0x124
V  [libjvm.dylib+0x79f667]  Thread::call_run()+0x71
V  [libjvm.dylib+0x6376c4]  thread_native_entry(Thread*)+0x12f
C  [libsystem_pthread.dylib+0x6109]  _pthread_start+0x94
C  [libsystem_pthread.dylib+0x1b8b]  thread_start+0xf

Java frames: (J=compiled Java code, j=interpreted, Vv=VM code)
j  org.lwjgl.opengl.MacOSXContextImplementation.setView(Ljava/nio/ByteBuffer;Ljava/nio/ByteBuffer;)V+0
j  org.lwjgl.opengl.MacOSXContextImplementation.makeCurrent(Lorg/lwjgl/opengl/PeerInfo;Ljava/nio/ByteBuffer;)V+7
j  org.lwjgl.opengl.ContextGL.makeCurrent()V+46
j  org.lwjgl.opengl.DrawableGL.makeCurrent()V+14
j  org.lwjgl.opengl.Display.makeCurrent()V+3
j  org.lwjgl.opengl.Display.makeCurrentAndSetSwapInterval()V+0
j  org.lwjgl.opengl.Display.create(Lorg/lwjgl/opengl/PixelFormat;Lorg/lwjgl/opengl/Drawable;Lorg/lwjgl/opengl/ContextAttribs;)V+108
j  org.lwjgl.opengl.Display.create(Lorg/lwjgl/opengl/PixelFormat;)V+12
j  com.badlogic.gdx.backends.lwjgl.LwjglGraphics.createDisplayPixelFormat(ZII)V+243
j  com.badlogic.gdx.backends.lwjgl.LwjglGraphics.setupDisplay()V+583
j  com.badlogic.gdx.backends.lwjgl.LwjglApplication.mainLoop()V+9
j  com.badlogic.gdx.backends.lwjgl.LwjglApplication$1.run()V+27
v  ~StubRoutines::call_stub

siginfo: si_signo: 4 (SIGILL), si_code: 1 (ILL_ILLOPC), si_addr: 0x00007fff2d91fabc

Register to memory mapping:

RAX=0x0 is NULL
RBX=0x00007f884307cb00 points into unknown readable memory: d0 64 84 45 88 7f 00 00
RCX=0x0 is NULL
RDX=0x0 is NULL
RSP=0x000070000d225480 is pointing into the stack for thread: 0x00007f88420e5000
RBP=0x000070000d2254d0 is pointing into the stack for thread: 0x00007f88420e5000
RSI=0x000000001f08000c is an unknown value
RDI=0x0 is NULL
R8 =0x0 is NULL
R9 =0x0 is NULL
R10=0x0 is NULL
R11=0x0 is NULL
R12=0x00007f8841c32240 points into unknown readable memory: 99 09 1c 88 ff ff 1d 00
R13=0x000000010883aba0 is pointing into metadata
R14=0x00007f88458456b0 points into unknown readable memory: 65 2c 82 2a 01 80 3d 00
R15=0x00007f8841f46f30 points into unknown readable memory: 55 8d 5c 87 ff ff 3d 00


Registers:
RAX=0x0000000000000000, RBX=0x00007f884307cb00, RCX=0x0000000000000000, RDX=0x0000000000000000
RSP=0x000070000d225480, RBP=0x000070000d2254d0, RSI=0x000000001f08000c, RDI=0x0000000000000000
R8 =0x0000000000000000, R9 =0x0000000000000000, R10=0x0000000000000000, R11=0x0000000000000000
R12=0x00007f8841c32240, R13=0x000000010883aba0, R14=0x00007f88458456b0, R15=0x00007f8841f46f30
RIP=0x00007fff2d91fabc, EFLAGS=0x0000000000010202, ERR=0x0000000000000000
  TRAPNO=0x0000000000000006

Top of Stack: (sp=0x000070000d225480)
0x000070000d225480:   7865746e6f435853 656d656c706d4974
0x000070000d225490:   656d656c706d4974 5f6e6f697461746e
0x000070000d2254a0:   0000000000000000 0000000000000000
0x000070000d2254b0:   0000000000000000 00007f884307cb00
0x000070000d2254c0:   00007f8841f38f10 00007f88420e5318
0x000070000d2254d0:   000070000d225500 000000012a7fac77
0x000070000d2254e0:   000000010883aba8 0000000000000000
0x000070000d2254f0:   000070000d225598 00007f88420e5000
0x000070000d225500:   000070000d225570 00000001121cd630
0x000070000d225510:   000070000d225570 00000001121cd37e
0x000070000d225520:   00000001121cd336 000070000d225528
0x000070000d225530:   000000010883aba0 000070000d225598
0x000070000d225540:   000000010883b150 0000000000000000
0x000070000d225550:   0000000787d969f0 000000010883aba8
0x000070000d225560:   0000000000000000 000070000d225590
0x000070000d225570:   000070000d2255e8 00000001121c7ef3
0x000070000d225580:   0000000787d969f0 00000001121ca758
0x000070000d225590:   0000000787da6280 0000000787d1c458
0x000070000d2255a0:   000070000d2255a0 000000010883aa9f
0x000070000d2255b0:   000070000d225618 000000010883b150
0x000070000d2255c0:   0000000000000000 0000000787d969f0
0x000070000d2255d0:   000000010883ab10 000070000d225590
0x000070000d2255e0:   000070000d225608 000070000d225678
0x000070000d2255f0:   00000001121c7f38 0000000000000000
0x000070000d225600:   0000000787d1c458 0000000787da6280
0x000070000d225610:   0000000787d1c398 0000000787d96b18
0x000070000d225620:   000070000d225660 0000000787d96b28
0x000070000d225630:   000070000d225620 00000001088382fe
0x000070000d225640:   000070000d225688 0000000108839250
0x000070000d225650:   0000000000000000 0000000787d8b610
0x000070000d225660:   0000000108838330 000070000d225608
0x000070000d225670:   000070000d225688 000070000d2256e8 

Instructions: (pc=0x00007fff2d91fabc)
0x00007fff2d91f9bc:   c3 90 90 90 90 90 90 90 90 55 48 89 e5 48 8b 35
0x00007fff2d91f9cc:   c0 b6 c6 59 5d ff 25 41 74 95 59 55 48 89 e5 41
0x00007fff2d91f9dc:   57 41 56 53 48 83 ec 38 49 89 d6 49 89 ff 8a 05
0x00007fff2d91f9ec:   78 d0 cd 59 84 c0 0f 84 90 00 00 00 04 fe 84 c0
0x00007fff2d91f9fc:   75 0d e8 59 03 78 00 85 c0 0f 84 a5 00 00 00 48
0x00007fff2d91fa0c:   8b 35 3e a5 c5 59 4c 89 ff ff 15 fd 73 95 59 49
0x00007fff2d91fa1c:   8d 7f 08 e8 7c 01 78 00 4c 39 f0 74 3e 48 8b 0d
0x00007fff2d91fa2c:   d8 5a 95 59 48 8d 7d b0 48 89 0f b9 00 00 00 c2
0x00007fff2d91fa3c:   48 89 4f 08 48 8d 0d 63 31 32 00 48 89 4f 10 48
0x00007fff2d91fa4c:   8d 0d 1e f5 95 59 48 89 4f 18 48 89 47 20 4c 89
0x00007fff2d91fa5c:   7f 28 4c 89 77 30 e8 83 38 cb ff 31 db 48 8b 35
0x00007fff2d91fa6c:   e8 a4 c5 59 4c 89 ff ff 15 9f 73 95 59 84 db 75
0x00007fff2d91fa7c:   2c 48 83 c4 38 5b 41 5e 41 5f 5d c3 48 8d 3d c9
0x00007fff2d91fa8c:   61 9b 59 48 8d 15 d2 cf cd 59 48 8d 0d d8 39 32
0x00007fff2d91fa9c:   00 31 f6 e8 80 e9 c1 ff e9 51 ff ff ff e8 c2 00
0x00007fff2d91faac:   78 00 0f 0b 48 8d 3d 13 70 7f 00 e8 14 fb 77 00
0x00007fff2d91fabc:   0f 0b 49 89 c6 eb 13 48 89 c7 e8 75 00 78 00 b3
0x00007fff2d91facc:   01 eb 9a 49 89 c6 84 db 74 05 e8 89 00 78 00 4c
0x00007fff2d91fadc:   89 f7 e8 0f fa 77 00 0f 0b e8 58 01 78 00 55 48
0x00007fff2d91faec:   89 e5 41 57 41 56 41 54 53 41 89 f6 48 89 fb 48
0x00007fff2d91fafc:   83 c7 08 e8 9c 00 78 00 49 89 c7 48 89 df e8 45
0x00007fff2d91fb0c:   00 00 00 49 89 c4 4c 89 ff 31 f6 e8 88 00 00 00
0x00007fff2d91fb1c:   49 89 c7 45 0f be f6 4d 85 e4 74 0b 48 89 df 44
0x00007fff2d91fb2c:   89 f6 e8 42 97 04 00 4d 85 ff 74 13 48 89 df 44
0x00007fff2d91fb3c:   89 f6 5b 41 5c 41 5e 41 5f 5d e9 e5 48 04 00 5b
0x00007fff2d91fb4c:   41 5c 41 5e 41 5f 5d c3 55 48 89 e5 41 56 53 48
0x00007fff2d91fb5c:   89 fb 4c 8d 35 63 1c cd 59 4c 89 f7 e8 01 02 78
0x00007fff2d91fb6c:   00 48 8b 3d ec ce cd 59 48 8b 35 5d 7d c5 59 48
0x00007fff2d91fb7c:   89 da ff 15 94 72 95 59 48 89 c7 ff 15 9b 72 95
0x00007fff2d91fb8c:   59 48 89 c3 4c 89 f7 e8 dc 01 78 00 48 89 df 5b
0x00007fff2d91fb9c:   41 5e 5d e9 84 ff 77 00 55 48 89 e5 41 57 41 56
0x00007fff2d91fbac:   53 50 41 89 f7 49 89 fe 48 8d 3d cd 1b cd 59 e8 


Stack slot to memory mapping:
stack at sp + 0 slots: 0x7865746e6f435853 is an unknown value
stack at sp + 1 slots: 0x656d656c706d4974 is an unknown value
stack at sp + 2 slots: 0x656d656c706d4974 is an unknown value
stack at sp + 3 slots: 0x5f6e6f697461746e is an unknown value
stack at sp + 4 slots: 0x0 is NULL
stack at sp + 5 slots: 0x0 is NULL
stack at sp + 6 slots: 0x0 is NULL
stack at sp + 7 slots: 0x00007f884307cb00 points into unknown readable memory: d0 64 84 45 88 7f 00 00


---------------  P R O C E S S  ---------------

Threads class SMR info:
_java_thread_list=0x00007f8841f23f00, length=12, elements={
0x00007f884280e000, 0x00007f8842063800, 0x00007f8842075800, 0x00007f8842811800,
0x00007f8842066800, 0x00007f8842067800, 0x00007f8842068800, 0x00007f88420ab000,
0x00007f88420e5000, 0x00007f8842a7d800, 0x00007f8842990000, 0x00007f8842a93800
}

Java Threads: ( => current thread )
  0x00007f884280e000 JavaThread "Reference Handler" daemon [_thread_blocked, id=13827, stack(0x000070000c4ff000,0x000070000c5ff000)]
  0x00007f8842063800 JavaThread "Finalizer" daemon [_thread_blocked, id=14339, stack(0x000070000c602000,0x000070000c702000)]
  0x00007f8842075800 JavaThread "Signal Dispatcher" daemon [_thread_blocked, id=22019, stack(0x000070000c80b000,0x000070000c90b000)]
  0x00007f8842811800 JavaThread "Service Thread" daemon [_thread_blocked, id=22275, stack(0x000070000c90e000,0x000070000ca0e000)]
  0x00007f8842066800 JavaThread "C2 CompilerThread0" daemon [_thread_blocked, id=42755, stack(0x000070000ca11000,0x000070000cb11000)]
  0x00007f8842067800 JavaThread "C1 CompilerThread0" daemon [_thread_blocked, id=41987, stack(0x000070000cb14000,0x000070000cc14000)]
  0x00007f8842068800 JavaThread "Sweeper thread" daemon [_thread_blocked, id=23299, stack(0x000070000cc17000,0x000070000cd17000)]
  0x00007f88420ab000 JavaThread "Common-Cleaner" daemon [_thread_blocked, id=23555, stack(0x000070000ce1d000,0x000070000cf1d000)]
=>0x00007f88420e5000 JavaThread "LWJGL Application" [_thread_in_native, id=25351, stack(0x000070000d126000,0x000070000d226000)]
  0x00007f8842a7d800 JavaThread "DestroyJavaVM" [_thread_blocked, id=6403, stack(0x000070000bdea000,0x000070000beea000)]
  0x00007f8842990000 JavaThread "AppKit Thread" daemon [_thread_in_native, id=775, stack(0x00007ffee9731000,0x00007ffee9f31000)]
  0x00007f8842a93800 JavaThread "AWT-Shutdown" [_thread_blocked, id=33283, stack(0x000070000d229000,0x000070000d329000)]

Other Threads:
  0x00007f8842060800 VMThread "VM Thread" [stack: 0x000070000c3fc000,0x000070000c4fc000] [id=13315]
  0x00007f884200f000 WatcherThread [stack: 0x000070000cd1a000,0x000070000ce1a000] [id=41219]
  0x00007f884203f000 GCTaskThread "GC Thread#0" [stack: 0x000070000beed000,0x000070000bfed000] [id=20483]
  0x00007f8842885800 GCTaskThread "GC Thread#1" [stack: 0x000070000cf20000,0x000070000d020000] [id=40199]
  0x00007f88428ed800 GCTaskThread "GC Thread#2" [stack: 0x000070000d023000,0x000070000d123000] [id=39943]
  0x00007f884380a000 ConcurrentGCThread "G1 Main Marker" [stack: 0x000070000bff0000,0x000070000c0f0000] [id=20227]
  0x00007f8842040000 ConcurrentGCThread "G1 Conc#0" [stack: 0x000070000c0f3000,0x000070000c1f3000] [id=19203]
  0x00007f8843872800 ConcurrentGCThread "G1 Refine#0" [stack: 0x000070000c1f6000,0x000070000c2f6000] [id=18947]
  0x00007f8842040800 ConcurrentGCThread "G1 Young RemSet Sampling" [stack: 0x000070000c2f9000,0x000070000c3f9000] [id=18435]

Threads with active compile tasks:

VM state:not at safepoint (normal execution)

VM Mutex/Monitor currently owned by a thread: None

Heap address: 0x0000000780000000, size: 2048 MB, Compressed Oops mode: Zero based, Oop shift amount: 3
Narrow klass base: 0x0000000800000000, Narrow klass shift: 3
Compressed class space size: 1073741824 Address: 0x0000000800af6000

Heap:
 garbage-first heap   total 133120K, used 6251K [0x0000000780000000, 0x0000000800000000)
  region size 1024K, 5 young (5120K), 2 survivors (2048K)
 Metaspace       used 5144K, capacity 6907K, committed 7168K, reserved 1056768K
  class space    used 494K, capacity 709K, committed 768K, reserved 1048576K
Heap Regions: E=young(eden), S=young(survivor), O=old, HS=humongous(starts), HC=humongous(continues), CS=collection set, F=free, A=archive, TAMS=top-at-mark-start (previous, next)
|   0|0x0000000780000000, 0x0000000780100000, 0x0000000780100000|100%| O|  |TAMS 0x0000000780000000, 0x0000000780000000| Untracked 
|   1|0x0000000780100000, 0x000000078015ae00, 0x0000000780200000| 35%| O|  |TAMS 0x0000000780100000, 0x0000000780100000| Untracked 
|   2|0x0000000780200000, 0x0000000780200000, 0x0000000780300000|  0%| F|  |TAMS 0x0000000780200000, 0x0000000780200000| Untracked 
|   3|0x0000000780300000, 0x0000000780300000, 0x0000000780400000|  0%| F|  |TAMS 0x0000000780300000, 0x0000000780300000| Untracked 
|   4|0x0000000780400000, 0x0000000780400000, 0x0000000780500000|  0%| F|  |TAMS 0x0000000780400000, 0x0000000780400000| Untracked 
|   5|0x0000000780500000, 0x0000000780500000, 0x0000000780600000|  0%| F|  |TAMS 0x0000000780500000, 0x0000000780500000| Untracked 
|   6|0x0000000780600000, 0x0000000780600000, 0x0000000780700000|  0%| F|  |TAMS 0x0000000780600000, 0x0000000780600000| Untracked 
|   7|0x0000000780700000, 0x0000000780700000, 0x0000000780800000|  0%| F|  |TAMS 0x0000000780700000, 0x0000000780700000| Untracked 
|   8|0x0000000780800000, 0x0000000780800000, 0x0000000780900000|  0%| F|  |TAMS 0x0000000780800000, 0x0000000780800000| Untracked 
|   9|0x0000000780900000, 0x0000000780900000, 0x0000000780a00000|  0%| F|  |TAMS 0x0000000780900000, 0x0000000780900000| Untracked 
|  10|0x0000000780a00000, 0x0000000780a00000, 0x0000000780b00000|  0%| F|  |TAMS 0x0000000780a00000, 0x0000000780a00000| Untracked 
|  11|0x0000000780b00000, 0x0000000780b00000, 0x0000000780c00000|  0%| F|  |TAMS 0x0000000780b00000, 0x0000000780b00000| Untracked 
|  12|0x0000000780c00000, 0x0000000780c00000, 0x0000000780d00000|  0%| F|  |TAMS 0x0000000780c00000, 0x0000000780c00000| Untracked 
|  13|0x0000000780d00000, 0x0000000780d00000, 0x0000000780e00000|  0%| F|  |TAMS 0x0000000780d00000, 0x0000000780d00000| Untracked 
|  14|0x0000000780e00000, 0x0000000780e00000, 0x0000000780f00000|  0%| F|  |TAMS 0x0000000780e00000, 0x0000000780e00000| Untracked 
|  15|0x0000000780f00000, 0x0000000780f00000, 0x0000000781000000|  0%| F|  |TAMS 0x0000000780f00000, 0x0000000780f00000| Untracked 
|  16|0x0000000781000000, 0x0000000781000000, 0x0000000781100000|  0%| F|  |TAMS 0x0000000781000000, 0x0000000781000000| Untracked 
|  17|0x0000000781100000, 0x0000000781100000, 0x0000000781200000|  0%| F|  |TAMS 0x0000000781100000, 0x0000000781100000| Untracked 
|  18|0x0000000781200000, 0x0000000781200000, 0x0000000781300000|  0%| F|  |TAMS 0x0000000781200000, 0x0000000781200000| Untracked 
|  19|0x0000000781300000, 0x0000000781300000, 0x0000000781400000|  0%| F|  |TAMS 0x0000000781300000, 0x0000000781300000| Untracked 
|  20|0x0000000781400000, 0x0000000781400000, 0x0000000781500000|  0%| F|  |TAMS 0x0000000781400000, 0x0000000781400000| Untracked 
|  21|0x0000000781500000, 0x0000000781500000, 0x0000000781600000|  0%| F|  |TAMS 0x0000000781500000, 0x0000000781500000| Untracked 
|  22|0x0000000781600000, 0x0000000781600000, 0x0000000781700000|  0%| F|  |TAMS 0x0000000781600000, 0x0000000781600000| Untracked 
|  23|0x0000000781700000, 0x0000000781700000, 0x0000000781800000|  0%| F|  |TAMS 0x0000000781700000, 0x0000000781700000| Untracked 
|  24|0x0000000781800000, 0x0000000781800000, 0x0000000781900000|  0%| F|  |TAMS 0x0000000781800000, 0x0000000781800000| Untracked 
|  25|0x0000000781900000, 0x0000000781900000, 0x0000000781a00000|  0%| F|  |TAMS 0x0000000781900000, 0x0000000781900000| Untracked 
|  26|0x0000000781a00000, 0x0000000781a00000, 0x0000000781b00000|  0%| F|  |TAMS 0x0000000781a00000, 0x0000000781a00000| Untracked 
|  27|0x0000000781b00000, 0x0000000781b00000, 0x0000000781c00000|  0%| F|  |TAMS 0x0000000781b00000, 0x0000000781b00000| Untracked 
|  28|0x0000000781c00000, 0x0000000781c00000, 0x0000000781d00000|  0%| F|  |TAMS 0x0000000781c00000, 0x0000000781c00000| Untracked 
|  29|0x0000000781d00000, 0x0000000781d00000, 0x0000000781e00000|  0%| F|  |TAMS 0x0000000781d00000, 0x0000000781d00000| Untracked 
|  30|0x0000000781e00000, 0x0000000781e00000, 0x0000000781f00000|  0%| F|  |TAMS 0x0000000781e00000, 0x0000000781e00000| Untracked 
|  31|0x0000000781f00000, 0x0000000781f00000, 0x0000000782000000|  0%| F|  |TAMS 0x0000000781f00000, 0x0000000781f00000| Untracked 
|  32|0x0000000782000000, 0x0000000782000000, 0x0000000782100000|  0%| F|  |TAMS 0x0000000782000000, 0x0000000782000000| Untracked 
|  33|0x0000000782100000, 0x0000000782100000, 0x0000000782200000|  0%| F|  |TAMS 0x0000000782100000, 0x0000000782100000| Untracked 
|  34|0x0000000782200000, 0x0000000782200000, 0x0000000782300000|  0%| F|  |TAMS 0x0000000782200000, 0x0000000782200000| Untracked 
|  35|0x0000000782300000, 0x0000000782300000, 0x0000000782400000|  0%| F|  |TAMS 0x0000000782300000, 0x0000000782300000| Untracked 
|  36|0x0000000782400000, 0x0000000782400000, 0x0000000782500000|  0%| F|  |TAMS 0x0000000782400000, 0x0000000782400000| Untracked 
|  37|0x0000000782500000, 0x0000000782500000, 0x0000000782600000|  0%| F|  |TAMS 0x0000000782500000, 0x0000000782500000| Untracked 
|  38|0x0000000782600000, 0x0000000782600000, 0x0000000782700000|  0%| F|  |TAMS 0x0000000782600000, 0x0000000782600000| Untracked 
|  39|0x0000000782700000, 0x0000000782700000, 0x0000000782800000|  0%| F|  |TAMS 0x0000000782700000, 0x0000000782700000| Untracked 
|  40|0x0000000782800000, 0x0000000782800000, 0x0000000782900000|  0%| F|  |TAMS 0x0000000782800000, 0x0000000782800000| Untracked 
|  41|0x0000000782900000, 0x0000000782900000, 0x0000000782a00000|  0%| F|  |TAMS 0x0000000782900000, 0x0000000782900000| Untracked 
|  42|0x0000000782a00000, 0x0000000782a00000, 0x0000000782b00000|  0%| F|  |TAMS 0x0000000782a00000, 0x0000000782a00000| Untracked 
|  43|0x0000000782b00000, 0x0000000782b00000, 0x0000000782c00000|  0%| F|  |TAMS 0x0000000782b00000, 0x0000000782b00000| Untracked 
|  44|0x0000000782c00000, 0x0000000782c00000, 0x0000000782d00000|  0%| F|  |TAMS 0x0000000782c00000, 0x0000000782c00000| Untracked 
|  45|0x0000000782d00000, 0x0000000782d00000, 0x0000000782e00000|  0%| F|  |TAMS 0x0000000782d00000, 0x0000000782d00000| Untracked 
|  46|0x0000000782e00000, 0x0000000782e00000, 0x0000000782f00000|  0%| F|  |TAMS 0x0000000782e00000, 0x0000000782e00000| Untracked 
|  47|0x0000000782f00000, 0x0000000782f00000, 0x0000000783000000|  0%| F|  |TAMS 0x0000000782f00000, 0x0000000782f00000| Untracked 
|  48|0x0000000783000000, 0x0000000783000000, 0x0000000783100000|  0%| F|  |TAMS 0x0000000783000000, 0x0000000783000000| Untracked 
|  49|0x0000000783100000, 0x0000000783100000, 0x0000000783200000|  0%| F|  |TAMS 0x0000000783100000, 0x0000000783100000| Untracked 
|  50|0x0000000783200000, 0x0000000783200000, 0x0000000783300000|  0%| F|  |TAMS 0x0000000783200000, 0x0000000783200000| Untracked 
|  51|0x0000000783300000, 0x0000000783300000, 0x0000000783400000|  0%| F|  |TAMS 0x0000000783300000, 0x0000000783300000| Untracked 
|  52|0x0000000783400000, 0x0000000783400000, 0x0000000783500000|  0%| F|  |TAMS 0x0000000783400000, 0x0000000783400000| Untracked 
|  53|0x0000000783500000, 0x0000000783500000, 0x0000000783600000|  0%| F|  |TAMS 0x0000000783500000, 0x0000000783500000| Untracked 
|  54|0x0000000783600000, 0x0000000783600000, 0x0000000783700000|  0%| F|  |TAMS 0x0000000783600000, 0x0000000783600000| Untracked 
|  55|0x0000000783700000, 0x0000000783700000, 0x0000000783800000|  0%| F|  |TAMS 0x0000000783700000, 0x0000000783700000| Untracked 
|  56|0x0000000783800000, 0x0000000783800000, 0x0000000783900000|  0%| F|  |TAMS 0x0000000783800000, 0x0000000783800000| Untracked 
|  57|0x0000000783900000, 0x0000000783900000, 0x0000000783a00000|  0%| F|  |TAMS 0x0000000783900000, 0x0000000783900000| Untracked 
|  58|0x0000000783a00000, 0x0000000783a00000, 0x0000000783b00000|  0%| F|  |TAMS 0x0000000783a00000, 0x0000000783a00000| Untracked 
|  59|0x0000000783b00000, 0x0000000783b00000, 0x0000000783c00000|  0%| F|  |TAMS 0x0000000783b00000, 0x0000000783b00000| Untracked 
|  60|0x0000000783c00000, 0x0000000783c00000, 0x0000000783d00000|  0%| F|  |TAMS 0x0000000783c00000, 0x0000000783c00000| Untracked 
|  61|0x0000000783d00000, 0x0000000783d00000, 0x0000000783e00000|  0%| F|  |TAMS 0x0000000783d00000, 0x0000000783d00000| Untracked 
|  62|0x0000000783e00000, 0x0000000783e00000, 0x0000000783f00000|  0%| F|  |TAMS 0x0000000783e00000, 0x0000000783e00000| Untracked 
|  63|0x0000000783f00000, 0x0000000783f00000, 0x0000000784000000|  0%| F|  |TAMS 0x0000000783f00000, 0x0000000783f00000| Untracked 
|  64|0x0000000784000000, 0x0000000784000000, 0x0000000784100000|  0%| F|  |TAMS 0x0000000784000000, 0x0000000784000000| Untracked 
|  65|0x0000000784100000, 0x0000000784100000, 0x0000000784200000|  0%| F|  |TAMS 0x0000000784100000, 0x0000000784100000| Untracked 
|  66|0x0000000784200000, 0x0000000784200000, 0x0000000784300000|  0%| F|  |TAMS 0x0000000784200000, 0x0000000784200000| Untracked 
|  67|0x0000000784300000, 0x0000000784300000, 0x0000000784400000|  0%| F|  |TAMS 0x0000000784300000, 0x0000000784300000| Untracked 
|  68|0x0000000784400000, 0x0000000784400000, 0x0000000784500000|  0%| F|  |TAMS 0x0000000784400000, 0x0000000784400000| Untracked 
|  69|0x0000000784500000, 0x0000000784500000, 0x0000000784600000|  0%| F|  |TAMS 0x0000000784500000, 0x0000000784500000| Untracked 
|  70|0x0000000784600000, 0x0000000784600000, 0x0000000784700000|  0%| F|  |TAMS 0x0000000784600000, 0x0000000784600000| Untracked 
|  71|0x0000000784700000, 0x0000000784700000, 0x0000000784800000|  0%| F|  |TAMS 0x0000000784700000, 0x0000000784700000| Untracked 
|  72|0x0000000784800000, 0x0000000784800000, 0x0000000784900000|  0%| F|  |TAMS 0x0000000784800000, 0x0000000784800000| Untracked 
|  73|0x0000000784900000, 0x0000000784900000, 0x0000000784a00000|  0%| F|  |TAMS 0x0000000784900000, 0x0000000784900000| Untracked 
|  74|0x0000000784a00000, 0x0000000784a00000, 0x0000000784b00000|  0%| F|  |TAMS 0x0000000784a00000, 0x0000000784a00000| Untracked 
|  75|0x0000000784b00000, 0x0000000784b00000, 0x0000000784c00000|  0%| F|  |TAMS 0x0000000784b00000, 0x0000000784b00000| Untracked 
|  76|0x0000000784c00000, 0x0000000784c00000, 0x0000000784d00000|  0%| F|  |TAMS 0x0000000784c00000, 0x0000000784c00000| Untracked 
|  77|0x0000000784d00000, 0x0000000784d00000, 0x0000000784e00000|  0%| F|  |TAMS 0x0000000784d00000, 0x0000000784d00000| Untracked 
|  78|0x0000000784e00000, 0x0000000784e00000, 0x0000000784f00000|  0%| F|  |TAMS 0x0000000784e00000, 0x0000000784e00000| Untracked 
|  79|0x0000000784f00000, 0x0000000784f00000, 0x0000000785000000|  0%| F|  |TAMS 0x0000000784f00000, 0x0000000784f00000| Untracked 
|  80|0x0000000785000000, 0x0000000785000000, 0x0000000785100000|  0%| F|  |TAMS 0x0000000785000000, 0x0000000785000000| Untracked 
|  81|0x0000000785100000, 0x0000000785100000, 0x0000000785200000|  0%| F|  |TAMS 0x0000000785100000, 0x0000000785100000| Untracked 
|  82|0x0000000785200000, 0x0000000785200000, 0x0000000785300000|  0%| F|  |TAMS 0x0000000785200000, 0x0000000785200000| Untracked 
|  83|0x0000000785300000, 0x0000000785300000, 0x0000000785400000|  0%| F|  |TAMS 0x0000000785300000, 0x0000000785300000| Untracked 
|  84|0x0000000785400000, 0x0000000785400000, 0x0000000785500000|  0%| F|  |TAMS 0x0000000785400000, 0x0000000785400000| Untracked 
|  85|0x0000000785500000, 0x0000000785500000, 0x0000000785600000|  0%| F|  |TAMS 0x0000000785500000, 0x0000000785500000| Untracked 
|  86|0x0000000785600000, 0x0000000785600000, 0x0000000785700000|  0%| F|  |TAMS 0x0000000785600000, 0x0000000785600000| Untracked 
|  87|0x0000000785700000, 0x0000000785700000, 0x0000000785800000|  0%| F|  |TAMS 0x0000000785700000, 0x0000000785700000| Untracked 
|  88|0x0000000785800000, 0x0000000785800000, 0x0000000785900000|  0%| F|  |TAMS 0x0000000785800000, 0x0000000785800000| Untracked 
|  89|0x0000000785900000, 0x0000000785900000, 0x0000000785a00000|  0%| F|  |TAMS 0x0000000785900000, 0x0000000785900000| Untracked 
|  90|0x0000000785a00000, 0x0000000785a00000, 0x0000000785b00000|  0%| F|  |TAMS 0x0000000785a00000, 0x0000000785a00000| Untracked 
|  91|0x0000000785b00000, 0x0000000785b00000, 0x0000000785c00000|  0%| F|  |TAMS 0x0000000785b00000, 0x0000000785b00000| Untracked 
|  92|0x0000000785c00000, 0x0000000785c00000, 0x0000000785d00000|  0%| F|  |TAMS 0x0000000785c00000, 0x0000000785c00000| Untracked 
|  93|0x0000000785d00000, 0x0000000785d00000, 0x0000000785e00000|  0%| F|  |TAMS 0x0000000785d00000, 0x0000000785d00000| Untracked 
|  94|0x0000000785e00000, 0x0000000785e00000, 0x0000000785f00000|  0%| F|  |TAMS 0x0000000785e00000, 0x0000000785e00000| Untracked 
|  95|0x0000000785f00000, 0x0000000785f00000, 0x0000000786000000|  0%| F|  |TAMS 0x0000000785f00000, 0x0000000785f00000| Untracked 
|  96|0x0000000786000000, 0x0000000786000000, 0x0000000786100000|  0%| F|  |TAMS 0x0000000786000000, 0x0000000786000000| Untracked 
|  97|0x0000000786100000, 0x0000000786100000, 0x0000000786200000|  0%| F|  |TAMS 0x0000000786100000, 0x0000000786100000| Untracked 
|  98|0x0000000786200000, 0x0000000786200000, 0x0000000786300000|  0%| F|  |TAMS 0x0000000786200000, 0x0000000786200000| Untracked 
|  99|0x0000000786300000, 0x0000000786300000, 0x0000000786400000|  0%| F|  |TAMS 0x0000000786300000, 0x0000000786300000| Untracked 
| 100|0x0000000786400000, 0x0000000786400000, 0x0000000786500000|  0%| F|  |TAMS 0x0000000786400000, 0x0000000786400000| Untracked 
| 101|0x0000000786500000, 0x0000000786500000, 0x0000000786600000|  0%| F|  |TAMS 0x0000000786500000, 0x0000000786500000| Untracked 
| 102|0x0000000786600000, 0x0000000786600000, 0x0000000786700000|  0%| F|  |TAMS 0x0000000786600000, 0x0000000786600000| Untracked 
| 103|0x0000000786700000, 0x0000000786700000, 0x0000000786800000|  0%| F|  |TAMS 0x0000000786700000, 0x0000000786700000| Untracked 
| 104|0x0000000786800000, 0x0000000786800000, 0x0000000786900000|  0%| F|  |TAMS 0x0000000786800000, 0x0000000786800000| Untracked 
| 105|0x0000000786900000, 0x0000000786900000, 0x0000000786a00000|  0%| F|  |TAMS 0x0000000786900000, 0x0000000786900000| Untracked 
| 106|0x0000000786a00000, 0x0000000786a00000, 0x0000000786b00000|  0%| F|  |TAMS 0x0000000786a00000, 0x0000000786a00000| Untracked 
| 107|0x0000000786b00000, 0x0000000786b00000, 0x0000000786c00000|  0%| F|  |TAMS 0x0000000786b00000, 0x0000000786b00000| Untracked 
| 108|0x0000000786c00000, 0x0000000786c00000, 0x0000000786d00000|  0%| F|  |TAMS 0x0000000786c00000, 0x0000000786c00000| Untracked 
| 109|0x0000000786d00000, 0x0000000786d00000, 0x0000000786e00000|  0%| F|  |TAMS 0x0000000786d00000, 0x0000000786d00000| Untracked 
| 110|0x0000000786e00000, 0x0000000786e00000, 0x0000000786f00000|  0%| F|  |TAMS 0x0000000786e00000, 0x0000000786e00000| Untracked 
| 111|0x0000000786f00000, 0x0000000786f00000, 0x0000000787000000|  0%| F|  |TAMS 0x0000000786f00000, 0x0000000786f00000| Untracked 
| 112|0x0000000787000000, 0x0000000787100000, 0x0000000787100000|100%| S|CS|TAMS 0x0000000787000000, 0x0000000787000000| Complete 
| 113|0x0000000787100000, 0x0000000787200000, 0x0000000787200000|100%| S|CS|TAMS 0x0000000787100000, 0x0000000787100000| Complete 
| 114|0x0000000787200000, 0x0000000787200000, 0x0000000787300000|  0%| F|  |TAMS 0x0000000787200000, 0x0000000787200000| Untracked 
| 115|0x0000000787300000, 0x0000000787300000, 0x0000000787400000|  0%| F|  |TAMS 0x0000000787300000, 0x0000000787300000| Untracked 
| 116|0x0000000787400000, 0x0000000787400000, 0x0000000787500000|  0%| F|  |TAMS 0x0000000787400000, 0x0000000787400000| Untracked 
| 117|0x0000000787500000, 0x0000000787500000, 0x0000000787600000|  0%| F|  |TAMS 0x0000000787500000, 0x0000000787500000| Untracked 
| 118|0x0000000787600000, 0x0000000787600000, 0x0000000787700000|  0%| F|  |TAMS 0x0000000787600000, 0x0000000787600000| Untracked 
| 119|0x0000000787700000, 0x0000000787700000, 0x0000000787800000|  0%| F|  |TAMS 0x0000000787700000, 0x0000000787700000| Untracked 
| 120|0x0000000787800000, 0x0000000787800000, 0x0000000787900000|  0%| F|  |TAMS 0x0000000787800000, 0x0000000787800000| Untracked 
| 121|0x0000000787900000, 0x0000000787900000, 0x0000000787a00000|  0%| F|  |TAMS 0x0000000787900000, 0x0000000787900000| Untracked 
| 122|0x0000000787a00000, 0x0000000787a00000, 0x0000000787b00000|  0%| F|  |TAMS 0x0000000787a00000, 0x0000000787a00000| Untracked 
| 123|0x0000000787b00000, 0x0000000787b00000, 0x0000000787c00000|  0%| F|  |TAMS 0x0000000787b00000, 0x0000000787b00000| Untracked 
| 124|0x0000000787c00000, 0x0000000787c00000, 0x0000000787d00000|  0%| F|  |TAMS 0x0000000787c00000, 0x0000000787c00000| Untracked 
| 125|0x0000000787d00000, 0x0000000787dcd528, 0x0000000787e00000| 80%| E|  |TAMS 0x0000000787d00000, 0x0000000787d00000| Complete 
| 126|0x0000000787e00000, 0x0000000787f00000, 0x0000000787f00000|100%| E|CS|TAMS 0x0000000787e00000, 0x0000000787e00000| Complete 
| 127|0x0000000787f00000, 0x0000000788000000, 0x0000000788000000|100%| E|CS|TAMS 0x0000000787f00000, 0x0000000787f00000| Complete 
|1022|0x00000007bfe00000, 0x00000007bfe48000, 0x00000007bff00000| 28%|OA|  |TAMS 0x00000007bfe00000, 0x00000007bfe00000| Untracked 
|1023|0x00000007bff00000, 0x00000007bff78000, 0x00000007c0000000| 46%|CA|  |TAMS 0x00000007bff00000, 0x00000007bff00000| Untracked 

Card table byte_map: [0x0000000107a2d000,0x0000000107e2d000] _byte_map_base: 0x0000000103e2d000

Marking Bits (Prev, Next): (CMBitMap*) 0x00007f8843809818, (CMBitMap*) 0x00007f8843809858
 Prev Bits: [0x00000001211be000, 0x00000001231be000)
 Next Bits: [0x00000001231be000, 0x00000001251be000)

Polling page: 0x0000000105d41000

Metaspace:

Usage:
  Non-class:      6.05 MB capacity,     4.54 MB ( 75%) used,     1.50 MB ( 25%) free+waste,    12.38 KB ( <1%) overhead. 
      Class:    709.00 KB capacity,   494.27 KB ( 70%) used,   208.17 KB ( 29%) free+waste,     6.56 KB ( <1%) overhead. 
       Both:      6.75 MB capacity,     5.02 MB ( 74%) used,     1.70 MB ( 25%) free+waste,    18.94 KB ( <1%) overhead. 

Virtual space:
  Non-class space:        8.00 MB reserved,       6.25 MB ( 78%) committed 
      Class space:        1.00 GB reserved,     768.00 KB ( <1%) committed 
             Both:        1.01 GB reserved,       7.00 MB ( <1%) committed 

Chunk freelists:
   Non-Class:  22.00 KB
       Class:  3.00 KB
        Both:  25.00 KB

MaxMetaspaceSize: unlimited
CompressedClassSpaceSize: 1.00 GB

CodeHeap 'non-profiled nmethods': size=120032Kb used=248Kb max_used=248Kb free=119783Kb
 bounds [0x0000000119c86000, 0x0000000119ef6000, 0x00000001211be000]
CodeHeap 'profiled nmethods': size=120028Kb used=1440Kb max_used=1440Kb free=118587Kb
 bounds [0x000000011274f000, 0x00000001129bf000, 0x0000000119c86000]
CodeHeap 'non-nmethods': size=5700Kb used=1156Kb max_used=1160Kb free=4544Kb
 bounds [0x00000001121be000, 0x000000011242e000, 0x000000011274f000]
 total_blobs=1253 nmethods=841 adapters=326
 compilation: enabled
              stopped_count=0, restarted_count=0
 full_count=0

Compilation events (20 events):
Event: 1.347 Thread 0x00007f8842067800  834       3       java.util.WeakHashMap$Entry::<init> (24 bytes)
Event: 1.348 Thread 0x00007f8842067800 nmethod 834 0x00000001128b1090 code [0x00000001128b1240, 0x00000001128b1670]
Event: 1.348 Thread 0x00007f8842067800  831       3       java.util.jar.JavaUtilJarAccessImpl::getTrustedAttributes (6 bytes)
Event: 1.348 Thread 0x00007f8842067800 nmethod 831 0x00000001128b1790 code [0x00000001128b1920, 0x00000001128b1a80]
Event: 1.348 Thread 0x00007f8842067800  832       3       java.util.jar.Manifest::getTrustedAttributes (57 bytes)
Event: 1.349 Thread 0x00007f8842067800 nmethod 832 0x00000001128b1b90 code [0x00000001128b1e20, 0x00000001128b2a30]
Event: 1.362 Thread 0x00007f8842067800  835       3       jdk.internal.reflect.DelegatingMethodAccessorImpl::invoke (10 bytes)
Event: 1.362 Thread 0x00007f8842067800 nmethod 835 0x00000001128b2e10 code [0x00000001128b2fa0, 0x00000001128b3180]
Event: 1.362 Thread 0x00007f8842067800  837       3       java.util.zip.ZipFile$ZipFileInflaterInputStream::<init> (41 bytes)
Event: 1.363 Thread 0x00007f8842067800 nmethod 837 0x00000001128b3290 code [0x00000001128b34a0, 0x00000001128b3c10]
Event: 1.363 Thread 0x00007f8842067800  838       3       java.util.zip.InflaterInputStream::<init> (79 bytes)
Event: 1.363 Thread 0x00007f8842067800 nmethod 838 0x00000001128b3f10 code [0x00000001128b4100, 0x00000001128b4990]
Event: 1.363 Thread 0x00007f8842067800  836   !   3       java.util.zip.ZipFile$CleanableResource::getInflater (47 bytes)
Event: 1.364 Thread 0x00007f8842067800 nmethod 836 0x00000001128b4b90 code [0x00000001128b4de0, 0x00000001128b5aa0]
Event: 1.367 Thread 0x00007f8842067800  839       3       java.nio.Buffer::remaining (20 bytes)
Event: 1.368 Thread 0x00007f8842067800 nmethod 839 0x00000001128b5e90 code [0x00000001128b6020, 0x00000001128b6190]
Event: 1.368 Thread 0x00007f8842067800  840   !   3       java.util.zip.ZipFile$CleanableResource::releaseInflater (53 bytes)
Event: 1.369 Thread 0x00007f8842067800 nmethod 840 0x00000001128b6210 code [0x00000001128b63e0, 0x00000001128b6900]
Event: 1.371 Thread 0x00007f8842067800  841   !   3       java.util.zip.Inflater::reset (64 bytes)
Event: 1.372 Thread 0x00007f8842067800 nmethod 841 0x00000001128b6b10 code [0x00000001128b6cc0, 0x00000001128b7130]

GC Heap History (2 events):
Event: 0.657 GC heap before
{Heap before GC invocations=0 (full 0):
 garbage-first heap   total 133120K, used 14080K [0x0000000780000000, 0x0000000800000000)
  region size 1024K, 14 young (14336K), 0 survivors (0K)
 Metaspace       used 3791K, capacity 6585K, committed 6912K, reserved 1056768K
  class space    used 355K, capacity 640K, committed 768K, reserved 1048576K
}
Event: 0.666 GC heap after
{Heap after GC invocations=1 (full 0):
 garbage-first heap   total 133120K, used 4203K [0x0000000780000000, 0x0000000800000000)
  region size 1024K, 2 young (2048K), 2 survivors (2048K)
 Metaspace       used 3791K, capacity 6585K, committed 6912K, reserved 1056768K
  class space    used 355K, capacity 640K, committed 768K, reserved 1048576K
}

Deoptimization events (20 events):
Event: 0.360 Thread 0x00007f8843809000 DEOPT PACKING pc=0x000000011277e9a2 sp=0x000070000bee5940
Event: 0.360 Thread 0x00007f8843809000 DEOPT UNPACKING pc=0x000000011220733a sp=0x000070000bee4dc8 mode 0
Event: 0.396 Thread 0x00007f8842885800 DEOPT PACKING pc=0x00000001127725e8 sp=0x000070000d01b5e0
Event: 0.396 Thread 0x00007f8842885800 DEOPT UNPACKING pc=0x000000011220733a sp=0x000070000d01aa50 mode 0
Event: 0.480 Thread 0x00007f884482b800 Uncommon trap: trap_request=0xffffff45 fr.pc=0x0000000119c9e060 relative=0x0000000000000240
Event: 0.480 Thread 0x00007f884298e000 Uncommon trap: trap_request=0xffffff45 fr.pc=0x0000000119c9e060 relative=0x0000000000000240
Event: 0.480 Thread 0x00007f884482b800 Uncommon trap: reason=unstable_if action=reinterpret pc=0x0000000119c9e060 method=java.lang.String.startsWith(Ljava/lang/String;I)Z @ 14 c2
Event: 0.480 Thread 0x00007f884298e000 Uncommon trap: reason=unstable_if action=reinterpret pc=0x0000000119c9e060 method=java.lang.String.startsWith(Ljava/lang/String;I)Z @ 14 c2
Event: 0.480 Thread 0x00007f884298e000 DEOPT PACKING pc=0x0000000119c9e060 sp=0x000070000d42aff0
Event: 0.480 Thread 0x00007f884482b800 DEOPT PACKING pc=0x0000000119c9e060 sp=0x000070000d224ff0
Event: 0.480 Thread 0x00007f884298e000 DEOPT UNPACKING pc=0x0000000112206e25 sp=0x000070000d42af70 mode 2
Event: 0.480 Thread 0x00007f884482b800 DEOPT UNPACKING pc=0x0000000112206e25 sp=0x000070000d224f70 mode 2
Event: 0.617 Thread 0x00007f8843809000 Uncommon trap: trap_request=0xffffff45 fr.pc=0x0000000119caa29c relative=0x000000000000011c
Event: 0.617 Thread 0x00007f8843809000 Uncommon trap: reason=unstable_if action=reinterpret pc=0x0000000119caa29c method=java.lang.String.startsWith(Ljava/lang/String;I)Z @ 1 c2
Event: 0.617 Thread 0x00007f8843809000 DEOPT PACKING pc=0x0000000119caa29c sp=0x000070000bee8430
Event: 0.617 Thread 0x00007f8843809000 DEOPT UNPACKING pc=0x0000000112206e25 sp=0x000070000bee8360 mode 2
Event: 0.617 Thread 0x00007f8843809000 Uncommon trap: trap_request=0xffffff45 fr.pc=0x0000000119ca9790 relative=0x0000000000000190
Event: 0.617 Thread 0x00007f8843809000 Uncommon trap: reason=unstable_if action=reinterpret pc=0x0000000119ca9790 method=java.lang.String.startsWith(Ljava/lang/String;I)Z @ 1 c2
Event: 0.617 Thread 0x00007f8843809000 DEOPT PACKING pc=0x0000000119ca9790 sp=0x000070000bee83c0
Event: 0.617 Thread 0x00007f8843809000 DEOPT UNPACKING pc=0x0000000112206e25 sp=0x000070000bee8360 mode 2

Classes unloaded (0 events):
No events

Classes redefined (0 events):
No events

Internal exceptions (10 events):
Event: 0.404 Thread 0x00007f8842885800 Exception <a 'java/lang/NoSuchMethodError'{0x000000078795c430}: 'int java.lang.invoke.DirectMethodHandle$Holder.invokeStaticInit(java.lang.Object, java.lang.Object, java.lang.Object, java.lang.Object)'> (0x000000078795c430) 
thrown [./src/hotspot/share/interpreter/linkResolver.cpp, line 767]
Event: 0.406 Thread 0x00007f8842885800 Exception <a 'java/lang/IncompatibleClassChangeError'{0x0000000787964e90}: Found class java.lang.Object, but interface was expected> (0x0000000787964e90) 
thrown [./src/hotspot/share/interpreter/linkResolver.cpp, line 833]
Event: 0.406 Thread 0x00007f8842885800 Exception <a 'java/lang/NoSuchMethodError'{0x0000000787967d78}: 'void java.lang.invoke.DirectMethodHandle$Holder.invokeStaticInit(java.lang.Object, java.lang.Object)'> (0x0000000787967d78) 
thrown [./src/hotspot/share/interpreter/linkResolver.cpp, line 767]
Event: 0.408 Thread 0x00007f8842885800 Exception <a 'java/lang/NoSuchMethodError'{0x000000078796d2f0}: 'int java.lang.invoke.DirectMethodHandle$Holder.invokeStaticInit(java.lang.Object, java.lang.Object)'> (0x000000078796d2f0) 
thrown [./src/hotspot/share/interpreter/linkResolver.cpp, line 767]
Event: 0.559 Thread 0x00007f8843809000 Exception <a 'java/lang/NoSuchMethodError'{0x0000000787386e80}: 'void java.lang.invoke.DirectMethodHandle$Holder.invokeStatic(java.lang.Object, int, int)'> (0x0000000787386e80) 
thrown [./src/hotspot/share/interpreter/linkResolver.cpp, line 767]
Event: 0.559 Thread 0x00007f8843809000 Exception <a 'java/lang/NoSuchMethodError'{0x0000000787389908}: 'void java.lang.invoke.DirectMethodHandle$Holder.invokeStaticInit(java.lang.Object, int, int)'> (0x0000000787389908) 
thrown [./src/hotspot/share/interpreter/linkResolver.cpp, line 767]
Event: 0.683 Thread 0x00007f88420e5000 Exception <a 'java/lang/ClassNotFoundException'{0x0000000787e0d0f8}: sun/awt/resources/spi/awtProvider> (0x0000000787e0d0f8) 
thrown [./src/hotspot/share/classfile/systemDictionary.cpp, line 232]
Event: 0.779 Thread 0x00007f88420e5000 Exception <a 'java/io/FileNotFoundException'{0x0000000787e50920}> (0x0000000787e50920) 
thrown [./src/hotspot/share/prims/jni.cpp, line 598]
Event: 0.786 Thread 0x00007f88420e5000 Exception <a 'java/io/FileNotFoundException'{0x0000000787e77120}> (0x0000000787e77120) 
thrown [./src/hotspot/share/prims/jni.cpp, line 598]
Event: 0.794 Thread 0x00007f88420e5000 Exception <a 'java/lang/ClassNotFoundException'{0x0000000787e7af68}: sun/awt/resources/spi/awtosxProvider> (0x0000000787e7af68) 
thrown [./src/hotspot/share/classfile/systemDictionary.cpp, line 232]

Events (20 events):
Event: 1.358 loading class java/awt/Transparency done
Event: 1.359 loading class java/awt/image/BufferedImage done
Event: 1.359 loading class java/awt/IllegalComponentStateException
Event: 1.359 loading class java/awt/IllegalComponentStateException done
Event: 1.359 loading class java/awt/Point
Event: 1.359 loading class java/awt/geom/Point2D
Event: 1.360 loading class java/awt/geom/Point2D done
Event: 1.360 loading class java/awt/Point done
Event: 1.362 loading class org/lwjgl/opengl/MacOSXNativeKeyboard
Event: 1.362 loading class org/lwjgl/opengl/MacOSXNativeKeyboard done
Event: 1.366 loading class org/lwjgl/opengl/ContextGL
Event: 1.366 loading class org/lwjgl/opengl/ContextGL done
Event: 1.369 loading class org/lwjgl/opengl/ContextImplementation
Event: 1.369 loading class org/lwjgl/opengl/ContextImplementation done
Event: 1.370 loading class org/lwjgl/opengl/MacOSXContextImplementation
Event: 1.370 loading class org/lwjgl/opengl/MacOSXContextImplementation done
Event: 1.370 loading class org/lwjgl/opengl/GLContext
Event: 1.370 loading class org/lwjgl/opengl/GLContext done
Event: 1.373 loading class org/lwjgl/opengl/GLContext$CapabilitiesCacheEntry
Event: 1.373 loading class org/lwjgl/opengl/GLContext$CapabilitiesCacheEntry done


Dynamic libraries:
0x00007fff699bb000 	/usr/lib/libz.1.dylib
0x0000000105cda000 	/Users/macbookpro/Library/Java/JavaVirtualMachines/azul-13.0.8/Contents/Home/lib/libjli.dylib
0x00007fff2f3e5000 	/System/Library/Frameworks/Cocoa.framework/Versions/A/Cocoa
0x00007fff3cc26000 	/System/Library/Frameworks/Security.framework/Versions/A/Security
0x00007fff2e34a000 	/System/Library/Frameworks/ApplicationServices.framework/Versions/A/ApplicationServices
0x00007fff673f1000 	/usr/lib/libSystem.B.dylib
0x00007fff6a27c000 	/usr/lib/system/libcache.dylib
0x00007fff6a282000 	/usr/lib/system/libcommonCrypto.dylib
0x00007fff6a28e000 	/usr/lib/system/libcompiler_rt.dylib
0x00007fff6a296000 	/usr/lib/system/libcopyfile.dylib
0x00007fff6a2a0000 	/usr/lib/system/libcorecrypto.dylib
0x00007fff6a43f000 	/usr/lib/system/libdispatch.dylib
0x00007fff6a480000 	/usr/lib/system/libdyld.dylib
0x00007fff6a4b7000 	/usr/lib/system/libkeymgr.dylib
0x00007fff6a4c5000 	/usr/lib/system/liblaunch.dylib
0x00007fff6a4c6000 	/usr/lib/system/libmacho.dylib
0x00007fff6a4cc000 	/usr/lib/system/libquarantine.dylib
0x00007fff6a4cf000 	/usr/lib/system/libremovefile.dylib
0x00007fff6a4d1000 	/usr/lib/system/libsystem_asl.dylib
0x00007fff6a4e9000 	/usr/lib/system/libsystem_blocks.dylib
0x00007fff6a4ea000 	/usr/lib/system/libsystem_c.dylib
0x00007fff6a572000 	/usr/lib/system/libsystem_configuration.dylib
0x00007fff6a576000 	/usr/lib/system/libsystem_coreservices.dylib
0x00007fff6a57a000 	/usr/lib/system/libsystem_darwin.dylib
0x00007fff6a583000 	/usr/lib/system/libsystem_dnssd.dylib
0x00007fff6a58b000 	/usr/lib/system/libsystem_featureflags.dylib
0x00007fff6a58d000 	/usr/lib/system/libsystem_info.dylib
0x00007fff6a608000 	/usr/lib/system/libsystem_m.dylib
0x00007fff6a654000 	/usr/lib/system/libsystem_malloc.dylib
0x00007fff6a67c000 	/usr/lib/system/libsystem_networkextension.dylib
0x00007fff6a68a000 	/usr/lib/system/libsystem_notify.dylib
0x00007fff6a6a8000 	/usr/lib/system/libsystem_sandbox.dylib
0x00007fff6a6ad000 	/usr/lib/system/libsystem_secinit.dylib
0x00007fff6a5db000 	/usr/lib/system/libsystem_kernel.dylib
0x00007fff6a694000 	/usr/lib/system/libsystem_platform.dylib
0x00007fff6a69d000 	/usr/lib/system/libsystem_pthread.dylib
0x00007fff6a6b0000 	/usr/lib/system/libsystem_symptoms.dylib
0x00007fff6a6b8000 	/usr/lib/system/libsystem_trace.dylib
0x00007fff6a6d0000 	/usr/lib/system/libunwind.dylib
0x00007fff6a6d6000 	/usr/lib/system/libxpc.dylib
0x00007fff692e8000 	/usr/lib/libobjc.A.dylib
0x00007fff677c0000 	/usr/lib/libc++abi.dylib
0x00007fff6776d000 	/usr/lib/libc++.1.dylib
0x00007fff30298000 	/System/Library/Frameworks/CoreFoundation.framework/Versions/A/CoreFoundation
0x00007fff32978000 	/System/Library/Frameworks/Foundation.framework/Versions/C/Foundation
0x00007fff2d53a000 	/System/Library/Frameworks/AppKit.framework/Versions/C/AppKit
0x00007fff2fd69000 	/System/Library/Frameworks/CoreData.framework/Versions/A/CoreData
0x00007fff613ec000 	/System/Library/PrivateFrameworks/UIFoundation.framework/Versions/A/UIFoundation
0x00007fff5c480000 	/System/Library/PrivateFrameworks/RemoteViewServices.framework/Versions/A/RemoteViewServices
0x00007fff63f61000 	/System/Library/PrivateFrameworks/XCTTargetBootstrap.framework/Versions/A/XCTTargetBootstrap
0x00007fff30165000 	/System/Library/Frameworks/CoreDisplay.framework/Versions/A/CoreDisplay
0x00007fff35836000 	/System/Library/Frameworks/Metal.framework/Versions/A/Metal
0x00007fff4a440000 	/System/Library/PrivateFrameworks/DesktopServicesPriv.framework/Versions/A/DesktopServicesPriv
0x00007fff685c3000 	/usr/lib/liblangid.dylib
0x00007fff496d5000 	/System/Library/PrivateFrameworks/CoreSVG.framework/Versions/A/CoreSVG
0x00007fff5f5dc000 	/System/Library/PrivateFrameworks/SkyLight.framework/Versions/A/SkyLight
0x00007fff3071a000 	/System/Library/Frameworks/CoreGraphics.framework/Versions/A/CoreGraphics
0x00007fff2bea9000 	/System/Library/Frameworks/Accelerate.framework/Versions/A/Accelerate
0x00007fff698ac000 	/usr/lib/libxml2.2.dylib
0x00007fff553e2000 	/System/Library/PrivateFrameworks/IconServices.framework/Versions/A/IconServices
0x00007fff33157000 	/System/Library/Frameworks/IOSurface.framework/Versions/A/IOSurface
0x00007fff66f1b000 	/usr/lib/libDiagnosticMessagesClient.dylib
0x00007fff4a29a000 	/System/Library/PrivateFrameworks/DFRFoundation.framework/Versions/A/DFRFoundation
0x00007fff68352000 	/usr/lib/libicucore.A.dylib
0x00007fff2e67c000 	/System/Library/Frameworks/AudioToolbox.framework/Versions/A/AudioToolbox
0x00007fff2e75f000 	/System/Library/Frameworks/AudioUnit.framework/Versions/A/AudioUnit
0x00007fff67689000 	/usr/lib/libauto.dylib
0x00007fff4a33c000 	/System/Library/PrivateFrameworks/DataDetectorsCore.framework/Versions/A/DataDetectorsCore
0x00007fff2ef06000 	/System/Library/Frameworks/Carbon.framework/Versions/A/Frameworks/HIToolbox.framework/Versions/A/HIToolbox
0x00007fff3be20000 	/System/Library/Frameworks/QuartzCore.framework/Versions/A/QuartzCore
0x00007fff2f245000 	/System/Library/Frameworks/Carbon.framework/Versions/A/Frameworks/SpeechRecognition.framework/Versions/A/SpeechRecognition
0x00007fff49dae000 	/System/Library/PrivateFrameworks/CoreUI.framework/Versions/A/CoreUI
0x00007fff2f7d4000 	/System/Library/Frameworks/CoreAudio.framework/Versions/A/CoreAudio
0x00007fff32637000 	/System/Library/Frameworks/DiskArbitration.framework/Versions/A/DiskArbitration
0x00007fff5745a000 	/System/Library/PrivateFrameworks/MultitouchSupport.framework/Versions/A/MultitouchSupport
0x00007fff68219000 	/usr/lib/libenergytrace.dylib
0x00007fff330b1000 	/System/Library/Frameworks/IOKit.framework/Versions/A/IOKit
0x00007fff316a3000 	/System/Library/Frameworks/CoreServices.framework/Versions/A/CoreServices
0x00007fff59613000 	/System/Library/PrivateFrameworks/PerformanceAnalysis.framework/Versions/A/PerformanceAnalysis
0x00007fff3ae53000 	/System/Library/Frameworks/OpenGL.framework/Versions/A/OpenGL
0x00007fff2f3f3000 	/System/Library/Frameworks/ColorSync.framework/Versions/A/ColorSync
0x00007fff30dbf000 	/System/Library/Frameworks/CoreImage.framework/Versions/A/CoreImage
0x00007fff32116000 	/System/Library/Frameworks/CoreText.framework/Versions/A/CoreText
0x00007fff331e7000 	/System/Library/Frameworks/ImageIO.framework/Versions/A/ImageIO
0x00007fff677e9000 	/usr/lib/libcompression.dylib
0x00007fff6725f000 	/usr/lib/libMobileGestalt.dylib
0x00007fff61156000 	/System/Library/PrivateFrameworks/TextureIO.framework/Versions/A/TextureIO
0x00007fff67556000 	/usr/lib/libate.dylib
0x00007fff555eb000 	/System/Library/PrivateFrameworks/InternationalSupport.framework/Versions/A/InternationalSupport
0x00007fff685c5000 	/usr/lib/liblzma.5.dylib
0x00007fff68240000 	/usr/lib/libfakelink.dylib
0x00007fff674e3000 	/usr/lib/libarchive.2.dylib
0x00007fff3dcd7000 	/System/Library/Frameworks/SystemConfiguration.framework/Versions/A/SystemConfiguration
0x00007fff66e4e000 	/usr/lib/libCRFSuite.dylib
0x00007fff2eaf6000 	/System/Library/Frameworks/CFNetwork.framework/Versions/A/CFNetwork
0x00007fff6774f000 	/usr/lib/libbsm.0.dylib
0x00007fff6a4b8000 	/usr/lib/system/libkxld.dylib
0x00007fff43c16000 	/System/Library/PrivateFrameworks/AppleFSCompression.framework/Versions/A/AppleFSCompression
0x00007fff67adb000 	/usr/lib/libcoretls.dylib
0x00007fff67af2000 	/usr/lib/libcoretls_cfhelpers.dylib
0x00007fff6932d000 	/usr/lib/libpam.2.dylib
0x00007fff69462000 	/usr/lib/libsqlite3.dylib
0x00007fff69899000 	/usr/lib/libxar.1.dylib
0x00007fff67760000 	/usr/lib/libbz2.1.0.dylib
0x00007fff68261000 	/usr/lib/libiconv.2.dylib
0x00007fff677d6000 	/usr/lib/libcharset.1.dylib
0x00007fff68dcb000 	/usr/lib/libnetwork.dylib
0x00007fff69334000 	/usr/lib/libpcap.A.dylib
0x00007fff67498000 	/usr/lib/libapple_nghttp2.dylib
0x00007fff31a5a000 	/System/Library/Frameworks/CoreServices.framework/Versions/A/Frameworks/FSEvents.framework/Versions/A/FSEvents
0x00007fff3172a000 	/System/Library/Frameworks/CoreServices.framework/Versions/A/Frameworks/CarbonCore.framework/Versions/A/CarbonCore
0x00007fff31c9e000 	/System/Library/Frameworks/CoreServices.framework/Versions/A/Frameworks/Metadata.framework/Versions/A/Metadata
0x00007fff31d37000 	/System/Library/Frameworks/CoreServices.framework/Versions/A/Frameworks/OSServices.framework/Versions/A/OSServices
0x00007fff31d65000 	/System/Library/Frameworks/CoreServices.framework/Versions/A/Frameworks/SearchKit.framework/Versions/A/SearchKit
0x00007fff316a4000 	/System/Library/Frameworks/CoreServices.framework/Versions/A/Frameworks/AE.framework/Versions/A/AE
0x00007fff31a63000 	/System/Library/Frameworks/CoreServices.framework/Versions/A/Frameworks/LaunchServices.framework/Versions/A/LaunchServices
0x00007fff31a0c000 	/System/Library/Frameworks/CoreServices.framework/Versions/A/Frameworks/DictionaryServices.framework/Versions/A/DictionaryServices
0x00007fff31dcd000 	/System/Library/Frameworks/CoreServices.framework/Versions/A/Frameworks/SharedFileList.framework/Versions/A/SharedFileList
0x00007fff36c72000 	/System/Library/Frameworks/NetFS.framework/Versions/A/NetFS
0x00007fff5798a000 	/System/Library/PrivateFrameworks/NetAuth.framework/Versions/A/NetAuth
0x00007fff6432e000 	/System/Library/PrivateFrameworks/login.framework/Versions/A/Frameworks/loginsupport.framework/Versions/A/loginsupport
0x00007fff60c21000 	/System/Library/PrivateFrameworks/TCC.framework/Versions/A/TCC
0x00007fff48848000 	/System/Library/PrivateFrameworks/CoreNLP.framework/Versions/A/CoreNLP
0x00007fff56e5f000 	/System/Library/PrivateFrameworks/MetadataUtilities.framework/Versions/A/MetadataUtilities
0x00007fff6869d000 	/usr/lib/libmecabra.dylib
0x00007fff685f5000 	/usr/lib/libmecab.dylib
0x00007fff68251000 	/usr/lib/libgermantok.dylib
0x00007fff6747f000 	/usr/lib/libThaiTokenizer.dylib
0x00007fff66e85000 	/usr/lib/libChineseTokenizer.dylib
0x00007fff2bec2000 	/System/Library/Frameworks/Accelerate.framework/Versions/A/Frameworks/vImage.framework/Versions/A/vImage
0x00007fff2d390000 	/System/Library/Frameworks/Accelerate.framework/Versions/A/Frameworks/vecLib.framework/Versions/A/vecLib
0x00007fff2d211000 	/System/Library/Frameworks/Accelerate.framework/Versions/A/Frameworks/vecLib.framework/Versions/A/libvMisc.dylib
0x00007fff2d07e000 	/System/Library/Frameworks/Accelerate.framework/Versions/A/Frameworks/vecLib.framework/Versions/A/libvDSP.dylib
0x00007fff2c75e000 	/System/Library/Frameworks/Accelerate.framework/Versions/A/Frameworks/vecLib.framework/Versions/A/libBLAS.dylib
0x00007fff2cc36000 	/System/Library/Frameworks/Accelerate.framework/Versions/A/Frameworks/vecLib.framework/Versions/A/libLAPACK.dylib
0x00007fff2cfde000 	/System/Library/Frameworks/Accelerate.framework/Versions/A/Frameworks/vecLib.framework/Versions/A/libLinearAlgebra.dylib
0x00007fff2d06b000 	/System/Library/Frameworks/Accelerate.framework/Versions/A/Frameworks/vecLib.framework/Versions/A/libSparseBLAS.dylib
0x00007fff2cff4000 	/System/Library/Frameworks/Accelerate.framework/Versions/A/Frameworks/vecLib.framework/Versions/A/libQuadrature.dylib
0x00007fff2c8f4000 	/System/Library/Frameworks/Accelerate.framework/Versions/A/Frameworks/vecLib.framework/Versions/A/libBNNS.dylib
0x00007fff2cffa000 	/System/Library/Frameworks/Accelerate.framework/Versions/A/Frameworks/vecLib.framework/Versions/A/libSparse.dylib
0x00007fff559d3000 	/System/Library/PrivateFrameworks/LanguageModeling.framework/Versions/A/LanguageModeling
0x00007fff481f8000 	/System/Library/PrivateFrameworks/CoreEmoji.framework/Versions/A/CoreEmoji
0x00007fff55af1000 	/System/Library/PrivateFrameworks/LinguisticData.framework/Versions/A/LinguisticData
0x00007fff55aa2000 	/System/Library/PrivateFrameworks/Lexicon.framework/Versions/A/Lexicon
0x00007fff677d7000 	/usr/lib/libcmph.dylib
0x00007fff39861000 	/System/Library/Frameworks/OpenDirectory.framework/Versions/A/Frameworks/CFOpenDirectory.framework/Versions/A/CFOpenDirectory
0x00007fff3987e000 	/System/Library/Frameworks/OpenDirectory.framework/Versions/A/OpenDirectory
0x00007fff41cc1000 	/System/Library/PrivateFrameworks/APFS.framework/Versions/A/APFS
0x00007fff3cf70000 	/System/Library/Frameworks/SecurityFoundation.framework/Versions/A/SecurityFoundation
0x00007fff69895000 	/usr/lib/libutil.dylib
0x00007fff4972d000 	/System/Library/PrivateFrameworks/CoreServicesStore.framework/Versions/A/CoreServicesStore
0x00007fff3d027000 	/System/Library/Frameworks/ServiceManagement.framework/Versions/A/ServiceManagement
0x00007fff453e6000 	/System/Library/PrivateFrameworks/BackgroundTaskManagement.framework/Versions/A/BackgroundTaskManagement
0x00007fff69992000 	/usr/lib/libxslt.1.dylib
0x00007fff44289000 	/System/Library/PrivateFrameworks/AppleSystemInfo.framework/Versions/A/AppleSystemInfo
0x00007fff33405000 	/System/Library/Frameworks/ImageIO.framework/Versions/A/Resources/libJPEG.dylib
0x00007fff336c4000 	/System/Library/Frameworks/ImageIO.framework/Versions/A/Resources/libTIFF.dylib
0x00007fff336a7000 	/System/Library/Frameworks/ImageIO.framework/Versions/A/Resources/libPng.dylib
0x00007fff33347000 	/System/Library/Frameworks/ImageIO.framework/Versions/A/Resources/libGIF.dylib
0x00007fff3334b000 	/System/Library/Frameworks/ImageIO.framework/Versions/A/Resources/libJP2.dylib
0x00007fff336c2000 	/System/Library/Frameworks/ImageIO.framework/Versions/A/Resources/libRadiance.dylib
0x00007fff6821a000 	/usr/lib/libexpat.1.dylib
0x00007fff43d71000 	/System/Library/PrivateFrameworks/AppleJPEG.framework/Versions/A/AppleJPEG
0x00007fff4ca43000 	/System/Library/PrivateFrameworks/FontServices.framework/libFontParser.dylib
0x00007fff63330000 	/System/Library/PrivateFrameworks/WatchdogClient.framework/Versions/A/WatchdogClient
0x00007fff5502e000 	/System/Library/PrivateFrameworks/IOAccelerator.framework/Versions/A/IOAccelerator
0x00007fff35bd1000 	/System/Library/Frameworks/MetalPerformanceShaders.framework/Versions/A/MetalPerformanceShaders
0x00007fff517be000 	/System/Library/PrivateFrameworks/GPUWrangler.framework/Versions/A/GPUWrangler
0x00007fff55043000 	/System/Library/PrivateFrameworks/IOPresentment.framework/Versions/A/IOPresentment
0x00007fff4a2ad000 	/System/Library/PrivateFrameworks/DSExternalDisplay.framework/Versions/A/DSExternalDisplay
0x00007fff3a1f2000 	/System/Library/Frameworks/OpenGL.framework/Versions/A/Libraries/libCoreFSCache.dylib
0x00007fff3591d000 	/System/Library/Frameworks/MetalPerformanceShaders.framework/Frameworks/MPSCore.framework/Versions/A/MPSCore
0x00007fff3595b000 	/System/Library/Frameworks/MetalPerformanceShaders.framework/Frameworks/MPSImage.framework/Versions/A/MPSImage
0x00007fff35a22000 	/System/Library/Frameworks/MetalPerformanceShaders.framework/Frameworks/MPSNeuralNetwork.framework/Versions/A/MPSNeuralNetwork
0x00007fff359e6000 	/System/Library/Frameworks/MetalPerformanceShaders.framework/Frameworks/MPSMatrix.framework/Versions/A/MPSMatrix
0x00007fff35b81000 	/System/Library/Frameworks/MetalPerformanceShaders.framework/Frameworks/MPSRayIntersector.framework/Versions/A/MPSRayIntersector
0x00007fff35a0c000 	/System/Library/Frameworks/MetalPerformanceShaders.framework/Frameworks/MPSNDArray.framework/Versions/A/MPSNDArray
0x00007fff56eac000 	/System/Library/PrivateFrameworks/MetalTools.framework/Versions/A/MetalTools
0x00007fff42e9b000 	/System/Library/PrivateFrameworks/AggregateDictionary.framework/Versions/A/AggregateDictionary
0x00007fff47c40000 	/System/Library/PrivateFrameworks/CoreAnalytics.framework/Versions/A/CoreAnalytics
0x00007fff441a8000 	/System/Library/PrivateFrameworks/AppleSauce.framework/Versions/A/AppleSauce
0x00007fff67141000 	/usr/lib/libIOReport.dylib
0x00007fff322ce000 	/System/Library/Frameworks/CoreVideo.framework/Versions/A/CoreVideo
0x00007fff52c37000 	/System/Library/PrivateFrameworks/GraphVisualizer.framework/Versions/A/GraphVisualizer
0x00007fff4bf89000 	/System/Library/PrivateFrameworks/FaceCore.framework/Versions/A/FaceCore
0x00007fff39808000 	/System/Library/Frameworks/OpenCL.framework/Versions/A/OpenCL
0x00007fff66f63000 	/usr/lib/libFosl_dynamic.dylib
0x00007fff583ab000 	/System/Library/PrivateFrameworks/OTSVG.framework/Versions/A/OTSVG
0x00007fff2e44f000 	/System/Library/Frameworks/ApplicationServices.framework/Versions/A/Frameworks/ATS.framework/Versions/A/Resources/libFontRegistry.dylib
0x00007fff4cc12000 	/System/Library/PrivateFrameworks/FontServices.framework/libhvf.dylib
0x00007fff3a1fd000 	/System/Library/Frameworks/OpenGL.framework/Versions/A/Libraries/libGFXShared.dylib
0x00007fff3a3db000 	/System/Library/Frameworks/OpenGL.framework/Versions/A/Libraries/libGLU.dylib
0x00007fff3a206000 	/System/Library/Frameworks/OpenGL.framework/Versions/A/Libraries/libGL.dylib
0x00007fff3a211000 	/System/Library/Frameworks/OpenGL.framework/Versions/A/Libraries/libGLImage.dylib
0x00007fff3a1ef000 	/System/Library/Frameworks/OpenGL.framework/Versions/A/Libraries/libCVMSPluginSupport.dylib
0x00007fff3a1f8000 	/System/Library/Frameworks/OpenGL.framework/Versions/A/Libraries/libCoreVMClient.dylib
0x00007fff68c6c000 	/usr/lib/libncurses.5.4.dylib
0x00007fff2e34b000 	/System/Library/Frameworks/ApplicationServices.framework/Versions/A/Frameworks/ATS.framework/Versions/A/ATS
0x00007fff2e518000 	/System/Library/Frameworks/ApplicationServices.framework/Versions/A/Frameworks/ColorSyncLegacy.framework/Versions/A/ColorSyncLegacy
0x00007fff2e5b6000 	/System/Library/Frameworks/ApplicationServices.framework/Versions/A/Frameworks/HIServices.framework/Versions/A/HIServices
0x00007fff2e60e000 	/System/Library/Frameworks/ApplicationServices.framework/Versions/A/Frameworks/LangAnalysis.framework/Versions/A/LangAnalysis
0x00007fff2e61d000 	/System/Library/Frameworks/ApplicationServices.framework/Versions/A/Frameworks/PrintCore.framework/Versions/A/PrintCore
0x00007fff2e663000 	/System/Library/Frameworks/ApplicationServices.framework/Versions/A/Frameworks/QD.framework/Versions/A/QD
0x00007fff2e66e000 	/System/Library/Frameworks/ApplicationServices.framework/Versions/A/Frameworks/SpeechSynthesis.framework/Versions/A/SpeechSynthesis
0x00007fff2e4e8000 	/System/Library/Frameworks/ApplicationServices.framework/Versions/A/Frameworks/ATSUI.framework/Versions/A/ATSUI
0x00007fff680b0000 	/usr/lib/libcups.2.dylib
0x00007fff34c6c000 	/System/Library/Frameworks/Kerberos.framework/Versions/A/Kerberos
0x00007fff32daa000 	/System/Library/Frameworks/GSS.framework/Versions/A/GSS
0x00007fff693ee000 	/usr/lib/libresolv.9.dylib
0x00007fff52de4000 	/System/Library/PrivateFrameworks/Heimdal.framework/Versions/A/Heimdal
0x00007fff34c7f000 	/System/Library/Frameworks/Kerberos.framework/Versions/A/Libraries/libHeimdalProxy.dylib
0x00007fff68257000 	/usr/lib/libheimdal-asn1.dylib
0x00007fff470d8000 	/System/Library/PrivateFrameworks/CommonAuth.framework/Versions/A/CommonAuth
0x00007fff44326000 	/System/Library/PrivateFrameworks/AssertionServices.framework/Versions/A/AssertionServices
0x00007fff44ec9000 	/System/Library/PrivateFrameworks/AudioToolboxCore.framework/Versions/A/AudioToolboxCore
0x00007fff63fde000 	/System/Library/PrivateFrameworks/caulk.framework/Versions/A/caulk
0x00007fff45492000 	/System/Library/PrivateFrameworks/BaseBoard.framework/Versions/A/BaseBoard
0x00007fff5c60e000 	/System/Library/PrivateFrameworks/RunningBoardServices.framework/Versions/A/RunningBoardServices
0x00007fff5961f000 	/System/Library/PrivateFrameworks/PersistentConnection.framework/Versions/A/PersistentConnection
0x00007fff5c007000 	/System/Library/PrivateFrameworks/ProtocolBuffer.framework/Versions/A/ProtocolBuffer
0x00007fff470fc000 	/System/Library/PrivateFrameworks/CommonUtilities.framework/Versions/A/CommonUtilities
0x00007fff45620000 	/System/Library/PrivateFrameworks/Bom.framework/Versions/A/Bom
0x00007fff66e14000 	/usr/lib/libAudioToolboxUtility.dylib
0x00007fff453f0000 	/System/Library/PrivateFrameworks/Backup.framework/Versions/A/Backup
0x00007fff4a1ce000 	/System/Library/PrivateFrameworks/CrashReporterSupport.framework/Versions/A/CrashReporterSupport
0x00007fff5e0a0000 	/System/Library/PrivateFrameworks/Sharing.framework/Versions/A/Sharing
0x00007fff43934000 	/System/Library/PrivateFrameworks/Apple80211.framework/Versions/A/Apple80211
0x00007fff4510d000 	/System/Library/PrivateFrameworks/AuthKit.framework/Versions/A/AuthKit
0x00007fff49edb000 	/System/Library/PrivateFrameworks/CoreUtils.framework/Versions/A/CoreUtils
0x00007fff32313000 	/System/Library/Frameworks/CoreWLAN.framework/Versions/A/CoreWLAN
0x00007fff32f37000 	/System/Library/Frameworks/IOBluetooth.framework/Versions/A/IOBluetooth
0x00007fff571d9000 	/System/Library/PrivateFrameworks/MobileKeyBag.framework/Versions/A/MobileKeyBag
0x00007fff48ce0000 	/System/Library/PrivateFrameworks/CorePhoneNumbers.framework/Versions/A/CorePhoneNumbers
0x00007fff43d24000 	/System/Library/PrivateFrameworks/AppleIDAuthSupport.framework/Versions/A/AppleIDAuthSupport
0x00007fff36c7f000 	/System/Library/Frameworks/Network.framework/Versions/A/Network
0x00007fff5587f000 	/System/Library/PrivateFrameworks/KeychainCircle.framework/Versions/A/KeychainCircle
0x00007fff2fd30000 	/System/Library/Frameworks/CoreBluetooth.framework/Versions/A/CoreBluetooth
0x00007fff6011f000 	/System/Library/PrivateFrameworks/SpeechRecognitionCore.framework/Versions/A/SpeechRecognitionCore
0x00007fff232a2000 	/System/Library/CoreServices/Encodings/libCyrillicConverter.dylib
0x0000000106600000 	/Users/macbookpro/Library/Java/JavaVirtualMachines/azul-13.0.8/Contents/Home/lib/server/libjvm.dylib
0x0000000105cfb000 	/Users/macbookpro/Library/Java/JavaVirtualMachines/azul-13.0.8/Contents/Home/lib/libverify.dylib
0x0000000105d0c000 	/Users/macbookpro/Library/Java/JavaVirtualMachines/azul-13.0.8/Contents/Home/lib/libjava.dylib
0x0000000105d36000 	/Users/macbookpro/Library/Java/JavaVirtualMachines/azul-13.0.8/Contents/Home/lib/libjimage.dylib
0x0000000105d8b000 	/Users/macbookpro/Library/Java/JavaVirtualMachines/azul-13.0.8/Contents/Home/lib/libzip.dylib
0x0000000108a2d000 	/Users/macbookpro/Library/Java/JavaVirtualMachines/azul-13.0.8/Contents/Home/lib/libnio.dylib
0x0000000108a40000 	/Users/macbookpro/Library/Java/JavaVirtualMachines/azul-13.0.8/Contents/Home/lib/libnet.dylib
0x0000000108a58000 	/private/var/folders/c0/d63ctn4x70q87f_r701qtxp40000gn/T/libgdxmacbookpro/cdf099a0/libgdx64.dylib
0x0000000108a8a000 	/Users/macbookpro/Library/Java/JavaVirtualMachines/azul-13.0.8/Contents/Home/lib/libawt.dylib
0x0000000108b24000 	/Users/macbookpro/Library/Java/JavaVirtualMachines/azul-13.0.8/Contents/Home/lib/libmlib_image.dylib
0x00007fff34c5f000 	/System/Library/Frameworks/JavaVM.framework/Versions/A/Frameworks/JavaRuntimeSupport.framework/Versions/A/JavaRuntimeSupport
0x00007fff34c56000 	/System/Library/Frameworks/JavaVM.framework/Versions/A/Frameworks/JavaNativeFoundation.framework/Versions/A/JavaNativeFoundation
0x00007fff34c67000 	/System/Library/Frameworks/JavaVM.framework/Versions/A/JavaVM
0x00007fff2ef01000 	/System/Library/Frameworks/Carbon.framework/Versions/A/Carbon
0x00007fff49c80000 	/System/Library/PrivateFrameworks/CoreSymbolication.framework/Versions/A/CoreSymbolication
0x00007fff55696000 	/System/Library/PrivateFrameworks/JavaLaunching.framework/Versions/A/JavaLaunching
0x00007fff2ef02000 	/System/Library/Frameworks/Carbon.framework/Versions/A/Frameworks/CommonPanels.framework/Versions/A/CommonPanels
0x00007fff2f1fb000 	/System/Library/Frameworks/Carbon.framework/Versions/A/Frameworks/Help.framework/Versions/A/Help
0x00007fff2f1ff000 	/System/Library/Frameworks/Carbon.framework/Versions/A/Frameworks/ImageCapture.framework/Versions/A/ImageCapture
0x00007fff2f206000 	/System/Library/Frameworks/Carbon.framework/Versions/A/Frameworks/OpenScripting.framework/Versions/A/OpenScripting
0x00007fff2f205000 	/System/Library/Frameworks/Carbon.framework/Versions/A/Frameworks/Ink.framework/Versions/A/Ink
0x00007fff2f241000 	/System/Library/Frameworks/Carbon.framework/Versions/A/Frameworks/Print.framework/Versions/A/Print
0x00007fff2f242000 	/System/Library/Frameworks/Carbon.framework/Versions/A/Frameworks/SecurityHI.framework/Versions/A/SecurityHI
0x00007fff4a402000 	/System/Library/PrivateFrameworks/DebugSymbols.framework/Versions/A/DebugSymbols
0x0000000108b8d000 	/Users/macbookpro/Library/Java/JavaVirtualMachines/azul-13.0.8/Contents/Home/lib/libawt_lwawt.dylib
0x0000000108c5c000 	/Users/macbookpro/Library/Java/JavaVirtualMachines/azul-13.0.8/Contents/Home/lib/libosxapp.dylib
0x00007fff32813000 	/System/Library/Frameworks/ExceptionHandling.framework/Versions/A/ExceptionHandling
0x0000000108c82000 	/Users/macbookpro/Library/Java/JavaVirtualMachines/azul-13.0.8/Contents/Home/lib/libfontmanager.dylib
0x0000000108d86000 	/Users/macbookpro/Library/Java/JavaVirtualMachines/azul-13.0.8/Contents/Home/lib/libfreetype.dylib
0x00007fff496f9000 	/System/Library/PrivateFrameworks/CoreServicesInternal.framework/Versions/A/CoreServicesInternal
0x00007fff32832000 	/System/Library/Frameworks/FileProvider.framework/Versions/A/FileProvider
0x00007fff2d391000 	/System/Library/Frameworks/Accounts.framework/Versions/A/Accounts
0x00007fff51ae3000 	/System/Library/PrivateFrameworks/GenerationalStorage.framework/Versions/A/GenerationalStorage
0x00007fff60961000 	/System/Library/PrivateFrameworks/SymptomDiagnosticReporter.framework/Versions/A/SymptomDiagnosticReporter
0x00007fff43438000 	/System/Library/PrivateFrameworks/AppContainer.framework/Versions/A/AppContainer
0x00007fff69408000 	/usr/lib/libsandbox.1.dylib
0x00007fff622d3000 	/System/Library/PrivateFrameworks/UserManagement.framework/Versions/A/UserManagement
0x00007fff461dc000 	/System/Library/PrivateFrameworks/ChunkingLibrary.framework/Versions/A/ChunkingLibrary
0x00007fff434aa000 	/System/Library/PrivateFrameworks/AppSandbox.framework/Versions/A/AppSandbox
0x00007fff5df2a000 	/System/Library/PrivateFrameworks/SecCodeWrapper.framework/Versions/A/SecCodeWrapper
0x00007fff67229000 	/usr/lib/libMatch.1.dylib
0x00007fff23314000 	/System/Library/CoreServices/RawCamera.bundle/Contents/MacOS/RawCamera
0x00007fff56fdb000 	/System/Library/PrivateFrameworks/MobileAsset.framework/Versions/A/MobileAsset
0x00007fff60809000 	/System/Library/PrivateFrameworks/StreamingZip.framework/Versions/A/StreamingZip
0x00007fff350e7000 	/System/Library/Frameworks/MediaToolbox.framework/Versions/A/MediaToolbox
0x00007fff47bf0000 	/System/Library/PrivateFrameworks/CoreAVCHD.framework/Versions/A/CoreAVCHD
0x00007fff35011000 	/System/Library/Frameworks/MediaAccessibility.framework/Versions/A/MediaAccessibility
0x00007fff5638f000 	/System/Library/PrivateFrameworks/Mangrove.framework/Versions/A/Mangrove
0x00007fff314db000 	/System/Library/Frameworks/CoreMedia.framework/Versions/A/CoreMedia
0x00007fff565fb000 	/System/Library/PrivateFrameworks/MediaExperience.framework/Versions/A/MediaExperience
0x00007fff3dfd1000 	/System/Library/Frameworks/VideoToolbox.framework/Versions/A/VideoToolbox
0x00007fff4781a000 	/System/Library/PrivateFrameworks/CoreAUC.framework/Versions/A/CoreAUC
0x00007fff69460000 	/usr/lib/libspindump.dylib
0x00007fff44878000 	/System/Library/PrivateFrameworks/AudioResourceArbitration.framework/Versions/A/AudioResourceArbitration
0x00007fff4428d000 	/System/Library/PrivateFrameworks/AppleVA.framework/Versions/A/AppleVA
0x00007fff2beaa000 	/System/Library/Frameworks/Accelerate.framework/Versions/A/Frameworks/vImage.framework/Versions/A/Libraries/libCGInterfaces.dylib
0x0000000109895000 	/usr/lib/libobjc-trampolines.dylib
0x00007fff4cb7a000 	/System/Library/PrivateFrameworks/FontServices.framework/libTrueTypeScaler.dylib
0x00007fff26143000 	/System/Library/Extensions/AppleIntelHD4000GraphicsMTLDriver.bundle/Contents/MacOS/AppleIntelHD4000GraphicsMTLDriver
0x00007fff50103000 	/System/Library/PrivateFrameworks/GPUCompiler.framework/Versions/3902/Libraries/libmetal_timestamp.dylib
0x00007fff6309f000 	/System/Library/PrivateFrameworks/ViewBridge.framework/Versions/A/ViewBridge
0x000000012a7e4000 	/private/var/folders/c0/d63ctn4x70q87f_r701qtxp40000gn/T/libgdxmacbookpro/f7649394/liblwjgl.dylib
0x000000012a3f0000 	/Users/macbookpro/Library/Java/JavaVirtualMachines/azul-13.0.8/Contents/Home/lib/libjawt.dylib
0x00007fff3ae63000 	/System/Library/Frameworks/OpenGL.framework/Versions/A/Resources/GLEngine.bundle/GLEngine
0x00007fff3a246000 	/System/Library/Frameworks/OpenGL.framework/Versions/A/Libraries/libGLProgrammability.dylib
0x00007fff25c45000 	/System/Library/Extensions/AppleIntelHD4000GraphicsGLDriver.bundle/Contents/MacOS/AppleIntelHD4000GraphicsGLDriver
0x00007fff517b2000 	/System/Library/PrivateFrameworks/GPUSupport.framework/Versions/A/Libraries/libGPUSupportMercury.dylib
0x00007fff3afdd000 	/System/Library/Frameworks/OpenGL.framework/Versions/A/Resources/GLRendererFloat.bundle/GLRendererFloat
0x00007fff397ff000 	/System/Library/Frameworks/OpenCL.framework/Versions/A/Libraries/libcldcpuengine.dylib
0x00007fff64331000 	/System/Library/PrivateFrameworks/login.framework/Versions/A/login


VM Arguments:
jvm_args: -Dfile.encoding=UTF-8 -Duser.country=UA -Duser.language=ru -Duser.variant 
java_command: sk.tuke.kpi.gamelib.framework.Main
java_class_path (initial): /Users/macbookpro/IdeaProjects/project-ellen/build/classes/java/main:/Users/macbookpro/IdeaProjects/project-ellen/build/resources/main:/Users/macbookpro/.gradle/caches/modules-2/files-2.1/sk.tuke.kpi.gamelib/gamelib-framework/2.6.0/bf87b88d822c6cd3a187a7cb90016e5af48489a7/gamelib-framework-2.6.0.jar:/Users/macbookpro/.gradle/caches/modules-2/files-2.1/sk.tuke.kpi.gamelib/gamelib-backend-lwjgl2/2.6.0/781718679e19e9cd26659868681f9cbe7a391ecc/gamelib-backend-lwjgl2-2.6.0.jar:/Users/macbookpro/.gradle/caches/modules-2/files-2.1/sk.tuke.kpi.gamelib/gamelib-inspector/2.6.0/6db69ef5b40f74786690f06db2cae2e18503c13c/gamelib-inspector-2.6.0.jar:/Users/macbookpro/.gradle/caches/modules-2/files-2.1/sk.tuke.kpi.gamelib/gamelib-core/2.6.0/191de4307f7dc42ad026845b3687df8d79ce22ea/gamelib-core-2.6.0.jar:/Users/macbookpro/.gradle/caches/modules-2/files-2.1/sk.tuke.kpi.oop/inspector/1.0.3/3b50ad759e2ad5fd379fd7880fc21172c691462c/inspector-1.0.3.jar:/Users/macbookpro/.gradle/caches/modules-2/files-2.1/sk.tuke.kpi.oop/inspector-annotations/1.0.3/8ec7fa0d9b8fdf63eb1da9ea2df7ba605f92bd6b/inspector-annotations-1.0.3.jar:/Users/macbookpro/.gradle/caches/modules-2/files-2.1/com.badlogicgames.gdx/gdx-backend-lwjgl/1.9.11/3c094feb74e2aef14e30e988326612ee75387c8f/gdx-backend-lwjgl-1.9.11.jar:/Users/macbookpro/.gradle/caches/modules-2/files-2.1/com.badlogicgames.gdx/gdx-freetype/1.9.11/e3d124aa5c89a2cfc134ed0c5e9dee4736a90618/gdx-freetype-1.9.11.jar:/Users/macbookpro/.gradle/caches/modules-2/files-2.1/com.badlogicgames.gdx/gdx-backend-headless/1.9.11/45391a2ac187161ea5db0f9ff71e1c6c98ecb29c/gdx-backend-headless-1.9.11.jar:/Users/macbookpro/.gradle/caches/modules-2/files-2.1/com.badlogicgames.gdx/gdx/1.9.11/69fe46897eed6f92e3f01b75cc7ca5f860881a8b/gdx-1.9.11.jar:/Users/macbookpro/.gradle/caches/modules-2/files-2.1/io.github.lukehutch/fast-classpath-scanner/3.1.9/d7b269925c9541d805f8ea1370edc2be2f04c3e/fast-classpath-scanner-3.1.9.jar:/Users/macbookpro/.gradle/caches/
Launcher Type: SUN_STANDARD

[Global flags]
     intx CICompilerCount                          = 3                                         {product} {ergonomic}
     uint ConcGCThreads                            = 1                                         {product} {ergonomic}
     uint G1ConcRefinementThreads                  = 4                                         {product} {ergonomic}
   size_t G1HeapRegionSize                         = 1048576                                   {product} {ergonomic}
    uintx GCDrainStackTargetSize                   = 64                                        {product} {ergonomic}
   size_t InitialHeapSize                          = 134217728                                 {product} {ergonomic}
   size_t MarkStackSize                            = 4194304                                   {product} {ergonomic}
   size_t MaxHeapSize                              = 2147483648                                {product} {ergonomic}
   size_t MaxNewSize                               = 1287651328                                {product} {ergonomic}
   size_t MinHeapDeltaBytes                        = 1048576                                   {product} {ergonomic}
   size_t MinHeapSize                              = 8388608                                   {product} {ergonomic}
    uintx NonNMethodCodeHeapSize                   = 5832780                                {pd product} {ergonomic}
    uintx NonProfiledCodeHeapSize                  = 122912730                              {pd product} {ergonomic}
    uintx ProfiledCodeHeapSize                     = 122912730                              {pd product} {ergonomic}
    uintx ReservedCodeCacheSize                    = 251658240                              {pd product} {ergonomic}
     bool SegmentedCodeCache                       = true                                      {product} {ergonomic}
   size_t SoftMaxHeapSize                          = 2147483648                             {manageable} {ergonomic}
     bool UseCompressedClassPointers               = true                                 {lp64_product} {ergonomic}
     bool UseCompressedOops                        = true                                 {lp64_product} {ergonomic}
     bool UseG1GC                                  = true                                      {product} {ergonomic}

Logging:
Log output configuration:
 #0: stdout all=warning uptime,level,tags
 #1: stderr all=off uptime,level,tags

Environment Variables:
PATH=/opt/local/bin:/opt/local/sbin:/Library/Frameworks/Python.framework/Versions/3.9/bin:/usr/local/bin:/usr/bin:/bin:/usr/sbin:/sbin:/Library/Apple/usr/bin
SHELL=/bin/zsh
LC_CTYPE=UTF-8

Signal Handlers:
SIGSEGV: [libjvm.dylib+0x7e6058], sa_mask[0]=11111111011111110111111111111111, sa_flags=SA_ONSTACK|SA_RESTART|SA_SIGINFO
SIGBUS: [libjvm.dylib+0x7e6058], sa_mask[0]=11111111011111110111111111111111, sa_flags=SA_RESTART|SA_SIGINFO
SIGFPE: [libjvm.dylib+0x7e6058], sa_mask[0]=11111111011111110111111111111111, sa_flags=SA_RESTART|SA_SIGINFO
SIGPIPE: [libjvm.dylib+0x63938d], sa_mask[0]=11111111011111110111111111111111, sa_flags=SA_RESTART|SA_SIGINFO
SIGXFSZ: [libjvm.dylib+0x63938d], sa_mask[0]=11111111011111110111111111111111, sa_flags=SA_RESTART|SA_SIGINFO
SIGILL: [libjvm.dylib+0x7e6058], sa_mask[0]=11111111011111110111111111111111, sa_flags=SA_RESTART|SA_SIGINFO
SIGUSR2: [libjvm.dylib+0x639962], sa_mask[0]=00100000000000000000000000000000, sa_flags=SA_RESTART|SA_SIGINFO
SIGHUP: [libjvm.dylib+0x6388ef], sa_mask[0]=11111111011111110111111111111111, sa_flags=SA_RESTART|SA_SIGINFO
SIGINT: [libjvm.dylib+0x6388ef], sa_mask[0]=11111111011111110111111111111111, sa_flags=SA_RESTART|SA_SIGINFO
SIGTERM: [libjvm.dylib+0x6388ef], sa_mask[0]=11111111011111110111111111111111, sa_flags=SA_RESTART|SA_SIGINFO
SIGQUIT: [libjvm.dylib+0x6388ef], sa_mask[0]=11111111011111110111111111111111, sa_flags=SA_RESTART|SA_SIGINFO


---------------  S Y S T E M  ---------------

OS:uname:Darwin 19.6.0 Darwin Kernel Version 19.6.0: Tue Jan 12 22:13:05 PST 2021; root:xnu-6153.141.16~1/RELEASE_X86_64 x86_64
OS uptime: 0 days 8:41 hours
rlimit (soft/hard): STACK 8192k/65532k , CORE 0k/infinity , NPROC 1392/2088 , NOFILE 10240/infinity , AS infinity/infinity , CPU infinity/infinity , DATA infinity/infinity , FSIZE infinity/infinity , MEMLOCK infinity/infinity , RSS infinity/infinity
load average:1.64 2.90 2.65

CPU:total 4 (initial active 4) (2 cores per cpu, 2 threads per core) family 6 model 58 stepping 9, cmov, cx8, fxsr, mmx, sse, sse2, sse3, ssse3, sse4.1, sse4.2, popcnt, avx, aes, clmul, erms, ht, tsc, tscinvbit, tscinv

Memory: 4k page, physical 8388608k(716704k free), swap 2097152k(1105152k free)

vm_info: OpenJDK 64-Bit Server VM (13.0.8+5-MTS) for bsd-amd64 JRE (13.0.8+5-MTS) (Zulu13.42+17-CA), built on Jul 11 2021 11:33:56 by "zulu_re" with clang 4.2.1 Compatible Apple LLVM 11.0.0 (clang-1100.0.33.17)

END.
