#
# A fatal error has been detected by the Java Runtime Environment:
#
#  SIGILL (0x4) at pc=0x00007fff2fd8eabc, pid=1519, tid=39687
#
# JRE version: OpenJDK Runtime Environment Zulu13.42+17-CA (13.0.8+5) (build 13.0.8+5-MTS)
# Java VM: OpenJDK 64-Bit Server VM Zulu13.42+17-CA (13.0.8+5-MTS, mixed mode, sharing, tiered, compressed oops, g1 gc, bsd-amd64)
# Problematic frame:
# C  [AppKit+0x3e5abc]  -[NSOpenGLContext setView:]+0xe5
#
# No core dump will be written. Core dumps have been disabled. To enable core dumping, try "ulimit -c unlimited" before starting Java again
#
# If you would like to submit a bug report, please visit:
#   http://www.azul.com/support/
# The crash happened outside the Java Virtual Machine in native code.
# See problematic frame for where to report the bug.
#

---------------  S U M M A R Y ------------

Command Line: -Dfile.encoding=UTF-8 -Duser.country=UA -Duser.language=ru -Duser.variant sk.tuke.kpi.gamelib.framework.Main

Host: MacBookPro10,2 x86_64 3000 MHz, 4 cores, 8G, Darwin 19.6.0
Time: Mon Oct  4 23:48:19 2021 CEST elapsed time: 1.718586 seconds (0d 0h 0m 1s)

---------------  T H R E A D  ---------------

Current thread (0x00007f9a230d9000):  JavaThread "LWJGL Application" [_thread_in_native, id=39687, stack(0x000070000f7d8000,0x000070000f8d8000)]

Stack: [0x000070000f7d8000,0x000070000f8d8000],  sp=0x000070000f8d7480,  free space=1021k
Native frames: (J=compiled Java code, A=aot compiled Java code, j=interpreted, Vv=VM code, C=native code)
C  [AppKit+0x3e5abc]  -[NSOpenGLContext setView:]+0xe5
C  [liblwjgl.dylib+0x16c77]  Java_org_lwjgl_opengl_MacOSXContextImplementation_setView+0xb7
j  org.lwjgl.opengl.MacOSXContextImplementation.setView(Ljava/nio/ByteBuffer;Ljava/nio/ByteBuffer;)V+0
j  org.lwjgl.opengl.MacOSXContextImplementation.makeCurrent(Lorg/lwjgl/opengl/PeerInfo;Ljava/nio/ByteBuffer;)V+7
j  org.lwjgl.opengl.ContextGL.makeCurrent()V+46
j  org.lwjgl.opengl.DrawableGL.makeCurrent()V+14
j  org.lwjgl.opengl.Display.makeCurrent()V+3
j  org.lwjgl.opengl.Display.makeCurrentAndSetSwapInterval()V+0
j  org.lwjgl.opengl.Display.create(Lorg/lwjgl/opengl/PixelFormat;Lorg/lwjgl/opengl/Drawable;Lorg/lwjgl/opengl/ContextAttribs;)V+108
j  org.lwjgl.opengl.Display.create(Lorg/lwjgl/opengl/PixelFormat;)V+12
j  com.badlogic.gdx.backends.lwjgl.LwjglGraphics.createDisplayPixelFormat(ZII)V+243
j  com.badlogic.gdx.backends.lwjgl.LwjglGraphics.setupDisplay()V+583
j  com.badlogic.gdx.backends.lwjgl.LwjglApplication.mainLoop()V+9
j  com.badlogic.gdx.backends.lwjgl.LwjglApplication$1.run()V+27
v  ~StubRoutines::call_stub
V  [libjvm.dylib+0x3a0819]  JavaCalls::call_helper(JavaValue*, methodHandle const&, JavaCallArguments*, Thread*)+0x285
V  [libjvm.dylib+0x39fc26]  JavaCalls::call_virtual(JavaValue*, Klass*, Symbol*, Symbol*, JavaCallArguments*, Thread*)+0xe2
V  [libjvm.dylib+0x39fce0]  JavaCalls::call_virtual(JavaValue*, Handle, Klass*, Symbol*, Symbol*, Thread*)+0x62
V  [libjvm.dylib+0x425a66]  thread_entry(JavaThread*, Thread*)+0x78
V  [libjvm.dylib+0x7a19e4]  JavaThread::thread_main_inner()+0x86
V  [libjvm.dylib+0x7a1826]  JavaThread::run()+0x124
V  [libjvm.dylib+0x79f667]  Thread::call_run()+0x71
V  [libjvm.dylib+0x6376c4]  thread_native_entry(Thread*)+0x12f
C  [libsystem_pthread.dylib+0x6109]  _pthread_start+0x94
C  [libsystem_pthread.dylib+0x1b8b]  thread_start+0xf

Java frames: (J=compiled Java code, j=interpreted, Vv=VM code)
j  org.lwjgl.opengl.MacOSXContextImplementation.setView(Ljava/nio/ByteBuffer;Ljava/nio/ByteBuffer;)V+0
j  org.lwjgl.opengl.MacOSXContextImplementation.makeCurrent(Lorg/lwjgl/opengl/PeerInfo;Ljava/nio/ByteBuffer;)V+7
j  org.lwjgl.opengl.ContextGL.makeCurrent()V+46
j  org.lwjgl.opengl.DrawableGL.makeCurrent()V+14
j  org.lwjgl.opengl.Display.makeCurrent()V+3
j  org.lwjgl.opengl.Display.makeCurrentAndSetSwapInterval()V+0
j  org.lwjgl.opengl.Display.create(Lorg/lwjgl/opengl/PixelFormat;Lorg/lwjgl/opengl/Drawable;Lorg/lwjgl/opengl/ContextAttribs;)V+108
j  org.lwjgl.opengl.Display.create(Lorg/lwjgl/opengl/PixelFormat;)V+12
j  com.badlogic.gdx.backends.lwjgl.LwjglGraphics.createDisplayPixelFormat(ZII)V+243
j  com.badlogic.gdx.backends.lwjgl.LwjglGraphics.setupDisplay()V+583
j  com.badlogic.gdx.backends.lwjgl.LwjglApplication.mainLoop()V+9
j  com.badlogic.gdx.backends.lwjgl.LwjglApplication$1.run()V+27
v  ~StubRoutines::call_stub

siginfo: si_signo: 4 (SIGILL), si_code: 1 (ILL_ILLOPC), si_addr: 0x00007fff2fd8eabc

Register to memory mapping:

RAX=0x0 is NULL
RBX=0x00007f9a22409e70 points into unknown readable memory: f0 ea c8 24 9a 7f 00 00
RCX=0x0 is NULL
RDX=0x0 is NULL
RSP=0x000070000f8d7480 is pointing into the stack for thread: 0x00007f9a230d9000
RBP=0x000070000f8d74d0 is pointing into the stack for thread: 0x00007f9a230d9000
RSI=0x000000001f08000c is an unknown value
RDI=0x0 is NULL
R8 =0x0 is NULL
R9 =0x0 is NULL
R10=0x0 is NULL
R11=0x0 is NULL
R12=0x00007f9a2273ef50 points into unknown readable memory: 99 f9 62 8a ff ff 1d 00
R13=0x000000012cd6df10 is pointing into metadata
R14=0x00007f9a22409fa0 points into unknown readable memory: 65 2c 3e 31 01 80 3d 00
R15=0x00007f9a240a11c0 points into unknown readable memory: 55 7d a3 89 ff ff 3d 00


Registers:
RAX=0x0000000000000000, RBX=0x00007f9a22409e70, RCX=0x0000000000000000, RDX=0x0000000000000000
RSP=0x000070000f8d7480, RBP=0x000070000f8d74d0, RSI=0x000000001f08000c, RDI=0x0000000000000000
R8 =0x0000000000000000, R9 =0x0000000000000000, R10=0x0000000000000000, R11=0x0000000000000000
R12=0x00007f9a2273ef50, R13=0x000000012cd6df10, R14=0x00007f9a22409fa0, R15=0x00007f9a240a11c0
RIP=0x00007fff2fd8eabc, EFLAGS=0x0000000000010202, ERR=0x0000000000000000
  TRAPNO=0x0000000000000006

Top of Stack: (sp=0x000070000f8d7480)
0x000070000f8d7480:   7865746e6f435853 656d656c706d4974
0x000070000f8d7490:   656d656c706d4974 5f6e6f697461746e
0x000070000f8d74a0:   0000000000000000 0000000000000000
0x000070000f8d74b0:   0000000000000000 00007f9a22409e70
0x000070000f8d74c0:   00007f9a22408d20 00007f9a230d9318
0x000070000f8d74d0:   000070000f8d7500 00000001313bac77
0x000070000f8d74e0:   000000012cd6df18 0000000000000000
0x000070000f8d74f0:   000070000f8d7598 00007f9a230d9000
0x000070000f8d7500:   000070000f8d7570 000000011d766630
0x000070000f8d7510:   000070000f8d7570 000000011d76637e
0x000070000f8d7520:   000000011d766336 000070000f8d7528
0x000070000f8d7530:   000000012cd6df10 000070000f8d7598
0x000070000f8d7540:   000000012cd6e4c0 0000000000000000
0x000070000f8d7550:   0000000787edd7b8 000000012cd6df18
0x000070000f8d7560:   0000000000000000 000070000f8d7590
0x000070000f8d7570:   000070000f8d75e8 000000011d760ef3
0x000070000f8d7580:   0000000787edd7b8 000000011d763758
0x000070000f8d7590:   0000000787eed5c8 0000000787ffe988
0x000070000f8d75a0:   000070000f8d75a0 000000012cd6de0f
0x000070000f8d75b0:   000070000f8d7618 000000012cd6e4c0
0x000070000f8d75c0:   0000000000000000 0000000787edd7b8
0x000070000f8d75d0:   000000012cd6de80 000070000f8d7590
0x000070000f8d75e0:   000070000f8d7608 000070000f8d7678
0x000070000f8d75f0:   000000011d760f38 0000000000000000
0x000070000f8d7600:   0000000787ffe988 0000000787eed5c8
0x000070000f8d7610:   0000000787ffe8c8 0000000787edd8e0
0x000070000f8d7620:   000070000f8d7660 0000000787edd8f0
0x000070000f8d7630:   000070000f8d7620 000000012cd6b66e
0x000070000f8d7640:   000070000f8d7688 000000012cd6c5c0
0x000070000f8d7650:   0000000000000000 0000000787ed23d8
0x000070000f8d7660:   000000012cd6b6a0 000070000f8d7608
0x000070000f8d7670:   000070000f8d7688 000070000f8d76e8 

Instructions: (pc=0x00007fff2fd8eabc)
0x00007fff2fd8e9bc:   c3 90 90 90 90 90 90 90 90 55 48 89 e5 48 8b 35
0x00007fff2fd8e9cc:   c0 b6 c6 59 5d ff 25 41 74 95 59 55 48 89 e5 41
0x00007fff2fd8e9dc:   57 41 56 53 48 83 ec 38 49 89 d6 49 89 ff 8a 05
0x00007fff2fd8e9ec:   78 d0 cd 59 84 c0 0f 84 90 00 00 00 04 fe 84 c0
0x00007fff2fd8e9fc:   75 0d e8 59 03 78 00 85 c0 0f 84 a5 00 00 00 48
0x00007fff2fd8ea0c:   8b 35 3e a5 c5 59 4c 89 ff ff 15 fd 73 95 59 49
0x00007fff2fd8ea1c:   8d 7f 08 e8 7c 01 78 00 4c 39 f0 74 3e 48 8b 0d
0x00007fff2fd8ea2c:   d8 5a 95 59 48 8d 7d b0 48 89 0f b9 00 00 00 c2
0x00007fff2fd8ea3c:   48 89 4f 08 48 8d 0d 63 31 32 00 48 89 4f 10 48
0x00007fff2fd8ea4c:   8d 0d 1e f5 95 59 48 89 4f 18 48 89 47 20 4c 89
0x00007fff2fd8ea5c:   7f 28 4c 89 77 30 e8 83 38 cb ff 31 db 48 8b 35
0x00007fff2fd8ea6c:   e8 a4 c5 59 4c 89 ff ff 15 9f 73 95 59 84 db 75
0x00007fff2fd8ea7c:   2c 48 83 c4 38 5b 41 5e 41 5f 5d c3 48 8d 3d c9
0x00007fff2fd8ea8c:   61 9b 59 48 8d 15 d2 cf cd 59 48 8d 0d d8 39 32
0x00007fff2fd8ea9c:   00 31 f6 e8 80 e9 c1 ff e9 51 ff ff ff e8 c2 00
0x00007fff2fd8eaac:   78 00 0f 0b 48 8d 3d 13 70 7f 00 e8 14 fb 77 00
0x00007fff2fd8eabc:   0f 0b 49 89 c6 eb 13 48 89 c7 e8 75 00 78 00 b3
0x00007fff2fd8eacc:   01 eb 9a 49 89 c6 84 db 74 05 e8 89 00 78 00 4c
0x00007fff2fd8eadc:   89 f7 e8 0f fa 77 00 0f 0b e8 58 01 78 00 55 48
0x00007fff2fd8eaec:   89 e5 41 57 41 56 41 54 53 41 89 f6 48 89 fb 48
0x00007fff2fd8eafc:   83 c7 08 e8 9c 00 78 00 49 89 c7 48 89 df e8 45
0x00007fff2fd8eb0c:   00 00 00 49 89 c4 4c 89 ff 31 f6 e8 88 00 00 00
0x00007fff2fd8eb1c:   49 89 c7 45 0f be f6 4d 85 e4 74 0b 48 89 df 44
0x00007fff2fd8eb2c:   89 f6 e8 42 97 04 00 4d 85 ff 74 13 48 89 df 44
0x00007fff2fd8eb3c:   89 f6 5b 41 5c 41 5e 41 5f 5d e9 e5 48 04 00 5b
0x00007fff2fd8eb4c:   41 5c 41 5e 41 5f 5d c3 55 48 89 e5 41 56 53 48
0x00007fff2fd8eb5c:   89 fb 4c 8d 35 63 1c cd 59 4c 89 f7 e8 01 02 78
0x00007fff2fd8eb6c:   00 48 8b 3d ec ce cd 59 48 8b 35 5d 7d c5 59 48
0x00007fff2fd8eb7c:   89 da ff 15 94 72 95 59 48 89 c7 ff 15 9b 72 95
0x00007fff2fd8eb8c:   59 48 89 c3 4c 89 f7 e8 dc 01 78 00 48 89 df 5b
0x00007fff2fd8eb9c:   41 5e 5d e9 84 ff 77 00 55 48 89 e5 41 57 41 56
0x00007fff2fd8ebac:   53 50 41 89 f7 49 89 fe 48 8d 3d cd 1b cd 59 e8 


Stack slot to memory mapping:
stack at sp + 0 slots: 0x7865746e6f435853 is an unknown value
stack at sp + 1 slots: 0x656d656c706d4974 is an unknown value
stack at sp + 2 slots: 0x656d656c706d4974 is an unknown value
stack at sp + 3 slots: 0x5f6e6f697461746e is an unknown value
stack at sp + 4 slots: 0x0 is NULL
stack at sp + 5 slots: 0x0 is NULL
stack at sp + 6 slots: 0x0 is NULL
stack at sp + 7 slots: 0x00007f9a22409e70 points into unknown readable memory: f0 ea c8 24 9a 7f 00 00


---------------  P R O C E S S  ---------------

Threads class SMR info:
_java_thread_list=0x00007f9a2259a5d0, length=12, elements={
0x00007f9a2302f000, 0x00007f9a228a3000, 0x00007f9a228a1000, 0x00007f9a23036000,
0x00007f9a228a1800, 0x00007f9a228b0800, 0x00007f9a228b1800, 0x00007f9a23095800,
0x00007f9a230d9000, 0x00007f9a228ef800, 0x00007f9a231bd000, 0x00007f9a22acd000
}

Java Threads: ( => current thread )
  0x00007f9a2302f000 JavaThread "Reference Handler" daemon [_thread_blocked, id=13827, stack(0x000070000edb7000,0x000070000eeb7000)]
  0x00007f9a228a3000 JavaThread "Finalizer" daemon [_thread_blocked, id=14339, stack(0x000070000eeba000,0x000070000efba000)]
  0x00007f9a228a1000 JavaThread "Signal Dispatcher" daemon [_thread_blocked, id=43267, stack(0x000070000f0c3000,0x000070000f1c3000)]
  0x00007f9a23036000 JavaThread "Service Thread" daemon [_thread_blocked, id=22275, stack(0x000070000f1c6000,0x000070000f2c6000)]
  0x00007f9a228a1800 JavaThread "C2 CompilerThread0" daemon [_thread_blocked, id=42755, stack(0x000070000f2c9000,0x000070000f3c9000)]
  0x00007f9a228b0800 JavaThread "C1 CompilerThread0" daemon [_thread_blocked, id=42243, stack(0x000070000f3cc000,0x000070000f4cc000)]
  0x00007f9a228b1800 JavaThread "Sweeper thread" daemon [_thread_blocked, id=23299, stack(0x000070000f4cf000,0x000070000f5cf000)]
  0x00007f9a23095800 JavaThread "Common-Cleaner" daemon [_thread_blocked, id=41219, stack(0x000070000f6d5000,0x000070000f7d5000)]
=>0x00007f9a230d9000 JavaThread "LWJGL Application" [_thread_in_native, id=39687, stack(0x000070000f7d8000,0x000070000f8d8000)]
  0x00007f9a228ef800 JavaThread "DestroyJavaVM" [_thread_blocked, id=5891, stack(0x000070000e6a2000,0x000070000e7a2000)]
  0x00007f9a231bd000 JavaThread "AppKit Thread" daemon [_thread_in_native, id=775, stack(0x00007ffee2b3d000,0x00007ffee333d000)]
  0x00007f9a22acd000 JavaThread "AWT-Shutdown" [_thread_blocked, id=32259, stack(0x000070000fbe4000,0x000070000fce4000)]

Other Threads:
  0x00007f9a2500a000 VMThread "VM Thread" [stack: 0x000070000ecb4000,0x000070000edb4000] [id=18179]
  0x00007f9a23033800 WatcherThread [stack: 0x000070000f5d2000,0x000070000f6d2000] [id=41475]
  0x00007f9a2283e800 GCTaskThread "GC Thread#0" [stack: 0x000070000e7a5000,0x000070000e8a5000] [id=11523]
  0x00007f9a2294e000 GCTaskThread "GC Thread#1" [stack: 0x000070000f8db000,0x000070000f9db000] [id=24327]
  0x00007f9a230a0000 GCTaskThread "GC Thread#2" [stack: 0x000070000f9de000,0x000070000fade000] [id=39431]
  0x00007f9a23125000 GCTaskThread "GC Thread#3" [stack: 0x000070000fae1000,0x000070000fbe1000] [id=39943]
  0x00007f9a2301d800 ConcurrentGCThread "G1 Main Marker" [stack: 0x000070000e8a8000,0x000070000e9a8000] [id=20483]
  0x00007f9a2301e000 ConcurrentGCThread "G1 Conc#0" [stack: 0x000070000e9ab000,0x000070000eaab000] [id=19459]
  0x00007f9a2287e800 ConcurrentGCThread "G1 Refine#0" [stack: 0x000070000eaae000,0x000070000ebae000] [id=19203]
  0x00007f9a2287f800 ConcurrentGCThread "G1 Young RemSet Sampling" [stack: 0x000070000ebb1000,0x000070000ecb1000] [id=12291]

Threads with active compile tasks:

VM state:not at safepoint (normal execution)

VM Mutex/Monitor currently owned by a thread: None

Heap address: 0x0000000780000000, size: 2048 MB, Compressed Oops mode: Zero based, Oop shift amount: 3
Narrow klass base: 0x0000000800000000, Narrow klass shift: 3
Compressed class space size: 1073741824 Address: 0x0000000800af6000

Heap:
 garbage-first heap   total 133120K, used 5122K [0x0000000780000000, 0x0000000800000000)
  region size 1024K, 4 young (4096K), 2 survivors (2048K)
 Metaspace       used 4860K, capacity 6950K, committed 7168K, reserved 1056768K
  class space    used 457K, capacity 702K, committed 768K, reserved 1048576K
Heap Regions: E=young(eden), S=young(survivor), O=old, HS=humongous(starts), HC=humongous(continues), CS=collection set, F=free, A=archive, TAMS=top-at-mark-start (previous, next)
|   0|0x0000000780000000, 0x0000000780100000, 0x0000000780100000|100%| O|  |TAMS 0x0000000780000000, 0x0000000780000000| Untracked 
|   1|0x0000000780100000, 0x0000000780140800, 0x0000000780200000| 25%| O|  |TAMS 0x0000000780100000, 0x0000000780100000| Untracked 
|   2|0x0000000780200000, 0x0000000780200000, 0x0000000780300000|  0%| F|  |TAMS 0x0000000780200000, 0x0000000780200000| Untracked 
|   3|0x0000000780300000, 0x0000000780300000, 0x0000000780400000|  0%| F|  |TAMS 0x0000000780300000, 0x0000000780300000| Untracked 
|   4|0x0000000780400000, 0x0000000780400000, 0x0000000780500000|  0%| F|  |TAMS 0x0000000780400000, 0x0000000780400000| Untracked 
|   5|0x0000000780500000, 0x0000000780500000, 0x0000000780600000|  0%| F|  |TAMS 0x0000000780500000, 0x0000000780500000| Untracked 
|   6|0x0000000780600000, 0x0000000780600000, 0x0000000780700000|  0%| F|  |TAMS 0x0000000780600000, 0x0000000780600000| Untracked 
|   7|0x0000000780700000, 0x0000000780700000, 0x0000000780800000|  0%| F|  |TAMS 0x0000000780700000, 0x0000000780700000| Untracked 
|   8|0x0000000780800000, 0x0000000780800000, 0x0000000780900000|  0%| F|  |TAMS 0x0000000780800000, 0x0000000780800000| Untracked 
|   9|0x0000000780900000, 0x0000000780900000, 0x0000000780a00000|  0%| F|  |TAMS 0x0000000780900000, 0x0000000780900000| Untracked 
|  10|0x0000000780a00000, 0x0000000780a00000, 0x0000000780b00000|  0%| F|  |TAMS 0x0000000780a00000, 0x0000000780a00000| Untracked 
|  11|0x0000000780b00000, 0x0000000780b00000, 0x0000000780c00000|  0%| F|  |TAMS 0x0000000780b00000, 0x0000000780b00000| Untracked 
|  12|0x0000000780c00000, 0x0000000780c00000, 0x0000000780d00000|  0%| F|  |TAMS 0x0000000780c00000, 0x0000000780c00000| Untracked 
|  13|0x0000000780d00000, 0x0000000780d00000, 0x0000000780e00000|  0%| F|  |TAMS 0x0000000780d00000, 0x0000000780d00000| Untracked 
|  14|0x0000000780e00000, 0x0000000780e00000, 0x0000000780f00000|  0%| F|  |TAMS 0x0000000780e00000, 0x0000000780e00000| Untracked 
|  15|0x0000000780f00000, 0x0000000780f00000, 0x0000000781000000|  0%| F|  |TAMS 0x0000000780f00000, 0x0000000780f00000| Untracked 
|  16|0x0000000781000000, 0x0000000781000000, 0x0000000781100000|  0%| F|  |TAMS 0x0000000781000000, 0x0000000781000000| Untracked 
|  17|0x0000000781100000, 0x0000000781100000, 0x0000000781200000|  0%| F|  |TAMS 0x0000000781100000, 0x0000000781100000| Untracked 
|  18|0x0000000781200000, 0x0000000781200000, 0x0000000781300000|  0%| F|  |TAMS 0x0000000781200000, 0x0000000781200000| Untracked 
|  19|0x0000000781300000, 0x0000000781300000, 0x0000000781400000|  0%| F|  |TAMS 0x0000000781300000, 0x0000000781300000| Untracked 
|  20|0x0000000781400000, 0x0000000781400000, 0x0000000781500000|  0%| F|  |TAMS 0x0000000781400000, 0x0000000781400000| Untracked 
|  21|0x0000000781500000, 0x0000000781500000, 0x0000000781600000|  0%| F|  |TAMS 0x0000000781500000, 0x0000000781500000| Untracked 
|  22|0x0000000781600000, 0x0000000781600000, 0x0000000781700000|  0%| F|  |TAMS 0x0000000781600000, 0x0000000781600000| Untracked 
|  23|0x0000000781700000, 0x0000000781700000, 0x0000000781800000|  0%| F|  |TAMS 0x0000000781700000, 0x0000000781700000| Untracked 
|  24|0x0000000781800000, 0x0000000781800000, 0x0000000781900000|  0%| F|  |TAMS 0x0000000781800000, 0x0000000781800000| Untracked 
|  25|0x0000000781900000, 0x0000000781900000, 0x0000000781a00000|  0%| F|  |TAMS 0x0000000781900000, 0x0000000781900000| Untracked 
|  26|0x0000000781a00000, 0x0000000781a00000, 0x0000000781b00000|  0%| F|  |TAMS 0x0000000781a00000, 0x0000000781a00000| Untracked 
|  27|0x0000000781b00000, 0x0000000781b00000, 0x0000000781c00000|  0%| F|  |TAMS 0x0000000781b00000, 0x0000000781b00000| Untracked 
|  28|0x0000000781c00000, 0x0000000781c00000, 0x0000000781d00000|  0%| F|  |TAMS 0x0000000781c00000, 0x0000000781c00000| Untracked 
|  29|0x0000000781d00000, 0x0000000781d00000, 0x0000000781e00000|  0%| F|  |TAMS 0x0000000781d00000, 0x0000000781d00000| Untracked 
|  30|0x0000000781e00000, 0x0000000781e00000, 0x0000000781f00000|  0%| F|  |TAMS 0x0000000781e00000, 0x0000000781e00000| Untracked 
|  31|0x0000000781f00000, 0x0000000781f00000, 0x0000000782000000|  0%| F|  |TAMS 0x0000000781f00000, 0x0000000781f00000| Untracked 
|  32|0x0000000782000000, 0x0000000782000000, 0x0000000782100000|  0%| F|  |TAMS 0x0000000782000000, 0x0000000782000000| Untracked 
|  33|0x0000000782100000, 0x0000000782100000, 0x0000000782200000|  0%| F|  |TAMS 0x0000000782100000, 0x0000000782100000| Untracked 
|  34|0x0000000782200000, 0x0000000782200000, 0x0000000782300000|  0%| F|  |TAMS 0x0000000782200000, 0x0000000782200000| Untracked 
|  35|0x0000000782300000, 0x0000000782300000, 0x0000000782400000|  0%| F|  |TAMS 0x0000000782300000, 0x0000000782300000| Untracked 
|  36|0x0000000782400000, 0x0000000782400000, 0x0000000782500000|  0%| F|  |TAMS 0x0000000782400000, 0x0000000782400000| Untracked 
|  37|0x0000000782500000, 0x0000000782500000, 0x0000000782600000|  0%| F|  |TAMS 0x0000000782500000, 0x0000000782500000| Untracked 
|  38|0x0000000782600000, 0x0000000782600000, 0x0000000782700000|  0%| F|  |TAMS 0x0000000782600000, 0x0000000782600000| Untracked 
|  39|0x0000000782700000, 0x0000000782700000, 0x0000000782800000|  0%| F|  |TAMS 0x0000000782700000, 0x0000000782700000| Untracked 
|  40|0x0000000782800000, 0x0000000782800000, 0x0000000782900000|  0%| F|  |TAMS 0x0000000782800000, 0x0000000782800000| Untracked 
|  41|0x0000000782900000, 0x0000000782900000, 0x0000000782a00000|  0%| F|  |TAMS 0x0000000782900000, 0x0000000782900000| Untracked 
|  42|0x0000000782a00000, 0x0000000782a00000, 0x0000000782b00000|  0%| F|  |TAMS 0x0000000782a00000, 0x0000000782a00000| Untracked 
|  43|0x0000000782b00000, 0x0000000782b00000, 0x0000000782c00000|  0%| F|  |TAMS 0x0000000782b00000, 0x0000000782b00000| Untracked 
|  44|0x0000000782c00000, 0x0000000782c00000, 0x0000000782d00000|  0%| F|  |TAMS 0x0000000782c00000, 0x0000000782c00000| Untracked 
|  45|0x0000000782d00000, 0x0000000782d00000, 0x0000000782e00000|  0%| F|  |TAMS 0x0000000782d00000, 0x0000000782d00000| Untracked 
|  46|0x0000000782e00000, 0x0000000782e00000, 0x0000000782f00000|  0%| F|  |TAMS 0x0000000782e00000, 0x0000000782e00000| Untracked 
|  47|0x0000000782f00000, 0x0000000782f00000, 0x0000000783000000|  0%| F|  |TAMS 0x0000000782f00000, 0x0000000782f00000| Untracked 
|  48|0x0000000783000000, 0x0000000783000000, 0x0000000783100000|  0%| F|  |TAMS 0x0000000783000000, 0x0000000783000000| Untracked 
|  49|0x0000000783100000, 0x0000000783100000, 0x0000000783200000|  0%| F|  |TAMS 0x0000000783100000, 0x0000000783100000| Untracked 
|  50|0x0000000783200000, 0x0000000783200000, 0x0000000783300000|  0%| F|  |TAMS 0x0000000783200000, 0x0000000783200000| Untracked 
|  51|0x0000000783300000, 0x0000000783300000, 0x0000000783400000|  0%| F|  |TAMS 0x0000000783300000, 0x0000000783300000| Untracked 
|  52|0x0000000783400000, 0x0000000783400000, 0x0000000783500000|  0%| F|  |TAMS 0x0000000783400000, 0x0000000783400000| Untracked 
|  53|0x0000000783500000, 0x0000000783500000, 0x0000000783600000|  0%| F|  |TAMS 0x0000000783500000, 0x0000000783500000| Untracked 
|  54|0x0000000783600000, 0x0000000783600000, 0x0000000783700000|  0%| F|  |TAMS 0x0000000783600000, 0x0000000783600000| Untracked 
|  55|0x0000000783700000, 0x0000000783700000, 0x0000000783800000|  0%| F|  |TAMS 0x0000000783700000, 0x0000000783700000| Untracked 
|  56|0x0000000783800000, 0x0000000783800000, 0x0000000783900000|  0%| F|  |TAMS 0x0000000783800000, 0x0000000783800000| Untracked 
|  57|0x0000000783900000, 0x0000000783900000, 0x0000000783a00000|  0%| F|  |TAMS 0x0000000783900000, 0x0000000783900000| Untracked 
|  58|0x0000000783a00000, 0x0000000783a00000, 0x0000000783b00000|  0%| F|  |TAMS 0x0000000783a00000, 0x0000000783a00000| Untracked 
|  59|0x0000000783b00000, 0x0000000783b00000, 0x0000000783c00000|  0%| F|  |TAMS 0x0000000783b00000, 0x0000000783b00000| Untracked 
|  60|0x0000000783c00000, 0x0000000783c00000, 0x0000000783d00000|  0%| F|  |TAMS 0x0000000783c00000, 0x0000000783c00000| Untracked 
|  61|0x0000000783d00000, 0x0000000783d00000, 0x0000000783e00000|  0%| F|  |TAMS 0x0000000783d00000, 0x0000000783d00000| Untracked 
|  62|0x0000000783e00000, 0x0000000783e00000, 0x0000000783f00000|  0%| F|  |TAMS 0x0000000783e00000, 0x0000000783e00000| Untracked 
|  63|0x0000000783f00000, 0x0000000783f00000, 0x0000000784000000|  0%| F|  |TAMS 0x0000000783f00000, 0x0000000783f00000| Untracked 
|  64|0x0000000784000000, 0x0000000784000000, 0x0000000784100000|  0%| F|  |TAMS 0x0000000784000000, 0x0000000784000000| Untracked 
|  65|0x0000000784100000, 0x0000000784100000, 0x0000000784200000|  0%| F|  |TAMS 0x0000000784100000, 0x0000000784100000| Untracked 
|  66|0x0000000784200000, 0x0000000784200000, 0x0000000784300000|  0%| F|  |TAMS 0x0000000784200000, 0x0000000784200000| Untracked 
|  67|0x0000000784300000, 0x0000000784300000, 0x0000000784400000|  0%| F|  |TAMS 0x0000000784300000, 0x0000000784300000| Untracked 
|  68|0x0000000784400000, 0x0000000784400000, 0x0000000784500000|  0%| F|  |TAMS 0x0000000784400000, 0x0000000784400000| Untracked 
|  69|0x0000000784500000, 0x0000000784500000, 0x0000000784600000|  0%| F|  |TAMS 0x0000000784500000, 0x0000000784500000| Untracked 
|  70|0x0000000784600000, 0x0000000784600000, 0x0000000784700000|  0%| F|  |TAMS 0x0000000784600000, 0x0000000784600000| Untracked 
|  71|0x0000000784700000, 0x0000000784700000, 0x0000000784800000|  0%| F|  |TAMS 0x0000000784700000, 0x0000000784700000| Untracked 
|  72|0x0000000784800000, 0x0000000784800000, 0x0000000784900000|  0%| F|  |TAMS 0x0000000784800000, 0x0000000784800000| Untracked 
|  73|0x0000000784900000, 0x0000000784900000, 0x0000000784a00000|  0%| F|  |TAMS 0x0000000784900000, 0x0000000784900000| Untracked 
|  74|0x0000000784a00000, 0x0000000784a00000, 0x0000000784b00000|  0%| F|  |TAMS 0x0000000784a00000, 0x0000000784a00000| Untracked 
|  75|0x0000000784b00000, 0x0000000784b00000, 0x0000000784c00000|  0%| F|  |TAMS 0x0000000784b00000, 0x0000000784b00000| Untracked 
|  76|0x0000000784c00000, 0x0000000784c00000, 0x0000000784d00000|  0%| F|  |TAMS 0x0000000784c00000, 0x0000000784c00000| Untracked 
|  77|0x0000000784d00000, 0x0000000784d00000, 0x0000000784e00000|  0%| F|  |TAMS 0x0000000784d00000, 0x0000000784d00000| Untracked 
|  78|0x0000000784e00000, 0x0000000784e00000, 0x0000000784f00000|  0%| F|  |TAMS 0x0000000784e00000, 0x0000000784e00000| Untracked 
|  79|0x0000000784f00000, 0x0000000784f00000, 0x0000000785000000|  0%| F|  |TAMS 0x0000000784f00000, 0x0000000784f00000| Untracked 
|  80|0x0000000785000000, 0x0000000785000000, 0x0000000785100000|  0%| F|  |TAMS 0x0000000785000000, 0x0000000785000000| Untracked 
|  81|0x0000000785100000, 0x0000000785100000, 0x0000000785200000|  0%| F|  |TAMS 0x0000000785100000, 0x0000000785100000| Untracked 
|  82|0x0000000785200000, 0x0000000785200000, 0x0000000785300000|  0%| F|  |TAMS 0x0000000785200000, 0x0000000785200000| Untracked 
|  83|0x0000000785300000, 0x0000000785300000, 0x0000000785400000|  0%| F|  |TAMS 0x0000000785300000, 0x0000000785300000| Untracked 
|  84|0x0000000785400000, 0x0000000785400000, 0x0000000785500000|  0%| F|  |TAMS 0x0000000785400000, 0x0000000785400000| Untracked 
|  85|0x0000000785500000, 0x0000000785500000, 0x0000000785600000|  0%| F|  |TAMS 0x0000000785500000, 0x0000000785500000| Untracked 
|  86|0x0000000785600000, 0x0000000785600000, 0x0000000785700000|  0%| F|  |TAMS 0x0000000785600000, 0x0000000785600000| Untracked 
|  87|0x0000000785700000, 0x0000000785700000, 0x0000000785800000|  0%| F|  |TAMS 0x0000000785700000, 0x0000000785700000| Untracked 
|  88|0x0000000785800000, 0x0000000785800000, 0x0000000785900000|  0%| F|  |TAMS 0x0000000785800000, 0x0000000785800000| Untracked 
|  89|0x0000000785900000, 0x0000000785900000, 0x0000000785a00000|  0%| F|  |TAMS 0x0000000785900000, 0x0000000785900000| Untracked 
|  90|0x0000000785a00000, 0x0000000785a00000, 0x0000000785b00000|  0%| F|  |TAMS 0x0000000785a00000, 0x0000000785a00000| Untracked 
|  91|0x0000000785b00000, 0x0000000785b00000, 0x0000000785c00000|  0%| F|  |TAMS 0x0000000785b00000, 0x0000000785b00000| Untracked 
|  92|0x0000000785c00000, 0x0000000785c00000, 0x0000000785d00000|  0%| F|  |TAMS 0x0000000785c00000, 0x0000000785c00000| Untracked 
|  93|0x0000000785d00000, 0x0000000785d00000, 0x0000000785e00000|  0%| F|  |TAMS 0x0000000785d00000, 0x0000000785d00000| Untracked 
|  94|0x0000000785e00000, 0x0000000785e00000, 0x0000000785f00000|  0%| F|  |TAMS 0x0000000785e00000, 0x0000000785e00000| Untracked 
|  95|0x0000000785f00000, 0x0000000785f00000, 0x0000000786000000|  0%| F|  |TAMS 0x0000000785f00000, 0x0000000785f00000| Untracked 
|  96|0x0000000786000000, 0x0000000786000000, 0x0000000786100000|  0%| F|  |TAMS 0x0000000786000000, 0x0000000786000000| Untracked 
|  97|0x0000000786100000, 0x0000000786100000, 0x0000000786200000|  0%| F|  |TAMS 0x0000000786100000, 0x0000000786100000| Untracked 
|  98|0x0000000786200000, 0x0000000786200000, 0x0000000786300000|  0%| F|  |TAMS 0x0000000786200000, 0x0000000786200000| Untracked 
|  99|0x0000000786300000, 0x0000000786300000, 0x0000000786400000|  0%| F|  |TAMS 0x0000000786300000, 0x0000000786300000| Untracked 
| 100|0x0000000786400000, 0x0000000786400000, 0x0000000786500000|  0%| F|  |TAMS 0x0000000786400000, 0x0000000786400000| Untracked 
| 101|0x0000000786500000, 0x0000000786500000, 0x0000000786600000|  0%| F|  |TAMS 0x0000000786500000, 0x0000000786500000| Untracked 
| 102|0x0000000786600000, 0x0000000786600000, 0x0000000786700000|  0%| F|  |TAMS 0x0000000786600000, 0x0000000786600000| Untracked 
| 103|0x0000000786700000, 0x0000000786700000, 0x0000000786800000|  0%| F|  |TAMS 0x0000000786700000, 0x0000000786700000| Untracked 
| 104|0x0000000786800000, 0x0000000786800000, 0x0000000786900000|  0%| F|  |TAMS 0x0000000786800000, 0x0000000786800000| Untracked 
| 105|0x0000000786900000, 0x0000000786900000, 0x0000000786a00000|  0%| F|  |TAMS 0x0000000786900000, 0x0000000786900000| Untracked 
| 106|0x0000000786a00000, 0x0000000786a00000, 0x0000000786b00000|  0%| F|  |TAMS 0x0000000786a00000, 0x0000000786a00000| Untracked 
| 107|0x0000000786b00000, 0x0000000786b00000, 0x0000000786c00000|  0%| F|  |TAMS 0x0000000786b00000, 0x0000000786b00000| Untracked 
| 108|0x0000000786c00000, 0x0000000786c00000, 0x0000000786d00000|  0%| F|  |TAMS 0x0000000786c00000, 0x0000000786c00000| Untracked 
| 109|0x0000000786d00000, 0x0000000786d00000, 0x0000000786e00000|  0%| F|  |TAMS 0x0000000786d00000, 0x0000000786d00000| Untracked 
| 110|0x0000000786e00000, 0x0000000786e00000, 0x0000000786f00000|  0%| F|  |TAMS 0x0000000786e00000, 0x0000000786e00000| Untracked 
| 111|0x0000000786f00000, 0x0000000786f00000, 0x0000000787000000|  0%| F|  |TAMS 0x0000000786f00000, 0x0000000786f00000| Untracked 
| 112|0x0000000787000000, 0x0000000787100000, 0x0000000787100000|100%| S|CS|TAMS 0x0000000787000000, 0x0000000787000000| Complete 
| 113|0x0000000787100000, 0x0000000787200000, 0x0000000787200000|100%| S|CS|TAMS 0x0000000787100000, 0x0000000787100000| Complete 
| 114|0x0000000787200000, 0x0000000787200000, 0x0000000787300000|  0%| F|  |TAMS 0x0000000787200000, 0x0000000787200000| Untracked 
| 115|0x0000000787300000, 0x0000000787300000, 0x0000000787400000|  0%| F|  |TAMS 0x0000000787300000, 0x0000000787300000| Untracked 
| 116|0x0000000787400000, 0x0000000787400000, 0x0000000787500000|  0%| F|  |TAMS 0x0000000787400000, 0x0000000787400000| Untracked 
| 117|0x0000000787500000, 0x0000000787500000, 0x0000000787600000|  0%| F|  |TAMS 0x0000000787500000, 0x0000000787500000| Untracked 
| 118|0x0000000787600000, 0x0000000787600000, 0x0000000787700000|  0%| F|  |TAMS 0x0000000787600000, 0x0000000787600000| Untracked 
| 119|0x0000000787700000, 0x0000000787700000, 0x0000000787800000|  0%| F|  |TAMS 0x0000000787700000, 0x0000000787700000| Untracked 
| 120|0x0000000787800000, 0x0000000787800000, 0x0000000787900000|  0%| F|  |TAMS 0x0000000787800000, 0x0000000787800000| Untracked 
| 121|0x0000000787900000, 0x0000000787900000, 0x0000000787a00000|  0%| F|  |TAMS 0x0000000787900000, 0x0000000787900000| Untracked 
| 122|0x0000000787a00000, 0x0000000787a00000, 0x0000000787b00000|  0%| F|  |TAMS 0x0000000787a00000, 0x0000000787a00000| Untracked 
| 123|0x0000000787b00000, 0x0000000787b00000, 0x0000000787c00000|  0%| F|  |TAMS 0x0000000787b00000, 0x0000000787b00000| Untracked 
| 124|0x0000000787c00000, 0x0000000787c00000, 0x0000000787d00000|  0%| F|  |TAMS 0x0000000787c00000, 0x0000000787c00000| Untracked 
| 125|0x0000000787d00000, 0x0000000787d00000, 0x0000000787e00000|  0%| F|  |TAMS 0x0000000787d00000, 0x0000000787d00000| Untracked 
| 126|0x0000000787e00000, 0x0000000787f00000, 0x0000000787f00000|100%| E|  |TAMS 0x0000000787e00000, 0x0000000787e00000| Complete 
| 127|0x0000000787f00000, 0x0000000788000000, 0x0000000788000000|100%| E|CS|TAMS 0x0000000787f00000, 0x0000000787f00000| Complete 
|1022|0x00000007bfe00000, 0x00000007bfe48000, 0x00000007bff00000| 28%|OA|  |TAMS 0x00000007bfe00000, 0x00000007bfe00000| Untracked 
|1023|0x00000007bff00000, 0x00000007bff78000, 0x00000007c0000000| 46%|CA|  |TAMS 0x00000007bff00000, 0x00000007bff00000| Untracked 

Card table byte_map: [0x000000010e62d000,0x000000010ea2d000] _byte_map_base: 0x000000010aa2d000

Marking Bits (Prev, Next): (CMBitMap*) 0x00007f9a2300ca18, (CMBitMap*) 0x00007f9a2300ca58
 Prev Bits: [0x000000010ee2d000, 0x0000000110e2d000)
 Next Bits: [0x0000000110e2d000, 0x0000000112e2d000)

Polling page: 0x000000010c936000

Metaspace:

Usage:
  Non-class:      6.10 MB capacity,     4.30 MB ( 70%) used,     1.79 MB ( 29%) free+waste,    11.56 KB ( <1%) overhead. 
      Class:    702.00 KB capacity,   457.66 KB ( 65%) used,   238.22 KB ( 34%) free+waste,     6.12 KB ( <1%) overhead. 
       Both:      6.79 MB capacity,     4.75 MB ( 70%) used,     2.02 MB ( 30%) free+waste,    17.69 KB ( <1%) overhead. 

Virtual space:
  Non-class space:        8.00 MB reserved,       6.25 MB ( 78%) committed 
      Class space:        1.00 GB reserved,     768.00 KB ( <1%) committed 
             Both:        1.01 GB reserved,       7.00 MB ( <1%) committed 

Chunk freelists:
   Non-Class:  60.00 KB
       Class:  10.00 KB
        Both:  70.00 KB

MaxMetaspaceSize: unlimited
CompressedClassSpaceSize: 1.00 GB

CodeHeap 'non-profiled nmethods': size=120032Kb used=248Kb max_used=248Kb free=119783Kb
 bounds [0x000000012521f000, 0x000000012548f000, 0x000000012c757000]
CodeHeap 'profiled nmethods': size=120028Kb used=1441Kb max_used=1441Kb free=118586Kb
 bounds [0x000000011dce8000, 0x000000011df58000, 0x000000012521f000]
CodeHeap 'non-nmethods': size=5700Kb used=1154Kb max_used=1162Kb free=4545Kb
 bounds [0x000000011d757000, 0x000000011d9c7000, 0x000000011dce8000]
 total_blobs=1248 nmethods=839 adapters=323
 compilation: enabled
              stopped_count=0, restarted_count=0
 full_count=0

Compilation events (20 events):
Event: 1.631 Thread 0x00007f9a228b0800  829       3       java.util.jar.Manifest::getTrustedAttributes (57 bytes)
Event: 1.632 Thread 0x00007f9a228b0800 nmethod 829 0x000000011de48690 code [0x000000011de48920, 0x000000011de49530]
Event: 1.632 Thread 0x00007f9a228b0800  830       3       java.util.jar.Manifest::getAttributes (14 bytes)
Event: 1.632 Thread 0x00007f9a228b0800 nmethod 830 0x000000011de49910 code [0x000000011de49ac0, 0x000000011de49de0]
Event: 1.633 Thread 0x00007f9a228b0800  831       3       java.util.zip.ZipFile$ZipFileInputStream::<init> (96 bytes)
Event: 1.634 Thread 0x00007f9a228b0800 nmethod 831 0x000000011de49f10 code [0x000000011de4a140, 0x000000011de4abc0]
Event: 1.634 Thread 0x00007f9a228b0800  832       3       java.util.zip.ZipUtils::CENOFF (9 bytes)
Event: 1.635 Thread 0x00007f9a228b0800 nmethod 832 0x000000011de4b010 code [0x000000011de4b1c0, 0x000000011de4b490]
Event: 1.635 Thread 0x00007f9a228b0800  833   !   3       java.util.zip.ZipFile$CleanableResource::getInflater (47 bytes)
Event: 1.636 Thread 0x00007f9a228b0800 nmethod 833 0x000000011de4b610 code [0x000000011de4b860, 0x000000011de4c520]
Event: 1.636 Thread 0x00007f9a228b0800  834       3       java.util.zip.ZipFile$ZipFileInflaterInputStream::<init> (41 bytes)
Event: 1.636 Thread 0x00007f9a228b0800 nmethod 834 0x000000011de4c910 code [0x000000011de4cb20, 0x000000011de4d290]
Event: 1.636 Thread 0x00007f9a228b0800  835       3       java.util.zip.InflaterInputStream::<init> (79 bytes)
Event: 1.637 Thread 0x00007f9a228b0800 nmethod 835 0x000000011de4d590 code [0x000000011de4d780, 0x000000011de4e010]
Event: 1.637 Thread 0x00007f9a228b0800  836   !   3       java.util.zip.Inflater::reset (64 bytes)
Event: 1.637 Thread 0x00007f9a228b0800 nmethod 836 0x000000011de4e210 code [0x000000011de4e3c0, 0x000000011de4e830]
Event: 1.683 Thread 0x00007f9a228b0800  838       3       java.nio.Buffer::remaining (20 bytes)
Event: 1.683 Thread 0x00007f9a228b0800 nmethod 838 0x000000011de4ea10 code [0x000000011de4eba0, 0x000000011de4ed10]
Event: 1.696 Thread 0x00007f9a228b0800  839       3       java.util.jar.JarFile::getVersionedEntry (86 bytes)
Event: 1.698 Thread 0x00007f9a228b0800 nmethod 839 0x000000011de4ed90 code [0x000000011de4f080, 0x000000011de50120]

GC Heap History (2 events):
Event: 0.966 GC heap before
{Heap before GC invocations=0 (full 0):
 garbage-first heap   total 133120K, used 14080K [0x0000000780000000, 0x0000000800000000)
  region size 1024K, 14 young (14336K), 0 survivors (0K)
 Metaspace       used 3559K, capacity 6628K, committed 6912K, reserved 1056768K
  class space    used 326K, capacity 633K, committed 768K, reserved 1048576K
}
Event: 0.977 GC heap after
{Heap after GC invocations=1 (full 0):
 garbage-first heap   total 133120K, used 4098K [0x0000000780000000, 0x0000000800000000)
  region size 1024K, 2 young (2048K), 2 survivors (2048K)
 Metaspace       used 3559K, capacity 6628K, committed 6912K, reserved 1056768K
  class space    used 326K, capacity 633K, committed 768K, reserved 1048576K
}

Deoptimization events (12 events):
Event: 0.127 Thread 0x00007f9a23809000 DEOPT PACKING pc=0x000000011dd11010 sp=0x000070000e7a0960
Event: 0.127 Thread 0x00007f9a23809000 DEOPT UNPACKING pc=0x000000011d7a033a sp=0x000070000e79fdf0 mode 0
Event: 0.259 Thread 0x00007f9a23809000 DEOPT PACKING pc=0x000000011dd0a62f sp=0x000070000e7a0a10
Event: 0.259 Thread 0x00007f9a23809000 DEOPT UNPACKING pc=0x000000011d7a033a sp=0x000070000e79fed0 mode 0
Event: 0.273 Thread 0x00007f9a23809000 DEOPT PACKING pc=0x000000011dd20322 sp=0x000070000e79d940
Event: 0.273 Thread 0x00007f9a23809000 DEOPT UNPACKING pc=0x000000011d7a033a sp=0x000070000e79cdc8 mode 0
Event: 0.308 Thread 0x00007f9a230a0000 DEOPT PACKING pc=0x000000011dd0bae8 sp=0x000070000f8d35e0
Event: 0.308 Thread 0x00007f9a230a0000 DEOPT UNPACKING pc=0x000000011d7a033a sp=0x000070000f8d2a50 mode 0
Event: 0.391 Thread 0x00007f9a230a0000 Uncommon trap: trap_request=0xffffff45 fr.pc=0x00000001252370e0 relative=0x0000000000000240
Event: 0.391 Thread 0x00007f9a230a0000 Uncommon trap: reason=unstable_if action=reinterpret pc=0x00000001252370e0 method=java.lang.String.startsWith(Ljava/lang/String;I)Z @ 14 c2
Event: 0.391 Thread 0x00007f9a230a0000 DEOPT PACKING pc=0x00000001252370e0 sp=0x000070000f8d6e50
Event: 0.391 Thread 0x00007f9a230a0000 DEOPT UNPACKING pc=0x000000011d79fe25 sp=0x000070000f8d6dd0 mode 2

Classes unloaded (0 events):
No events

Classes redefined (0 events):
No events

Internal exceptions (10 events):
Event: 0.318 Thread 0x00007f9a230a0000 Exception <a 'java/lang/NoSuchMethodError'{0x000000078795c008}: 'int java.lang.invoke.DirectMethodHandle$Holder.invokeStaticInit(java.lang.Object, java.lang.Object, java.lang.Object, java.lang.Object)'> (0x000000078795c008) 
thrown [./src/hotspot/share/interpreter/linkResolver.cpp, line 767]
Event: 0.321 Thread 0x00007f9a230a0000 Exception <a 'java/lang/IncompatibleClassChangeError'{0x0000000787964a68}: Found class java.lang.Object, but interface was expected> (0x0000000787964a68) 
thrown [./src/hotspot/share/interpreter/linkResolver.cpp, line 833]
Event: 0.322 Thread 0x00007f9a230a0000 Exception <a 'java/lang/NoSuchMethodError'{0x0000000787967950}: 'void java.lang.invoke.DirectMethodHandle$Holder.invokeStaticInit(java.lang.Object, java.lang.Object)'> (0x0000000787967950) 
thrown [./src/hotspot/share/interpreter/linkResolver.cpp, line 767]
Event: 0.324 Thread 0x00007f9a230a0000 Exception <a 'java/lang/NoSuchMethodError'{0x000000078796cc88}: 'int java.lang.invoke.DirectMethodHandle$Holder.invokeStaticInit(java.lang.Object, java.lang.Object)'> (0x000000078796cc88) 
thrown [./src/hotspot/share/interpreter/linkResolver.cpp, line 767]
Event: 0.466 Thread 0x00007f9a23809000 Exception <a 'java/lang/NoSuchMethodError'{0x0000000787359080}: 'void java.lang.invoke.DirectMethodHandle$Holder.invokeStatic(java.lang.Object, int, int)'> (0x0000000787359080) 
thrown [./src/hotspot/share/interpreter/linkResolver.cpp, line 767]
Event: 0.467 Thread 0x00007f9a23809000 Exception <a 'java/lang/NoSuchMethodError'{0x000000078735bb08}: 'void java.lang.invoke.DirectMethodHandle$Holder.invokeStaticInit(java.lang.Object, int, int)'> (0x000000078735bb08) 
thrown [./src/hotspot/share/interpreter/linkResolver.cpp, line 767]
Event: 0.985 Thread 0x00007f9a230d9000 Exception <a 'java/lang/ClassNotFoundException'{0x0000000787f21748}: sun/awt/resources/spi/awtProvider> (0x0000000787f21748) 
thrown [./src/hotspot/share/classfile/systemDictionary.cpp, line 232]
Event: 1.062 Thread 0x00007f9a230d9000 Exception <a 'java/io/FileNotFoundException'{0x0000000787f65d28}> (0x0000000787f65d28) 
thrown [./src/hotspot/share/prims/jni.cpp, line 598]
Event: 1.069 Thread 0x00007f9a230d9000 Exception <a 'java/io/FileNotFoundException'{0x0000000787f8c450}> (0x0000000787f8c450) 
thrown [./src/hotspot/share/prims/jni.cpp, line 598]
Event: 1.076 Thread 0x00007f9a230d9000 Exception <a 'java/lang/ClassNotFoundException'{0x0000000787f90298}: sun/awt/resources/spi/awtosxProvider> (0x0000000787f90298) 
thrown [./src/hotspot/share/classfile/systemDictionary.cpp, line 232]

Events (20 events):
Event: 1.649 loading class java/awt/Transparency done
Event: 1.649 loading class java/awt/image/BufferedImage done
Event: 1.649 loading class java/awt/IllegalComponentStateException
Event: 1.649 loading class java/awt/IllegalComponentStateException done
Event: 1.649 loading class java/awt/Point
Event: 1.650 loading class java/awt/geom/Point2D
Event: 1.650 loading class java/awt/geom/Point2D done
Event: 1.650 loading class java/awt/Point done
Event: 1.663 loading class org/lwjgl/opengl/MacOSXNativeKeyboard
Event: 1.663 loading class org/lwjgl/opengl/MacOSXNativeKeyboard done
Event: 1.682 loading class org/lwjgl/opengl/ContextGL
Event: 1.682 loading class org/lwjgl/opengl/ContextGL done
Event: 1.688 loading class org/lwjgl/opengl/ContextImplementation
Event: 1.688 loading class org/lwjgl/opengl/ContextImplementation done
Event: 1.690 loading class org/lwjgl/opengl/MacOSXContextImplementation
Event: 1.690 loading class org/lwjgl/opengl/MacOSXContextImplementation done
Event: 1.691 loading class org/lwjgl/opengl/GLContext
Event: 1.691 loading class org/lwjgl/opengl/GLContext done
Event: 1.693 loading class org/lwjgl/opengl/GLContext$CapabilitiesCacheEntry
Event: 1.693 loading class org/lwjgl/opengl/GLContext$CapabilitiesCacheEntry done


Dynamic libraries:
0x00007fff6be2a000 	/usr/lib/libz.1.dylib
0x000000010c8d1000 	/Users/macbookpro/Library/Java/JavaVirtualMachines/azul-13.0.8/Contents/Home/lib/libjli.dylib
0x00007fff31854000 	/System/Library/Frameworks/Cocoa.framework/Versions/A/Cocoa
0x00007fff3f095000 	/System/Library/Frameworks/Security.framework/Versions/A/Security
0x00007fff307b9000 	/System/Library/Frameworks/ApplicationServices.framework/Versions/A/ApplicationServices
0x00007fff69860000 	/usr/lib/libSystem.B.dylib
0x00007fff6c6eb000 	/usr/lib/system/libcache.dylib
0x00007fff6c6f1000 	/usr/lib/system/libcommonCrypto.dylib
0x00007fff6c6fd000 	/usr/lib/system/libcompiler_rt.dylib
0x00007fff6c705000 	/usr/lib/system/libcopyfile.dylib
0x00007fff6c70f000 	/usr/lib/system/libcorecrypto.dylib
0x00007fff6c8ae000 	/usr/lib/system/libdispatch.dylib
0x00007fff6c8ef000 	/usr/lib/system/libdyld.dylib
0x00007fff6c926000 	/usr/lib/system/libkeymgr.dylib
0x00007fff6c934000 	/usr/lib/system/liblaunch.dylib
0x00007fff6c935000 	/usr/lib/system/libmacho.dylib
0x00007fff6c93b000 	/usr/lib/system/libquarantine.dylib
0x00007fff6c93e000 	/usr/lib/system/libremovefile.dylib
0x00007fff6c940000 	/usr/lib/system/libsystem_asl.dylib
0x00007fff6c958000 	/usr/lib/system/libsystem_blocks.dylib
0x00007fff6c959000 	/usr/lib/system/libsystem_c.dylib
0x00007fff6c9e1000 	/usr/lib/system/libsystem_configuration.dylib
0x00007fff6c9e5000 	/usr/lib/system/libsystem_coreservices.dylib
0x00007fff6c9e9000 	/usr/lib/system/libsystem_darwin.dylib
0x00007fff6c9f2000 	/usr/lib/system/libsystem_dnssd.dylib
0x00007fff6c9fa000 	/usr/lib/system/libsystem_featureflags.dylib
0x00007fff6c9fc000 	/usr/lib/system/libsystem_info.dylib
0x00007fff6ca77000 	/usr/lib/system/libsystem_m.dylib
0x00007fff6cac3000 	/usr/lib/system/libsystem_malloc.dylib
0x00007fff6caeb000 	/usr/lib/system/libsystem_networkextension.dylib
0x00007fff6caf9000 	/usr/lib/system/libsystem_notify.dylib
0x00007fff6cb17000 	/usr/lib/system/libsystem_sandbox.dylib
0x00007fff6cb1c000 	/usr/lib/system/libsystem_secinit.dylib
0x00007fff6ca4a000 	/usr/lib/system/libsystem_kernel.dylib
0x00007fff6cb03000 	/usr/lib/system/libsystem_platform.dylib
0x00007fff6cb0c000 	/usr/lib/system/libsystem_pthread.dylib
0x00007fff6cb1f000 	/usr/lib/system/libsystem_symptoms.dylib
0x00007fff6cb27000 	/usr/lib/system/libsystem_trace.dylib
0x00007fff6cb3f000 	/usr/lib/system/libunwind.dylib
0x00007fff6cb45000 	/usr/lib/system/libxpc.dylib
0x00007fff6b757000 	/usr/lib/libobjc.A.dylib
0x00007fff69c2f000 	/usr/lib/libc++abi.dylib
0x00007fff69bdc000 	/usr/lib/libc++.1.dylib
0x00007fff32707000 	/System/Library/Frameworks/CoreFoundation.framework/Versions/A/CoreFoundation
0x00007fff34de7000 	/System/Library/Frameworks/Foundation.framework/Versions/C/Foundation
0x00007fff2f9a9000 	/System/Library/Frameworks/AppKit.framework/Versions/C/AppKit
0x00007fff321d8000 	/System/Library/Frameworks/CoreData.framework/Versions/A/CoreData
0x00007fff6385b000 	/System/Library/PrivateFrameworks/UIFoundation.framework/Versions/A/UIFoundation
0x00007fff5e8ef000 	/System/Library/PrivateFrameworks/RemoteViewServices.framework/Versions/A/RemoteViewServices
0x00007fff663d0000 	/System/Library/PrivateFrameworks/XCTTargetBootstrap.framework/Versions/A/XCTTargetBootstrap
0x00007fff325d4000 	/System/Library/Frameworks/CoreDisplay.framework/Versions/A/CoreDisplay
0x00007fff37ca5000 	/System/Library/Frameworks/Metal.framework/Versions/A/Metal
0x00007fff4c8af000 	/System/Library/PrivateFrameworks/DesktopServicesPriv.framework/Versions/A/DesktopServicesPriv
0x00007fff6aa32000 	/usr/lib/liblangid.dylib
0x00007fff4bb44000 	/System/Library/PrivateFrameworks/CoreSVG.framework/Versions/A/CoreSVG
0x00007fff61a4b000 	/System/Library/PrivateFrameworks/SkyLight.framework/Versions/A/SkyLight
0x00007fff32b89000 	/System/Library/Frameworks/CoreGraphics.framework/Versions/A/CoreGraphics
0x00007fff2e318000 	/System/Library/Frameworks/Accelerate.framework/Versions/A/Accelerate
0x00007fff6bd1b000 	/usr/lib/libxml2.2.dylib
0x00007fff57851000 	/System/Library/PrivateFrameworks/IconServices.framework/Versions/A/IconServices
0x00007fff355c6000 	/System/Library/Frameworks/IOSurface.framework/Versions/A/IOSurface
0x00007fff6938a000 	/usr/lib/libDiagnosticMessagesClient.dylib
0x00007fff4c709000 	/System/Library/PrivateFrameworks/DFRFoundation.framework/Versions/A/DFRFoundation
0x00007fff6a7c1000 	/usr/lib/libicucore.A.dylib
0x00007fff30aeb000 	/System/Library/Frameworks/AudioToolbox.framework/Versions/A/AudioToolbox
0x00007fff30bce000 	/System/Library/Frameworks/AudioUnit.framework/Versions/A/AudioUnit
0x00007fff69af8000 	/usr/lib/libauto.dylib
0x00007fff4c7ab000 	/System/Library/PrivateFrameworks/DataDetectorsCore.framework/Versions/A/DataDetectorsCore
0x00007fff31375000 	/System/Library/Frameworks/Carbon.framework/Versions/A/Frameworks/HIToolbox.framework/Versions/A/HIToolbox
0x00007fff3e28f000 	/System/Library/Frameworks/QuartzCore.framework/Versions/A/QuartzCore
0x00007fff316b4000 	/System/Library/Frameworks/Carbon.framework/Versions/A/Frameworks/SpeechRecognition.framework/Versions/A/SpeechRecognition
0x00007fff4c21d000 	/System/Library/PrivateFrameworks/CoreUI.framework/Versions/A/CoreUI
0x00007fff31c43000 	/System/Library/Frameworks/CoreAudio.framework/Versions/A/CoreAudio
0x00007fff34aa6000 	/System/Library/Frameworks/DiskArbitration.framework/Versions/A/DiskArbitration
0x00007fff598c9000 	/System/Library/PrivateFrameworks/MultitouchSupport.framework/Versions/A/MultitouchSupport
0x00007fff6a688000 	/usr/lib/libenergytrace.dylib
0x00007fff35520000 	/System/Library/Frameworks/IOKit.framework/Versions/A/IOKit
0x00007fff33b12000 	/System/Library/Frameworks/CoreServices.framework/Versions/A/CoreServices
0x00007fff5ba82000 	/System/Library/PrivateFrameworks/PerformanceAnalysis.framework/Versions/A/PerformanceAnalysis
0x00007fff3d2c2000 	/System/Library/Frameworks/OpenGL.framework/Versions/A/OpenGL
0x00007fff31862000 	/System/Library/Frameworks/ColorSync.framework/Versions/A/ColorSync
0x00007fff3322e000 	/System/Library/Frameworks/CoreImage.framework/Versions/A/CoreImage
0x00007fff34585000 	/System/Library/Frameworks/CoreText.framework/Versions/A/CoreText
0x00007fff35656000 	/System/Library/Frameworks/ImageIO.framework/Versions/A/ImageIO
0x00007fff69c58000 	/usr/lib/libcompression.dylib
0x00007fff696ce000 	/usr/lib/libMobileGestalt.dylib
0x00007fff635c5000 	/System/Library/PrivateFrameworks/TextureIO.framework/Versions/A/TextureIO
0x00007fff699c5000 	/usr/lib/libate.dylib
0x00007fff57a5a000 	/System/Library/PrivateFrameworks/InternationalSupport.framework/Versions/A/InternationalSupport
0x00007fff6aa34000 	/usr/lib/liblzma.5.dylib
0x00007fff6a6af000 	/usr/lib/libfakelink.dylib
0x00007fff69952000 	/usr/lib/libarchive.2.dylib
0x00007fff40146000 	/System/Library/Frameworks/SystemConfiguration.framework/Versions/A/SystemConfiguration
0x00007fff692bd000 	/usr/lib/libCRFSuite.dylib
0x00007fff30f65000 	/System/Library/Frameworks/CFNetwork.framework/Versions/A/CFNetwork
0x00007fff69bbe000 	/usr/lib/libbsm.0.dylib
0x00007fff6c927000 	/usr/lib/system/libkxld.dylib
0x00007fff46085000 	/System/Library/PrivateFrameworks/AppleFSCompression.framework/Versions/A/AppleFSCompression
0x00007fff69f4a000 	/usr/lib/libcoretls.dylib
0x00007fff69f61000 	/usr/lib/libcoretls_cfhelpers.dylib
0x00007fff6b79c000 	/usr/lib/libpam.2.dylib
0x00007fff6b8d1000 	/usr/lib/libsqlite3.dylib
0x00007fff6bd08000 	/usr/lib/libxar.1.dylib
0x00007fff69bcf000 	/usr/lib/libbz2.1.0.dylib
0x00007fff6a6d0000 	/usr/lib/libiconv.2.dylib
0x00007fff69c45000 	/usr/lib/libcharset.1.dylib
0x00007fff6b23a000 	/usr/lib/libnetwork.dylib
0x00007fff6b7a3000 	/usr/lib/libpcap.A.dylib
0x00007fff69907000 	/usr/lib/libapple_nghttp2.dylib
0x00007fff33ec9000 	/System/Library/Frameworks/CoreServices.framework/Versions/A/Frameworks/FSEvents.framework/Versions/A/FSEvents
0x00007fff33b99000 	/System/Library/Frameworks/CoreServices.framework/Versions/A/Frameworks/CarbonCore.framework/Versions/A/CarbonCore
0x00007fff3410d000 	/System/Library/Frameworks/CoreServices.framework/Versions/A/Frameworks/Metadata.framework/Versions/A/Metadata
0x00007fff341a6000 	/System/Library/Frameworks/CoreServices.framework/Versions/A/Frameworks/OSServices.framework/Versions/A/OSServices
0x00007fff341d4000 	/System/Library/Frameworks/CoreServices.framework/Versions/A/Frameworks/SearchKit.framework/Versions/A/SearchKit
0x00007fff33b13000 	/System/Library/Frameworks/CoreServices.framework/Versions/A/Frameworks/AE.framework/Versions/A/AE
0x00007fff33ed2000 	/System/Library/Frameworks/CoreServices.framework/Versions/A/Frameworks/LaunchServices.framework/Versions/A/LaunchServices
0x00007fff33e7b000 	/System/Library/Frameworks/CoreServices.framework/Versions/A/Frameworks/DictionaryServices.framework/Versions/A/DictionaryServices
0x00007fff3423c000 	/System/Library/Frameworks/CoreServices.framework/Versions/A/Frameworks/SharedFileList.framework/Versions/A/SharedFileList
0x00007fff390e1000 	/System/Library/Frameworks/NetFS.framework/Versions/A/NetFS
0x00007fff59df9000 	/System/Library/PrivateFrameworks/NetAuth.framework/Versions/A/NetAuth
0x00007fff6679d000 	/System/Library/PrivateFrameworks/login.framework/Versions/A/Frameworks/loginsupport.framework/Versions/A/loginsupport
0x00007fff63090000 	/System/Library/PrivateFrameworks/TCC.framework/Versions/A/TCC
0x00007fff4acb7000 	/System/Library/PrivateFrameworks/CoreNLP.framework/Versions/A/CoreNLP
0x00007fff592ce000 	/System/Library/PrivateFrameworks/MetadataUtilities.framework/Versions/A/MetadataUtilities
0x00007fff6ab0c000 	/usr/lib/libmecabra.dylib
0x00007fff6aa64000 	/usr/lib/libmecab.dylib
0x00007fff6a6c0000 	/usr/lib/libgermantok.dylib
0x00007fff698ee000 	/usr/lib/libThaiTokenizer.dylib
0x00007fff692f4000 	/usr/lib/libChineseTokenizer.dylib
0x00007fff2e331000 	/System/Library/Frameworks/Accelerate.framework/Versions/A/Frameworks/vImage.framework/Versions/A/vImage
0x00007fff2f7ff000 	/System/Library/Frameworks/Accelerate.framework/Versions/A/Frameworks/vecLib.framework/Versions/A/vecLib
0x00007fff2f680000 	/System/Library/Frameworks/Accelerate.framework/Versions/A/Frameworks/vecLib.framework/Versions/A/libvMisc.dylib
0x00007fff2f4ed000 	/System/Library/Frameworks/Accelerate.framework/Versions/A/Frameworks/vecLib.framework/Versions/A/libvDSP.dylib
0x00007fff2ebcd000 	/System/Library/Frameworks/Accelerate.framework/Versions/A/Frameworks/vecLib.framework/Versions/A/libBLAS.dylib
0x00007fff2f0a5000 	/System/Library/Frameworks/Accelerate.framework/Versions/A/Frameworks/vecLib.framework/Versions/A/libLAPACK.dylib
0x00007fff2f44d000 	/System/Library/Frameworks/Accelerate.framework/Versions/A/Frameworks/vecLib.framework/Versions/A/libLinearAlgebra.dylib
0x00007fff2f4da000 	/System/Library/Frameworks/Accelerate.framework/Versions/A/Frameworks/vecLib.framework/Versions/A/libSparseBLAS.dylib
0x00007fff2f463000 	/System/Library/Frameworks/Accelerate.framework/Versions/A/Frameworks/vecLib.framework/Versions/A/libQuadrature.dylib
0x00007fff2ed63000 	/System/Library/Frameworks/Accelerate.framework/Versions/A/Frameworks/vecLib.framework/Versions/A/libBNNS.dylib
0x00007fff2f469000 	/System/Library/Frameworks/Accelerate.framework/Versions/A/Frameworks/vecLib.framework/Versions/A/libSparse.dylib
0x00007fff57e42000 	/System/Library/PrivateFrameworks/LanguageModeling.framework/Versions/A/LanguageModeling
0x00007fff4a667000 	/System/Library/PrivateFrameworks/CoreEmoji.framework/Versions/A/CoreEmoji
0x00007fff57f60000 	/System/Library/PrivateFrameworks/LinguisticData.framework/Versions/A/LinguisticData
0x00007fff57f11000 	/System/Library/PrivateFrameworks/Lexicon.framework/Versions/A/Lexicon
0x00007fff69c46000 	/usr/lib/libcmph.dylib
0x00007fff3bcd0000 	/System/Library/Frameworks/OpenDirectory.framework/Versions/A/Frameworks/CFOpenDirectory.framework/Versions/A/CFOpenDirectory
0x00007fff3bced000 	/System/Library/Frameworks/OpenDirectory.framework/Versions/A/OpenDirectory
0x00007fff44130000 	/System/Library/PrivateFrameworks/APFS.framework/Versions/A/APFS
0x00007fff3f3df000 	/System/Library/Frameworks/SecurityFoundation.framework/Versions/A/SecurityFoundation
0x00007fff6bd04000 	/usr/lib/libutil.dylib
0x00007fff4bb9c000 	/System/Library/PrivateFrameworks/CoreServicesStore.framework/Versions/A/CoreServicesStore
0x00007fff3f496000 	/System/Library/Frameworks/ServiceManagement.framework/Versions/A/ServiceManagement
0x00007fff47855000 	/System/Library/PrivateFrameworks/BackgroundTaskManagement.framework/Versions/A/BackgroundTaskManagement
0x00007fff6be01000 	/usr/lib/libxslt.1.dylib
0x00007fff466f8000 	/System/Library/PrivateFrameworks/AppleSystemInfo.framework/Versions/A/AppleSystemInfo
0x00007fff35874000 	/System/Library/Frameworks/ImageIO.framework/Versions/A/Resources/libJPEG.dylib
0x00007fff35b33000 	/System/Library/Frameworks/ImageIO.framework/Versions/A/Resources/libTIFF.dylib
0x00007fff35b16000 	/System/Library/Frameworks/ImageIO.framework/Versions/A/Resources/libPng.dylib
0x00007fff357b6000 	/System/Library/Frameworks/ImageIO.framework/Versions/A/Resources/libGIF.dylib
0x00007fff357ba000 	/System/Library/Frameworks/ImageIO.framework/Versions/A/Resources/libJP2.dylib
0x00007fff35b31000 	/System/Library/Frameworks/ImageIO.framework/Versions/A/Resources/libRadiance.dylib
0x00007fff6a689000 	/usr/lib/libexpat.1.dylib
0x00007fff461e0000 	/System/Library/PrivateFrameworks/AppleJPEG.framework/Versions/A/AppleJPEG
0x00007fff4eeb2000 	/System/Library/PrivateFrameworks/FontServices.framework/libFontParser.dylib
0x00007fff6579f000 	/System/Library/PrivateFrameworks/WatchdogClient.framework/Versions/A/WatchdogClient
0x00007fff5749d000 	/System/Library/PrivateFrameworks/IOAccelerator.framework/Versions/A/IOAccelerator
0x00007fff38040000 	/System/Library/Frameworks/MetalPerformanceShaders.framework/Versions/A/MetalPerformanceShaders
0x00007fff53c2d000 	/System/Library/PrivateFrameworks/GPUWrangler.framework/Versions/A/GPUWrangler
0x00007fff574b2000 	/System/Library/PrivateFrameworks/IOPresentment.framework/Versions/A/IOPresentment
0x00007fff4c71c000 	/System/Library/PrivateFrameworks/DSExternalDisplay.framework/Versions/A/DSExternalDisplay
0x00007fff3c661000 	/System/Library/Frameworks/OpenGL.framework/Versions/A/Libraries/libCoreFSCache.dylib
0x00007fff37d8c000 	/System/Library/Frameworks/MetalPerformanceShaders.framework/Frameworks/MPSCore.framework/Versions/A/MPSCore
0x00007fff37dca000 	/System/Library/Frameworks/MetalPerformanceShaders.framework/Frameworks/MPSImage.framework/Versions/A/MPSImage
0x00007fff37e91000 	/System/Library/Frameworks/MetalPerformanceShaders.framework/Frameworks/MPSNeuralNetwork.framework/Versions/A/MPSNeuralNetwork
0x00007fff37e55000 	/System/Library/Frameworks/MetalPerformanceShaders.framework/Frameworks/MPSMatrix.framework/Versions/A/MPSMatrix
0x00007fff37ff0000 	/System/Library/Frameworks/MetalPerformanceShaders.framework/Frameworks/MPSRayIntersector.framework/Versions/A/MPSRayIntersector
0x00007fff37e7b000 	/System/Library/Frameworks/MetalPerformanceShaders.framework/Frameworks/MPSNDArray.framework/Versions/A/MPSNDArray
0x00007fff5931b000 	/System/Library/PrivateFrameworks/MetalTools.framework/Versions/A/MetalTools
0x00007fff4530a000 	/System/Library/PrivateFrameworks/AggregateDictionary.framework/Versions/A/AggregateDictionary
0x00007fff4a0af000 	/System/Library/PrivateFrameworks/CoreAnalytics.framework/Versions/A/CoreAnalytics
0x00007fff46617000 	/System/Library/PrivateFrameworks/AppleSauce.framework/Versions/A/AppleSauce
0x00007fff695b0000 	/usr/lib/libIOReport.dylib
0x00007fff3473d000 	/System/Library/Frameworks/CoreVideo.framework/Versions/A/CoreVideo
0x00007fff550a6000 	/System/Library/PrivateFrameworks/GraphVisualizer.framework/Versions/A/GraphVisualizer
0x00007fff4e3f8000 	/System/Library/PrivateFrameworks/FaceCore.framework/Versions/A/FaceCore
0x00007fff3bc77000 	/System/Library/Frameworks/OpenCL.framework/Versions/A/OpenCL
0x00007fff693d2000 	/usr/lib/libFosl_dynamic.dylib
0x00007fff5a81a000 	/System/Library/PrivateFrameworks/OTSVG.framework/Versions/A/OTSVG
0x00007fff308be000 	/System/Library/Frameworks/ApplicationServices.framework/Versions/A/Frameworks/ATS.framework/Versions/A/Resources/libFontRegistry.dylib
0x00007fff4f081000 	/System/Library/PrivateFrameworks/FontServices.framework/libhvf.dylib
0x00007fff3c66c000 	/System/Library/Frameworks/OpenGL.framework/Versions/A/Libraries/libGFXShared.dylib
0x00007fff3c84a000 	/System/Library/Frameworks/OpenGL.framework/Versions/A/Libraries/libGLU.dylib
0x00007fff3c675000 	/System/Library/Frameworks/OpenGL.framework/Versions/A/Libraries/libGL.dylib
0x00007fff3c680000 	/System/Library/Frameworks/OpenGL.framework/Versions/A/Libraries/libGLImage.dylib
0x00007fff3c65e000 	/System/Library/Frameworks/OpenGL.framework/Versions/A/Libraries/libCVMSPluginSupport.dylib
0x00007fff3c667000 	/System/Library/Frameworks/OpenGL.framework/Versions/A/Libraries/libCoreVMClient.dylib
0x00007fff6b0db000 	/usr/lib/libncurses.5.4.dylib
0x00007fff307ba000 	/System/Library/Frameworks/ApplicationServices.framework/Versions/A/Frameworks/ATS.framework/Versions/A/ATS
0x00007fff30987000 	/System/Library/Frameworks/ApplicationServices.framework/Versions/A/Frameworks/ColorSyncLegacy.framework/Versions/A/ColorSyncLegacy
0x00007fff30a25000 	/System/Library/Frameworks/ApplicationServices.framework/Versions/A/Frameworks/HIServices.framework/Versions/A/HIServices
0x00007fff30a7d000 	/System/Library/Frameworks/ApplicationServices.framework/Versions/A/Frameworks/LangAnalysis.framework/Versions/A/LangAnalysis
0x00007fff30a8c000 	/System/Library/Frameworks/ApplicationServices.framework/Versions/A/Frameworks/PrintCore.framework/Versions/A/PrintCore
0x00007fff30ad2000 	/System/Library/Frameworks/ApplicationServices.framework/Versions/A/Frameworks/QD.framework/Versions/A/QD
0x00007fff30add000 	/System/Library/Frameworks/ApplicationServices.framework/Versions/A/Frameworks/SpeechSynthesis.framework/Versions/A/SpeechSynthesis
0x00007fff30957000 	/System/Library/Frameworks/ApplicationServices.framework/Versions/A/Frameworks/ATSUI.framework/Versions/A/ATSUI
0x00007fff6a51f000 	/usr/lib/libcups.2.dylib
0x00007fff370db000 	/System/Library/Frameworks/Kerberos.framework/Versions/A/Kerberos
0x00007fff35219000 	/System/Library/Frameworks/GSS.framework/Versions/A/GSS
0x00007fff6b85d000 	/usr/lib/libresolv.9.dylib
0x00007fff55253000 	/System/Library/PrivateFrameworks/Heimdal.framework/Versions/A/Heimdal
0x00007fff370ee000 	/System/Library/Frameworks/Kerberos.framework/Versions/A/Libraries/libHeimdalProxy.dylib
0x00007fff6a6c6000 	/usr/lib/libheimdal-asn1.dylib
0x00007fff49547000 	/System/Library/PrivateFrameworks/CommonAuth.framework/Versions/A/CommonAuth
0x00007fff46795000 	/System/Library/PrivateFrameworks/AssertionServices.framework/Versions/A/AssertionServices
0x00007fff47338000 	/System/Library/PrivateFrameworks/AudioToolboxCore.framework/Versions/A/AudioToolboxCore
0x00007fff6644d000 	/System/Library/PrivateFrameworks/caulk.framework/Versions/A/caulk
0x00007fff47901000 	/System/Library/PrivateFrameworks/BaseBoard.framework/Versions/A/BaseBoard
0x00007fff5ea7d000 	/System/Library/PrivateFrameworks/RunningBoardServices.framework/Versions/A/RunningBoardServices
0x00007fff5ba8e000 	/System/Library/PrivateFrameworks/PersistentConnection.framework/Versions/A/PersistentConnection
0x00007fff5e476000 	/System/Library/PrivateFrameworks/ProtocolBuffer.framework/Versions/A/ProtocolBuffer
0x00007fff4956b000 	/System/Library/PrivateFrameworks/CommonUtilities.framework/Versions/A/CommonUtilities
0x00007fff47a8f000 	/System/Library/PrivateFrameworks/Bom.framework/Versions/A/Bom
0x00007fff69283000 	/usr/lib/libAudioToolboxUtility.dylib
0x00007fff4785f000 	/System/Library/PrivateFrameworks/Backup.framework/Versions/A/Backup
0x00007fff4c63d000 	/System/Library/PrivateFrameworks/CrashReporterSupport.framework/Versions/A/CrashReporterSupport
0x00007fff6050f000 	/System/Library/PrivateFrameworks/Sharing.framework/Versions/A/Sharing
0x00007fff45da3000 	/System/Library/PrivateFrameworks/Apple80211.framework/Versions/A/Apple80211
0x00007fff4757c000 	/System/Library/PrivateFrameworks/AuthKit.framework/Versions/A/AuthKit
0x00007fff4c34a000 	/System/Library/PrivateFrameworks/CoreUtils.framework/Versions/A/CoreUtils
0x00007fff34782000 	/System/Library/Frameworks/CoreWLAN.framework/Versions/A/CoreWLAN
0x00007fff353a6000 	/System/Library/Frameworks/IOBluetooth.framework/Versions/A/IOBluetooth
0x00007fff59648000 	/System/Library/PrivateFrameworks/MobileKeyBag.framework/Versions/A/MobileKeyBag
0x00007fff4b14f000 	/System/Library/PrivateFrameworks/CorePhoneNumbers.framework/Versions/A/CorePhoneNumbers
0x00007fff46193000 	/System/Library/PrivateFrameworks/AppleIDAuthSupport.framework/Versions/A/AppleIDAuthSupport
0x00007fff390ee000 	/System/Library/Frameworks/Network.framework/Versions/A/Network
0x00007fff57cee000 	/System/Library/PrivateFrameworks/KeychainCircle.framework/Versions/A/KeychainCircle
0x00007fff3219f000 	/System/Library/Frameworks/CoreBluetooth.framework/Versions/A/CoreBluetooth
0x00007fff6258e000 	/System/Library/PrivateFrameworks/SpeechRecognitionCore.framework/Versions/A/SpeechRecognitionCore
0x00007fff25711000 	/System/Library/CoreServices/Encodings/libCyrillicConverter.dylib
0x000000010d200000 	/Users/macbookpro/Library/Java/JavaVirtualMachines/azul-13.0.8/Contents/Home/lib/server/libjvm.dylib
0x000000010c8f1000 	/Users/macbookpro/Library/Java/JavaVirtualMachines/azul-13.0.8/Contents/Home/lib/libverify.dylib
0x000000010c902000 	/Users/macbookpro/Library/Java/JavaVirtualMachines/azul-13.0.8/Contents/Home/lib/libjava.dylib
0x000000010c92b000 	/Users/macbookpro/Library/Java/JavaVirtualMachines/azul-13.0.8/Contents/Home/lib/libjimage.dylib
0x000000010c980000 	/Users/macbookpro/Library/Java/JavaVirtualMachines/azul-13.0.8/Contents/Home/lib/libzip.dylib
0x0000000114e2d000 	/Users/macbookpro/Library/Java/JavaVirtualMachines/azul-13.0.8/Contents/Home/lib/libnio.dylib
0x0000000114e40000 	/Users/macbookpro/Library/Java/JavaVirtualMachines/azul-13.0.8/Contents/Home/lib/libnet.dylib
0x000000012eaa3000 	/private/var/folders/c0/d63ctn4x70q87f_r701qtxp40000gn/T/libgdxmacbookpro/cdf099a0/libgdx64.dylib
0x000000012ead5000 	/Users/macbookpro/Library/Java/JavaVirtualMachines/azul-13.0.8/Contents/Home/lib/libawt.dylib
0x000000012eb6f000 	/Users/macbookpro/Library/Java/JavaVirtualMachines/azul-13.0.8/Contents/Home/lib/libmlib_image.dylib
0x00007fff370ce000 	/System/Library/Frameworks/JavaVM.framework/Versions/A/Frameworks/JavaRuntimeSupport.framework/Versions/A/JavaRuntimeSupport
0x00007fff370c5000 	/System/Library/Frameworks/JavaVM.framework/Versions/A/Frameworks/JavaNativeFoundation.framework/Versions/A/JavaNativeFoundation
0x00007fff370d6000 	/System/Library/Frameworks/JavaVM.framework/Versions/A/JavaVM
0x00007fff31370000 	/System/Library/Frameworks/Carbon.framework/Versions/A/Carbon
0x00007fff4c0ef000 	/System/Library/PrivateFrameworks/CoreSymbolication.framework/Versions/A/CoreSymbolication
0x00007fff57b05000 	/System/Library/PrivateFrameworks/JavaLaunching.framework/Versions/A/JavaLaunching
0x00007fff31371000 	/System/Library/Frameworks/Carbon.framework/Versions/A/Frameworks/CommonPanels.framework/Versions/A/CommonPanels
0x00007fff3166a000 	/System/Library/Frameworks/Carbon.framework/Versions/A/Frameworks/Help.framework/Versions/A/Help
0x00007fff3166e000 	/System/Library/Frameworks/Carbon.framework/Versions/A/Frameworks/ImageCapture.framework/Versions/A/ImageCapture
0x00007fff31675000 	/System/Library/Frameworks/Carbon.framework/Versions/A/Frameworks/OpenScripting.framework/Versions/A/OpenScripting
0x00007fff31674000 	/System/Library/Frameworks/Carbon.framework/Versions/A/Frameworks/Ink.framework/Versions/A/Ink
0x00007fff316b0000 	/System/Library/Frameworks/Carbon.framework/Versions/A/Frameworks/Print.framework/Versions/A/Print
0x00007fff316b1000 	/System/Library/Frameworks/Carbon.framework/Versions/A/Frameworks/SecurityHI.framework/Versions/A/SecurityHI
0x00007fff4c871000 	/System/Library/PrivateFrameworks/DebugSymbols.framework/Versions/A/DebugSymbols
0x000000012ebd8000 	/Users/macbookpro/Library/Java/JavaVirtualMachines/azul-13.0.8/Contents/Home/lib/libawt_lwawt.dylib
0x000000012eca7000 	/Users/macbookpro/Library/Java/JavaVirtualMachines/azul-13.0.8/Contents/Home/lib/libosxapp.dylib
0x00007fff34c82000 	/System/Library/Frameworks/ExceptionHandling.framework/Versions/A/ExceptionHandling
0x000000012eccd000 	/Users/macbookpro/Library/Java/JavaVirtualMachines/azul-13.0.8/Contents/Home/lib/libfontmanager.dylib
0x000000012edd1000 	/Users/macbookpro/Library/Java/JavaVirtualMachines/azul-13.0.8/Contents/Home/lib/libfreetype.dylib
0x00007fff4bb68000 	/System/Library/PrivateFrameworks/CoreServicesInternal.framework/Versions/A/CoreServicesInternal
0x00007fff34ca1000 	/System/Library/Frameworks/FileProvider.framework/Versions/A/FileProvider
0x00007fff2f800000 	/System/Library/Frameworks/Accounts.framework/Versions/A/Accounts
0x00007fff53f52000 	/System/Library/PrivateFrameworks/GenerationalStorage.framework/Versions/A/GenerationalStorage
0x00007fff62dd0000 	/System/Library/PrivateFrameworks/SymptomDiagnosticReporter.framework/Versions/A/SymptomDiagnosticReporter
0x00007fff458a7000 	/System/Library/PrivateFrameworks/AppContainer.framework/Versions/A/AppContainer
0x00007fff6b877000 	/usr/lib/libsandbox.1.dylib
0x00007fff64742000 	/System/Library/PrivateFrameworks/UserManagement.framework/Versions/A/UserManagement
0x00007fff4864b000 	/System/Library/PrivateFrameworks/ChunkingLibrary.framework/Versions/A/ChunkingLibrary
0x00007fff45919000 	/System/Library/PrivateFrameworks/AppSandbox.framework/Versions/A/AppSandbox
0x00007fff60399000 	/System/Library/PrivateFrameworks/SecCodeWrapper.framework/Versions/A/SecCodeWrapper
0x00007fff69698000 	/usr/lib/libMatch.1.dylib
0x00007fff25783000 	/System/Library/CoreServices/RawCamera.bundle/Contents/MacOS/RawCamera
0x00007fff5944a000 	/System/Library/PrivateFrameworks/MobileAsset.framework/Versions/A/MobileAsset
0x00007fff62c78000 	/System/Library/PrivateFrameworks/StreamingZip.framework/Versions/A/StreamingZip
0x00007fff37556000 	/System/Library/Frameworks/MediaToolbox.framework/Versions/A/MediaToolbox
0x00007fff4a05f000 	/System/Library/PrivateFrameworks/CoreAVCHD.framework/Versions/A/CoreAVCHD
0x00007fff37480000 	/System/Library/Frameworks/MediaAccessibility.framework/Versions/A/MediaAccessibility
0x00007fff587fe000 	/System/Library/PrivateFrameworks/Mangrove.framework/Versions/A/Mangrove
0x00007fff3394a000 	/System/Library/Frameworks/CoreMedia.framework/Versions/A/CoreMedia
0x00007fff58a6a000 	/System/Library/PrivateFrameworks/MediaExperience.framework/Versions/A/MediaExperience
0x00007fff40440000 	/System/Library/Frameworks/VideoToolbox.framework/Versions/A/VideoToolbox
0x00007fff49c89000 	/System/Library/PrivateFrameworks/CoreAUC.framework/Versions/A/CoreAUC
0x00007fff6b8cf000 	/usr/lib/libspindump.dylib
0x00007fff46ce7000 	/System/Library/PrivateFrameworks/AudioResourceArbitration.framework/Versions/A/AudioResourceArbitration
0x00007fff466fc000 	/System/Library/PrivateFrameworks/AppleVA.framework/Versions/A/AppleVA
0x00007fff2e319000 	/System/Library/Frameworks/Accelerate.framework/Versions/A/Frameworks/vImage.framework/Versions/A/Libraries/libCGInterfaces.dylib
0x00000001307dd000 	/usr/lib/libobjc-trampolines.dylib
0x00007fff4efe9000 	/System/Library/PrivateFrameworks/FontServices.framework/libTrueTypeScaler.dylib
0x00007fff285b2000 	/System/Library/Extensions/AppleIntelHD4000GraphicsMTLDriver.bundle/Contents/MacOS/AppleIntelHD4000GraphicsMTLDriver
0x00007fff52572000 	/System/Library/PrivateFrameworks/GPUCompiler.framework/Versions/3902/Libraries/libmetal_timestamp.dylib
0x00007fff6550e000 	/System/Library/PrivateFrameworks/ViewBridge.framework/Versions/A/ViewBridge
0x00000001313a4000 	/private/var/folders/c0/d63ctn4x70q87f_r701qtxp40000gn/T/libgdxmacbookpro/f7649394/liblwjgl.dylib
0x0000000130fb0000 	/Users/macbookpro/Library/Java/JavaVirtualMachines/azul-13.0.8/Contents/Home/lib/libjawt.dylib
0x00007fff3d2d2000 	/System/Library/Frameworks/OpenGL.framework/Versions/A/Resources/GLEngine.bundle/GLEngine
0x00007fff3c6b5000 	/System/Library/Frameworks/OpenGL.framework/Versions/A/Libraries/libGLProgrammability.dylib
0x00007fff280b4000 	/System/Library/Extensions/AppleIntelHD4000GraphicsGLDriver.bundle/Contents/MacOS/AppleIntelHD4000GraphicsGLDriver
0x00007fff53c21000 	/System/Library/PrivateFrameworks/GPUSupport.framework/Versions/A/Libraries/libGPUSupportMercury.dylib
0x00007fff3d44c000 	/System/Library/Frameworks/OpenGL.framework/Versions/A/Resources/GLRendererFloat.bundle/GLRendererFloat
0x00007fff3bc6e000 	/System/Library/Frameworks/OpenCL.framework/Versions/A/Libraries/libcldcpuengine.dylib
0x00007fff667a0000 	/System/Library/PrivateFrameworks/login.framework/Versions/A/login


VM Arguments:
jvm_args: -Dfile.encoding=UTF-8 -Duser.country=UA -Duser.language=ru -Duser.variant 
java_command: sk.tuke.kpi.gamelib.framework.Main
java_class_path (initial): /Users/macbookpro/IdeaProjects/project-ellen/build/classes/java/main:/Users/macbookpro/IdeaProjects/project-ellen/build/resources/main:/Users/macbookpro/.gradle/caches/modules-2/files-2.1/sk.tuke.kpi.gamelib/gamelib-framework/2.6.0/bf87b88d822c6cd3a187a7cb90016e5af48489a7/gamelib-framework-2.6.0.jar:/Users/macbookpro/.gradle/caches/modules-2/files-2.1/sk.tuke.kpi.gamelib/gamelib-backend-lwjgl2/2.6.0/781718679e19e9cd26659868681f9cbe7a391ecc/gamelib-backend-lwjgl2-2.6.0.jar:/Users/macbookpro/.gradle/caches/modules-2/files-2.1/sk.tuke.kpi.gamelib/gamelib-inspector/2.6.0/6db69ef5b40f74786690f06db2cae2e18503c13c/gamelib-inspector-2.6.0.jar:/Users/macbookpro/.gradle/caches/modules-2/files-2.1/sk.tuke.kpi.gamelib/gamelib-core/2.6.0/191de4307f7dc42ad026845b3687df8d79ce22ea/gamelib-core-2.6.0.jar:/Users/macbookpro/.gradle/caches/modules-2/files-2.1/sk.tuke.kpi.oop/inspector/1.0.3/3b50ad759e2ad5fd379fd7880fc21172c691462c/inspector-1.0.3.jar:/Users/macbookpro/.gradle/caches/modules-2/files-2.1/sk.tuke.kpi.oop/inspector-annotations/1.0.3/8ec7fa0d9b8fdf63eb1da9ea2df7ba605f92bd6b/inspector-annotations-1.0.3.jar:/Users/macbookpro/.gradle/caches/modules-2/files-2.1/com.badlogicgames.gdx/gdx-backend-lwjgl/1.9.11/3c094feb74e2aef14e30e988326612ee75387c8f/gdx-backend-lwjgl-1.9.11.jar:/Users/macbookpro/.gradle/caches/modules-2/files-2.1/com.badlogicgames.gdx/gdx-freetype/1.9.11/e3d124aa5c89a2cfc134ed0c5e9dee4736a90618/gdx-freetype-1.9.11.jar:/Users/macbookpro/.gradle/caches/modules-2/files-2.1/com.badlogicgames.gdx/gdx-backend-headless/1.9.11/45391a2ac187161ea5db0f9ff71e1c6c98ecb29c/gdx-backend-headless-1.9.11.jar:/Users/macbookpro/.gradle/caches/modules-2/files-2.1/com.badlogicgames.gdx/gdx/1.9.11/69fe46897eed6f92e3f01b75cc7ca5f860881a8b/gdx-1.9.11.jar:/Users/macbookpro/.gradle/caches/modules-2/files-2.1/io.github.lukehutch/fast-classpath-scanner/3.1.9/d7b269925c9541d805f8ea1370edc2be2f04c3e/fast-classpath-scanner-3.1.9.jar:/Users/macbookpro/.gradle/caches/
Launcher Type: SUN_STANDARD

[Global flags]
     intx CICompilerCount                          = 3                                         {product} {ergonomic}
     uint ConcGCThreads                            = 1                                         {product} {ergonomic}
     uint G1ConcRefinementThreads                  = 4                                         {product} {ergonomic}
   size_t G1HeapRegionSize                         = 1048576                                   {product} {ergonomic}
    uintx GCDrainStackTargetSize                   = 64                                        {product} {ergonomic}
   size_t InitialHeapSize                          = 134217728                                 {product} {ergonomic}
   size_t MarkStackSize                            = 4194304                                   {product} {ergonomic}
   size_t MaxHeapSize                              = 2147483648                                {product} {ergonomic}
   size_t MaxNewSize                               = 1287651328                                {product} {ergonomic}
   size_t MinHeapDeltaBytes                        = 1048576                                   {product} {ergonomic}
   size_t MinHeapSize                              = 8388608                                   {product} {ergonomic}
    uintx NonNMethodCodeHeapSize                   = 5832780                                {pd product} {ergonomic}
    uintx NonProfiledCodeHeapSize                  = 122912730                              {pd product} {ergonomic}
    uintx ProfiledCodeHeapSize                     = 122912730                              {pd product} {ergonomic}
    uintx ReservedCodeCacheSize                    = 251658240                              {pd product} {ergonomic}
     bool SegmentedCodeCache                       = true                                      {product} {ergonomic}
   size_t SoftMaxHeapSize                          = 2147483648                             {manageable} {ergonomic}
     bool UseCompressedClassPointers               = true                                 {lp64_product} {ergonomic}
     bool UseCompressedOops                        = true                                 {lp64_product} {ergonomic}
     bool UseG1GC                                  = true                                      {product} {ergonomic}

Logging:
Log output configuration:
 #0: stdout all=warning uptime,level,tags
 #1: stderr all=off uptime,level,tags

Environment Variables:
PATH=/opt/local/bin:/opt/local/sbin:/Library/Frameworks/Python.framework/Versions/3.9/bin:/usr/local/bin:/usr/bin:/bin:/usr/sbin:/sbin:/Library/Apple/usr/bin
SHELL=/bin/zsh
LC_CTYPE=UTF-8

Signal Handlers:
SIGSEGV: [libjvm.dylib+0x7e6058], sa_mask[0]=11111111011111110111111111111111, sa_flags=SA_ONSTACK|SA_RESTART|SA_SIGINFO
SIGBUS: [libjvm.dylib+0x7e6058], sa_mask[0]=11111111011111110111111111111111, sa_flags=SA_RESTART|SA_SIGINFO
SIGFPE: [libjvm.dylib+0x7e6058], sa_mask[0]=11111111011111110111111111111111, sa_flags=SA_RESTART|SA_SIGINFO
SIGPIPE: [libjvm.dylib+0x63938d], sa_mask[0]=11111111011111110111111111111111, sa_flags=SA_RESTART|SA_SIGINFO
SIGXFSZ: [libjvm.dylib+0x63938d], sa_mask[0]=11111111011111110111111111111111, sa_flags=SA_RESTART|SA_SIGINFO
SIGILL: [libjvm.dylib+0x7e6058], sa_mask[0]=11111111011111110111111111111111, sa_flags=SA_RESTART|SA_SIGINFO
SIGUSR2: [libjvm.dylib+0x639962], sa_mask[0]=00100000000000000000000000000000, sa_flags=SA_RESTART|SA_SIGINFO
SIGHUP: [libjvm.dylib+0x6388ef], sa_mask[0]=11111111011111110111111111111111, sa_flags=SA_RESTART|SA_SIGINFO
SIGINT: [libjvm.dylib+0x6388ef], sa_mask[0]=11111111011111110111111111111111, sa_flags=SA_RESTART|SA_SIGINFO
SIGTERM: [libjvm.dylib+0x6388ef], sa_mask[0]=11111111011111110111111111111111, sa_flags=SA_RESTART|SA_SIGINFO
SIGQUIT: [libjvm.dylib+0x6388ef], sa_mask[0]=11111111011111110111111111111111, sa_flags=SA_RESTART|SA_SIGINFO


---------------  S Y S T E M  ---------------

OS:uname:Darwin 19.6.0 Darwin Kernel Version 19.6.0: Tue Jan 12 22:13:05 PST 2021; root:xnu-6153.141.16~1/RELEASE_X86_64 x86_64
OS uptime: 0 days 1:36 hours
rlimit (soft/hard): STACK 8192k/65532k , CORE 0k/infinity , NPROC 1392/2088 , NOFILE 10240/infinity , AS infinity/infinity , CPU infinity/infinity , DATA infinity/infinity , FSIZE infinity/infinity , MEMLOCK infinity/infinity , RSS infinity/infinity
load average:2.58 1.84 1.51

CPU:total 4 (initial active 4) (2 cores per cpu, 2 threads per core) family 6 model 58 stepping 9, cmov, cx8, fxsr, mmx, sse, sse2, sse3, ssse3, sse4.1, sse4.2, popcnt, avx, aes, clmul, erms, ht, tsc, tscinvbit, tscinv

Memory: 4k page, physical 8388608k(42652k free), swap 0k(0k free)

vm_info: OpenJDK 64-Bit Server VM (13.0.8+5-MTS) for bsd-amd64 JRE (13.0.8+5-MTS) (Zulu13.42+17-CA), built on Jul 11 2021 11:33:56 by "zulu_re" with clang 4.2.1 Compatible Apple LLVM 11.0.0 (clang-1100.0.33.17)

END.
